[2022-08-31 13:44:43,259] {taskinstance.py:1032} INFO - Dependencies all met for <TaskInstance: gcs_2_bq_dag.gcs_to_gcs_green_task scheduled__2022-08-30T00:00:00+00:00 [queued]>
[2022-08-31 13:44:43,269] {taskinstance.py:1032} INFO - Dependencies all met for <TaskInstance: gcs_2_bq_dag.gcs_to_gcs_green_task scheduled__2022-08-30T00:00:00+00:00 [queued]>
[2022-08-31 13:44:43,269] {taskinstance.py:1238} INFO - 
--------------------------------------------------------------------------------
[2022-08-31 13:44:43,269] {taskinstance.py:1239} INFO - Starting attempt 1 of 1
[2022-08-31 13:44:43,269] {taskinstance.py:1240} INFO - 
--------------------------------------------------------------------------------
[2022-08-31 13:44:43,284] {taskinstance.py:1259} INFO - Executing <Task(GCSToGCSOperator): gcs_to_gcs_green_task> on 2022-08-30 00:00:00+00:00
[2022-08-31 13:44:43,292] {standard_task_runner.py:52} INFO - Started process 2416 to run task
[2022-08-31 13:44:43,295] {standard_task_runner.py:76} INFO - Running: ['***', 'tasks', 'run', 'gcs_2_bq_dag', 'gcs_to_gcs_green_task', 'scheduled__2022-08-30T00:00:00+00:00', '--job-id', '149', '--raw', '--subdir', 'DAGS_FOLDER/gcs_2_bq_dag.py', '--cfg-path', '/tmp/tmpryovqjnt', '--error-file', '/tmp/tmpr4az801f']
[2022-08-31 13:44:43,295] {standard_task_runner.py:77} INFO - Job 149: Subtask gcs_to_gcs_green_task
[2022-08-31 13:44:43,351] {logging_mixin.py:109} INFO - Running <TaskInstance: gcs_2_bq_dag.gcs_to_gcs_green_task scheduled__2022-08-30T00:00:00+00:00 [running]> on host 0aad59a5352b
[2022-08-31 13:44:43,409] {taskinstance.py:1426} INFO - Exporting the following env vars:
AIRFLOW_CTX_DAG_OWNER=***
AIRFLOW_CTX_DAG_ID=gcs_2_bq_dag
AIRFLOW_CTX_TASK_ID=gcs_to_gcs_green_task
AIRFLOW_CTX_EXECUTION_DATE=2022-08-30T00:00:00+00:00
AIRFLOW_CTX_DAG_RUN_ID=scheduled__2022-08-30T00:00:00+00:00
[2022-08-31 13:44:43,410] {crypto.py:82} WARNING - empty cryptography key - values will not be stored encrypted.
[2022-08-31 13:44:43,411] {gcs_to_gcs.py:346} INFO - Delimiter ignored because wildcard is in prefix
[2022-08-31 13:44:43,806] {gcs_to_gcs.py:431} INFO - Executing copy of gs://dtc_data_lake_polynomial-land/raw/green_tripdata/2019-01/green_tripdata_2019-01.parquet to gs://dtc_data_lake_polynomial-land/green/green_tripdata_2019-01.parquet
[2022-08-31 13:44:44,040] {gcs.py:251} INFO - Total Bytes: 11071980 | Bytes Written: 11071980
[2022-08-31 13:44:44,040] {gcs.py:264} INFO - Object raw/green_tripdata/2019-01/green_tripdata_2019-01.parquet in bucket dtc_data_lake_polynomial-land rewritten to object green/green_tripdata_2019-01.parquet in bucket dtc_data_lake_polynomial-land
[2022-08-31 13:44:44,181] {gcs.py:645} INFO - Blob raw/green_tripdata/2019-01/green_tripdata_2019-01.parquet deleted.
[2022-08-31 13:44:44,181] {gcs_to_gcs.py:346} INFO - Delimiter ignored because wildcard is in prefix
[2022-08-31 13:44:44,299] {gcs_to_gcs.py:431} INFO - Executing copy of gs://dtc_data_lake_polynomial-land/raw/green_tripdata/2020-01/green_tripdata_2020-01.parquet to gs://dtc_data_lake_polynomial-land/green/green_tripdata_2020-01.parquet
[2022-08-31 13:44:44,517] {gcs.py:251} INFO - Total Bytes: 7183298 | Bytes Written: 7183298
[2022-08-31 13:44:44,517] {gcs.py:264} INFO - Object raw/green_tripdata/2020-01/green_tripdata_2020-01.parquet in bucket dtc_data_lake_polynomial-land rewritten to object green/green_tripdata_2020-01.parquet in bucket dtc_data_lake_polynomial-land
[2022-08-31 13:44:44,644] {gcs.py:645} INFO - Blob raw/green_tripdata/2020-01/green_tripdata_2020-01.parquet deleted.
[2022-08-31 13:44:44,645] {gcs_to_gcs.py:346} INFO - Delimiter ignored because wildcard is in prefix
[2022-08-31 13:44:44,765] {gcs_to_gcs.py:431} INFO - Executing copy of gs://dtc_data_lake_polynomial-land/raw/green_tripdata/2021-01/green_tripdata_2021-01.parquet to gs://dtc_data_lake_polynomial-land/green/green_tripdata_2021-01.parquet
[2022-08-31 13:44:44,993] {gcs.py:251} INFO - Total Bytes: 1333519 | Bytes Written: 1333519
[2022-08-31 13:44:44,993] {gcs.py:264} INFO - Object raw/green_tripdata/2021-01/green_tripdata_2021-01.parquet in bucket dtc_data_lake_polynomial-land rewritten to object green/green_tripdata_2021-01.parquet in bucket dtc_data_lake_polynomial-land
[2022-08-31 13:44:45,065] {gcs.py:645} INFO - Blob raw/green_tripdata/2021-01/green_tripdata_2021-01.parquet deleted.
[2022-08-31 13:44:45,074] {taskinstance.py:1277} INFO - Marking task as SUCCESS. dag_id=gcs_2_bq_dag, task_id=gcs_to_gcs_green_task, execution_date=20220830T000000, start_date=20220831T134443, end_date=20220831T134445
[2022-08-31 13:44:45,113] {local_task_job.py:154} INFO - Task exited with return code 0
[2022-08-31 13:44:45,141] {local_task_job.py:264} INFO - 0 downstream tasks scheduled from follow-on schedule check
