[2022-08-31 14:01:24,873] {taskinstance.py:1032} INFO - Dependencies all met for <TaskInstance: fhv_taxi_data_ingest.bigquery_external_table_task manual__2022-08-31T14:00:53+00:00 [queued]>
[2022-08-31 14:01:24,881] {taskinstance.py:1032} INFO - Dependencies all met for <TaskInstance: fhv_taxi_data_ingest.bigquery_external_table_task manual__2022-08-31T14:00:53+00:00 [queued]>
[2022-08-31 14:01:24,881] {taskinstance.py:1238} INFO - 
--------------------------------------------------------------------------------
[2022-08-31 14:01:24,881] {taskinstance.py:1239} INFO - Starting attempt 1 of 1
[2022-08-31 14:01:24,881] {taskinstance.py:1240} INFO - 
--------------------------------------------------------------------------------
[2022-08-31 14:01:24,892] {taskinstance.py:1259} INFO - Executing <Task(BigQueryCreateExternalTableOperator): bigquery_external_table_task> on 2022-08-31 14:00:53+00:00
[2022-08-31 14:01:24,897] {standard_task_runner.py:52} INFO - Started process 3221 to run task
[2022-08-31 14:01:24,899] {standard_task_runner.py:76} INFO - Running: ['***', 'tasks', 'run', 'fhv_taxi_data_ingest', 'bigquery_external_table_task', 'manual__2022-08-31T14:00:53+00:00', '--job-id', '157', '--raw', '--subdir', 'DAGS_FOLDER/fhv_data_ingest_dag.py', '--cfg-path', '/tmp/tmpk667_0pm', '--error-file', '/tmp/tmpek2dxr7e']
[2022-08-31 14:01:24,899] {standard_task_runner.py:77} INFO - Job 157: Subtask bigquery_external_table_task
[2022-08-31 14:01:24,940] {logging_mixin.py:109} INFO - Running <TaskInstance: fhv_taxi_data_ingest.bigquery_external_table_task manual__2022-08-31T14:00:53+00:00 [running]> on host 0aad59a5352b
[2022-08-31 14:01:24,986] {taskinstance.py:1426} INFO - Exporting the following env vars:
AIRFLOW_CTX_DAG_OWNER=***
AIRFLOW_CTX_DAG_ID=fhv_taxi_data_ingest
AIRFLOW_CTX_TASK_ID=bigquery_external_table_task
AIRFLOW_CTX_EXECUTION_DATE=2022-08-31T14:00:53+00:00
AIRFLOW_CTX_DAG_RUN_ID=manual__2022-08-31T14:00:53+00:00
[2022-08-31 14:01:24,987] {crypto.py:82} WARNING - empty cryptography key - values will not be stored encrypted.
[2022-08-31 14:01:25,632] {taskinstance.py:1277} INFO - Marking task as SUCCESS. dag_id=fhv_taxi_data_ingest, task_id=bigquery_external_table_task, execution_date=20220831T140053, start_date=20220831T140124, end_date=20220831T140125
[2022-08-31 14:01:25,673] {local_task_job.py:154} INFO - Task exited with return code 0
[2022-08-31 14:01:25,699] {local_task_job.py:264} INFO - 0 downstream tasks scheduled from follow-on schedule check
