[2022-08-31 14:40:33,968] {taskinstance.py:1032} INFO - Dependencies all met for <TaskInstance: yellow_taxi_data_ingest.bigquery_external_table_task manual__2022-08-31T14:36:15+00:00 [queued]>
[2022-08-31 14:40:33,978] {taskinstance.py:1032} INFO - Dependencies all met for <TaskInstance: yellow_taxi_data_ingest.bigquery_external_table_task manual__2022-08-31T14:36:15+00:00 [queued]>
[2022-08-31 14:40:33,978] {taskinstance.py:1238} INFO - 
--------------------------------------------------------------------------------
[2022-08-31 14:40:33,978] {taskinstance.py:1239} INFO - Starting attempt 1 of 1
[2022-08-31 14:40:33,978] {taskinstance.py:1240} INFO - 
--------------------------------------------------------------------------------
[2022-08-31 14:40:33,991] {taskinstance.py:1259} INFO - Executing <Task(BigQueryCreateExternalTableOperator): bigquery_external_table_task> on 2022-08-31 14:36:15+00:00
[2022-08-31 14:40:33,996] {standard_task_runner.py:52} INFO - Started process 5184 to run task
[2022-08-31 14:40:33,998] {standard_task_runner.py:76} INFO - Running: ['***', 'tasks', 'run', 'yellow_taxi_data_ingest', 'bigquery_external_table_task', 'manual__2022-08-31T14:36:15+00:00', '--job-id', '195', '--raw', '--subdir', 'DAGS_FOLDER/yellow_taxi_data_ingest_dag.py', '--cfg-path', '/tmp/tmp3ayy9okm', '--error-file', '/tmp/tmpjjrwvh3k']
[2022-08-31 14:40:33,998] {standard_task_runner.py:77} INFO - Job 195: Subtask bigquery_external_table_task
[2022-08-31 14:40:34,053] {logging_mixin.py:109} INFO - Running <TaskInstance: yellow_taxi_data_ingest.bigquery_external_table_task manual__2022-08-31T14:36:15+00:00 [running]> on host 0aad59a5352b
[2022-08-31 14:40:34,106] {taskinstance.py:1426} INFO - Exporting the following env vars:
AIRFLOW_CTX_DAG_OWNER=***
AIRFLOW_CTX_DAG_ID=yellow_taxi_data_ingest
AIRFLOW_CTX_TASK_ID=bigquery_external_table_task
AIRFLOW_CTX_EXECUTION_DATE=2022-08-31T14:36:15+00:00
AIRFLOW_CTX_DAG_RUN_ID=manual__2022-08-31T14:36:15+00:00
[2022-08-31 14:40:34,107] {crypto.py:82} WARNING - empty cryptography key - values will not be stored encrypted.
[2022-08-31 14:40:34,622] {taskinstance.py:1277} INFO - Marking task as SUCCESS. dag_id=yellow_taxi_data_ingest, task_id=bigquery_external_table_task, execution_date=20220831T143615, start_date=20220831T144033, end_date=20220831T144034
[2022-08-31 14:40:34,652] {local_task_job.py:154} INFO - Task exited with return code 0
[2022-08-31 14:40:34,681] {local_task_job.py:264} INFO - 0 downstream tasks scheduled from follow-on schedule check
