[2022-08-31 14:34:54,050] {taskinstance.py:1032} INFO - Dependencies all met for <TaskInstance: green_taxi_data_ingest.local_to_gcs_task manual__2022-08-31T14:34:40+00:00 [queued]>
[2022-08-31 14:34:54,058] {taskinstance.py:1032} INFO - Dependencies all met for <TaskInstance: green_taxi_data_ingest.local_to_gcs_task manual__2022-08-31T14:34:40+00:00 [queued]>
[2022-08-31 14:34:54,058] {taskinstance.py:1238} INFO - 
--------------------------------------------------------------------------------
[2022-08-31 14:34:54,058] {taskinstance.py:1239} INFO - Starting attempt 1 of 1
[2022-08-31 14:34:54,058] {taskinstance.py:1240} INFO - 
--------------------------------------------------------------------------------
[2022-08-31 14:34:54,068] {taskinstance.py:1259} INFO - Executing <Task(PythonOperator): local_to_gcs_task> on 2022-08-31 14:34:40+00:00
[2022-08-31 14:34:54,073] {standard_task_runner.py:52} INFO - Started process 4881 to run task
[2022-08-31 14:34:54,075] {standard_task_runner.py:76} INFO - Running: ['***', 'tasks', 'run', 'green_taxi_data_ingest', 'local_to_gcs_task', 'manual__2022-08-31T14:34:40+00:00', '--job-id', '182', '--raw', '--subdir', 'DAGS_FOLDER/green_taxi_data_ingest_dag.py', '--cfg-path', '/tmp/tmp6agtq4nj', '--error-file', '/tmp/tmp__w24h4p']
[2022-08-31 14:34:54,075] {standard_task_runner.py:77} INFO - Job 182: Subtask local_to_gcs_task
[2022-08-31 14:34:54,117] {logging_mixin.py:109} INFO - Running <TaskInstance: green_taxi_data_ingest.local_to_gcs_task manual__2022-08-31T14:34:40+00:00 [running]> on host 0aad59a5352b
[2022-08-31 14:34:54,162] {taskinstance.py:1426} INFO - Exporting the following env vars:
AIRFLOW_CTX_DAG_OWNER=***
AIRFLOW_CTX_DAG_ID=green_taxi_data_ingest
AIRFLOW_CTX_TASK_ID=local_to_gcs_task
AIRFLOW_CTX_EXECUTION_DATE=2022-08-31T14:34:40+00:00
AIRFLOW_CTX_DAG_RUN_ID=manual__2022-08-31T14:34:40+00:00
[2022-08-31 14:35:04,370] {python.py:175} INFO - Done. Returned value was: None
[2022-08-31 14:35:04,380] {taskinstance.py:1277} INFO - Marking task as SUCCESS. dag_id=green_taxi_data_ingest, task_id=local_to_gcs_task, execution_date=20220831T143440, start_date=20220831T143454, end_date=20220831T143504
[2022-08-31 14:35:04,417] {local_task_job.py:154} INFO - Task exited with return code 0
[2022-08-31 14:35:04,441] {local_task_job.py:264} INFO - 1 downstream tasks scheduled from follow-on schedule check
