[2022-09-02 11:42:03,345] {taskinstance.py:1032} INFO - Dependencies all met for <TaskInstance: gcs_2_bq_dag.get_gcs_file_list manual__2022-09-02T11:42:01.192371+00:00 [queued]>
[2022-09-02 11:42:03,359] {taskinstance.py:1032} INFO - Dependencies all met for <TaskInstance: gcs_2_bq_dag.get_gcs_file_list manual__2022-09-02T11:42:01.192371+00:00 [queued]>
[2022-09-02 11:42:03,359] {taskinstance.py:1238} INFO - 
--------------------------------------------------------------------------------
[2022-09-02 11:42:03,359] {taskinstance.py:1239} INFO - Starting attempt 1 of 1
[2022-09-02 11:42:03,359] {taskinstance.py:1240} INFO - 
--------------------------------------------------------------------------------
[2022-09-02 11:42:03,374] {taskinstance.py:1259} INFO - Executing <Task(PythonOperator): get_gcs_file_list> on 2022-09-02 11:42:01.192371+00:00
[2022-09-02 11:42:03,381] {standard_task_runner.py:52} INFO - Started process 11848 to run task
[2022-09-02 11:42:03,384] {standard_task_runner.py:76} INFO - Running: ['***', 'tasks', 'run', 'gcs_2_bq_dag', 'get_gcs_file_list', 'manual__2022-09-02T11:42:01.192371+00:00', '--job-id', '375', '--raw', '--subdir', 'DAGS_FOLDER/gcs_2_bq_dag.py', '--cfg-path', '/tmp/tmp9s1nhslk', '--error-file', '/tmp/tmp43sevai5']
[2022-09-02 11:42:03,385] {standard_task_runner.py:77} INFO - Job 375: Subtask get_gcs_file_list
[2022-09-02 11:42:03,446] {logging_mixin.py:109} INFO - Running <TaskInstance: gcs_2_bq_dag.get_gcs_file_list manual__2022-09-02T11:42:01.192371+00:00 [running]> on host 6aef44a1cff5
[2022-09-02 11:42:03,506] {taskinstance.py:1426} INFO - Exporting the following env vars:
AIRFLOW_CTX_DAG_OWNER=***
AIRFLOW_CTX_DAG_ID=gcs_2_bq_dag
AIRFLOW_CTX_TASK_ID=get_gcs_file_list
AIRFLOW_CTX_EXECUTION_DATE=2022-09-02T11:42:01.192371+00:00
AIRFLOW_CTX_DAG_RUN_ID=manual__2022-09-02T11:42:01.192371+00:00
[2022-09-02 11:42:03,508] {crypto.py:82} WARNING - empty cryptography key - values will not be stored encrypted.
[2022-09-02 11:42:03,787] {python.py:175} INFO - Done. Returned value was: None
[2022-09-02 11:42:03,797] {taskinstance.py:1277} INFO - Marking task as SUCCESS. dag_id=gcs_2_bq_dag, task_id=get_gcs_file_list, execution_date=20220902T114201, start_date=20220902T114203, end_date=20220902T114203
[2022-09-02 11:42:03,839] {local_task_job.py:154} INFO - Task exited with return code 0
[2022-09-02 11:42:03,871] {local_task_job.py:264} INFO - 1 downstream tasks scheduled from follow-on schedule check
