[2022-08-18 14:46:12,489] {taskinstance.py:1032} INFO - Dependencies all met for <TaskInstance: fhv_taxi_data_ingest.bigquery_external_table_task scheduled__2019-01-01T01:00:00+00:00 [queued]>
[2022-08-18 14:46:12,496] {taskinstance.py:1032} INFO - Dependencies all met for <TaskInstance: fhv_taxi_data_ingest.bigquery_external_table_task scheduled__2019-01-01T01:00:00+00:00 [queued]>
[2022-08-18 14:46:12,497] {taskinstance.py:1238} INFO - 
--------------------------------------------------------------------------------
[2022-08-18 14:46:12,497] {taskinstance.py:1239} INFO - Starting attempt 1 of 1
[2022-08-18 14:46:12,497] {taskinstance.py:1240} INFO - 
--------------------------------------------------------------------------------
[2022-08-18 14:46:12,507] {taskinstance.py:1259} INFO - Executing <Task(BigQueryCreateExternalTableOperator): bigquery_external_table_task> on 2019-01-01 01:00:00+00:00
[2022-08-18 14:46:12,512] {standard_task_runner.py:52} INFO - Started process 17519 to run task
[2022-08-18 14:46:12,514] {standard_task_runner.py:76} INFO - Running: ['***', 'tasks', 'run', 'fhv_taxi_data_ingest', 'bigquery_external_table_task', 'scheduled__2019-01-01T01:00:00+00:00', '--job-id', '134', '--pool', 'default_pool', '--raw', '--subdir', 'DAGS_FOLDER/fhv_data_ingest_dag.py', '--cfg-path', '/tmp/tmpwqfnruh_', '--error-file', '/tmp/tmpufqdmk8o']
[2022-08-18 14:46:12,514] {standard_task_runner.py:77} INFO - Job 134: Subtask bigquery_external_table_task
[2022-08-18 14:46:12,551] {logging_mixin.py:109} INFO - Running <TaskInstance: fhv_taxi_data_ingest.bigquery_external_table_task scheduled__2019-01-01T01:00:00+00:00 [running]> on host 18f0cb155a4e
[2022-08-18 14:46:12,579] {warnings.py:110} WARNING - /home/***/.local/lib/python3.7/site-packages/***/utils/context.py:152: AirflowContextDeprecationWarning: Accessing 'execution_date' from the template is deprecated and will be removed in a future version. Please use 'data_interval_start' or 'logical_date' instead.
  warnings.warn(_create_deprecation_warning(key, self._deprecation_replacements[key]))

[2022-08-18 14:46:12,597] {taskinstance.py:1426} INFO - Exporting the following env vars:
AIRFLOW_CTX_DAG_OWNER=***
AIRFLOW_CTX_DAG_ID=fhv_taxi_data_ingest
AIRFLOW_CTX_TASK_ID=bigquery_external_table_task
AIRFLOW_CTX_EXECUTION_DATE=2019-01-01T01:00:00+00:00
AIRFLOW_CTX_DAG_RUN_ID=scheduled__2019-01-01T01:00:00+00:00
[2022-08-18 14:46:12,598] {crypto.py:82} WARNING - empty cryptography key - values will not be stored encrypted.
[2022-08-18 14:46:13,103] {taskinstance.py:1277} INFO - Marking task as SUCCESS. dag_id=fhv_taxi_data_ingest, task_id=bigquery_external_table_task, execution_date=20190101T010000, start_date=20220818T144612, end_date=20220818T144613
[2022-08-18 14:46:13,127] {local_task_job.py:154} INFO - Task exited with return code 0
[2022-08-18 14:46:13,155] {local_task_job.py:264} INFO - 0 downstream tasks scheduled from follow-on schedule check
