[2022-09-02 13:52:11,935] {taskinstance.py:1032} INFO - Dependencies all met for <TaskInstance: gcs_2_bq_dag.gcs_2_bq_empty_table_task manual__2022-09-02T13:44:24.787187+00:00 [queued]>
[2022-09-02 13:52:11,942] {taskinstance.py:1032} INFO - Dependencies all met for <TaskInstance: gcs_2_bq_dag.gcs_2_bq_empty_table_task manual__2022-09-02T13:44:24.787187+00:00 [queued]>
[2022-09-02 13:52:11,943] {taskinstance.py:1238} INFO - 
--------------------------------------------------------------------------------
[2022-09-02 13:52:11,943] {taskinstance.py:1239} INFO - Starting attempt 3 of 3
[2022-09-02 13:52:11,943] {taskinstance.py:1240} INFO - 
--------------------------------------------------------------------------------
[2022-09-02 13:52:11,954] {taskinstance.py:1259} INFO - Executing <Task(BigQueryCreateEmptyTableOperator): gcs_2_bq_empty_table_task> on 2022-09-02 13:44:24.787187+00:00
[2022-09-02 13:52:11,959] {standard_task_runner.py:52} INFO - Started process 17833 to run task
[2022-09-02 13:52:11,961] {standard_task_runner.py:76} INFO - Running: ['***', 'tasks', 'run', 'gcs_2_bq_dag', 'gcs_2_bq_empty_table_task', 'manual__2022-09-02T13:44:24.787187+00:00', '--job-id', '406', '--raw', '--subdir', 'DAGS_FOLDER/gcs_2_bq_dag.py', '--cfg-path', '/tmp/tmp1pxd_xou', '--error-file', '/tmp/tmp6lomgqgk']
[2022-09-02 13:52:11,962] {standard_task_runner.py:77} INFO - Job 406: Subtask gcs_2_bq_empty_table_task
[2022-09-02 13:52:12,003] {logging_mixin.py:109} INFO - Running <TaskInstance: gcs_2_bq_dag.gcs_2_bq_empty_table_task manual__2022-09-02T13:44:24.787187+00:00 [running]> on host 6aef44a1cff5
[2022-09-02 13:52:12,042] {taskinstance.py:1426} INFO - Exporting the following env vars:
AIRFLOW_CTX_DAG_OWNER=***
AIRFLOW_CTX_DAG_ID=gcs_2_bq_dag
AIRFLOW_CTX_TASK_ID=gcs_2_bq_empty_table_task
AIRFLOW_CTX_EXECUTION_DATE=2022-09-02T13:44:24.787187+00:00
AIRFLOW_CTX_DAG_RUN_ID=manual__2022-09-02T13:44:24.787187+00:00
[2022-09-02 13:52:12,043] {crypto.py:82} WARNING - empty cryptography key - values will not be stored encrypted.
[2022-09-02 13:52:12,043] {bigquery.py:956} INFO - Creating table
[2022-09-02 13:52:12,365] {bigquery.py:975} INFO - Table trips_data_all.yellow_external_table already exists.
[2022-09-02 13:52:12,373] {taskinstance.py:1277} INFO - Marking task as SUCCESS. dag_id=gcs_2_bq_dag, task_id=gcs_2_bq_empty_table_task, execution_date=20220902T134424, start_date=20220902T135211, end_date=20220902T135212
[2022-09-02 13:52:12,414] {local_task_job.py:154} INFO - Task exited with return code 0
[2022-09-02 13:52:12,439] {local_task_job.py:264} INFO - 1 downstream tasks scheduled from follow-on schedule check
