[2022-09-01 08:10:05,910] {taskinstance.py:1032} INFO - Dependencies all met for <TaskInstance: gcs_2_bq_dag.gcs_2_bq_external_task scheduled__2022-08-31T00:00:00+00:00 [queued]>
[2022-09-01 08:10:05,918] {taskinstance.py:1032} INFO - Dependencies all met for <TaskInstance: gcs_2_bq_dag.gcs_2_bq_external_task scheduled__2022-08-31T00:00:00+00:00 [queued]>
[2022-09-01 08:10:05,918] {taskinstance.py:1238} INFO - 
--------------------------------------------------------------------------------
[2022-09-01 08:10:05,918] {taskinstance.py:1239} INFO - Starting attempt 1 of 1
[2022-09-01 08:10:05,918] {taskinstance.py:1240} INFO - 
--------------------------------------------------------------------------------
[2022-09-01 08:10:05,928] {taskinstance.py:1259} INFO - Executing <Task(BigQueryCreateExternalTableOperator): gcs_2_bq_external_task> on 2022-08-31 00:00:00+00:00
[2022-09-01 08:10:05,933] {standard_task_runner.py:52} INFO - Started process 73 to run task
[2022-09-01 08:10:05,935] {standard_task_runner.py:76} INFO - Running: ['***', 'tasks', 'run', 'gcs_2_bq_dag', 'gcs_2_bq_external_task', 'scheduled__2022-08-31T00:00:00+00:00', '--job-id', '232', '--raw', '--subdir', 'DAGS_FOLDER/gcs_2_bq_dag.py', '--cfg-path', '/tmp/tmpbb8a5ky3', '--error-file', '/tmp/tmp_vqqv3d8']
[2022-09-01 08:10:05,936] {standard_task_runner.py:77} INFO - Job 232: Subtask gcs_2_bq_external_task
[2022-09-01 08:10:05,979] {logging_mixin.py:109} INFO - Running <TaskInstance: gcs_2_bq_dag.gcs_2_bq_external_task scheduled__2022-08-31T00:00:00+00:00 [running]> on host 1c13e5bf3b2c
[2022-09-01 08:10:06,025] {taskinstance.py:1426} INFO - Exporting the following env vars:
AIRFLOW_CTX_DAG_OWNER=***
AIRFLOW_CTX_DAG_ID=gcs_2_bq_dag
AIRFLOW_CTX_TASK_ID=gcs_2_bq_external_task
AIRFLOW_CTX_EXECUTION_DATE=2022-08-31T00:00:00+00:00
AIRFLOW_CTX_DAG_RUN_ID=scheduled__2022-08-31T00:00:00+00:00
[2022-09-01 08:10:06,026] {crypto.py:82} WARNING - empty cryptography key - values will not be stored encrypted.
[2022-09-01 08:10:06,524] {taskinstance.py:1277} INFO - Marking task as SUCCESS. dag_id=gcs_2_bq_dag, task_id=gcs_2_bq_external_task, execution_date=20220831T000000, start_date=20220901T081005, end_date=20220901T081006
[2022-09-01 08:10:06,548] {local_task_job.py:154} INFO - Task exited with return code 0
[2022-09-01 08:10:06,574] {local_task_job.py:264} INFO - 0 downstream tasks scheduled from follow-on schedule check
