[2022-08-18 11:16:19,986] {taskinstance.py:1032} INFO - Dependencies all met for <TaskInstance: green_taxi_data_ingest.local_to_gcs_task scheduled__2021-01-01T01:00:00+00:00 [queued]>
[2022-08-18 11:16:19,994] {taskinstance.py:1032} INFO - Dependencies all met for <TaskInstance: green_taxi_data_ingest.local_to_gcs_task scheduled__2021-01-01T01:00:00+00:00 [queued]>
[2022-08-18 11:16:19,994] {taskinstance.py:1238} INFO - 
--------------------------------------------------------------------------------
[2022-08-18 11:16:19,994] {taskinstance.py:1239} INFO - Starting attempt 1 of 2
[2022-08-18 11:16:19,994] {taskinstance.py:1240} INFO - 
--------------------------------------------------------------------------------
[2022-08-18 11:16:20,006] {taskinstance.py:1259} INFO - Executing <Task(PythonOperator): local_to_gcs_task> on 2021-01-01 01:00:00+00:00
[2022-08-18 11:16:20,011] {standard_task_runner.py:52} INFO - Started process 11149 to run task
[2022-08-18 11:16:20,013] {standard_task_runner.py:76} INFO - Running: ['***', 'tasks', 'run', 'green_taxi_data_ingest', 'local_to_gcs_task', 'scheduled__2021-01-01T01:00:00+00:00', '--job-id', '117', '--pool', 'default_pool', '--raw', '--subdir', 'DAGS_FOLDER/green_taxi_data_ingest_dag.py', '--cfg-path', '/tmp/tmpivqyebm4', '--error-file', '/tmp/tmphfo35d3o']
[2022-08-18 11:16:20,013] {standard_task_runner.py:77} INFO - Job 117: Subtask local_to_gcs_task
[2022-08-18 11:16:20,056] {logging_mixin.py:109} INFO - Running <TaskInstance: green_taxi_data_ingest.local_to_gcs_task scheduled__2021-01-01T01:00:00+00:00 [running]> on host 18f0cb155a4e
[2022-08-18 11:16:20,084] {warnings.py:110} WARNING - /home/***/.local/lib/python3.7/site-packages/***/utils/context.py:152: AirflowContextDeprecationWarning: Accessing 'execution_date' from the template is deprecated and will be removed in a future version. Please use 'data_interval_start' or 'logical_date' instead.
  warnings.warn(_create_deprecation_warning(key, self._deprecation_replacements[key]))

[2022-08-18 11:16:20,104] {taskinstance.py:1426} INFO - Exporting the following env vars:
AIRFLOW_CTX_DAG_OWNER=***
AIRFLOW_CTX_DAG_ID=green_taxi_data_ingest
AIRFLOW_CTX_TASK_ID=local_to_gcs_task
AIRFLOW_CTX_EXECUTION_DATE=2021-01-01T01:00:00+00:00
AIRFLOW_CTX_DAG_RUN_ID=scheduled__2021-01-01T01:00:00+00:00
[2022-08-18 11:16:22,329] {python.py:175} INFO - Done. Returned value was: None
[2022-08-18 11:16:22,344] {taskinstance.py:1277} INFO - Marking task as SUCCESS. dag_id=green_taxi_data_ingest, task_id=local_to_gcs_task, execution_date=20210101T010000, start_date=20220818T111619, end_date=20220818T111622
[2022-08-18 11:16:22,392] {local_task_job.py:154} INFO - Task exited with return code 0
[2022-08-18 11:16:22,430] {local_task_job.py:264} INFO - 0 downstream tasks scheduled from follow-on schedule check
