[2022-08-31 14:36:30,139] {taskinstance.py:1032} INFO - Dependencies all met for <TaskInstance: yellow_taxi_data_ingest.download_dataset_task manual__2022-08-31T14:36:15+00:00 [queued]>
[2022-08-31 14:36:30,147] {taskinstance.py:1032} INFO - Dependencies all met for <TaskInstance: yellow_taxi_data_ingest.download_dataset_task manual__2022-08-31T14:36:15+00:00 [queued]>
[2022-08-31 14:36:30,147] {taskinstance.py:1238} INFO - 
--------------------------------------------------------------------------------
[2022-08-31 14:36:30,148] {taskinstance.py:1239} INFO - Starting attempt 1 of 1
[2022-08-31 14:36:30,148] {taskinstance.py:1240} INFO - 
--------------------------------------------------------------------------------
[2022-08-31 14:36:30,161] {taskinstance.py:1259} INFO - Executing <Task(BashOperator): download_dataset_task> on 2022-08-31 14:36:15+00:00
[2022-08-31 14:36:30,168] {standard_task_runner.py:52} INFO - Started process 4959 to run task
[2022-08-31 14:36:30,171] {standard_task_runner.py:76} INFO - Running: ['***', 'tasks', 'run', 'yellow_taxi_data_ingest', 'download_dataset_task', 'manual__2022-08-31T14:36:15+00:00', '--job-id', '184', '--raw', '--subdir', 'DAGS_FOLDER/yellow_taxi_data_ingest_dag.py', '--cfg-path', '/tmp/tmptb9r0j3k', '--error-file', '/tmp/tmpzxg6cgc7']
[2022-08-31 14:36:30,172] {standard_task_runner.py:77} INFO - Job 184: Subtask download_dataset_task
[2022-08-31 14:36:30,224] {logging_mixin.py:109} INFO - Running <TaskInstance: yellow_taxi_data_ingest.download_dataset_task manual__2022-08-31T14:36:15+00:00 [running]> on host 0aad59a5352b
[2022-08-31 14:36:30,275] {taskinstance.py:1426} INFO - Exporting the following env vars:
AIRFLOW_CTX_DAG_OWNER=***
AIRFLOW_CTX_DAG_ID=yellow_taxi_data_ingest
AIRFLOW_CTX_TASK_ID=download_dataset_task
AIRFLOW_CTX_EXECUTION_DATE=2022-08-31T14:36:15+00:00
AIRFLOW_CTX_DAG_RUN_ID=manual__2022-08-31T14:36:15+00:00
[2022-08-31 14:36:30,276] {subprocess.py:62} INFO - Tmp dir root location: 
 /tmp
[2022-08-31 14:36:30,276] {subprocess.py:74} INFO - Running command: ['bash', '-c', 'curl -sSLf https://d37ci6vzurychx.cloudfront.net/trip-data/yellow_tripdata_2019-01.parquet > /opt/***/yellow_tripdata_2019-01.parquet']
[2022-08-31 14:36:30,286] {subprocess.py:85} INFO - Output:
[2022-08-31 14:36:43,368] {subprocess.py:93} INFO - Command exited with return code 0
[2022-08-31 14:36:43,400] {taskinstance.py:1277} INFO - Marking task as SUCCESS. dag_id=yellow_taxi_data_ingest, task_id=download_dataset_task, execution_date=20220831T143615, start_date=20220831T143630, end_date=20220831T143643
[2022-08-31 14:36:43,465] {local_task_job.py:154} INFO - Task exited with return code 0
[2022-08-31 14:36:43,506] {local_task_job.py:264} INFO - 1 downstream tasks scheduled from follow-on schedule check
