[2022-08-18 07:50:51,228] {taskinstance.py:1032} INFO - Dependencies all met for <TaskInstance: data_ingestion_gcs_dag.download_dataset_task manual__2022-08-18T07:50:32+00:00 [queued]>
[2022-08-18 07:50:51,236] {taskinstance.py:1032} INFO - Dependencies all met for <TaskInstance: data_ingestion_gcs_dag.download_dataset_task manual__2022-08-18T07:50:32+00:00 [queued]>
[2022-08-18 07:50:51,236] {taskinstance.py:1238} INFO - 
--------------------------------------------------------------------------------
[2022-08-18 07:50:51,236] {taskinstance.py:1239} INFO - Starting attempt 1 of 2
[2022-08-18 07:50:51,236] {taskinstance.py:1240} INFO - 
--------------------------------------------------------------------------------
[2022-08-18 07:50:51,246] {taskinstance.py:1259} INFO - Executing <Task(BashOperator): download_dataset_task> on 2022-08-18 07:50:32+00:00
[2022-08-18 07:50:51,250] {standard_task_runner.py:52} INFO - Started process 1389 to run task
[2022-08-18 07:50:51,252] {standard_task_runner.py:76} INFO - Running: ['***', 'tasks', 'run', 'data_ingestion_gcs_dag', 'download_dataset_task', 'manual__2022-08-18T07:50:32+00:00', '--job-id', '71', '--raw', '--subdir', 'DAGS_FOLDER/data_ingestion_gcs_dag.py', '--cfg-path', '/tmp/tmpudrob2e3', '--error-file', '/tmp/tmp0de4eazc']
[2022-08-18 07:50:51,253] {standard_task_runner.py:77} INFO - Job 71: Subtask download_dataset_task
[2022-08-18 07:50:51,293] {logging_mixin.py:109} INFO - Running <TaskInstance: data_ingestion_gcs_dag.download_dataset_task manual__2022-08-18T07:50:32+00:00 [running]> on host 18f0cb155a4e
[2022-08-18 07:50:51,336] {taskinstance.py:1426} INFO - Exporting the following env vars:
AIRFLOW_CTX_DAG_OWNER=***
AIRFLOW_CTX_DAG_ID=data_ingestion_gcs_dag
AIRFLOW_CTX_TASK_ID=download_dataset_task
AIRFLOW_CTX_EXECUTION_DATE=2022-08-18T07:50:32+00:00
AIRFLOW_CTX_DAG_RUN_ID=manual__2022-08-18T07:50:32+00:00
[2022-08-18 07:50:51,337] {subprocess.py:62} INFO - Tmp dir root location: 
 /tmp
[2022-08-18 07:50:51,337] {subprocess.py:74} INFO - Running command: ['bash', '-c', 'curl -sSLf https://d37ci6vzurychx.cloudfront.net/trip-data/yellow_tripdata_2020-01.parquet > /opt/***/yellow_tripdata_2020-01.parquet']
[2022-08-18 07:50:51,345] {subprocess.py:85} INFO - Output:
[2022-08-18 07:50:58,613] {subprocess.py:93} INFO - Command exited with return code 0
[2022-08-18 07:50:58,703] {taskinstance.py:1277} INFO - Marking task as SUCCESS. dag_id=data_ingestion_gcs_dag, task_id=download_dataset_task, execution_date=20220818T075032, start_date=20220818T075051, end_date=20220818T075058
[2022-08-18 07:50:58,758] {local_task_job.py:154} INFO - Task exited with return code 0
[2022-08-18 07:50:58,788] {local_task_job.py:264} INFO - 1 downstream tasks scheduled from follow-on schedule check
