[2022-08-31 14:01:06,525] {taskinstance.py:1032} INFO - Dependencies all met for <TaskInstance: fhv_taxi_data_ingest.download_dataset_task manual__2022-08-31T14:00:53+00:00 [queued]>
[2022-08-31 14:01:06,533] {taskinstance.py:1032} INFO - Dependencies all met for <TaskInstance: fhv_taxi_data_ingest.download_dataset_task manual__2022-08-31T14:00:53+00:00 [queued]>
[2022-08-31 14:01:06,534] {taskinstance.py:1238} INFO - 
--------------------------------------------------------------------------------
[2022-08-31 14:01:06,534] {taskinstance.py:1239} INFO - Starting attempt 1 of 1
[2022-08-31 14:01:06,534] {taskinstance.py:1240} INFO - 
--------------------------------------------------------------------------------
[2022-08-31 14:01:06,546] {taskinstance.py:1259} INFO - Executing <Task(BashOperator): download_dataset_task> on 2022-08-31 14:00:53+00:00
[2022-08-31 14:01:06,551] {standard_task_runner.py:52} INFO - Started process 3203 to run task
[2022-08-31 14:01:06,553] {standard_task_runner.py:76} INFO - Running: ['***', 'tasks', 'run', 'fhv_taxi_data_ingest', 'download_dataset_task', 'manual__2022-08-31T14:00:53+00:00', '--job-id', '155', '--raw', '--subdir', 'DAGS_FOLDER/fhv_data_ingest_dag.py', '--cfg-path', '/tmp/tmpptiygv1j', '--error-file', '/tmp/tmp2qxtwebd']
[2022-08-31 14:01:06,553] {standard_task_runner.py:77} INFO - Job 155: Subtask download_dataset_task
[2022-08-31 14:01:06,604] {logging_mixin.py:109} INFO - Running <TaskInstance: fhv_taxi_data_ingest.download_dataset_task manual__2022-08-31T14:00:53+00:00 [running]> on host 0aad59a5352b
[2022-08-31 14:01:06,656] {taskinstance.py:1426} INFO - Exporting the following env vars:
AIRFLOW_CTX_DAG_OWNER=***
AIRFLOW_CTX_DAG_ID=fhv_taxi_data_ingest
AIRFLOW_CTX_TASK_ID=download_dataset_task
AIRFLOW_CTX_EXECUTION_DATE=2022-08-31T14:00:53+00:00
AIRFLOW_CTX_DAG_RUN_ID=manual__2022-08-31T14:00:53+00:00
[2022-08-31 14:01:06,657] {subprocess.py:62} INFO - Tmp dir root location: 
 /tmp
[2022-08-31 14:01:06,658] {subprocess.py:74} INFO - Running command: ['bash', '-c', 'curl -sSLf https://d37ci6vzurychx.cloudfront.net/trip-data/fhv_tripdata_2022-02.parquet > /opt/***/fhv_tripdata_2022-02.csv']
[2022-08-31 14:01:06,667] {subprocess.py:85} INFO - Output:
[2022-08-31 14:01:07,872] {subprocess.py:93} INFO - Command exited with return code 0
[2022-08-31 14:01:07,894] {taskinstance.py:1277} INFO - Marking task as SUCCESS. dag_id=fhv_taxi_data_ingest, task_id=download_dataset_task, execution_date=20220831T140053, start_date=20220831T140106, end_date=20220831T140107
[2022-08-31 14:01:07,929] {local_task_job.py:154} INFO - Task exited with return code 0
[2022-08-31 14:01:07,955] {local_task_job.py:264} INFO - 1 downstream tasks scheduled from follow-on schedule check
