[2022-08-31 14:01:08,668] {taskinstance.py:1032} INFO - Dependencies all met for <TaskInstance: fhv_taxi_data_ingest.local_to_gcs_task manual__2022-08-31T14:00:53+00:00 [queued]>
[2022-08-31 14:01:08,675] {taskinstance.py:1032} INFO - Dependencies all met for <TaskInstance: fhv_taxi_data_ingest.local_to_gcs_task manual__2022-08-31T14:00:53+00:00 [queued]>
[2022-08-31 14:01:08,675] {taskinstance.py:1238} INFO - 
--------------------------------------------------------------------------------
[2022-08-31 14:01:08,675] {taskinstance.py:1239} INFO - Starting attempt 1 of 1
[2022-08-31 14:01:08,675] {taskinstance.py:1240} INFO - 
--------------------------------------------------------------------------------
[2022-08-31 14:01:08,685] {taskinstance.py:1259} INFO - Executing <Task(PythonOperator): local_to_gcs_task> on 2022-08-31 14:00:53+00:00
[2022-08-31 14:01:08,689] {standard_task_runner.py:52} INFO - Started process 3209 to run task
[2022-08-31 14:01:08,690] {standard_task_runner.py:76} INFO - Running: ['***', 'tasks', 'run', 'fhv_taxi_data_ingest', 'local_to_gcs_task', 'manual__2022-08-31T14:00:53+00:00', '--job-id', '156', '--raw', '--subdir', 'DAGS_FOLDER/fhv_data_ingest_dag.py', '--cfg-path', '/tmp/tmpf886eoba', '--error-file', '/tmp/tmpagbc6foh']
[2022-08-31 14:01:08,691] {standard_task_runner.py:77} INFO - Job 156: Subtask local_to_gcs_task
[2022-08-31 14:01:08,727] {logging_mixin.py:109} INFO - Running <TaskInstance: fhv_taxi_data_ingest.local_to_gcs_task manual__2022-08-31T14:00:53+00:00 [running]> on host 0aad59a5352b
[2022-08-31 14:01:08,767] {taskinstance.py:1426} INFO - Exporting the following env vars:
AIRFLOW_CTX_DAG_OWNER=***
AIRFLOW_CTX_DAG_ID=fhv_taxi_data_ingest
AIRFLOW_CTX_TASK_ID=local_to_gcs_task
AIRFLOW_CTX_EXECUTION_DATE=2022-08-31T14:00:53+00:00
AIRFLOW_CTX_DAG_RUN_ID=manual__2022-08-31T14:00:53+00:00
[2022-08-31 14:01:23,523] {python.py:175} INFO - Done. Returned value was: None
[2022-08-31 14:01:23,531] {taskinstance.py:1277} INFO - Marking task as SUCCESS. dag_id=fhv_taxi_data_ingest, task_id=local_to_gcs_task, execution_date=20220831T140053, start_date=20220831T140108, end_date=20220831T140123
[2022-08-31 14:01:23,579] {local_task_job.py:154} INFO - Task exited with return code 0
[2022-08-31 14:01:23,601] {local_task_job.py:264} INFO - 1 downstream tasks scheduled from follow-on schedule check
