[2022-08-18 09:20:06,941] {taskinstance.py:1032} INFO - Dependencies all met for <TaskInstance: yellow_taxi_data_ingest.local_to_gcs_task scheduled__2019-01-01T01:00:00+00:00 [queued]>
[2022-08-18 09:20:06,951] {taskinstance.py:1032} INFO - Dependencies all met for <TaskInstance: yellow_taxi_data_ingest.local_to_gcs_task scheduled__2019-01-01T01:00:00+00:00 [queued]>
[2022-08-18 09:20:06,951] {taskinstance.py:1238} INFO - 
--------------------------------------------------------------------------------
[2022-08-18 09:20:06,951] {taskinstance.py:1239} INFO - Starting attempt 1 of 2
[2022-08-18 09:20:06,951] {taskinstance.py:1240} INFO - 
--------------------------------------------------------------------------------
[2022-08-18 09:20:06,963] {taskinstance.py:1259} INFO - Executing <Task(PythonOperator): local_to_gcs_task> on 2019-01-01 01:00:00+00:00
[2022-08-18 09:20:06,969] {standard_task_runner.py:52} INFO - Started process 5535 to run task
[2022-08-18 09:20:06,971] {standard_task_runner.py:76} INFO - Running: ['***', 'tasks', 'run', 'yellow_taxi_data_ingest', 'local_to_gcs_task', 'scheduled__2019-01-01T01:00:00+00:00', '--job-id', '80', '--pool', 'default_pool', '--raw', '--subdir', 'DAGS_FOLDER/yellow_taxi_data_ingest_dag.py', '--cfg-path', '/tmp/tmp84if6rvn', '--error-file', '/tmp/tmpmk_spvdv']
[2022-08-18 09:20:06,972] {standard_task_runner.py:77} INFO - Job 80: Subtask local_to_gcs_task
[2022-08-18 09:20:07,014] {logging_mixin.py:109} INFO - Running <TaskInstance: yellow_taxi_data_ingest.local_to_gcs_task scheduled__2019-01-01T01:00:00+00:00 [running]> on host 18f0cb155a4e
[2022-08-18 09:20:07,045] {warnings.py:110} WARNING - /home/***/.local/lib/python3.7/site-packages/***/utils/context.py:152: AirflowContextDeprecationWarning: Accessing 'execution_date' from the template is deprecated and will be removed in a future version. Please use 'data_interval_start' or 'logical_date' instead.
  warnings.warn(_create_deprecation_warning(key, self._deprecation_replacements[key]))

[2022-08-18 09:20:07,066] {taskinstance.py:1426} INFO - Exporting the following env vars:
AIRFLOW_CTX_DAG_OWNER=***
AIRFLOW_CTX_DAG_ID=yellow_taxi_data_ingest
AIRFLOW_CTX_TASK_ID=local_to_gcs_task
AIRFLOW_CTX_EXECUTION_DATE=2019-01-01T01:00:00+00:00
AIRFLOW_CTX_DAG_RUN_ID=scheduled__2019-01-01T01:00:00+00:00
[2022-08-18 09:24:16,586] {python.py:175} INFO - Done. Returned value was: None
[2022-08-18 09:24:16,596] {taskinstance.py:1277} INFO - Marking task as SUCCESS. dag_id=yellow_taxi_data_ingest, task_id=local_to_gcs_task, execution_date=20190101T010000, start_date=20220818T092006, end_date=20220818T092416
[2022-08-18 09:24:16,647] {local_task_job.py:154} INFO - Task exited with return code 0
[2022-08-18 09:24:16,673] {local_task_job.py:264} INFO - 0 downstream tasks scheduled from follow-on schedule check
[2022-08-18 09:49:45,536] {taskinstance.py:1032} INFO - Dependencies all met for <TaskInstance: yellow_taxi_data_ingest.local_to_gcs_task scheduled__2019-01-01T01:00:00+00:00 [queued]>
[2022-08-18 09:49:45,543] {taskinstance.py:1032} INFO - Dependencies all met for <TaskInstance: yellow_taxi_data_ingest.local_to_gcs_task scheduled__2019-01-01T01:00:00+00:00 [queued]>
[2022-08-18 09:49:45,543] {taskinstance.py:1238} INFO - 
--------------------------------------------------------------------------------
[2022-08-18 09:49:45,543] {taskinstance.py:1239} INFO - Starting attempt 1 of 2
[2022-08-18 09:49:45,543] {taskinstance.py:1240} INFO - 
--------------------------------------------------------------------------------
[2022-08-18 09:49:45,552] {taskinstance.py:1259} INFO - Executing <Task(PythonOperator): local_to_gcs_task> on 2019-01-01 01:00:00+00:00
[2022-08-18 09:49:45,557] {standard_task_runner.py:52} INFO - Started process 6968 to run task
[2022-08-18 09:49:45,559] {standard_task_runner.py:76} INFO - Running: ['***', 'tasks', 'run', 'yellow_taxi_data_ingest', 'local_to_gcs_task', 'scheduled__2019-01-01T01:00:00+00:00', '--job-id', '93', '--pool', 'default_pool', '--raw', '--subdir', 'DAGS_FOLDER/yellow_taxi_data_ingest_dag.py', '--cfg-path', '/tmp/tmpwmchn4c9', '--error-file', '/tmp/tmpr5mu1zs4']
[2022-08-18 09:49:45,559] {standard_task_runner.py:77} INFO - Job 93: Subtask local_to_gcs_task
[2022-08-18 09:49:45,593] {logging_mixin.py:109} INFO - Running <TaskInstance: yellow_taxi_data_ingest.local_to_gcs_task scheduled__2019-01-01T01:00:00+00:00 [running]> on host 18f0cb155a4e
[2022-08-18 09:49:45,617] {warnings.py:110} WARNING - /home/***/.local/lib/python3.7/site-packages/***/utils/context.py:152: AirflowContextDeprecationWarning: Accessing 'execution_date' from the template is deprecated and will be removed in a future version. Please use 'data_interval_start' or 'logical_date' instead.
  warnings.warn(_create_deprecation_warning(key, self._deprecation_replacements[key]))

[2022-08-18 09:49:45,627] {taskinstance.py:1426} INFO - Exporting the following env vars:
AIRFLOW_CTX_DAG_OWNER=***
AIRFLOW_CTX_DAG_ID=yellow_taxi_data_ingest
AIRFLOW_CTX_TASK_ID=local_to_gcs_task
AIRFLOW_CTX_EXECUTION_DATE=2019-01-01T01:00:00+00:00
AIRFLOW_CTX_DAG_RUN_ID=scheduled__2019-01-01T01:00:00+00:00
[2022-08-18 09:51:16,154] {python.py:175} INFO - Done. Returned value was: None
[2022-08-18 09:51:16,162] {taskinstance.py:1277} INFO - Marking task as SUCCESS. dag_id=yellow_taxi_data_ingest, task_id=local_to_gcs_task, execution_date=20190101T010000, start_date=20220818T094945, end_date=20220818T095116
[2022-08-18 09:51:16,192] {local_task_job.py:154} INFO - Task exited with return code 0
[2022-08-18 09:51:16,214] {local_task_job.py:264} INFO - 0 downstream tasks scheduled from follow-on schedule check
[2022-08-18 10:05:36,662] {taskinstance.py:1032} INFO - Dependencies all met for <TaskInstance: yellow_taxi_data_ingest.local_to_gcs_task backfill__2019-01-01T01:00:00+00:00 [queued]>
[2022-08-18 10:05:36,669] {taskinstance.py:1032} INFO - Dependencies all met for <TaskInstance: yellow_taxi_data_ingest.local_to_gcs_task backfill__2019-01-01T01:00:00+00:00 [queued]>
[2022-08-18 10:05:36,669] {taskinstance.py:1238} INFO - 
--------------------------------------------------------------------------------
[2022-08-18 10:05:36,669] {taskinstance.py:1239} INFO - Starting attempt 1 of 2
[2022-08-18 10:05:36,669] {taskinstance.py:1240} INFO - 
--------------------------------------------------------------------------------
[2022-08-18 10:05:36,679] {taskinstance.py:1259} INFO - Executing <Task(PythonOperator): local_to_gcs_task> on 2019-01-01 01:00:00+00:00
[2022-08-18 10:05:36,683] {standard_task_runner.py:52} INFO - Started process 7803 to run task
[2022-08-18 10:05:36,685] {standard_task_runner.py:76} INFO - Running: ['***', 'tasks', 'run', 'yellow_taxi_data_ingest', 'local_to_gcs_task', 'backfill__2019-01-01T01:00:00+00:00', '--job-id', '99', '--pool', 'default_pool', '--raw', '--subdir', 'DAGS_FOLDER/yellow_taxi_data_ingest_dag.py', '--cfg-path', '/tmp/tmpeihuy9sm', '--error-file', '/tmp/tmp1zcsbs8x']
[2022-08-18 10:05:36,685] {standard_task_runner.py:77} INFO - Job 99: Subtask local_to_gcs_task
[2022-08-18 10:05:36,720] {logging_mixin.py:109} INFO - Running <TaskInstance: yellow_taxi_data_ingest.local_to_gcs_task backfill__2019-01-01T01:00:00+00:00 [running]> on host 18f0cb155a4e
[2022-08-18 10:05:36,744] {warnings.py:110} WARNING - /home/***/.local/lib/python3.7/site-packages/***/utils/context.py:152: AirflowContextDeprecationWarning: Accessing 'execution_date' from the template is deprecated and will be removed in a future version. Please use 'data_interval_start' or 'logical_date' instead.
  warnings.warn(_create_deprecation_warning(key, self._deprecation_replacements[key]))

[2022-08-18 10:05:36,759] {taskinstance.py:1426} INFO - Exporting the following env vars:
AIRFLOW_CTX_DAG_OWNER=***
AIRFLOW_CTX_DAG_ID=yellow_taxi_data_ingest
AIRFLOW_CTX_TASK_ID=local_to_gcs_task
AIRFLOW_CTX_EXECUTION_DATE=2019-01-01T01:00:00+00:00
AIRFLOW_CTX_DAG_RUN_ID=backfill__2019-01-01T01:00:00+00:00
[2022-08-18 10:07:07,612] {python.py:175} INFO - Done. Returned value was: None
[2022-08-18 10:07:07,620] {taskinstance.py:1277} INFO - Marking task as SUCCESS. dag_id=yellow_taxi_data_ingest, task_id=local_to_gcs_task, execution_date=20190101T010000, start_date=20220818T100536, end_date=20220818T100707
[2022-08-18 10:07:07,638] {local_task_job.py:154} INFO - Task exited with return code 0
[2022-08-18 10:07:07,659] {local_task_job.py:264} INFO - 0 downstream tasks scheduled from follow-on schedule check
