[2022-08-31 15:39:32,951] {taskinstance.py:1032} INFO - Dependencies all met for <TaskInstance: gcs_2_bq_dag.gcs_2_bq_external_task manual__2022-08-31T15:39:30.417439+00:00 [queued]>
[2022-08-31 15:39:32,959] {taskinstance.py:1032} INFO - Dependencies all met for <TaskInstance: gcs_2_bq_dag.gcs_2_bq_external_task manual__2022-08-31T15:39:30.417439+00:00 [queued]>
[2022-08-31 15:39:32,959] {taskinstance.py:1238} INFO - 
--------------------------------------------------------------------------------
[2022-08-31 15:39:32,959] {taskinstance.py:1239} INFO - Starting attempt 1 of 1
[2022-08-31 15:39:32,959] {taskinstance.py:1240} INFO - 
--------------------------------------------------------------------------------
[2022-08-31 15:39:32,970] {taskinstance.py:1259} INFO - Executing <Task(BigQueryCreateExternalTableOperator): gcs_2_bq_external_task> on 2022-08-31 15:39:30.417439+00:00
[2022-08-31 15:39:32,976] {standard_task_runner.py:52} INFO - Started process 7860 to run task
[2022-08-31 15:39:32,978] {standard_task_runner.py:76} INFO - Running: ['***', 'tasks', 'run', 'gcs_2_bq_dag', 'gcs_2_bq_external_task', 'manual__2022-08-31T15:39:30.417439+00:00', '--job-id', '210', '--raw', '--subdir', 'DAGS_FOLDER/gcs_2_bq_dag.py', '--cfg-path', '/tmp/tmpz7bej4zs', '--error-file', '/tmp/tmp604owph4']
[2022-08-31 15:39:32,979] {standard_task_runner.py:77} INFO - Job 210: Subtask gcs_2_bq_external_task
[2022-08-31 15:39:33,021] {logging_mixin.py:109} INFO - Running <TaskInstance: gcs_2_bq_dag.gcs_2_bq_external_task manual__2022-08-31T15:39:30.417439+00:00 [running]> on host 0aad59a5352b
[2022-08-31 15:39:33,087] {taskinstance.py:1426} INFO - Exporting the following env vars:
AIRFLOW_CTX_DAG_OWNER=***
AIRFLOW_CTX_DAG_ID=gcs_2_bq_dag
AIRFLOW_CTX_TASK_ID=gcs_2_bq_external_task
AIRFLOW_CTX_EXECUTION_DATE=2022-08-31T15:39:30.417439+00:00
AIRFLOW_CTX_DAG_RUN_ID=manual__2022-08-31T15:39:30.417439+00:00
[2022-08-31 15:39:33,088] {crypto.py:82} WARNING - empty cryptography key - values will not be stored encrypted.
[2022-08-31 15:39:33,609] {taskinstance.py:1277} INFO - Marking task as SUCCESS. dag_id=gcs_2_bq_dag, task_id=gcs_2_bq_external_task, execution_date=20220831T153930, start_date=20220831T153932, end_date=20220831T153933
[2022-08-31 15:39:33,632] {local_task_job.py:154} INFO - Task exited with return code 0
[2022-08-31 15:39:33,666] {local_task_job.py:264} INFO - 1 downstream tasks scheduled from follow-on schedule check
