[2022-08-31 15:42:34,197] {taskinstance.py:1032} INFO - Dependencies all met for <TaskInstance: gcs_2_bq_dag.gcs_2_bq_external_task manual__2022-08-31T15:42:31.263102+00:00 [queued]>
[2022-08-31 15:42:34,204] {taskinstance.py:1032} INFO - Dependencies all met for <TaskInstance: gcs_2_bq_dag.gcs_2_bq_external_task manual__2022-08-31T15:42:31.263102+00:00 [queued]>
[2022-08-31 15:42:34,204] {taskinstance.py:1238} INFO - 
--------------------------------------------------------------------------------
[2022-08-31 15:42:34,204] {taskinstance.py:1239} INFO - Starting attempt 1 of 1
[2022-08-31 15:42:34,204] {taskinstance.py:1240} INFO - 
--------------------------------------------------------------------------------
[2022-08-31 15:42:34,216] {taskinstance.py:1259} INFO - Executing <Task(BigQueryCreateExternalTableOperator): gcs_2_bq_external_task> on 2022-08-31 15:42:31.263102+00:00
[2022-08-31 15:42:34,220] {standard_task_runner.py:52} INFO - Started process 7996 to run task
[2022-08-31 15:42:34,223] {standard_task_runner.py:76} INFO - Running: ['***', 'tasks', 'run', 'gcs_2_bq_dag', 'gcs_2_bq_external_task', 'manual__2022-08-31T15:42:31.263102+00:00', '--job-id', '213', '--raw', '--subdir', 'DAGS_FOLDER/gcs_2_bq_dag.py', '--cfg-path', '/tmp/tmpql7ab73g', '--error-file', '/tmp/tmp9_f8_kho']
[2022-08-31 15:42:34,224] {standard_task_runner.py:77} INFO - Job 213: Subtask gcs_2_bq_external_task
[2022-08-31 15:42:34,261] {logging_mixin.py:109} INFO - Running <TaskInstance: gcs_2_bq_dag.gcs_2_bq_external_task manual__2022-08-31T15:42:31.263102+00:00 [running]> on host 0aad59a5352b
[2022-08-31 15:42:34,325] {taskinstance.py:1426} INFO - Exporting the following env vars:
AIRFLOW_CTX_DAG_OWNER=***
AIRFLOW_CTX_DAG_ID=gcs_2_bq_dag
AIRFLOW_CTX_TASK_ID=gcs_2_bq_external_task
AIRFLOW_CTX_EXECUTION_DATE=2022-08-31T15:42:31.263102+00:00
AIRFLOW_CTX_DAG_RUN_ID=manual__2022-08-31T15:42:31.263102+00:00
[2022-08-31 15:42:34,326] {crypto.py:82} WARNING - empty cryptography key - values will not be stored encrypted.
[2022-08-31 15:42:34,840] {taskinstance.py:1277} INFO - Marking task as SUCCESS. dag_id=gcs_2_bq_dag, task_id=gcs_2_bq_external_task, execution_date=20220831T154231, start_date=20220831T154234, end_date=20220831T154234
[2022-08-31 15:42:34,877] {local_task_job.py:154} INFO - Task exited with return code 0
[2022-08-31 15:42:34,905] {local_task_job.py:264} INFO - 1 downstream tasks scheduled from follow-on schedule check
