[2022-08-18 07:51:00,298] {taskinstance.py:1032} INFO - Dependencies all met for <TaskInstance: data_ingestion_gcs_dag.local_to_gcs_task manual__2022-08-18T07:50:32+00:00 [queued]>
[2022-08-18 07:51:00,305] {taskinstance.py:1032} INFO - Dependencies all met for <TaskInstance: data_ingestion_gcs_dag.local_to_gcs_task manual__2022-08-18T07:50:32+00:00 [queued]>
[2022-08-18 07:51:00,305] {taskinstance.py:1238} INFO - 
--------------------------------------------------------------------------------
[2022-08-18 07:51:00,305] {taskinstance.py:1239} INFO - Starting attempt 1 of 2
[2022-08-18 07:51:00,305] {taskinstance.py:1240} INFO - 
--------------------------------------------------------------------------------
[2022-08-18 07:51:00,317] {taskinstance.py:1259} INFO - Executing <Task(PythonOperator): local_to_gcs_task> on 2022-08-18 07:50:32+00:00
[2022-08-18 07:51:00,321] {standard_task_runner.py:52} INFO - Started process 1404 to run task
[2022-08-18 07:51:00,323] {standard_task_runner.py:76} INFO - Running: ['***', 'tasks', 'run', 'data_ingestion_gcs_dag', 'local_to_gcs_task', 'manual__2022-08-18T07:50:32+00:00', '--job-id', '72', '--raw', '--subdir', 'DAGS_FOLDER/data_ingestion_gcs_dag.py', '--cfg-path', '/tmp/tmprl8mwev9', '--error-file', '/tmp/tmp37xmv8nb']
[2022-08-18 07:51:00,324] {standard_task_runner.py:77} INFO - Job 72: Subtask local_to_gcs_task
[2022-08-18 07:51:00,366] {logging_mixin.py:109} INFO - Running <TaskInstance: data_ingestion_gcs_dag.local_to_gcs_task manual__2022-08-18T07:50:32+00:00 [running]> on host 18f0cb155a4e
[2022-08-18 07:51:00,415] {taskinstance.py:1426} INFO - Exporting the following env vars:
AIRFLOW_CTX_DAG_OWNER=***
AIRFLOW_CTX_DAG_ID=data_ingestion_gcs_dag
AIRFLOW_CTX_TASK_ID=local_to_gcs_task
AIRFLOW_CTX_EXECUTION_DATE=2022-08-18T07:50:32+00:00
AIRFLOW_CTX_DAG_RUN_ID=manual__2022-08-18T07:50:32+00:00
[2022-08-18 07:52:17,486] {python.py:175} INFO - Done. Returned value was: None
[2022-08-18 07:52:17,495] {taskinstance.py:1277} INFO - Marking task as SUCCESS. dag_id=data_ingestion_gcs_dag, task_id=local_to_gcs_task, execution_date=20220818T075032, start_date=20220818T075100, end_date=20220818T075217
[2022-08-18 07:52:17,539] {local_task_job.py:154} INFO - Task exited with return code 0
[2022-08-18 07:52:17,562] {local_task_job.py:264} INFO - 1 downstream tasks scheduled from follow-on schedule check
