[2022-09-02 13:29:58,850] {taskinstance.py:1032} INFO - Dependencies all met for <TaskInstance: gcs_2_bq_dag.gcs_to_gcs_yellow_task manual__2022-09-02T11:42:01.192371+00:00 [queued]>
[2022-09-02 13:29:58,859] {taskinstance.py:1032} INFO - Dependencies all met for <TaskInstance: gcs_2_bq_dag.gcs_to_gcs_yellow_task manual__2022-09-02T11:42:01.192371+00:00 [queued]>
[2022-09-02 13:29:58,859] {taskinstance.py:1238} INFO - 
--------------------------------------------------------------------------------
[2022-09-02 13:29:58,859] {taskinstance.py:1239} INFO - Starting attempt 2 of 2
[2022-09-02 13:29:58,859] {taskinstance.py:1240} INFO - 
--------------------------------------------------------------------------------
[2022-09-02 13:29:58,869] {taskinstance.py:1259} INFO - Executing <Task(GCSToGCSOperator): gcs_to_gcs_yellow_task> on 2022-09-02 11:42:01.192371+00:00
[2022-09-02 13:29:58,873] {standard_task_runner.py:52} INFO - Started process 16751 to run task
[2022-09-02 13:29:58,875] {standard_task_runner.py:76} INFO - Running: ['***', 'tasks', 'run', 'gcs_2_bq_dag', 'gcs_to_gcs_yellow_task', 'manual__2022-09-02T11:42:01.192371+00:00', '--job-id', '378', '--raw', '--subdir', 'DAGS_FOLDER/gcs_2_bq_dag.py', '--cfg-path', '/tmp/tmpxlcsoae8', '--error-file', '/tmp/tmpbuunuui6']
[2022-09-02 13:29:58,876] {standard_task_runner.py:77} INFO - Job 378: Subtask gcs_to_gcs_yellow_task
[2022-09-02 13:29:58,917] {logging_mixin.py:109} INFO - Running <TaskInstance: gcs_2_bq_dag.gcs_to_gcs_yellow_task manual__2022-09-02T11:42:01.192371+00:00 [running]> on host 6aef44a1cff5
[2022-09-02 13:29:58,970] {taskinstance.py:1426} INFO - Exporting the following env vars:
AIRFLOW_CTX_DAG_OWNER=***
AIRFLOW_CTX_DAG_ID=gcs_2_bq_dag
AIRFLOW_CTX_TASK_ID=gcs_to_gcs_yellow_task
AIRFLOW_CTX_EXECUTION_DATE=2022-09-02T11:42:01.192371+00:00
AIRFLOW_CTX_DAG_RUN_ID=manual__2022-09-02T11:42:01.192371+00:00
[2022-09-02 13:29:58,971] {crypto.py:82} WARNING - empty cryptography key - values will not be stored encrypted.
[2022-09-02 13:29:58,972] {gcs_to_gcs.py:346} INFO - Delimiter ignored because wildcard is in prefix
[2022-09-02 13:29:59,317] {taskinstance.py:1277} INFO - Marking task as SUCCESS. dag_id=gcs_2_bq_dag, task_id=gcs_to_gcs_yellow_task, execution_date=20220902T114201, start_date=20220902T132958, end_date=20220902T132959
[2022-09-02 13:29:59,368] {local_task_job.py:154} INFO - Task exited with return code 0
[2022-09-02 13:29:59,397] {local_task_job.py:264} INFO - 1 downstream tasks scheduled from follow-on schedule check
