[2022-08-18 15:16:03,049] {taskinstance.py:1032} INFO - Dependencies all met for <TaskInstance: zones_taxi_data_ingest.download_dataset_task manual__2022-08-18T15:16:02.049143+00:00 [queued]>
[2022-08-18 15:16:03,056] {taskinstance.py:1032} INFO - Dependencies all met for <TaskInstance: zones_taxi_data_ingest.download_dataset_task manual__2022-08-18T15:16:02.049143+00:00 [queued]>
[2022-08-18 15:16:03,056] {taskinstance.py:1238} INFO - 
--------------------------------------------------------------------------------
[2022-08-18 15:16:03,056] {taskinstance.py:1239} INFO - Starting attempt 1 of 1
[2022-08-18 15:16:03,056] {taskinstance.py:1240} INFO - 
--------------------------------------------------------------------------------
[2022-08-18 15:16:03,066] {taskinstance.py:1259} INFO - Executing <Task(BashOperator): download_dataset_task> on 2022-08-18 15:16:02.049143+00:00
[2022-08-18 15:16:03,071] {standard_task_runner.py:52} INFO - Started process 18888 to run task
[2022-08-18 15:16:03,073] {standard_task_runner.py:76} INFO - Running: ['***', 'tasks', 'run', 'zones_taxi_data_ingest', 'download_dataset_task', 'manual__2022-08-18T15:16:02.049143+00:00', '--job-id', '139', '--raw', '--subdir', 'DAGS_FOLDER/zones_data_ingest.py', '--cfg-path', '/tmp/tmphzfumng7', '--error-file', '/tmp/tmpt8bz3ndn']
[2022-08-18 15:16:03,073] {standard_task_runner.py:77} INFO - Job 139: Subtask download_dataset_task
[2022-08-18 15:16:03,109] {logging_mixin.py:109} INFO - Running <TaskInstance: zones_taxi_data_ingest.download_dataset_task manual__2022-08-18T15:16:02.049143+00:00 [running]> on host 18f0cb155a4e
[2022-08-18 15:16:03,157] {taskinstance.py:1426} INFO - Exporting the following env vars:
AIRFLOW_CTX_DAG_OWNER=***
AIRFLOW_CTX_DAG_ID=zones_taxi_data_ingest
AIRFLOW_CTX_TASK_ID=download_dataset_task
AIRFLOW_CTX_EXECUTION_DATE=2022-08-18T15:16:02.049143+00:00
AIRFLOW_CTX_DAG_RUN_ID=manual__2022-08-18T15:16:02.049143+00:00
[2022-08-18 15:16:03,158] {subprocess.py:62} INFO - Tmp dir root location: 
 /tmp
[2022-08-18 15:16:03,158] {subprocess.py:74} INFO - Running command: ['bash', '-c', 'curl -sSLf https://d37ci6vzurychx.cloudfront.net/misc/taxi+_zone_lookup.csv > /opt/***/zones.csv']
[2022-08-18 15:16:03,166] {subprocess.py:85} INFO - Output:
[2022-08-18 15:16:03,290] {subprocess.py:93} INFO - Command exited with return code 0
[2022-08-18 15:16:03,310] {taskinstance.py:1277} INFO - Marking task as SUCCESS. dag_id=zones_taxi_data_ingest, task_id=download_dataset_task, execution_date=20220818T151602, start_date=20220818T151603, end_date=20220818T151603
[2022-08-18 15:16:03,325] {local_task_job.py:154} INFO - Task exited with return code 0
[2022-08-18 15:16:03,356] {local_task_job.py:264} INFO - 1 downstream tasks scheduled from follow-on schedule check
