[2022-08-31 13:48:13,228] {taskinstance.py:1032} INFO - Dependencies all met for <TaskInstance: gcs_2_bq_dag.gcs_to_gcs_yellow_task manual__2022-08-31T13:48:12.135942+00:00 [queued]>
[2022-08-31 13:48:13,236] {taskinstance.py:1032} INFO - Dependencies all met for <TaskInstance: gcs_2_bq_dag.gcs_to_gcs_yellow_task manual__2022-08-31T13:48:12.135942+00:00 [queued]>
[2022-08-31 13:48:13,236] {taskinstance.py:1238} INFO - 
--------------------------------------------------------------------------------
[2022-08-31 13:48:13,236] {taskinstance.py:1239} INFO - Starting attempt 1 of 1
[2022-08-31 13:48:13,236] {taskinstance.py:1240} INFO - 
--------------------------------------------------------------------------------
[2022-08-31 13:48:13,248] {taskinstance.py:1259} INFO - Executing <Task(GCSToGCSOperator): gcs_to_gcs_yellow_task> on 2022-08-31 13:48:12.135942+00:00
[2022-08-31 13:48:13,253] {standard_task_runner.py:52} INFO - Started process 2575 to run task
[2022-08-31 13:48:13,255] {standard_task_runner.py:76} INFO - Running: ['***', 'tasks', 'run', 'gcs_2_bq_dag', 'gcs_to_gcs_yellow_task', 'manual__2022-08-31T13:48:12.135942+00:00', '--job-id', '151', '--raw', '--subdir', 'DAGS_FOLDER/gcs_2_bq_dag.py', '--cfg-path', '/tmp/tmpsa72996x', '--error-file', '/tmp/tmpz8rizlg1']
[2022-08-31 13:48:13,255] {standard_task_runner.py:77} INFO - Job 151: Subtask gcs_to_gcs_yellow_task
[2022-08-31 13:48:13,297] {logging_mixin.py:109} INFO - Running <TaskInstance: gcs_2_bq_dag.gcs_to_gcs_yellow_task manual__2022-08-31T13:48:12.135942+00:00 [running]> on host 0aad59a5352b
[2022-08-31 13:48:13,349] {taskinstance.py:1426} INFO - Exporting the following env vars:
AIRFLOW_CTX_DAG_OWNER=***
AIRFLOW_CTX_DAG_ID=gcs_2_bq_dag
AIRFLOW_CTX_TASK_ID=gcs_to_gcs_yellow_task
AIRFLOW_CTX_EXECUTION_DATE=2022-08-31T13:48:12.135942+00:00
AIRFLOW_CTX_DAG_RUN_ID=manual__2022-08-31T13:48:12.135942+00:00
[2022-08-31 13:48:13,350] {crypto.py:82} WARNING - empty cryptography key - values will not be stored encrypted.
[2022-08-31 13:48:13,350] {gcs_to_gcs.py:346} INFO - Delimiter ignored because wildcard is in prefix
[2022-08-31 13:48:13,637] {gcs_to_gcs.py:346} INFO - Delimiter ignored because wildcard is in prefix
[2022-08-31 13:48:13,699] {gcs_to_gcs.py:346} INFO - Delimiter ignored because wildcard is in prefix
[2022-08-31 13:48:13,773] {taskinstance.py:1277} INFO - Marking task as SUCCESS. dag_id=gcs_2_bq_dag, task_id=gcs_to_gcs_yellow_task, execution_date=20220831T134812, start_date=20220831T134813, end_date=20220831T134813
[2022-08-31 13:48:13,829] {local_task_job.py:154} INFO - Task exited with return code 0
[2022-08-31 13:48:13,867] {local_task_job.py:264} INFO - 1 downstream tasks scheduled from follow-on schedule check
