[2022-09-02 11:42:05,118] {taskinstance.py:1032} INFO - Dependencies all met for <TaskInstance: gcs_2_bq_dag.gcs_2_bq_empty_table_task manual__2022-09-02T11:42:01.192371+00:00 [queued]>
[2022-09-02 11:42:05,125] {taskinstance.py:1032} INFO - Dependencies all met for <TaskInstance: gcs_2_bq_dag.gcs_2_bq_empty_table_task manual__2022-09-02T11:42:01.192371+00:00 [queued]>
[2022-09-02 11:42:05,125] {taskinstance.py:1238} INFO - 
--------------------------------------------------------------------------------
[2022-09-02 11:42:05,125] {taskinstance.py:1239} INFO - Starting attempt 1 of 1
[2022-09-02 11:42:05,125] {taskinstance.py:1240} INFO - 
--------------------------------------------------------------------------------
[2022-09-02 11:42:05,135] {taskinstance.py:1259} INFO - Executing <Task(BigQueryCreateEmptyTableOperator): gcs_2_bq_empty_table_task> on 2022-09-02 11:42:01.192371+00:00
[2022-09-02 11:42:05,140] {standard_task_runner.py:52} INFO - Started process 11851 to run task
[2022-09-02 11:42:05,142] {standard_task_runner.py:76} INFO - Running: ['***', 'tasks', 'run', 'gcs_2_bq_dag', 'gcs_2_bq_empty_table_task', 'manual__2022-09-02T11:42:01.192371+00:00', '--job-id', '376', '--raw', '--subdir', 'DAGS_FOLDER/gcs_2_bq_dag.py', '--cfg-path', '/tmp/tmpgbfbtjjd', '--error-file', '/tmp/tmp5zggzxhy']
[2022-09-02 11:42:05,142] {standard_task_runner.py:77} INFO - Job 376: Subtask gcs_2_bq_empty_table_task
[2022-09-02 11:42:05,182] {logging_mixin.py:109} INFO - Running <TaskInstance: gcs_2_bq_dag.gcs_2_bq_empty_table_task manual__2022-09-02T11:42:01.192371+00:00 [running]> on host 6aef44a1cff5
[2022-09-02 11:42:05,223] {taskinstance.py:1426} INFO - Exporting the following env vars:
AIRFLOW_CTX_DAG_OWNER=***
AIRFLOW_CTX_DAG_ID=gcs_2_bq_dag
AIRFLOW_CTX_TASK_ID=gcs_2_bq_empty_table_task
AIRFLOW_CTX_EXECUTION_DATE=2022-09-02T11:42:01.192371+00:00
AIRFLOW_CTX_DAG_RUN_ID=manual__2022-09-02T11:42:01.192371+00:00
[2022-09-02 11:42:05,224] {crypto.py:82} WARNING - empty cryptography key - values will not be stored encrypted.
[2022-09-02 11:42:05,225] {bigquery.py:956} INFO - Creating table
[2022-09-02 11:42:05,583] {bigquery.py:975} INFO - Table trips_data_all.yellow_external_table already exists.
[2022-09-02 11:42:05,593] {taskinstance.py:1277} INFO - Marking task as SUCCESS. dag_id=gcs_2_bq_dag, task_id=gcs_2_bq_empty_table_task, execution_date=20220902T114201, start_date=20220902T114205, end_date=20220902T114205
[2022-09-02 11:42:05,635] {local_task_job.py:154} INFO - Task exited with return code 0
[2022-09-02 11:42:05,664] {local_task_job.py:264} INFO - 1 downstream tasks scheduled from follow-on schedule check
