[2022-09-02 13:31:29,449] {taskinstance.py:1032} INFO - Dependencies all met for <TaskInstance: gcs_2_bq_dag.gcs_2_bq_empty_table_task manual__2022-09-02T11:42:01.192371+00:00 [queued]>
[2022-09-02 13:31:29,457] {taskinstance.py:1032} INFO - Dependencies all met for <TaskInstance: gcs_2_bq_dag.gcs_2_bq_empty_table_task manual__2022-09-02T11:42:01.192371+00:00 [queued]>
[2022-09-02 13:31:29,457] {taskinstance.py:1238} INFO - 
--------------------------------------------------------------------------------
[2022-09-02 13:31:29,458] {taskinstance.py:1239} INFO - Starting attempt 2 of 2
[2022-09-02 13:31:29,458] {taskinstance.py:1240} INFO - 
--------------------------------------------------------------------------------
[2022-09-02 13:31:29,471] {taskinstance.py:1259} INFO - Executing <Task(BigQueryCreateEmptyTableOperator): gcs_2_bq_empty_table_task> on 2022-09-02 11:42:01.192371+00:00
[2022-09-02 13:31:29,475] {standard_task_runner.py:52} INFO - Started process 16828 to run task
[2022-09-02 13:31:29,477] {standard_task_runner.py:76} INFO - Running: ['***', 'tasks', 'run', 'gcs_2_bq_dag', 'gcs_2_bq_empty_table_task', 'manual__2022-09-02T11:42:01.192371+00:00', '--job-id', '382', '--raw', '--subdir', 'DAGS_FOLDER/gcs_2_bq_dag.py', '--cfg-path', '/tmp/tmpdgl9xj2r', '--error-file', '/tmp/tmp2it99to_']
[2022-09-02 13:31:29,478] {standard_task_runner.py:77} INFO - Job 382: Subtask gcs_2_bq_empty_table_task
[2022-09-02 13:31:29,523] {logging_mixin.py:109} INFO - Running <TaskInstance: gcs_2_bq_dag.gcs_2_bq_empty_table_task manual__2022-09-02T11:42:01.192371+00:00 [running]> on host 6aef44a1cff5
[2022-09-02 13:31:29,566] {taskinstance.py:1426} INFO - Exporting the following env vars:
AIRFLOW_CTX_DAG_OWNER=***
AIRFLOW_CTX_DAG_ID=gcs_2_bq_dag
AIRFLOW_CTX_TASK_ID=gcs_2_bq_empty_table_task
AIRFLOW_CTX_EXECUTION_DATE=2022-09-02T11:42:01.192371+00:00
AIRFLOW_CTX_DAG_RUN_ID=manual__2022-09-02T11:42:01.192371+00:00
[2022-09-02 13:31:29,567] {crypto.py:82} WARNING - empty cryptography key - values will not be stored encrypted.
[2022-09-02 13:31:29,567] {bigquery.py:956} INFO - Creating table
[2022-09-02 13:31:29,971] {bigquery.py:975} INFO - Table trips_data_all.yellow_external_table already exists.
[2022-09-02 13:31:29,979] {taskinstance.py:1277} INFO - Marking task as SUCCESS. dag_id=gcs_2_bq_dag, task_id=gcs_2_bq_empty_table_task, execution_date=20220902T114201, start_date=20220902T133129, end_date=20220902T133129
[2022-09-02 13:31:30,011] {local_task_job.py:154} INFO - Task exited with return code 0
[2022-09-02 13:31:30,035] {local_task_job.py:264} INFO - 1 downstream tasks scheduled from follow-on schedule check
