[2022-08-18 15:16:07,824] {taskinstance.py:1032} INFO - Dependencies all met for <TaskInstance: zones_taxi_data_ingest.bigquery_external_table_task manual__2022-08-18T15:16:02.049143+00:00 [queued]>
[2022-08-18 15:16:07,832] {taskinstance.py:1032} INFO - Dependencies all met for <TaskInstance: zones_taxi_data_ingest.bigquery_external_table_task manual__2022-08-18T15:16:02.049143+00:00 [queued]>
[2022-08-18 15:16:07,833] {taskinstance.py:1238} INFO - 
--------------------------------------------------------------------------------
[2022-08-18 15:16:07,833] {taskinstance.py:1239} INFO - Starting attempt 1 of 1
[2022-08-18 15:16:07,833] {taskinstance.py:1240} INFO - 
--------------------------------------------------------------------------------
[2022-08-18 15:16:07,844] {taskinstance.py:1259} INFO - Executing <Task(BigQueryCreateExternalTableOperator): bigquery_external_table_task> on 2022-08-18 15:16:02.049143+00:00
[2022-08-18 15:16:07,850] {standard_task_runner.py:52} INFO - Started process 18921 to run task
[2022-08-18 15:16:07,852] {standard_task_runner.py:76} INFO - Running: ['***', 'tasks', 'run', 'zones_taxi_data_ingest', 'bigquery_external_table_task', 'manual__2022-08-18T15:16:02.049143+00:00', '--job-id', '143', '--raw', '--subdir', 'DAGS_FOLDER/zones_data_ingest.py', '--cfg-path', '/tmp/tmp9bj71tbn', '--error-file', '/tmp/tmp01gr81hq']
[2022-08-18 15:16:07,853] {standard_task_runner.py:77} INFO - Job 143: Subtask bigquery_external_table_task
[2022-08-18 15:16:07,895] {logging_mixin.py:109} INFO - Running <TaskInstance: zones_taxi_data_ingest.bigquery_external_table_task manual__2022-08-18T15:16:02.049143+00:00 [running]> on host 18f0cb155a4e
[2022-08-18 15:16:07,939] {taskinstance.py:1426} INFO - Exporting the following env vars:
AIRFLOW_CTX_DAG_OWNER=***
AIRFLOW_CTX_DAG_ID=zones_taxi_data_ingest
AIRFLOW_CTX_TASK_ID=bigquery_external_table_task
AIRFLOW_CTX_EXECUTION_DATE=2022-08-18T15:16:02.049143+00:00
AIRFLOW_CTX_DAG_RUN_ID=manual__2022-08-18T15:16:02.049143+00:00
[2022-08-18 15:16:07,940] {crypto.py:82} WARNING - empty cryptography key - values will not be stored encrypted.
[2022-08-18 15:16:08,447] {taskinstance.py:1277} INFO - Marking task as SUCCESS. dag_id=zones_taxi_data_ingest, task_id=bigquery_external_table_task, execution_date=20220818T151602, start_date=20220818T151607, end_date=20220818T151608
[2022-08-18 15:16:08,465] {local_task_job.py:154} INFO - Task exited with return code 0
[2022-08-18 15:16:08,494] {local_task_job.py:264} INFO - 0 downstream tasks scheduled from follow-on schedule check
