[2022-08-18 09:19:37,815] {taskinstance.py:1032} INFO - Dependencies all met for <TaskInstance: yellow_taxi_data_ingest.download_dataset_task scheduled__2019-01-01T01:00:00+00:00 [queued]>
[2022-08-18 09:19:37,824] {taskinstance.py:1032} INFO - Dependencies all met for <TaskInstance: yellow_taxi_data_ingest.download_dataset_task scheduled__2019-01-01T01:00:00+00:00 [queued]>
[2022-08-18 09:19:37,825] {taskinstance.py:1238} INFO - 
--------------------------------------------------------------------------------
[2022-08-18 09:19:37,825] {taskinstance.py:1239} INFO - Starting attempt 1 of 2
[2022-08-18 09:19:37,825] {taskinstance.py:1240} INFO - 
--------------------------------------------------------------------------------
[2022-08-18 09:19:37,837] {taskinstance.py:1259} INFO - Executing <Task(BashOperator): download_dataset_task> on 2019-01-01 01:00:00+00:00
[2022-08-18 09:19:37,844] {standard_task_runner.py:52} INFO - Started process 5505 to run task
[2022-08-18 09:19:37,847] {standard_task_runner.py:76} INFO - Running: ['***', 'tasks', 'run', 'yellow_taxi_data_ingest', 'download_dataset_task', 'scheduled__2019-01-01T01:00:00+00:00', '--job-id', '78', '--pool', 'default_pool', '--raw', '--subdir', 'DAGS_FOLDER/yellow_taxi_data_ingest_dag.py', '--cfg-path', '/tmp/tmpkoo_inx1', '--error-file', '/tmp/tmp62vhmjbw']
[2022-08-18 09:19:37,848] {standard_task_runner.py:77} INFO - Job 78: Subtask download_dataset_task
[2022-08-18 09:19:37,895] {logging_mixin.py:109} INFO - Running <TaskInstance: yellow_taxi_data_ingest.download_dataset_task scheduled__2019-01-01T01:00:00+00:00 [running]> on host 18f0cb155a4e
[2022-08-18 09:19:37,933] {warnings.py:110} WARNING - /home/***/.local/lib/python3.7/site-packages/***/utils/context.py:152: AirflowContextDeprecationWarning: Accessing 'execution_date' from the template is deprecated and will be removed in a future version. Please use 'data_interval_start' or 'logical_date' instead.
  warnings.warn(_create_deprecation_warning(key, self._deprecation_replacements[key]))

[2022-08-18 09:19:37,951] {taskinstance.py:1426} INFO - Exporting the following env vars:
AIRFLOW_CTX_DAG_OWNER=***
AIRFLOW_CTX_DAG_ID=yellow_taxi_data_ingest
AIRFLOW_CTX_TASK_ID=download_dataset_task
AIRFLOW_CTX_EXECUTION_DATE=2019-01-01T01:00:00+00:00
AIRFLOW_CTX_DAG_RUN_ID=scheduled__2019-01-01T01:00:00+00:00
[2022-08-18 09:19:37,953] {subprocess.py:62} INFO - Tmp dir root location: 
 /tmp
[2022-08-18 09:19:37,953] {subprocess.py:74} INFO - Running command: ['bash', '-c', 'curl -sSLf https://d37ci6vzurychx.cloudfront.net/trip-data/yellow_tripdata_2019-01.parquet > /opt/***/yellow_tripdata_2019-01.parquet']
[2022-08-18 09:19:37,971] {subprocess.py:85} INFO - Output:
[2022-08-18 09:20:00,489] {subprocess.py:93} INFO - Command exited with return code 0
[2022-08-18 09:20:00,649] {taskinstance.py:1277} INFO - Marking task as SUCCESS. dag_id=yellow_taxi_data_ingest, task_id=download_dataset_task, execution_date=20190101T010000, start_date=20220818T091937, end_date=20220818T092000
[2022-08-18 09:20:00,710] {local_task_job.py:154} INFO - Task exited with return code 0
[2022-08-18 09:20:00,737] {local_task_job.py:264} INFO - 0 downstream tasks scheduled from follow-on schedule check
[2022-08-18 09:49:30,604] {taskinstance.py:1032} INFO - Dependencies all met for <TaskInstance: yellow_taxi_data_ingest.download_dataset_task scheduled__2019-01-01T01:00:00+00:00 [queued]>
[2022-08-18 09:49:30,611] {taskinstance.py:1032} INFO - Dependencies all met for <TaskInstance: yellow_taxi_data_ingest.download_dataset_task scheduled__2019-01-01T01:00:00+00:00 [queued]>
[2022-08-18 09:49:30,612] {taskinstance.py:1238} INFO - 
--------------------------------------------------------------------------------
[2022-08-18 09:49:30,612] {taskinstance.py:1239} INFO - Starting attempt 1 of 2
[2022-08-18 09:49:30,612] {taskinstance.py:1240} INFO - 
--------------------------------------------------------------------------------
[2022-08-18 09:49:30,622] {taskinstance.py:1259} INFO - Executing <Task(BashOperator): download_dataset_task> on 2019-01-01 01:00:00+00:00
[2022-08-18 09:49:30,626] {standard_task_runner.py:52} INFO - Started process 6953 to run task
[2022-08-18 09:49:30,628] {standard_task_runner.py:76} INFO - Running: ['***', 'tasks', 'run', 'yellow_taxi_data_ingest', 'download_dataset_task', 'scheduled__2019-01-01T01:00:00+00:00', '--job-id', '92', '--pool', 'default_pool', '--raw', '--subdir', 'DAGS_FOLDER/yellow_taxi_data_ingest_dag.py', '--cfg-path', '/tmp/tmpehx4pd1e', '--error-file', '/tmp/tmpzxzkd05c']
[2022-08-18 09:49:30,628] {standard_task_runner.py:77} INFO - Job 92: Subtask download_dataset_task
[2022-08-18 09:49:30,663] {logging_mixin.py:109} INFO - Running <TaskInstance: yellow_taxi_data_ingest.download_dataset_task scheduled__2019-01-01T01:00:00+00:00 [running]> on host 18f0cb155a4e
[2022-08-18 09:49:30,690] {warnings.py:110} WARNING - /home/***/.local/lib/python3.7/site-packages/***/utils/context.py:152: AirflowContextDeprecationWarning: Accessing 'execution_date' from the template is deprecated and will be removed in a future version. Please use 'data_interval_start' or 'logical_date' instead.
  warnings.warn(_create_deprecation_warning(key, self._deprecation_replacements[key]))

[2022-08-18 09:49:30,701] {taskinstance.py:1426} INFO - Exporting the following env vars:
AIRFLOW_CTX_DAG_OWNER=***
AIRFLOW_CTX_DAG_ID=yellow_taxi_data_ingest
AIRFLOW_CTX_TASK_ID=download_dataset_task
AIRFLOW_CTX_EXECUTION_DATE=2019-01-01T01:00:00+00:00
AIRFLOW_CTX_DAG_RUN_ID=scheduled__2019-01-01T01:00:00+00:00
[2022-08-18 09:49:30,702] {subprocess.py:62} INFO - Tmp dir root location: 
 /tmp
[2022-08-18 09:49:30,702] {subprocess.py:74} INFO - Running command: ['bash', '-c', 'curl -sSLf https://d37ci6vzurychx.cloudfront.net/trip-data/yellow_tripdata_2019-01.parquet > /opt/***/yellow_tripdata_2019-01.parquet']
[2022-08-18 09:49:30,710] {subprocess.py:85} INFO - Output:
[2022-08-18 09:49:39,043] {subprocess.py:93} INFO - Command exited with return code 0
[2022-08-18 09:49:39,128] {taskinstance.py:1277} INFO - Marking task as SUCCESS. dag_id=yellow_taxi_data_ingest, task_id=download_dataset_task, execution_date=20190101T010000, start_date=20220818T094930, end_date=20220818T094939
[2022-08-18 09:49:39,220] {local_task_job.py:154} INFO - Task exited with return code 0
[2022-08-18 09:49:39,292] {local_task_job.py:264} INFO - 0 downstream tasks scheduled from follow-on schedule check
[2022-08-18 10:05:21,695] {taskinstance.py:1032} INFO - Dependencies all met for <TaskInstance: yellow_taxi_data_ingest.download_dataset_task backfill__2019-01-01T01:00:00+00:00 [queued]>
[2022-08-18 10:05:21,705] {taskinstance.py:1032} INFO - Dependencies all met for <TaskInstance: yellow_taxi_data_ingest.download_dataset_task backfill__2019-01-01T01:00:00+00:00 [queued]>
[2022-08-18 10:05:21,705] {taskinstance.py:1238} INFO - 
--------------------------------------------------------------------------------
[2022-08-18 10:05:21,705] {taskinstance.py:1239} INFO - Starting attempt 1 of 2
[2022-08-18 10:05:21,705] {taskinstance.py:1240} INFO - 
--------------------------------------------------------------------------------
[2022-08-18 10:05:21,717] {taskinstance.py:1259} INFO - Executing <Task(BashOperator): download_dataset_task> on 2019-01-01 01:00:00+00:00
[2022-08-18 10:05:21,721] {standard_task_runner.py:52} INFO - Started process 7788 to run task
[2022-08-18 10:05:21,724] {standard_task_runner.py:76} INFO - Running: ['***', 'tasks', 'run', 'yellow_taxi_data_ingest', 'download_dataset_task', 'backfill__2019-01-01T01:00:00+00:00', '--job-id', '98', '--pool', 'default_pool', '--raw', '--subdir', 'DAGS_FOLDER/yellow_taxi_data_ingest_dag.py', '--cfg-path', '/tmp/tmpq2tau0ly', '--error-file', '/tmp/tmpdwx990w_']
[2022-08-18 10:05:21,724] {standard_task_runner.py:77} INFO - Job 98: Subtask download_dataset_task
[2022-08-18 10:05:21,767] {logging_mixin.py:109} INFO - Running <TaskInstance: yellow_taxi_data_ingest.download_dataset_task backfill__2019-01-01T01:00:00+00:00 [running]> on host 18f0cb155a4e
[2022-08-18 10:05:21,801] {warnings.py:110} WARNING - /home/***/.local/lib/python3.7/site-packages/***/utils/context.py:152: AirflowContextDeprecationWarning: Accessing 'execution_date' from the template is deprecated and will be removed in a future version. Please use 'data_interval_start' or 'logical_date' instead.
  warnings.warn(_create_deprecation_warning(key, self._deprecation_replacements[key]))

[2022-08-18 10:05:21,813] {taskinstance.py:1426} INFO - Exporting the following env vars:
AIRFLOW_CTX_DAG_OWNER=***
AIRFLOW_CTX_DAG_ID=yellow_taxi_data_ingest
AIRFLOW_CTX_TASK_ID=download_dataset_task
AIRFLOW_CTX_EXECUTION_DATE=2019-01-01T01:00:00+00:00
AIRFLOW_CTX_DAG_RUN_ID=backfill__2019-01-01T01:00:00+00:00
[2022-08-18 10:05:21,813] {subprocess.py:62} INFO - Tmp dir root location: 
 /tmp
[2022-08-18 10:05:21,814] {subprocess.py:74} INFO - Running command: ['bash', '-c', 'curl -sSLf https://d37ci6vzurychx.cloudfront.net/trip-data/yellow_tripdata_2019-01.parquet > /opt/***/yellow_tripdata_2019-01.parquet']
[2022-08-18 10:05:21,823] {subprocess.py:85} INFO - Output:
[2022-08-18 10:05:29,940] {subprocess.py:93} INFO - Command exited with return code 0
[2022-08-18 10:05:30,000] {taskinstance.py:1277} INFO - Marking task as SUCCESS. dag_id=yellow_taxi_data_ingest, task_id=download_dataset_task, execution_date=20190101T010000, start_date=20220818T100521, end_date=20220818T100530
[2022-08-18 10:05:30,074] {local_task_job.py:154} INFO - Task exited with return code 0
[2022-08-18 10:05:30,139] {local_task_job.py:264} INFO - 0 downstream tasks scheduled from follow-on schedule check
