[2022-09-02 13:46:40,021] {taskinstance.py:1032} INFO - Dependencies all met for <TaskInstance: gcs_2_bq_dag.get_gcs_file_list manual__2022-09-02T13:44:24.787187+00:00 [queued]>
[2022-09-02 13:46:40,027] {taskinstance.py:1032} INFO - Dependencies all met for <TaskInstance: gcs_2_bq_dag.get_gcs_file_list manual__2022-09-02T13:44:24.787187+00:00 [queued]>
[2022-09-02 13:46:40,027] {taskinstance.py:1238} INFO - 
--------------------------------------------------------------------------------
[2022-09-02 13:46:40,027] {taskinstance.py:1239} INFO - Starting attempt 2 of 2
[2022-09-02 13:46:40,027] {taskinstance.py:1240} INFO - 
--------------------------------------------------------------------------------
[2022-09-02 13:46:40,037] {taskinstance.py:1259} INFO - Executing <Task(PythonOperator): get_gcs_file_list> on 2022-09-02 13:44:24.787187+00:00
[2022-09-02 13:46:40,041] {standard_task_runner.py:52} INFO - Started process 17534 to run task
[2022-09-02 13:46:40,043] {standard_task_runner.py:76} INFO - Running: ['***', 'tasks', 'run', 'gcs_2_bq_dag', 'get_gcs_file_list', 'manual__2022-09-02T13:44:24.787187+00:00', '--job-id', '388', '--raw', '--subdir', 'DAGS_FOLDER/gcs_2_bq_dag.py', '--cfg-path', '/tmp/tmpujzkd8y7', '--error-file', '/tmp/tmpo8w801e0']
[2022-09-02 13:46:40,044] {standard_task_runner.py:77} INFO - Job 388: Subtask get_gcs_file_list
[2022-09-02 13:46:40,081] {logging_mixin.py:109} INFO - Running <TaskInstance: gcs_2_bq_dag.get_gcs_file_list manual__2022-09-02T13:44:24.787187+00:00 [running]> on host 6aef44a1cff5
[2022-09-02 13:46:40,120] {taskinstance.py:1426} INFO - Exporting the following env vars:
AIRFLOW_CTX_DAG_OWNER=***
AIRFLOW_CTX_DAG_ID=gcs_2_bq_dag
AIRFLOW_CTX_TASK_ID=get_gcs_file_list
AIRFLOW_CTX_EXECUTION_DATE=2022-09-02T13:44:24.787187+00:00
AIRFLOW_CTX_DAG_RUN_ID=manual__2022-09-02T13:44:24.787187+00:00
[2022-09-02 13:46:40,121] {crypto.py:82} WARNING - empty cryptography key - values will not be stored encrypted.
[2022-09-02 13:46:40,428] {python.py:175} INFO - Done. Returned value was: None
[2022-09-02 13:46:40,436] {taskinstance.py:1277} INFO - Marking task as SUCCESS. dag_id=gcs_2_bq_dag, task_id=get_gcs_file_list, execution_date=20220902T134424, start_date=20220902T134640, end_date=20220902T134640
[2022-09-02 13:46:40,456] {local_task_job.py:154} INFO - Task exited with return code 0
[2022-09-02 13:46:40,483] {local_task_job.py:264} INFO - 1 downstream tasks scheduled from follow-on schedule check
