[2022-09-02 13:52:09,584] {taskinstance.py:1032} INFO - Dependencies all met for <TaskInstance: gcs_2_bq_dag.get_gcs_file_list manual__2022-09-02T13:44:24.787187+00:00 [queued]>
[2022-09-02 13:52:09,591] {taskinstance.py:1032} INFO - Dependencies all met for <TaskInstance: gcs_2_bq_dag.get_gcs_file_list manual__2022-09-02T13:44:24.787187+00:00 [queued]>
[2022-09-02 13:52:09,591] {taskinstance.py:1238} INFO - 
--------------------------------------------------------------------------------
[2022-09-02 13:52:09,591] {taskinstance.py:1239} INFO - Starting attempt 6 of 6
[2022-09-02 13:52:09,591] {taskinstance.py:1240} INFO - 
--------------------------------------------------------------------------------
[2022-09-02 13:52:09,601] {taskinstance.py:1259} INFO - Executing <Task(PythonOperator): get_gcs_file_list> on 2022-09-02 13:44:24.787187+00:00
[2022-09-02 13:52:09,606] {standard_task_runner.py:52} INFO - Started process 17827 to run task
[2022-09-02 13:52:09,608] {standard_task_runner.py:76} INFO - Running: ['***', 'tasks', 'run', 'gcs_2_bq_dag', 'get_gcs_file_list', 'manual__2022-09-02T13:44:24.787187+00:00', '--job-id', '404', '--raw', '--subdir', 'DAGS_FOLDER/gcs_2_bq_dag.py', '--cfg-path', '/tmp/tmpr8rvc0hk', '--error-file', '/tmp/tmpl5tyt7j8']
[2022-09-02 13:52:09,608] {standard_task_runner.py:77} INFO - Job 404: Subtask get_gcs_file_list
[2022-09-02 13:52:09,648] {logging_mixin.py:109} INFO - Running <TaskInstance: gcs_2_bq_dag.get_gcs_file_list manual__2022-09-02T13:44:24.787187+00:00 [running]> on host 6aef44a1cff5
[2022-09-02 13:52:09,688] {taskinstance.py:1426} INFO - Exporting the following env vars:
AIRFLOW_CTX_DAG_OWNER=***
AIRFLOW_CTX_DAG_ID=gcs_2_bq_dag
AIRFLOW_CTX_TASK_ID=get_gcs_file_list
AIRFLOW_CTX_EXECUTION_DATE=2022-09-02T13:44:24.787187+00:00
AIRFLOW_CTX_DAG_RUN_ID=manual__2022-09-02T13:44:24.787187+00:00
[2022-09-02 13:52:09,689] {crypto.py:82} WARNING - empty cryptography key - values will not be stored encrypted.
[2022-09-02 13:52:09,965] {python.py:175} INFO - Done. Returned value was: None
[2022-09-02 13:52:09,976] {taskinstance.py:1277} INFO - Marking task as SUCCESS. dag_id=gcs_2_bq_dag, task_id=get_gcs_file_list, execution_date=20220902T134424, start_date=20220902T135209, end_date=20220902T135209
[2022-09-02 13:52:10,021] {local_task_job.py:154} INFO - Task exited with return code 0
[2022-09-02 13:52:10,050] {local_task_job.py:264} INFO - 1 downstream tasks scheduled from follow-on schedule check
