[2022-08-09 15:20:32,526] {taskinstance.py:1032} INFO - Dependencies all met for <TaskInstance: data_ingestion_gcs_dag.local_to_gcs_task manual__2022-08-09T15:20:28.298337+00:00 [queued]>
[2022-08-09 15:20:32,532] {taskinstance.py:1032} INFO - Dependencies all met for <TaskInstance: data_ingestion_gcs_dag.local_to_gcs_task manual__2022-08-09T15:20:28.298337+00:00 [queued]>
[2022-08-09 15:20:32,533] {taskinstance.py:1238} INFO - 
--------------------------------------------------------------------------------
[2022-08-09 15:20:32,533] {taskinstance.py:1239} INFO - Starting attempt 1 of 2
[2022-08-09 15:20:32,533] {taskinstance.py:1240} INFO - 
--------------------------------------------------------------------------------
[2022-08-09 15:20:32,542] {taskinstance.py:1259} INFO - Executing <Task(PythonOperator): local_to_gcs_task> on 2022-08-09 15:20:28.298337+00:00
[2022-08-09 15:20:32,547] {standard_task_runner.py:52} INFO - Started process 103 to run task
[2022-08-09 15:20:32,549] {standard_task_runner.py:76} INFO - Running: ['***', 'tasks', 'run', 'data_ingestion_gcs_dag', 'local_to_gcs_task', 'manual__2022-08-09T15:20:28.298337+00:00', '--job-id', '30', '--raw', '--subdir', 'DAGS_FOLDER/data_ingestion_gcs_dag.py', '--cfg-path', '/tmp/tmpb6oae3z6', '--error-file', '/tmp/tmpq1ormgia']
[2022-08-09 15:20:32,549] {standard_task_runner.py:77} INFO - Job 30: Subtask local_to_gcs_task
[2022-08-09 15:20:32,587] {logging_mixin.py:109} INFO - Running <TaskInstance: data_ingestion_gcs_dag.local_to_gcs_task manual__2022-08-09T15:20:28.298337+00:00 [running]> on host 6e13971c428f
[2022-08-09 15:20:32,625] {taskinstance.py:1426} INFO - Exporting the following env vars:
AIRFLOW_CTX_DAG_OWNER=***
AIRFLOW_CTX_DAG_ID=data_ingestion_gcs_dag
AIRFLOW_CTX_TASK_ID=local_to_gcs_task
AIRFLOW_CTX_EXECUTION_DATE=2022-08-09T15:20:28.298337+00:00
AIRFLOW_CTX_DAG_RUN_ID=manual__2022-08-09T15:20:28.298337+00:00
[2022-08-09 15:20:50,821] {python.py:175} INFO - Done. Returned value was: None
[2022-08-09 15:20:50,830] {taskinstance.py:1277} INFO - Marking task as SUCCESS. dag_id=data_ingestion_gcs_dag, task_id=local_to_gcs_task, execution_date=20220809T152028, start_date=20220809T152032, end_date=20220809T152050
[2022-08-09 15:20:50,872] {local_task_job.py:154} INFO - Task exited with return code 0
[2022-08-09 15:20:50,894] {local_task_job.py:264} INFO - 1 downstream tasks scheduled from follow-on schedule check
