[2022-08-18 15:16:06,656] {taskinstance.py:1032} INFO - Dependencies all met for <TaskInstance: zones_taxi_data_ingest.local_to_gcs_task manual__2022-08-18T15:16:02.049143+00:00 [queued]>
[2022-08-18 15:16:06,664] {taskinstance.py:1032} INFO - Dependencies all met for <TaskInstance: zones_taxi_data_ingest.local_to_gcs_task manual__2022-08-18T15:16:02.049143+00:00 [queued]>
[2022-08-18 15:16:06,665] {taskinstance.py:1238} INFO - 
--------------------------------------------------------------------------------
[2022-08-18 15:16:06,665] {taskinstance.py:1239} INFO - Starting attempt 1 of 1
[2022-08-18 15:16:06,665] {taskinstance.py:1240} INFO - 
--------------------------------------------------------------------------------
[2022-08-18 15:16:06,677] {taskinstance.py:1259} INFO - Executing <Task(PythonOperator): local_to_gcs_task> on 2022-08-18 15:16:02.049143+00:00
[2022-08-18 15:16:06,684] {standard_task_runner.py:52} INFO - Started process 18918 to run task
[2022-08-18 15:16:06,686] {standard_task_runner.py:76} INFO - Running: ['***', 'tasks', 'run', 'zones_taxi_data_ingest', 'local_to_gcs_task', 'manual__2022-08-18T15:16:02.049143+00:00', '--job-id', '142', '--raw', '--subdir', 'DAGS_FOLDER/zones_data_ingest.py', '--cfg-path', '/tmp/tmphiwgpco_', '--error-file', '/tmp/tmp3d71gzzu']
[2022-08-18 15:16:06,686] {standard_task_runner.py:77} INFO - Job 142: Subtask local_to_gcs_task
[2022-08-18 15:16:06,727] {logging_mixin.py:109} INFO - Running <TaskInstance: zones_taxi_data_ingest.local_to_gcs_task manual__2022-08-18T15:16:02.049143+00:00 [running]> on host 18f0cb155a4e
[2022-08-18 15:16:06,769] {taskinstance.py:1426} INFO - Exporting the following env vars:
AIRFLOW_CTX_DAG_OWNER=***
AIRFLOW_CTX_DAG_ID=zones_taxi_data_ingest
AIRFLOW_CTX_TASK_ID=local_to_gcs_task
AIRFLOW_CTX_EXECUTION_DATE=2022-08-18T15:16:02.049143+00:00
AIRFLOW_CTX_DAG_RUN_ID=manual__2022-08-18T15:16:02.049143+00:00
[2022-08-18 15:16:07,123] {python.py:175} INFO - Done. Returned value was: None
[2022-08-18 15:16:07,134] {taskinstance.py:1277} INFO - Marking task as SUCCESS. dag_id=zones_taxi_data_ingest, task_id=local_to_gcs_task, execution_date=20220818T151602, start_date=20220818T151606, end_date=20220818T151607
[2022-08-18 15:16:07,179] {local_task_job.py:154} INFO - Task exited with return code 0
[2022-08-18 15:16:07,211] {local_task_job.py:264} INFO - 1 downstream tasks scheduled from follow-on schedule check
