[2022-08-18 15:16:05,430] {taskinstance.py:1032} INFO - Dependencies all met for <TaskInstance: zones_taxi_data_ingest.remove_csv_task manual__2022-08-18T15:16:02.049143+00:00 [queued]>
[2022-08-18 15:16:05,439] {taskinstance.py:1032} INFO - Dependencies all met for <TaskInstance: zones_taxi_data_ingest.remove_csv_task manual__2022-08-18T15:16:02.049143+00:00 [queued]>
[2022-08-18 15:16:05,439] {taskinstance.py:1238} INFO - 
--------------------------------------------------------------------------------
[2022-08-18 15:16:05,439] {taskinstance.py:1239} INFO - Starting attempt 1 of 1
[2022-08-18 15:16:05,440] {taskinstance.py:1240} INFO - 
--------------------------------------------------------------------------------
[2022-08-18 15:16:05,451] {taskinstance.py:1259} INFO - Executing <Task(BashOperator): remove_csv_task> on 2022-08-18 15:16:02.049143+00:00
[2022-08-18 15:16:05,457] {standard_task_runner.py:52} INFO - Started process 18905 to run task
[2022-08-18 15:16:05,459] {standard_task_runner.py:76} INFO - Running: ['***', 'tasks', 'run', 'zones_taxi_data_ingest', 'remove_csv_task', 'manual__2022-08-18T15:16:02.049143+00:00', '--job-id', '141', '--raw', '--subdir', 'DAGS_FOLDER/zones_data_ingest.py', '--cfg-path', '/tmp/tmpxmgpkh2c', '--error-file', '/tmp/tmpapq5tx7s']
[2022-08-18 15:16:05,460] {standard_task_runner.py:77} INFO - Job 141: Subtask remove_csv_task
[2022-08-18 15:16:05,502] {logging_mixin.py:109} INFO - Running <TaskInstance: zones_taxi_data_ingest.remove_csv_task manual__2022-08-18T15:16:02.049143+00:00 [running]> on host 18f0cb155a4e
[2022-08-18 15:16:05,547] {taskinstance.py:1426} INFO - Exporting the following env vars:
AIRFLOW_CTX_DAG_OWNER=***
AIRFLOW_CTX_DAG_ID=zones_taxi_data_ingest
AIRFLOW_CTX_TASK_ID=remove_csv_task
AIRFLOW_CTX_EXECUTION_DATE=2022-08-18T15:16:02.049143+00:00
AIRFLOW_CTX_DAG_RUN_ID=manual__2022-08-18T15:16:02.049143+00:00
[2022-08-18 15:16:05,548] {subprocess.py:62} INFO - Tmp dir root location: 
 /tmp
[2022-08-18 15:16:05,548] {subprocess.py:74} INFO - Running command: ['bash', '-c', 'rm /opt/***/zones.csv']
[2022-08-18 15:16:05,557] {subprocess.py:85} INFO - Output:
[2022-08-18 15:16:05,560] {subprocess.py:93} INFO - Command exited with return code 0
[2022-08-18 15:16:05,579] {taskinstance.py:1277} INFO - Marking task as SUCCESS. dag_id=zones_taxi_data_ingest, task_id=remove_csv_task, execution_date=20220818T151602, start_date=20220818T151605, end_date=20220818T151605
[2022-08-18 15:16:05,632] {local_task_job.py:154} INFO - Task exited with return code 0
[2022-08-18 15:16:05,663] {local_task_job.py:264} INFO - 1 downstream tasks scheduled from follow-on schedule check
