[2022-08-31 14:41:14,396] {taskinstance.py:1032} INFO - Dependencies all met for <TaskInstance: gcs_2_bq_dag.gcs_2_bq_external_task manual__2022-08-31T14:41:11.332065+00:00 [queued]>
[2022-08-31 14:41:14,402] {taskinstance.py:1032} INFO - Dependencies all met for <TaskInstance: gcs_2_bq_dag.gcs_2_bq_external_task manual__2022-08-31T14:41:11.332065+00:00 [queued]>
[2022-08-31 14:41:14,402] {taskinstance.py:1238} INFO - 
--------------------------------------------------------------------------------
[2022-08-31 14:41:14,402] {taskinstance.py:1239} INFO - Starting attempt 1 of 1
[2022-08-31 14:41:14,402] {taskinstance.py:1240} INFO - 
--------------------------------------------------------------------------------
[2022-08-31 14:41:14,414] {taskinstance.py:1259} INFO - Executing <Task(BigQueryCreateExternalTableOperator): gcs_2_bq_external_task> on 2022-08-31 14:41:11.332065+00:00
[2022-08-31 14:41:14,419] {standard_task_runner.py:52} INFO - Started process 5217 to run task
[2022-08-31 14:41:14,421] {standard_task_runner.py:76} INFO - Running: ['***', 'tasks', 'run', 'gcs_2_bq_dag', 'gcs_2_bq_external_task', 'manual__2022-08-31T14:41:11.332065+00:00', '--job-id', '197', '--raw', '--subdir', 'DAGS_FOLDER/gcs_2_bq_dag.py', '--cfg-path', '/tmp/tmpk1pd1lbe', '--error-file', '/tmp/tmpc_6i6xa4']
[2022-08-31 14:41:14,422] {standard_task_runner.py:77} INFO - Job 197: Subtask gcs_2_bq_external_task
[2022-08-31 14:41:14,458] {logging_mixin.py:109} INFO - Running <TaskInstance: gcs_2_bq_dag.gcs_2_bq_external_task manual__2022-08-31T14:41:11.332065+00:00 [running]> on host 0aad59a5352b
[2022-08-31 14:41:14,497] {taskinstance.py:1426} INFO - Exporting the following env vars:
AIRFLOW_CTX_DAG_OWNER=***
AIRFLOW_CTX_DAG_ID=gcs_2_bq_dag
AIRFLOW_CTX_TASK_ID=gcs_2_bq_external_task
AIRFLOW_CTX_EXECUTION_DATE=2022-08-31T14:41:11.332065+00:00
AIRFLOW_CTX_DAG_RUN_ID=manual__2022-08-31T14:41:11.332065+00:00
[2022-08-31 14:41:14,498] {crypto.py:82} WARNING - empty cryptography key - values will not be stored encrypted.
[2022-08-31 14:41:15,117] {taskinstance.py:1277} INFO - Marking task as SUCCESS. dag_id=gcs_2_bq_dag, task_id=gcs_2_bq_external_task, execution_date=20220831T144111, start_date=20220831T144114, end_date=20220831T144115
[2022-08-31 14:41:15,155] {local_task_job.py:154} INFO - Task exited with return code 0
[2022-08-31 14:41:15,181] {local_task_job.py:264} INFO - 1 downstream tasks scheduled from follow-on schedule check
