[2022-09-01 09:42:33,941] {taskinstance.py:1032} INFO - Dependencies all met for <TaskInstance: gcs_2_bq_dag.gcs_to_gcs_yellow_task manual__2022-09-01T09:00:00.470838+00:00 [queued]>
[2022-09-01 09:42:33,951] {taskinstance.py:1032} INFO - Dependencies all met for <TaskInstance: gcs_2_bq_dag.gcs_to_gcs_yellow_task manual__2022-09-01T09:00:00.470838+00:00 [queued]>
[2022-09-01 09:42:33,951] {taskinstance.py:1238} INFO - 
--------------------------------------------------------------------------------
[2022-09-01 09:42:33,951] {taskinstance.py:1239} INFO - Starting attempt 7 of 7
[2022-09-01 09:42:33,951] {taskinstance.py:1240} INFO - 
--------------------------------------------------------------------------------
[2022-09-01 09:42:33,964] {taskinstance.py:1259} INFO - Executing <Task(GCSToGCSOperator): gcs_to_gcs_yellow_task> on 2022-09-01 09:00:00.470838+00:00
[2022-09-01 09:42:33,969] {standard_task_runner.py:52} INFO - Started process 4458 to run task
[2022-09-01 09:42:33,972] {standard_task_runner.py:76} INFO - Running: ['***', 'tasks', 'run', 'gcs_2_bq_dag', 'gcs_to_gcs_yellow_task', 'manual__2022-09-01T09:00:00.470838+00:00', '--job-id', '292', '--raw', '--subdir', 'DAGS_FOLDER/gcs_2_bq_dag.py', '--cfg-path', '/tmp/tmp813ffgjn', '--error-file', '/tmp/tmpzb_v27sc']
[2022-09-01 09:42:33,972] {standard_task_runner.py:77} INFO - Job 292: Subtask gcs_to_gcs_yellow_task
[2022-09-01 09:42:34,025] {logging_mixin.py:109} INFO - Running <TaskInstance: gcs_2_bq_dag.gcs_to_gcs_yellow_task manual__2022-09-01T09:00:00.470838+00:00 [running]> on host 1c13e5bf3b2c
[2022-09-01 09:42:34,072] {taskinstance.py:1426} INFO - Exporting the following env vars:
AIRFLOW_CTX_DAG_OWNER=***
AIRFLOW_CTX_DAG_ID=gcs_2_bq_dag
AIRFLOW_CTX_TASK_ID=gcs_to_gcs_yellow_task
AIRFLOW_CTX_EXECUTION_DATE=2022-09-01T09:00:00.470838+00:00
AIRFLOW_CTX_DAG_RUN_ID=manual__2022-09-01T09:00:00.470838+00:00
[2022-09-01 09:42:34,073] {crypto.py:82} WARNING - empty cryptography key - values will not be stored encrypted.
[2022-09-01 09:42:34,073] {gcs_to_gcs.py:346} INFO - Delimiter ignored because wildcard is in prefix
[2022-09-01 09:42:34,267] {gcs_to_gcs.py:431} INFO - Executing copy of gs://dtc_data_lake_polynomial-land/raw/yellow_tripdata/2019-01/yellow_tripdata_2019-01.parquet to gs://dtc_data_lake_polynomial-land/yellow/yellow_tripdata_2019-01.parquet
[2022-09-01 09:42:34,431] {gcs.py:251} INFO - Total Bytes: 110439634 | Bytes Written: 110439634
[2022-09-01 09:42:34,431] {gcs.py:264} INFO - Object raw/yellow_tripdata/2019-01/yellow_tripdata_2019-01.parquet in bucket dtc_data_lake_polynomial-land rewritten to object yellow/yellow_tripdata_2019-01.parquet in bucket dtc_data_lake_polynomial-land
[2022-09-01 09:42:34,499] {gcs.py:645} INFO - Blob raw/yellow_tripdata/2019-01/yellow_tripdata_2019-01.parquet deleted.
[2022-09-01 09:42:34,499] {gcs_to_gcs.py:346} INFO - Delimiter ignored because wildcard is in prefix
[2022-09-01 09:42:34,547] {gcs_to_gcs.py:431} INFO - Executing copy of gs://dtc_data_lake_polynomial-land/raw/yellow_tripdata/2020-01/yellow_tripdata_2020-01.parquet to gs://dtc_data_lake_polynomial-land/yellow/yellow_tripdata_2020-01.parquet
[2022-09-01 09:42:34,716] {gcs.py:251} INFO - Total Bytes: 93562858 | Bytes Written: 93562858
[2022-09-01 09:42:34,716] {gcs.py:264} INFO - Object raw/yellow_tripdata/2020-01/yellow_tripdata_2020-01.parquet in bucket dtc_data_lake_polynomial-land rewritten to object yellow/yellow_tripdata_2020-01.parquet in bucket dtc_data_lake_polynomial-land
[2022-09-01 09:42:34,782] {gcs.py:645} INFO - Blob raw/yellow_tripdata/2020-01/yellow_tripdata_2020-01.parquet deleted.
[2022-09-01 09:42:34,782] {gcs_to_gcs.py:346} INFO - Delimiter ignored because wildcard is in prefix
[2022-09-01 09:42:34,838] {gcs_to_gcs.py:431} INFO - Executing copy of gs://dtc_data_lake_polynomial-land/raw/yellow_tripdata/2021-01/yellow_tripdata_2021-01.parquet to gs://dtc_data_lake_polynomial-land/yellow/yellow_tripdata_2021-01.parquet
[2022-09-01 09:42:35,053] {gcs.py:251} INFO - Total Bytes: 21686067 | Bytes Written: 21686067
[2022-09-01 09:42:35,054] {gcs.py:264} INFO - Object raw/yellow_tripdata/2021-01/yellow_tripdata_2021-01.parquet in bucket dtc_data_lake_polynomial-land rewritten to object yellow/yellow_tripdata_2021-01.parquet in bucket dtc_data_lake_polynomial-land
[2022-09-01 09:42:35,119] {gcs.py:645} INFO - Blob raw/yellow_tripdata/2021-01/yellow_tripdata_2021-01.parquet deleted.
[2022-09-01 09:42:35,128] {taskinstance.py:1277} INFO - Marking task as SUCCESS. dag_id=gcs_2_bq_dag, task_id=gcs_to_gcs_yellow_task, execution_date=20220901T090000, start_date=20220901T094233, end_date=20220901T094235
[2022-09-01 09:42:35,147] {local_task_job.py:154} INFO - Task exited with return code 0
[2022-09-01 09:42:35,172] {local_task_job.py:264} INFO - 0 downstream tasks scheduled from follow-on schedule check
