[2022-09-01 09:44:35,883] {taskinstance.py:1032} INFO - Dependencies all met for <TaskInstance: gcs_2_bq_dag.gcs_to_gcs_yellow_task manual__2022-09-01T09:00:00.470838+00:00 [queued]>
[2022-09-01 09:44:35,891] {taskinstance.py:1032} INFO - Dependencies all met for <TaskInstance: gcs_2_bq_dag.gcs_to_gcs_yellow_task manual__2022-09-01T09:00:00.470838+00:00 [queued]>
[2022-09-01 09:44:35,891] {taskinstance.py:1238} INFO - 
--------------------------------------------------------------------------------
[2022-09-01 09:44:35,891] {taskinstance.py:1239} INFO - Starting attempt 9 of 9
[2022-09-01 09:44:35,891] {taskinstance.py:1240} INFO - 
--------------------------------------------------------------------------------
[2022-09-01 09:44:35,902] {taskinstance.py:1259} INFO - Executing <Task(GCSToGCSOperator): gcs_to_gcs_yellow_task> on 2022-09-01 09:00:00.470838+00:00
[2022-09-01 09:44:35,906] {standard_task_runner.py:52} INFO - Started process 4556 to run task
[2022-09-01 09:44:35,908] {standard_task_runner.py:76} INFO - Running: ['***', 'tasks', 'run', 'gcs_2_bq_dag', 'gcs_to_gcs_yellow_task', 'manual__2022-09-01T09:00:00.470838+00:00', '--job-id', '294', '--raw', '--subdir', 'DAGS_FOLDER/gcs_2_bq_dag.py', '--cfg-path', '/tmp/tmpx4ncg4gw', '--error-file', '/tmp/tmp5_r3_jce']
[2022-09-01 09:44:35,908] {standard_task_runner.py:77} INFO - Job 294: Subtask gcs_to_gcs_yellow_task
[2022-09-01 09:44:35,947] {logging_mixin.py:109} INFO - Running <TaskInstance: gcs_2_bq_dag.gcs_to_gcs_yellow_task manual__2022-09-01T09:00:00.470838+00:00 [running]> on host 1c13e5bf3b2c
[2022-09-01 09:44:35,988] {taskinstance.py:1426} INFO - Exporting the following env vars:
AIRFLOW_CTX_DAG_OWNER=***
AIRFLOW_CTX_DAG_ID=gcs_2_bq_dag
AIRFLOW_CTX_TASK_ID=gcs_to_gcs_yellow_task
AIRFLOW_CTX_EXECUTION_DATE=2022-09-01T09:00:00.470838+00:00
AIRFLOW_CTX_DAG_RUN_ID=manual__2022-09-01T09:00:00.470838+00:00
[2022-09-01 09:44:35,989] {crypto.py:82} WARNING - empty cryptography key - values will not be stored encrypted.
[2022-09-01 09:44:35,989] {gcs_to_gcs.py:346} INFO - Delimiter ignored because wildcard is in prefix
[2022-09-01 09:44:36,230] {gcs_to_gcs.py:431} INFO - Executing copy of gs://dtc_data_lake_polynomial-land/raw2/ to gs://dtc_data_lake_polynomial-land/yellow/
[2022-09-01 09:44:36,446] {gcs.py:251} INFO - Total Bytes: 0 | Bytes Written: 0
[2022-09-01 09:44:36,446] {gcs.py:264} INFO - Object raw2/ in bucket dtc_data_lake_polynomial-land rewritten to object yellow/ in bucket dtc_data_lake_polynomial-land
[2022-09-01 09:44:36,446] {gcs_to_gcs.py:431} INFO - Executing copy of gs://dtc_data_lake_polynomial-land/raw2/yellow_tripdata_2019-01.parquet to gs://dtc_data_lake_polynomial-land/yellow/yellow_tripdata_2019-01.parquet
[2022-09-01 09:44:36,602] {gcs.py:251} INFO - Total Bytes: 110439634 | Bytes Written: 110439634
[2022-09-01 09:44:36,602] {gcs.py:264} INFO - Object raw2/yellow_tripdata_2019-01.parquet in bucket dtc_data_lake_polynomial-land rewritten to object yellow/yellow_tripdata_2019-01.parquet in bucket dtc_data_lake_polynomial-land
[2022-09-01 09:44:36,602] {gcs_to_gcs.py:431} INFO - Executing copy of gs://dtc_data_lake_polynomial-land/raw2/yellow_tripdata_2020-01.parquet to gs://dtc_data_lake_polynomial-land/yellow/yellow_tripdata_2020-01.parquet
[2022-09-01 09:44:36,819] {gcs.py:251} INFO - Total Bytes: 93562858 | Bytes Written: 93562858
[2022-09-01 09:44:36,819] {gcs.py:264} INFO - Object raw2/yellow_tripdata_2020-01.parquet in bucket dtc_data_lake_polynomial-land rewritten to object yellow/yellow_tripdata_2020-01.parquet in bucket dtc_data_lake_polynomial-land
[2022-09-01 09:44:36,819] {gcs_to_gcs.py:431} INFO - Executing copy of gs://dtc_data_lake_polynomial-land/raw2/yellow_tripdata_2021-01.parquet to gs://dtc_data_lake_polynomial-land/yellow/yellow_tripdata_2021-01.parquet
[2022-09-01 09:44:36,971] {gcs.py:251} INFO - Total Bytes: 21686067 | Bytes Written: 21686067
[2022-09-01 09:44:36,971] {gcs.py:264} INFO - Object raw2/yellow_tripdata_2021-01.parquet in bucket dtc_data_lake_polynomial-land rewritten to object yellow/yellow_tripdata_2021-01.parquet in bucket dtc_data_lake_polynomial-land
[2022-09-01 09:44:36,979] {taskinstance.py:1277} INFO - Marking task as SUCCESS. dag_id=gcs_2_bq_dag, task_id=gcs_to_gcs_yellow_task, execution_date=20220901T090000, start_date=20220901T094435, end_date=20220901T094436
[2022-09-01 09:44:37,003] {local_task_job.py:154} INFO - Task exited with return code 0
[2022-09-01 09:44:37,022] {dagrun.py:628} WARNING - Failed to get task '<TaskInstance: gcs_2_bq_dag.bq_external_2_part_task manual__2022-09-01T09:00:00.470838+00:00 [removed]>' for dag 'gcs_2_bq_dag'. Marking it as removed.
[2022-09-01 09:44:37,027] {local_task_job.py:264} INFO - 1 downstream tasks scheduled from follow-on schedule check
