[2022-08-18 07:52:18,134] {taskinstance.py:1032} INFO - Dependencies all met for <TaskInstance: data_ingestion_gcs_dag.bigquery_external_table_task manual__2022-08-18T07:50:32+00:00 [queued]>
[2022-08-18 07:52:18,140] {taskinstance.py:1032} INFO - Dependencies all met for <TaskInstance: data_ingestion_gcs_dag.bigquery_external_table_task manual__2022-08-18T07:50:32+00:00 [queued]>
[2022-08-18 07:52:18,140] {taskinstance.py:1238} INFO - 
--------------------------------------------------------------------------------
[2022-08-18 07:52:18,140] {taskinstance.py:1239} INFO - Starting attempt 1 of 2
[2022-08-18 07:52:18,140] {taskinstance.py:1240} INFO - 
--------------------------------------------------------------------------------
[2022-08-18 07:52:18,150] {taskinstance.py:1259} INFO - Executing <Task(BigQueryCreateExternalTableOperator): bigquery_external_table_task> on 2022-08-18 07:50:32+00:00
[2022-08-18 07:52:18,155] {standard_task_runner.py:52} INFO - Started process 1461 to run task
[2022-08-18 07:52:18,156] {standard_task_runner.py:76} INFO - Running: ['***', 'tasks', 'run', 'data_ingestion_gcs_dag', 'bigquery_external_table_task', 'manual__2022-08-18T07:50:32+00:00', '--job-id', '73', '--raw', '--subdir', 'DAGS_FOLDER/data_ingestion_gcs_dag.py', '--cfg-path', '/tmp/tmptlvmf9du', '--error-file', '/tmp/tmpoelsyo2z']
[2022-08-18 07:52:18,157] {standard_task_runner.py:77} INFO - Job 73: Subtask bigquery_external_table_task
[2022-08-18 07:52:18,195] {logging_mixin.py:109} INFO - Running <TaskInstance: data_ingestion_gcs_dag.bigquery_external_table_task manual__2022-08-18T07:50:32+00:00 [running]> on host 18f0cb155a4e
[2022-08-18 07:52:18,237] {taskinstance.py:1426} INFO - Exporting the following env vars:
AIRFLOW_CTX_DAG_OWNER=***
AIRFLOW_CTX_DAG_ID=data_ingestion_gcs_dag
AIRFLOW_CTX_TASK_ID=bigquery_external_table_task
AIRFLOW_CTX_EXECUTION_DATE=2022-08-18T07:50:32+00:00
AIRFLOW_CTX_DAG_RUN_ID=manual__2022-08-18T07:50:32+00:00
[2022-08-18 07:52:18,238] {crypto.py:82} WARNING - empty cryptography key - values will not be stored encrypted.
[2022-08-18 07:52:18,920] {taskinstance.py:1277} INFO - Marking task as SUCCESS. dag_id=data_ingestion_gcs_dag, task_id=bigquery_external_table_task, execution_date=20220818T075032, start_date=20220818T075218, end_date=20220818T075218
[2022-08-18 07:52:18,970] {local_task_job.py:154} INFO - Task exited with return code 0
[2022-08-18 07:52:18,993] {local_task_job.py:264} INFO - 0 downstream tasks scheduled from follow-on schedule check
