[2022-08-18 10:27:26,025] {taskinstance.py:1032} INFO - Dependencies all met for <TaskInstance: yellow_taxi_data_ingest.download_dataset_task scheduled__2021-01-01T01:00:00+00:00 [queued]>
[2022-08-18 10:27:26,031] {taskinstance.py:1032} INFO - Dependencies all met for <TaskInstance: yellow_taxi_data_ingest.download_dataset_task scheduled__2021-01-01T01:00:00+00:00 [queued]>
[2022-08-18 10:27:26,031] {taskinstance.py:1238} INFO - 
--------------------------------------------------------------------------------
[2022-08-18 10:27:26,031] {taskinstance.py:1239} INFO - Starting attempt 1 of 2
[2022-08-18 10:27:26,031] {taskinstance.py:1240} INFO - 
--------------------------------------------------------------------------------
[2022-08-18 10:27:26,041] {taskinstance.py:1259} INFO - Executing <Task(BashOperator): download_dataset_task> on 2021-01-01 01:00:00+00:00
[2022-08-18 10:27:26,045] {standard_task_runner.py:52} INFO - Started process 8861 to run task
[2022-08-18 10:27:26,046] {standard_task_runner.py:76} INFO - Running: ['***', 'tasks', 'run', 'yellow_taxi_data_ingest', 'download_dataset_task', 'scheduled__2021-01-01T01:00:00+00:00', '--job-id', '108', '--pool', 'default_pool', '--raw', '--subdir', 'DAGS_FOLDER/yellow_taxi_data_ingest_dag.py', '--cfg-path', '/tmp/tmplgj6k4jd', '--error-file', '/tmp/tmpf5gif2bx']
[2022-08-18 10:27:26,047] {standard_task_runner.py:77} INFO - Job 108: Subtask download_dataset_task
[2022-08-18 10:27:26,083] {logging_mixin.py:109} INFO - Running <TaskInstance: yellow_taxi_data_ingest.download_dataset_task scheduled__2021-01-01T01:00:00+00:00 [running]> on host 18f0cb155a4e
[2022-08-18 10:27:26,109] {warnings.py:110} WARNING - /home/***/.local/lib/python3.7/site-packages/***/utils/context.py:152: AirflowContextDeprecationWarning: Accessing 'execution_date' from the template is deprecated and will be removed in a future version. Please use 'data_interval_start' or 'logical_date' instead.
  warnings.warn(_create_deprecation_warning(key, self._deprecation_replacements[key]))

[2022-08-18 10:27:26,123] {taskinstance.py:1426} INFO - Exporting the following env vars:
AIRFLOW_CTX_DAG_OWNER=***
AIRFLOW_CTX_DAG_ID=yellow_taxi_data_ingest
AIRFLOW_CTX_TASK_ID=download_dataset_task
AIRFLOW_CTX_EXECUTION_DATE=2021-01-01T01:00:00+00:00
AIRFLOW_CTX_DAG_RUN_ID=scheduled__2021-01-01T01:00:00+00:00
[2022-08-18 10:27:26,124] {subprocess.py:62} INFO - Tmp dir root location: 
 /tmp
[2022-08-18 10:27:26,124] {subprocess.py:74} INFO - Running command: ['bash', '-c', 'curl -sSLf https://d37ci6vzurychx.cloudfront.net/trip-data/yellow_tripdata_2021-01.parquet > /opt/***/yellow_tripdata_2021-01.parquet']
[2022-08-18 10:27:26,131] {subprocess.py:85} INFO - Output:
[2022-08-18 10:27:27,876] {subprocess.py:93} INFO - Command exited with return code 0
[2022-08-18 10:27:27,923] {taskinstance.py:1277} INFO - Marking task as SUCCESS. dag_id=yellow_taxi_data_ingest, task_id=download_dataset_task, execution_date=20210101T010000, start_date=20220818T102726, end_date=20220818T102727
[2022-08-18 10:27:28,023] {local_task_job.py:154} INFO - Task exited with return code 0
[2022-08-18 10:27:28,102] {local_task_job.py:264} INFO - 0 downstream tasks scheduled from follow-on schedule check
