[2022-08-18 09:20:11,854] {taskinstance.py:1032} INFO - Dependencies all met for <TaskInstance: yellow_taxi_data_ingest.local_to_gcs_task scheduled__2019-03-01T01:00:00+00:00 [queued]>
[2022-08-18 09:20:11,861] {taskinstance.py:1032} INFO - Dependencies all met for <TaskInstance: yellow_taxi_data_ingest.local_to_gcs_task scheduled__2019-03-01T01:00:00+00:00 [queued]>
[2022-08-18 09:20:11,861] {taskinstance.py:1238} INFO - 
--------------------------------------------------------------------------------
[2022-08-18 09:20:11,861] {taskinstance.py:1239} INFO - Starting attempt 1 of 2
[2022-08-18 09:20:11,861] {taskinstance.py:1240} INFO - 
--------------------------------------------------------------------------------
[2022-08-18 09:20:11,871] {taskinstance.py:1259} INFO - Executing <Task(PythonOperator): local_to_gcs_task> on 2019-03-01 01:00:00+00:00
[2022-08-18 09:20:11,876] {standard_task_runner.py:52} INFO - Started process 5538 to run task
[2022-08-18 09:20:11,880] {standard_task_runner.py:76} INFO - Running: ['***', 'tasks', 'run', 'yellow_taxi_data_ingest', 'local_to_gcs_task', 'scheduled__2019-03-01T01:00:00+00:00', '--job-id', '81', '--pool', 'default_pool', '--raw', '--subdir', 'DAGS_FOLDER/yellow_taxi_data_ingest_dag.py', '--cfg-path', '/tmp/tmprvwj4uu9', '--error-file', '/tmp/tmpe2z_ye43']
[2022-08-18 09:20:11,880] {standard_task_runner.py:77} INFO - Job 81: Subtask local_to_gcs_task
[2022-08-18 09:20:11,918] {logging_mixin.py:109} INFO - Running <TaskInstance: yellow_taxi_data_ingest.local_to_gcs_task scheduled__2019-03-01T01:00:00+00:00 [running]> on host 18f0cb155a4e
[2022-08-18 09:20:11,942] {warnings.py:110} WARNING - /home/***/.local/lib/python3.7/site-packages/***/utils/context.py:152: AirflowContextDeprecationWarning: Accessing 'execution_date' from the template is deprecated and will be removed in a future version. Please use 'data_interval_start' or 'logical_date' instead.
  warnings.warn(_create_deprecation_warning(key, self._deprecation_replacements[key]))

[2022-08-18 09:20:11,958] {taskinstance.py:1426} INFO - Exporting the following env vars:
AIRFLOW_CTX_DAG_OWNER=***
AIRFLOW_CTX_DAG_ID=yellow_taxi_data_ingest
AIRFLOW_CTX_TASK_ID=local_to_gcs_task
AIRFLOW_CTX_EXECUTION_DATE=2019-03-01T01:00:00+00:00
AIRFLOW_CTX_DAG_RUN_ID=scheduled__2019-03-01T01:00:00+00:00
[2022-08-18 09:24:23,944] {python.py:175} INFO - Done. Returned value was: None
[2022-08-18 09:24:23,952] {taskinstance.py:1277} INFO - Marking task as SUCCESS. dag_id=yellow_taxi_data_ingest, task_id=local_to_gcs_task, execution_date=20190301T010000, start_date=20220818T092011, end_date=20220818T092423
[2022-08-18 09:24:23,972] {local_task_job.py:154} INFO - Task exited with return code 0
[2022-08-18 09:24:23,994] {local_task_job.py:264} INFO - 0 downstream tasks scheduled from follow-on schedule check
