[2022-08-18 14:42:47,338] {taskinstance.py:1032} INFO - Dependencies all met for <TaskInstance: fhv_taxi_data_ingest.local_to_gcs_task scheduled__2021-01-01T01:00:00+00:00 [queued]>
[2022-08-18 14:42:47,348] {taskinstance.py:1032} INFO - Dependencies all met for <TaskInstance: fhv_taxi_data_ingest.local_to_gcs_task scheduled__2021-01-01T01:00:00+00:00 [queued]>
[2022-08-18 14:42:47,348] {taskinstance.py:1238} INFO - 
--------------------------------------------------------------------------------
[2022-08-18 14:42:47,348] {taskinstance.py:1239} INFO - Starting attempt 1 of 1
[2022-08-18 14:42:47,349] {taskinstance.py:1240} INFO - 
--------------------------------------------------------------------------------
[2022-08-18 14:42:47,365] {taskinstance.py:1259} INFO - Executing <Task(PythonOperator): local_to_gcs_task> on 2021-01-01 01:00:00+00:00
[2022-08-18 14:42:47,371] {standard_task_runner.py:52} INFO - Started process 17344 to run task
[2022-08-18 14:42:47,373] {standard_task_runner.py:76} INFO - Running: ['***', 'tasks', 'run', 'fhv_taxi_data_ingest', 'local_to_gcs_task', 'scheduled__2021-01-01T01:00:00+00:00', '--job-id', '130', '--pool', 'default_pool', '--raw', '--subdir', 'DAGS_FOLDER/fhv_data_ingest_dag.py', '--cfg-path', '/tmp/tmpmtqbqln_', '--error-file', '/tmp/tmpt5xnj0b3']
[2022-08-18 14:42:47,373] {standard_task_runner.py:77} INFO - Job 130: Subtask local_to_gcs_task
[2022-08-18 14:42:47,422] {logging_mixin.py:109} INFO - Running <TaskInstance: fhv_taxi_data_ingest.local_to_gcs_task scheduled__2021-01-01T01:00:00+00:00 [running]> on host 18f0cb155a4e
[2022-08-18 14:42:47,458] {warnings.py:110} WARNING - /home/***/.local/lib/python3.7/site-packages/***/utils/context.py:152: AirflowContextDeprecationWarning: Accessing 'execution_date' from the template is deprecated and will be removed in a future version. Please use 'data_interval_start' or 'logical_date' instead.
  warnings.warn(_create_deprecation_warning(key, self._deprecation_replacements[key]))

[2022-08-18 14:42:47,478] {taskinstance.py:1426} INFO - Exporting the following env vars:
AIRFLOW_CTX_DAG_OWNER=***
AIRFLOW_CTX_DAG_ID=fhv_taxi_data_ingest
AIRFLOW_CTX_TASK_ID=local_to_gcs_task
AIRFLOW_CTX_EXECUTION_DATE=2021-01-01T01:00:00+00:00
AIRFLOW_CTX_DAG_RUN_ID=scheduled__2021-01-01T01:00:00+00:00
[2022-08-18 14:43:08,233] {python.py:175} INFO - Done. Returned value was: None
[2022-08-18 14:43:08,242] {taskinstance.py:1277} INFO - Marking task as SUCCESS. dag_id=fhv_taxi_data_ingest, task_id=local_to_gcs_task, execution_date=20210101T010000, start_date=20220818T144247, end_date=20220818T144308
[2022-08-18 14:43:08,263] {local_task_job.py:154} INFO - Task exited with return code 0
[2022-08-18 14:43:08,291] {local_task_job.py:264} INFO - 0 downstream tasks scheduled from follow-on schedule check
