[2022-08-18 10:27:35,999] {taskinstance.py:1032} INFO - Dependencies all met for <TaskInstance: yellow_taxi_data_ingest.local_to_gcs_task scheduled__2021-01-01T01:00:00+00:00 [queued]>
[2022-08-18 10:27:36,005] {taskinstance.py:1032} INFO - Dependencies all met for <TaskInstance: yellow_taxi_data_ingest.local_to_gcs_task scheduled__2021-01-01T01:00:00+00:00 [queued]>
[2022-08-18 10:27:36,005] {taskinstance.py:1238} INFO - 
--------------------------------------------------------------------------------
[2022-08-18 10:27:36,005] {taskinstance.py:1239} INFO - Starting attempt 1 of 2
[2022-08-18 10:27:36,005] {taskinstance.py:1240} INFO - 
--------------------------------------------------------------------------------
[2022-08-18 10:27:36,015] {taskinstance.py:1259} INFO - Executing <Task(PythonOperator): local_to_gcs_task> on 2021-01-01 01:00:00+00:00
[2022-08-18 10:27:36,019] {standard_task_runner.py:52} INFO - Started process 8876 to run task
[2022-08-18 10:27:36,021] {standard_task_runner.py:76} INFO - Running: ['***', 'tasks', 'run', 'yellow_taxi_data_ingest', 'local_to_gcs_task', 'scheduled__2021-01-01T01:00:00+00:00', '--job-id', '109', '--pool', 'default_pool', '--raw', '--subdir', 'DAGS_FOLDER/yellow_taxi_data_ingest_dag.py', '--cfg-path', '/tmp/tmpojcuqw_1', '--error-file', '/tmp/tmpmsnxv_f8']
[2022-08-18 10:27:36,022] {standard_task_runner.py:77} INFO - Job 109: Subtask local_to_gcs_task
[2022-08-18 10:27:36,058] {logging_mixin.py:109} INFO - Running <TaskInstance: yellow_taxi_data_ingest.local_to_gcs_task scheduled__2021-01-01T01:00:00+00:00 [running]> on host 18f0cb155a4e
[2022-08-18 10:27:36,086] {warnings.py:110} WARNING - /home/***/.local/lib/python3.7/site-packages/***/utils/context.py:152: AirflowContextDeprecationWarning: Accessing 'execution_date' from the template is deprecated and will be removed in a future version. Please use 'data_interval_start' or 'logical_date' instead.
  warnings.warn(_create_deprecation_warning(key, self._deprecation_replacements[key]))

[2022-08-18 10:27:36,102] {taskinstance.py:1426} INFO - Exporting the following env vars:
AIRFLOW_CTX_DAG_OWNER=***
AIRFLOW_CTX_DAG_ID=yellow_taxi_data_ingest
AIRFLOW_CTX_TASK_ID=local_to_gcs_task
AIRFLOW_CTX_EXECUTION_DATE=2021-01-01T01:00:00+00:00
AIRFLOW_CTX_DAG_RUN_ID=scheduled__2021-01-01T01:00:00+00:00
[2022-08-18 10:27:54,285] {python.py:175} INFO - Done. Returned value was: None
[2022-08-18 10:27:54,293] {taskinstance.py:1277} INFO - Marking task as SUCCESS. dag_id=yellow_taxi_data_ingest, task_id=local_to_gcs_task, execution_date=20210101T010000, start_date=20220818T102735, end_date=20220818T102754
[2022-08-18 10:27:54,347] {local_task_job.py:154} INFO - Task exited with return code 0
[2022-08-18 10:27:54,370] {local_task_job.py:264} INFO - 0 downstream tasks scheduled from follow-on schedule check
