[2022-08-31 14:34:50,928] {taskinstance.py:1032} INFO - Dependencies all met for <TaskInstance: green_taxi_data_ingest.download_dataset_task manual__2022-08-31T14:34:40+00:00 [queued]>
[2022-08-31 14:34:50,934] {taskinstance.py:1032} INFO - Dependencies all met for <TaskInstance: green_taxi_data_ingest.download_dataset_task manual__2022-08-31T14:34:40+00:00 [queued]>
[2022-08-31 14:34:50,934] {taskinstance.py:1238} INFO - 
--------------------------------------------------------------------------------
[2022-08-31 14:34:50,934] {taskinstance.py:1239} INFO - Starting attempt 1 of 1
[2022-08-31 14:34:50,934] {taskinstance.py:1240} INFO - 
--------------------------------------------------------------------------------
[2022-08-31 14:34:50,944] {taskinstance.py:1259} INFO - Executing <Task(BashOperator): download_dataset_task> on 2022-08-31 14:34:40+00:00
[2022-08-31 14:34:50,949] {standard_task_runner.py:52} INFO - Started process 4866 to run task
[2022-08-31 14:34:50,951] {standard_task_runner.py:76} INFO - Running: ['***', 'tasks', 'run', 'green_taxi_data_ingest', 'download_dataset_task', 'manual__2022-08-31T14:34:40+00:00', '--job-id', '181', '--raw', '--subdir', 'DAGS_FOLDER/green_taxi_data_ingest_dag.py', '--cfg-path', '/tmp/tmpq0hc5h2m', '--error-file', '/tmp/tmps3c3d3qc']
[2022-08-31 14:34:50,951] {standard_task_runner.py:77} INFO - Job 181: Subtask download_dataset_task
[2022-08-31 14:34:50,990] {logging_mixin.py:109} INFO - Running <TaskInstance: green_taxi_data_ingest.download_dataset_task manual__2022-08-31T14:34:40+00:00 [running]> on host 0aad59a5352b
[2022-08-31 14:34:51,036] {taskinstance.py:1426} INFO - Exporting the following env vars:
AIRFLOW_CTX_DAG_OWNER=***
AIRFLOW_CTX_DAG_ID=green_taxi_data_ingest
AIRFLOW_CTX_TASK_ID=download_dataset_task
AIRFLOW_CTX_EXECUTION_DATE=2022-08-31T14:34:40+00:00
AIRFLOW_CTX_DAG_RUN_ID=manual__2022-08-31T14:34:40+00:00
[2022-08-31 14:34:51,037] {subprocess.py:62} INFO - Tmp dir root location: 
 /tmp
[2022-08-31 14:34:51,038] {subprocess.py:74} INFO - Running command: ['bash', '-c', 'curl -sSLf https://d37ci6vzurychx.cloudfront.net/trip-data/green_tripdata_2019-01.parquet > /opt/***/green_tripdata_2019-01.parquet']
[2022-08-31 14:34:51,046] {subprocess.py:85} INFO - Output:
[2022-08-31 14:34:52,801] {subprocess.py:93} INFO - Command exited with return code 0
[2022-08-31 14:34:52,822] {taskinstance.py:1277} INFO - Marking task as SUCCESS. dag_id=green_taxi_data_ingest, task_id=download_dataset_task, execution_date=20220831T143440, start_date=20220831T143450, end_date=20220831T143452
[2022-08-31 14:34:52,850] {local_task_job.py:154} INFO - Task exited with return code 0
[2022-08-31 14:34:52,883] {local_task_job.py:264} INFO - 1 downstream tasks scheduled from follow-on schedule check
