[2022-08-18 10:23:25,376] {taskinstance.py:1032} INFO - Dependencies all met for <TaskInstance: yellow_taxi_data_ingest.local_to_gcs_task scheduled__2020-01-01T01:00:00+00:00 [queued]>
[2022-08-18 10:23:25,383] {taskinstance.py:1032} INFO - Dependencies all met for <TaskInstance: yellow_taxi_data_ingest.local_to_gcs_task scheduled__2020-01-01T01:00:00+00:00 [queued]>
[2022-08-18 10:23:25,383] {taskinstance.py:1238} INFO - 
--------------------------------------------------------------------------------
[2022-08-18 10:23:25,383] {taskinstance.py:1239} INFO - Starting attempt 1 of 2
[2022-08-18 10:23:25,384] {taskinstance.py:1240} INFO - 
--------------------------------------------------------------------------------
[2022-08-18 10:23:25,394] {taskinstance.py:1259} INFO - Executing <Task(PythonOperator): local_to_gcs_task> on 2020-01-01 01:00:00+00:00
[2022-08-18 10:23:25,398] {standard_task_runner.py:52} INFO - Started process 8644 to run task
[2022-08-18 10:23:25,400] {standard_task_runner.py:76} INFO - Running: ['***', 'tasks', 'run', 'yellow_taxi_data_ingest', 'local_to_gcs_task', 'scheduled__2020-01-01T01:00:00+00:00', '--job-id', '104', '--pool', 'default_pool', '--raw', '--subdir', 'DAGS_FOLDER/yellow_taxi_data_ingest_dag.py', '--cfg-path', '/tmp/tmp48_jjy1d', '--error-file', '/tmp/tmpoqfrfa3b']
[2022-08-18 10:23:25,401] {standard_task_runner.py:77} INFO - Job 104: Subtask local_to_gcs_task
[2022-08-18 10:23:25,437] {logging_mixin.py:109} INFO - Running <TaskInstance: yellow_taxi_data_ingest.local_to_gcs_task scheduled__2020-01-01T01:00:00+00:00 [running]> on host 18f0cb155a4e
[2022-08-18 10:23:25,464] {warnings.py:110} WARNING - /home/***/.local/lib/python3.7/site-packages/***/utils/context.py:152: AirflowContextDeprecationWarning: Accessing 'execution_date' from the template is deprecated and will be removed in a future version. Please use 'data_interval_start' or 'logical_date' instead.
  warnings.warn(_create_deprecation_warning(key, self._deprecation_replacements[key]))

[2022-08-18 10:23:25,484] {taskinstance.py:1426} INFO - Exporting the following env vars:
AIRFLOW_CTX_DAG_OWNER=***
AIRFLOW_CTX_DAG_ID=yellow_taxi_data_ingest
AIRFLOW_CTX_TASK_ID=local_to_gcs_task
AIRFLOW_CTX_EXECUTION_DATE=2020-01-01T01:00:00+00:00
AIRFLOW_CTX_DAG_RUN_ID=scheduled__2020-01-01T01:00:00+00:00
[2022-08-18 10:24:43,326] {python.py:175} INFO - Done. Returned value was: None
[2022-08-18 10:24:43,338] {taskinstance.py:1277} INFO - Marking task as SUCCESS. dag_id=yellow_taxi_data_ingest, task_id=local_to_gcs_task, execution_date=20200101T010000, start_date=20220818T102325, end_date=20220818T102443
[2022-08-18 10:24:43,378] {local_task_job.py:154} INFO - Task exited with return code 0
[2022-08-18 10:24:43,398] {local_task_job.py:264} INFO - 0 downstream tasks scheduled from follow-on schedule check
