[2022-08-09 14:52:37,670] {taskinstance.py:1032} INFO - Dependencies all met for <TaskInstance: data_ingestion_gcs_dag.download_dataset_task manual__2022-08-09T14:52:35.575736+00:00 [queued]>
[2022-08-09 14:52:37,679] {taskinstance.py:1032} INFO - Dependencies all met for <TaskInstance: data_ingestion_gcs_dag.download_dataset_task manual__2022-08-09T14:52:35.575736+00:00 [queued]>
[2022-08-09 14:52:37,679] {taskinstance.py:1238} INFO - 
--------------------------------------------------------------------------------
[2022-08-09 14:52:37,679] {taskinstance.py:1239} INFO - Starting attempt 1 of 2
[2022-08-09 14:52:37,679] {taskinstance.py:1240} INFO - 
--------------------------------------------------------------------------------
[2022-08-09 14:52:37,691] {taskinstance.py:1259} INFO - Executing <Task(BashOperator): download_dataset_task> on 2022-08-09 14:52:35.575736+00:00
[2022-08-09 14:52:37,696] {standard_task_runner.py:52} INFO - Started process 133 to run task
[2022-08-09 14:52:37,699] {standard_task_runner.py:76} INFO - Running: ['***', 'tasks', 'run', 'data_ingestion_gcs_dag', 'download_dataset_task', 'manual__2022-08-09T14:52:35.575736+00:00', '--job-id', '18', '--raw', '--subdir', 'DAGS_FOLDER/data_ingestion_gcs_dag.py', '--cfg-path', '/tmp/tmppmxckfgd', '--error-file', '/tmp/tmpgwc3max2']
[2022-08-09 14:52:37,700] {standard_task_runner.py:77} INFO - Job 18: Subtask download_dataset_task
[2022-08-09 14:52:37,744] {logging_mixin.py:109} INFO - Running <TaskInstance: data_ingestion_gcs_dag.download_dataset_task manual__2022-08-09T14:52:35.575736+00:00 [running]> on host fbcf9ddcf59d
[2022-08-09 14:52:37,802] {taskinstance.py:1426} INFO - Exporting the following env vars:
AIRFLOW_CTX_DAG_OWNER=***
AIRFLOW_CTX_DAG_ID=data_ingestion_gcs_dag
AIRFLOW_CTX_TASK_ID=download_dataset_task
AIRFLOW_CTX_EXECUTION_DATE=2022-08-09T14:52:35.575736+00:00
AIRFLOW_CTX_DAG_RUN_ID=manual__2022-08-09T14:52:35.575736+00:00
[2022-08-09 14:52:37,803] {subprocess.py:62} INFO - Tmp dir root location: 
 /tmp
[2022-08-09 14:52:37,806] {subprocess.py:74} INFO - Running command: ['bash', '-c', 'curl -sSL https://d37ci6vzurychx.cloudfront.net/trip-data/yellow_tripdata_2021-01.parquet > /opt/***/yellow_tripdata_2021-01.parquet']
[2022-08-09 14:52:37,816] {subprocess.py:85} INFO - Output:
[2022-08-09 14:52:39,574] {subprocess.py:93} INFO - Command exited with return code 0
[2022-08-09 14:52:39,593] {taskinstance.py:1277} INFO - Marking task as SUCCESS. dag_id=data_ingestion_gcs_dag, task_id=download_dataset_task, execution_date=20220809T145235, start_date=20220809T145237, end_date=20220809T145239
[2022-08-09 14:52:39,636] {local_task_job.py:154} INFO - Task exited with return code 0
[2022-08-09 14:52:39,672] {local_task_job.py:264} INFO - 0 downstream tasks scheduled from follow-on schedule check
