[2022-08-31 14:34:27,820] {taskinstance.py:1032} INFO - Dependencies all met for <TaskInstance: green_taxi_data_ingest.bigquery_external_table_task manual__2022-08-31T14:34:16+00:00 [queued]>
[2022-08-31 14:34:27,828] {taskinstance.py:1032} INFO - Dependencies all met for <TaskInstance: green_taxi_data_ingest.bigquery_external_table_task manual__2022-08-31T14:34:16+00:00 [queued]>
[2022-08-31 14:34:27,828] {taskinstance.py:1238} INFO - 
--------------------------------------------------------------------------------
[2022-08-31 14:34:27,829] {taskinstance.py:1239} INFO - Starting attempt 1 of 1
[2022-08-31 14:34:27,829] {taskinstance.py:1240} INFO - 
--------------------------------------------------------------------------------
[2022-08-31 14:34:27,840] {taskinstance.py:1259} INFO - Executing <Task(BigQueryCreateExternalTableOperator): bigquery_external_table_task> on 2022-08-31 14:34:16+00:00
[2022-08-31 14:34:27,846] {standard_task_runner.py:52} INFO - Started process 4832 to run task
[2022-08-31 14:34:27,848] {standard_task_runner.py:76} INFO - Running: ['***', 'tasks', 'run', 'green_taxi_data_ingest', 'bigquery_external_table_task', 'manual__2022-08-31T14:34:16+00:00', '--job-id', '176', '--raw', '--subdir', 'DAGS_FOLDER/green_taxi_data_ingest_dag.py', '--cfg-path', '/tmp/tmp1jlyyr05', '--error-file', '/tmp/tmp8bjg2y3n']
[2022-08-31 14:34:27,848] {standard_task_runner.py:77} INFO - Job 176: Subtask bigquery_external_table_task
[2022-08-31 14:34:27,901] {logging_mixin.py:109} INFO - Running <TaskInstance: green_taxi_data_ingest.bigquery_external_table_task manual__2022-08-31T14:34:16+00:00 [running]> on host 0aad59a5352b
[2022-08-31 14:34:27,952] {taskinstance.py:1426} INFO - Exporting the following env vars:
AIRFLOW_CTX_DAG_OWNER=***
AIRFLOW_CTX_DAG_ID=green_taxi_data_ingest
AIRFLOW_CTX_TASK_ID=bigquery_external_table_task
AIRFLOW_CTX_EXECUTION_DATE=2022-08-31T14:34:16+00:00
AIRFLOW_CTX_DAG_RUN_ID=manual__2022-08-31T14:34:16+00:00
[2022-08-31 14:34:27,953] {crypto.py:82} WARNING - empty cryptography key - values will not be stored encrypted.
[2022-08-31 14:34:28,508] {taskinstance.py:1277} INFO - Marking task as SUCCESS. dag_id=green_taxi_data_ingest, task_id=bigquery_external_table_task, execution_date=20220831T143416, start_date=20220831T143427, end_date=20220831T143428
[2022-08-31 14:34:28,541] {local_task_job.py:154} INFO - Task exited with return code 0
[2022-08-31 14:34:28,568] {local_task_job.py:264} INFO - 0 downstream tasks scheduled from follow-on schedule check
