[2022-09-01 09:55:01,786] {taskinstance.py:1032} INFO - Dependencies all met for <TaskInstance: gcs_2_bq_dag.gcs_2_bq_external_task manual__2022-09-01T09:00:00.470838+00:00 [queued]>
[2022-09-01 09:55:01,793] {taskinstance.py:1032} INFO - Dependencies all met for <TaskInstance: gcs_2_bq_dag.gcs_2_bq_external_task manual__2022-09-01T09:00:00.470838+00:00 [queued]>
[2022-09-01 09:55:01,793] {taskinstance.py:1238} INFO - 
--------------------------------------------------------------------------------
[2022-09-01 09:55:01,794] {taskinstance.py:1239} INFO - Starting attempt 10 of 10
[2022-09-01 09:55:01,794] {taskinstance.py:1240} INFO - 
--------------------------------------------------------------------------------
[2022-09-01 09:55:01,805] {taskinstance.py:1259} INFO - Executing <Task(BigQueryCreateExternalTableOperator): gcs_2_bq_external_task> on 2022-09-01 09:00:00.470838+00:00
[2022-09-01 09:55:01,808] {standard_task_runner.py:52} INFO - Started process 5037 to run task
[2022-09-01 09:55:01,810] {standard_task_runner.py:76} INFO - Running: ['***', 'tasks', 'run', 'gcs_2_bq_dag', 'gcs_2_bq_external_task', 'manual__2022-09-01T09:00:00.470838+00:00', '--job-id', '297', '--raw', '--subdir', 'DAGS_FOLDER/gcs_2_bq_dag.py', '--cfg-path', '/tmp/tmp06p1afem', '--error-file', '/tmp/tmpmxqgfcm6']
[2022-09-01 09:55:01,811] {standard_task_runner.py:77} INFO - Job 297: Subtask gcs_2_bq_external_task
[2022-09-01 09:55:01,851] {logging_mixin.py:109} INFO - Running <TaskInstance: gcs_2_bq_dag.gcs_2_bq_external_task manual__2022-09-01T09:00:00.470838+00:00 [running]> on host 1c13e5bf3b2c
[2022-09-01 09:55:01,910] {taskinstance.py:1426} INFO - Exporting the following env vars:
AIRFLOW_CTX_DAG_OWNER=***
AIRFLOW_CTX_DAG_ID=gcs_2_bq_dag
AIRFLOW_CTX_TASK_ID=gcs_2_bq_external_task
AIRFLOW_CTX_EXECUTION_DATE=2022-09-01T09:00:00.470838+00:00
AIRFLOW_CTX_DAG_RUN_ID=manual__2022-09-01T09:00:00.470838+00:00
[2022-09-01 09:55:01,911] {crypto.py:82} WARNING - empty cryptography key - values will not be stored encrypted.
[2022-09-01 09:55:02,498] {taskinstance.py:1277} INFO - Marking task as SUCCESS. dag_id=gcs_2_bq_dag, task_id=gcs_2_bq_external_task, execution_date=20220901T090000, start_date=20220901T095501, end_date=20220901T095502
[2022-09-01 09:55:02,544] {local_task_job.py:154} INFO - Task exited with return code 0
[2022-09-01 09:55:02,567] {local_task_job.py:264} INFO - 0 downstream tasks scheduled from follow-on schedule check
