[2022-09-01 09:02:33,780] {taskinstance.py:1032} INFO - Dependencies all met for <TaskInstance: gcs_2_bq_dag.gcs_2_bq_external_task manual__2022-09-01T09:00:00.470838+00:00 [queued]>
[2022-09-01 09:02:33,787] {taskinstance.py:1032} INFO - Dependencies all met for <TaskInstance: gcs_2_bq_dag.gcs_2_bq_external_task manual__2022-09-01T09:00:00.470838+00:00 [queued]>
[2022-09-01 09:02:33,787] {taskinstance.py:1238} INFO - 
--------------------------------------------------------------------------------
[2022-09-01 09:02:33,788] {taskinstance.py:1239} INFO - Starting attempt 4 of 4
[2022-09-01 09:02:33,788] {taskinstance.py:1240} INFO - 
--------------------------------------------------------------------------------
[2022-09-01 09:02:33,797] {taskinstance.py:1259} INFO - Executing <Task(BigQueryCreateExternalTableOperator): gcs_2_bq_external_task> on 2022-09-01 09:00:00.470838+00:00
[2022-09-01 09:02:33,802] {standard_task_runner.py:52} INFO - Started process 2543 to run task
[2022-09-01 09:02:33,804] {standard_task_runner.py:76} INFO - Running: ['***', 'tasks', 'run', 'gcs_2_bq_dag', 'gcs_2_bq_external_task', 'manual__2022-09-01T09:00:00.470838+00:00', '--job-id', '258', '--raw', '--subdir', 'DAGS_FOLDER/gcs_2_bq_dag.py', '--cfg-path', '/tmp/tmpdt0lrq0_', '--error-file', '/tmp/tmp7r8014ov']
[2022-09-01 09:02:33,804] {standard_task_runner.py:77} INFO - Job 258: Subtask gcs_2_bq_external_task
[2022-09-01 09:02:33,844] {logging_mixin.py:109} INFO - Running <TaskInstance: gcs_2_bq_dag.gcs_2_bq_external_task manual__2022-09-01T09:00:00.470838+00:00 [running]> on host 1c13e5bf3b2c
[2022-09-01 09:02:33,886] {taskinstance.py:1426} INFO - Exporting the following env vars:
AIRFLOW_CTX_DAG_OWNER=***
AIRFLOW_CTX_DAG_ID=gcs_2_bq_dag
AIRFLOW_CTX_TASK_ID=gcs_2_bq_external_task
AIRFLOW_CTX_EXECUTION_DATE=2022-09-01T09:00:00.470838+00:00
AIRFLOW_CTX_DAG_RUN_ID=manual__2022-09-01T09:00:00.470838+00:00
[2022-09-01 09:02:33,888] {crypto.py:82} WARNING - empty cryptography key - values will not be stored encrypted.
[2022-09-01 09:02:34,313] {taskinstance.py:1277} INFO - Marking task as SUCCESS. dag_id=gcs_2_bq_dag, task_id=gcs_2_bq_external_task, execution_date=20220901T090000, start_date=20220901T090233, end_date=20220901T090234
[2022-09-01 09:02:34,337] {local_task_job.py:154} INFO - Task exited with return code 0
[2022-09-01 09:02:34,360] {local_task_job.py:264} INFO - 1 downstream tasks scheduled from follow-on schedule check
