[2022-08-18 14:43:17,261] {taskinstance.py:1032} INFO - Dependencies all met for <TaskInstance: fhv_taxi_data_ingest.bigquery_external_table_task scheduled__2021-01-01T01:00:00+00:00 [queued]>
[2022-08-18 14:43:17,268] {taskinstance.py:1032} INFO - Dependencies all met for <TaskInstance: fhv_taxi_data_ingest.bigquery_external_table_task scheduled__2021-01-01T01:00:00+00:00 [queued]>
[2022-08-18 14:43:17,269] {taskinstance.py:1238} INFO - 
--------------------------------------------------------------------------------
[2022-08-18 14:43:17,269] {taskinstance.py:1239} INFO - Starting attempt 1 of 1
[2022-08-18 14:43:17,269] {taskinstance.py:1240} INFO - 
--------------------------------------------------------------------------------
[2022-08-18 14:43:17,280] {taskinstance.py:1259} INFO - Executing <Task(BigQueryCreateExternalTableOperator): bigquery_external_table_task> on 2021-01-01 01:00:00+00:00
[2022-08-18 14:43:17,285] {standard_task_runner.py:52} INFO - Started process 17377 to run task
[2022-08-18 14:43:17,287] {standard_task_runner.py:76} INFO - Running: ['***', 'tasks', 'run', 'fhv_taxi_data_ingest', 'bigquery_external_table_task', 'scheduled__2021-01-01T01:00:00+00:00', '--job-id', '132', '--pool', 'default_pool', '--raw', '--subdir', 'DAGS_FOLDER/fhv_data_ingest_dag.py', '--cfg-path', '/tmp/tmpom1qjlp2', '--error-file', '/tmp/tmps_irm52j']
[2022-08-18 14:43:17,288] {standard_task_runner.py:77} INFO - Job 132: Subtask bigquery_external_table_task
[2022-08-18 14:43:17,326] {logging_mixin.py:109} INFO - Running <TaskInstance: fhv_taxi_data_ingest.bigquery_external_table_task scheduled__2021-01-01T01:00:00+00:00 [running]> on host 18f0cb155a4e
[2022-08-18 14:43:17,355] {warnings.py:110} WARNING - /home/***/.local/lib/python3.7/site-packages/***/utils/context.py:152: AirflowContextDeprecationWarning: Accessing 'execution_date' from the template is deprecated and will be removed in a future version. Please use 'data_interval_start' or 'logical_date' instead.
  warnings.warn(_create_deprecation_warning(key, self._deprecation_replacements[key]))

[2022-08-18 14:43:17,374] {taskinstance.py:1426} INFO - Exporting the following env vars:
AIRFLOW_CTX_DAG_OWNER=***
AIRFLOW_CTX_DAG_ID=fhv_taxi_data_ingest
AIRFLOW_CTX_TASK_ID=bigquery_external_table_task
AIRFLOW_CTX_EXECUTION_DATE=2021-01-01T01:00:00+00:00
AIRFLOW_CTX_DAG_RUN_ID=scheduled__2021-01-01T01:00:00+00:00
[2022-08-18 14:43:17,374] {crypto.py:82} WARNING - empty cryptography key - values will not be stored encrypted.
[2022-08-18 14:43:18,111] {taskinstance.py:1277} INFO - Marking task as SUCCESS. dag_id=fhv_taxi_data_ingest, task_id=bigquery_external_table_task, execution_date=20210101T010000, start_date=20220818T144317, end_date=20220818T144318
[2022-08-18 14:43:18,141] {local_task_job.py:154} INFO - Task exited with return code 0
[2022-08-18 14:43:18,164] {local_task_job.py:264} INFO - 0 downstream tasks scheduled from follow-on schedule check
