[2022-08-18 14:42:37,451] {taskinstance.py:1032} INFO - Dependencies all met for <TaskInstance: fhv_taxi_data_ingest.download_dataset_task scheduled__2021-01-01T01:00:00+00:00 [queued]>
[2022-08-18 14:42:37,460] {taskinstance.py:1032} INFO - Dependencies all met for <TaskInstance: fhv_taxi_data_ingest.download_dataset_task scheduled__2021-01-01T01:00:00+00:00 [queued]>
[2022-08-18 14:42:37,461] {taskinstance.py:1238} INFO - 
--------------------------------------------------------------------------------
[2022-08-18 14:42:37,461] {taskinstance.py:1239} INFO - Starting attempt 1 of 1
[2022-08-18 14:42:37,461] {taskinstance.py:1240} INFO - 
--------------------------------------------------------------------------------
[2022-08-18 14:42:37,474] {taskinstance.py:1259} INFO - Executing <Task(BashOperator): download_dataset_task> on 2021-01-01 01:00:00+00:00
[2022-08-18 14:42:37,480] {standard_task_runner.py:52} INFO - Started process 17322 to run task
[2022-08-18 14:42:37,483] {standard_task_runner.py:76} INFO - Running: ['***', 'tasks', 'run', 'fhv_taxi_data_ingest', 'download_dataset_task', 'scheduled__2021-01-01T01:00:00+00:00', '--job-id', '126', '--pool', 'default_pool', '--raw', '--subdir', 'DAGS_FOLDER/fhv_data_ingest_dag.py', '--cfg-path', '/tmp/tmpw_qiclpt', '--error-file', '/tmp/tmp37okybt_']
[2022-08-18 14:42:37,483] {standard_task_runner.py:77} INFO - Job 126: Subtask download_dataset_task
[2022-08-18 14:42:37,538] {logging_mixin.py:109} INFO - Running <TaskInstance: fhv_taxi_data_ingest.download_dataset_task scheduled__2021-01-01T01:00:00+00:00 [running]> on host 18f0cb155a4e
[2022-08-18 14:42:37,576] {warnings.py:110} WARNING - /home/***/.local/lib/python3.7/site-packages/***/utils/context.py:152: AirflowContextDeprecationWarning: Accessing 'execution_date' from the template is deprecated and will be removed in a future version. Please use 'data_interval_start' or 'logical_date' instead.
  warnings.warn(_create_deprecation_warning(key, self._deprecation_replacements[key]))

[2022-08-18 14:42:37,595] {taskinstance.py:1426} INFO - Exporting the following env vars:
AIRFLOW_CTX_DAG_OWNER=***
AIRFLOW_CTX_DAG_ID=fhv_taxi_data_ingest
AIRFLOW_CTX_TASK_ID=download_dataset_task
AIRFLOW_CTX_EXECUTION_DATE=2021-01-01T01:00:00+00:00
AIRFLOW_CTX_DAG_RUN_ID=scheduled__2021-01-01T01:00:00+00:00
[2022-08-18 14:42:37,595] {subprocess.py:62} INFO - Tmp dir root location: 
 /tmp
[2022-08-18 14:42:37,596] {subprocess.py:74} INFO - Running command: ['bash', '-c', 'curl -sSLf https://d37ci6vzurychx.cloudfront.net/trip-data/fhv_tripdata_2021-01.parquet > /opt/***/fhv_tripdata_2021-01.parquet']
[2022-08-18 14:42:37,606] {subprocess.py:85} INFO - Output:
[2022-08-18 14:42:39,491] {subprocess.py:93} INFO - Command exited with return code 0
[2022-08-18 14:42:39,519] {taskinstance.py:1277} INFO - Marking task as SUCCESS. dag_id=fhv_taxi_data_ingest, task_id=download_dataset_task, execution_date=20210101T010000, start_date=20220818T144237, end_date=20220818T144239
[2022-08-18 14:42:39,541] {local_task_job.py:154} INFO - Task exited with return code 0
[2022-08-18 14:42:39,578] {local_task_job.py:264} INFO - 0 downstream tasks scheduled from follow-on schedule check
