[2022-09-01 14:42:26,186] {taskinstance.py:1032} INFO - Dependencies all met for <TaskInstance: gcs_2_bq_dag.gcs_to_gcs_yellow_task manual__2022-09-01T14:38:10.697414+00:00 [queued]>
[2022-09-01 14:42:26,194] {taskinstance.py:1032} INFO - Dependencies all met for <TaskInstance: gcs_2_bq_dag.gcs_to_gcs_yellow_task manual__2022-09-01T14:38:10.697414+00:00 [queued]>
[2022-09-01 14:42:26,194] {taskinstance.py:1238} INFO - 
--------------------------------------------------------------------------------
[2022-09-01 14:42:26,195] {taskinstance.py:1239} INFO - Starting attempt 2 of 2
[2022-09-01 14:42:26,195] {taskinstance.py:1240} INFO - 
--------------------------------------------------------------------------------
[2022-09-01 14:42:26,210] {taskinstance.py:1259} INFO - Executing <Task(GCSToGCSOperator): gcs_to_gcs_yellow_task> on 2022-09-01 14:38:10.697414+00:00
[2022-09-01 14:42:26,216] {standard_task_runner.py:52} INFO - Started process 523 to run task
[2022-09-01 14:42:26,218] {standard_task_runner.py:76} INFO - Running: ['***', 'tasks', 'run', 'gcs_2_bq_dag', 'gcs_to_gcs_yellow_task', 'manual__2022-09-01T14:38:10.697414+00:00', '--job-id', '340', '--raw', '--subdir', 'DAGS_FOLDER/gcs_2_bq_dag.py', '--cfg-path', '/tmp/tmpzjyrbe7k', '--error-file', '/tmp/tmply1o6r1d']
[2022-09-01 14:42:26,218] {standard_task_runner.py:77} INFO - Job 340: Subtask gcs_to_gcs_yellow_task
[2022-09-01 14:42:26,258] {logging_mixin.py:109} INFO - Running <TaskInstance: gcs_2_bq_dag.gcs_to_gcs_yellow_task manual__2022-09-01T14:38:10.697414+00:00 [running]> on host 6aef44a1cff5
[2022-09-01 14:42:26,292] {taskinstance.py:1426} INFO - Exporting the following env vars:
AIRFLOW_CTX_DAG_OWNER=***
AIRFLOW_CTX_DAG_ID=gcs_2_bq_dag
AIRFLOW_CTX_TASK_ID=gcs_to_gcs_yellow_task
AIRFLOW_CTX_EXECUTION_DATE=2022-09-01T14:38:10.697414+00:00
AIRFLOW_CTX_DAG_RUN_ID=manual__2022-09-01T14:38:10.697414+00:00
[2022-09-01 14:42:26,293] {crypto.py:82} WARNING - empty cryptography key - values will not be stored encrypted.
[2022-09-01 14:42:26,293] {gcs_to_gcs.py:346} INFO - Delimiter ignored because wildcard is in prefix
[2022-09-01 14:42:26,572] {gcs_to_gcs.py:431} INFO - Executing copy of gs://dtc_data_lake_polynomial-land/raw2/ to gs://dtc_data_lake_polynomial-land/yellow/
[2022-09-01 14:42:26,666] {gcs.py:251} INFO - Total Bytes: 0 | Bytes Written: 0
[2022-09-01 14:42:26,666] {gcs.py:264} INFO - Object raw2/ in bucket dtc_data_lake_polynomial-land rewritten to object yellow/ in bucket dtc_data_lake_polynomial-land
[2022-09-01 14:42:26,666] {gcs_to_gcs.py:431} INFO - Executing copy of gs://dtc_data_lake_polynomial-land/raw2/yellow_tripdata_2019-01.parquet to gs://dtc_data_lake_polynomial-land/yellow/yellow_tripdata_2019-01.parquet
[2022-09-01 14:42:26,774] {gcs.py:251} INFO - Total Bytes: 110439634 | Bytes Written: 110439634
[2022-09-01 14:42:26,774] {gcs.py:264} INFO - Object raw2/yellow_tripdata_2019-01.parquet in bucket dtc_data_lake_polynomial-land rewritten to object yellow/yellow_tripdata_2019-01.parquet in bucket dtc_data_lake_polynomial-land
[2022-09-01 14:42:26,774] {gcs_to_gcs.py:431} INFO - Executing copy of gs://dtc_data_lake_polynomial-land/raw2/yellow_tripdata_2020-01.parquet to gs://dtc_data_lake_polynomial-land/yellow/yellow_tripdata_2020-01.parquet
[2022-09-01 14:42:26,954] {gcs.py:251} INFO - Total Bytes: 93562858 | Bytes Written: 93562858
[2022-09-01 14:42:26,954] {gcs.py:264} INFO - Object raw2/yellow_tripdata_2020-01.parquet in bucket dtc_data_lake_polynomial-land rewritten to object yellow/yellow_tripdata_2020-01.parquet in bucket dtc_data_lake_polynomial-land
[2022-09-01 14:42:26,954] {gcs_to_gcs.py:431} INFO - Executing copy of gs://dtc_data_lake_polynomial-land/raw2/yellow_tripdata_2021-01.parquet to gs://dtc_data_lake_polynomial-land/yellow/yellow_tripdata_2021-01.parquet
[2022-09-01 14:42:27,052] {gcs.py:251} INFO - Total Bytes: 21686067 | Bytes Written: 21686067
[2022-09-01 14:42:27,052] {gcs.py:264} INFO - Object raw2/yellow_tripdata_2021-01.parquet in bucket dtc_data_lake_polynomial-land rewritten to object yellow/yellow_tripdata_2021-01.parquet in bucket dtc_data_lake_polynomial-land
[2022-09-01 14:42:27,060] {taskinstance.py:1277} INFO - Marking task as SUCCESS. dag_id=gcs_2_bq_dag, task_id=gcs_to_gcs_yellow_task, execution_date=20220901T143810, start_date=20220901T144226, end_date=20220901T144227
[2022-09-01 14:42:27,073] {local_task_job.py:154} INFO - Task exited with return code 0
[2022-09-01 14:42:27,096] {local_task_job.py:264} INFO - 1 downstream tasks scheduled from follow-on schedule check
