[2022-08-09 15:08:53,897] {taskinstance.py:1032} INFO - Dependencies all met for <TaskInstance: data_ingestion_gcs_dag.local_to_gcs_task manual__2022-08-09T15:08:49.028573+00:00 [queued]>
[2022-08-09 15:08:53,903] {taskinstance.py:1032} INFO - Dependencies all met for <TaskInstance: data_ingestion_gcs_dag.local_to_gcs_task manual__2022-08-09T15:08:49.028573+00:00 [queued]>
[2022-08-09 15:08:53,903] {taskinstance.py:1238} INFO - 
--------------------------------------------------------------------------------
[2022-08-09 15:08:53,903] {taskinstance.py:1239} INFO - Starting attempt 1 of 2
[2022-08-09 15:08:53,903] {taskinstance.py:1240} INFO - 
--------------------------------------------------------------------------------
[2022-08-09 15:08:53,913] {taskinstance.py:1259} INFO - Executing <Task(PythonOperator): local_to_gcs_task> on 2022-08-09 15:08:49.028573+00:00
[2022-08-09 15:08:53,918] {standard_task_runner.py:52} INFO - Started process 94 to run task
[2022-08-09 15:08:53,919] {standard_task_runner.py:76} INFO - Running: ['***', 'tasks', 'run', 'data_ingestion_gcs_dag', 'local_to_gcs_task', 'manual__2022-08-09T15:08:49.028573+00:00', '--job-id', '24', '--raw', '--subdir', 'DAGS_FOLDER/data_ingestion_gcs_dag.py', '--cfg-path', '/tmp/tmpqxunbhbt', '--error-file', '/tmp/tmp70xp2s_m']
[2022-08-09 15:08:53,920] {standard_task_runner.py:77} INFO - Job 24: Subtask local_to_gcs_task
[2022-08-09 15:08:53,956] {logging_mixin.py:109} INFO - Running <TaskInstance: data_ingestion_gcs_dag.local_to_gcs_task manual__2022-08-09T15:08:49.028573+00:00 [running]> on host 46e66e22abd6
[2022-08-09 15:08:53,995] {taskinstance.py:1426} INFO - Exporting the following env vars:
AIRFLOW_CTX_DAG_OWNER=***
AIRFLOW_CTX_DAG_ID=data_ingestion_gcs_dag
AIRFLOW_CTX_TASK_ID=local_to_gcs_task
AIRFLOW_CTX_EXECUTION_DATE=2022-08-09T15:08:49.028573+00:00
AIRFLOW_CTX_DAG_RUN_ID=manual__2022-08-09T15:08:49.028573+00:00
[2022-08-09 15:09:12,214] {python.py:175} INFO - Done. Returned value was: None
[2022-08-09 15:09:12,225] {taskinstance.py:1277} INFO - Marking task as SUCCESS. dag_id=data_ingestion_gcs_dag, task_id=local_to_gcs_task, execution_date=20220809T150849, start_date=20220809T150853, end_date=20220809T150912
[2022-08-09 15:09:12,249] {local_task_job.py:154} INFO - Task exited with return code 0
[2022-08-09 15:09:12,277] {local_task_job.py:264} INFO - 1 downstream tasks scheduled from follow-on schedule check
