[2022-08-18 11:16:10,966] {taskinstance.py:1032} INFO - Dependencies all met for <TaskInstance: green_taxi_data_ingest.download_dataset_task scheduled__2020-01-01T01:00:00+00:00 [queued]>
[2022-08-18 11:16:10,975] {taskinstance.py:1032} INFO - Dependencies all met for <TaskInstance: green_taxi_data_ingest.download_dataset_task scheduled__2020-01-01T01:00:00+00:00 [queued]>
[2022-08-18 11:16:10,975] {taskinstance.py:1238} INFO - 
--------------------------------------------------------------------------------
[2022-08-18 11:16:10,975] {taskinstance.py:1239} INFO - Starting attempt 1 of 2
[2022-08-18 11:16:10,975] {taskinstance.py:1240} INFO - 
--------------------------------------------------------------------------------
[2022-08-18 11:16:10,987] {taskinstance.py:1259} INFO - Executing <Task(BashOperator): download_dataset_task> on 2020-01-01 01:00:00+00:00
[2022-08-18 11:16:10,992] {standard_task_runner.py:52} INFO - Started process 11124 to run task
[2022-08-18 11:16:10,994] {standard_task_runner.py:76} INFO - Running: ['***', 'tasks', 'run', 'green_taxi_data_ingest', 'download_dataset_task', 'scheduled__2020-01-01T01:00:00+00:00', '--job-id', '115', '--pool', 'default_pool', '--raw', '--subdir', 'DAGS_FOLDER/green_taxi_data_ingest_dag.py', '--cfg-path', '/tmp/tmp0nxpf4ac', '--error-file', '/tmp/tmp70q__9zz']
[2022-08-18 11:16:10,995] {standard_task_runner.py:77} INFO - Job 115: Subtask download_dataset_task
[2022-08-18 11:16:11,045] {logging_mixin.py:109} INFO - Running <TaskInstance: green_taxi_data_ingest.download_dataset_task scheduled__2020-01-01T01:00:00+00:00 [running]> on host 18f0cb155a4e
[2022-08-18 11:16:11,074] {warnings.py:110} WARNING - /home/***/.local/lib/python3.7/site-packages/***/utils/context.py:152: AirflowContextDeprecationWarning: Accessing 'execution_date' from the template is deprecated and will be removed in a future version. Please use 'data_interval_start' or 'logical_date' instead.
  warnings.warn(_create_deprecation_warning(key, self._deprecation_replacements[key]))

[2022-08-18 11:16:11,091] {taskinstance.py:1426} INFO - Exporting the following env vars:
AIRFLOW_CTX_DAG_OWNER=***
AIRFLOW_CTX_DAG_ID=green_taxi_data_ingest
AIRFLOW_CTX_TASK_ID=download_dataset_task
AIRFLOW_CTX_EXECUTION_DATE=2020-01-01T01:00:00+00:00
AIRFLOW_CTX_DAG_RUN_ID=scheduled__2020-01-01T01:00:00+00:00
[2022-08-18 11:16:11,091] {subprocess.py:62} INFO - Tmp dir root location: 
 /tmp
[2022-08-18 11:16:11,092] {subprocess.py:74} INFO - Running command: ['bash', '-c', 'curl -sSLf https://d37ci6vzurychx.cloudfront.net/trip-data/green_tripdata_2020-01.parquet > /opt/***/green_tripdata_2020-01.parquet']
[2022-08-18 11:16:11,103] {subprocess.py:85} INFO - Output:
[2022-08-18 11:16:13,082] {subprocess.py:93} INFO - Command exited with return code 0
[2022-08-18 11:16:13,127] {taskinstance.py:1277} INFO - Marking task as SUCCESS. dag_id=green_taxi_data_ingest, task_id=download_dataset_task, execution_date=20200101T010000, start_date=20220818T111610, end_date=20220818T111613
[2022-08-18 11:16:13,172] {local_task_job.py:154} INFO - Task exited with return code 0
[2022-08-18 11:16:13,217] {local_task_job.py:264} INFO - 0 downstream tasks scheduled from follow-on schedule check
