[2022-08-18 07:21:49,740] {processor.py:163} INFO - Started process (PID=30) to work on /opt/airflow/dags/data_ingestion_gcs_dag.py
[2022-08-18 07:21:49,741] {processor.py:642} INFO - Processing file /opt/airflow/dags/data_ingestion_gcs_dag.py for tasks to queue
[2022-08-18 07:21:49,742] {logging_mixin.py:109} INFO - [2022-08-18 07:21:49,742] {dagbag.py:500} INFO - Filling up the DagBag from /opt/airflow/dags/data_ingestion_gcs_dag.py
[2022-08-18 07:21:51,651] {processor.py:654} INFO - DAG(s) dict_keys(['data_ingestion_gcs_dag']) retrieved from /opt/airflow/dags/data_ingestion_gcs_dag.py
[2022-08-18 07:21:52,130] {logging_mixin.py:109} INFO - [2022-08-18 07:21:52,130] {dag.py:2396} INFO - Sync 1 DAGs
[2022-08-18 07:21:52,143] {logging_mixin.py:109} INFO - [2022-08-18 07:21:52,142] {dag.py:2935} INFO - Setting next_dagrun for data_ingestion_gcs_dag to 2022-08-17 00:00:00+00:00
[2022-08-18 07:21:52,162] {processor.py:171} INFO - Processing /opt/airflow/dags/data_ingestion_gcs_dag.py took 2.423 seconds
[2022-08-18 07:22:22,213] {processor.py:163} INFO - Started process (PID=70) to work on /opt/airflow/dags/data_ingestion_gcs_dag.py
[2022-08-18 07:22:22,214] {processor.py:642} INFO - Processing file /opt/airflow/dags/data_ingestion_gcs_dag.py for tasks to queue
[2022-08-18 07:22:22,215] {logging_mixin.py:109} INFO - [2022-08-18 07:22:22,214] {dagbag.py:500} INFO - Filling up the DagBag from /opt/airflow/dags/data_ingestion_gcs_dag.py
[2022-08-18 07:22:22,707] {processor.py:654} INFO - DAG(s) dict_keys(['data_ingestion_gcs_dag']) retrieved from /opt/airflow/dags/data_ingestion_gcs_dag.py
[2022-08-18 07:22:22,712] {logging_mixin.py:109} INFO - [2022-08-18 07:22:22,712] {dag.py:2396} INFO - Sync 1 DAGs
[2022-08-18 07:22:22,722] {logging_mixin.py:109} INFO - [2022-08-18 07:22:22,722] {dag.py:2935} INFO - Setting next_dagrun for data_ingestion_gcs_dag to 2022-08-18T00:00:00+00:00
[2022-08-18 07:22:22,731] {processor.py:171} INFO - Processing /opt/airflow/dags/data_ingestion_gcs_dag.py took 0.519 seconds
[2022-08-18 07:22:52,782] {processor.py:163} INFO - Started process (PID=110) to work on /opt/airflow/dags/data_ingestion_gcs_dag.py
[2022-08-18 07:22:52,783] {processor.py:642} INFO - Processing file /opt/airflow/dags/data_ingestion_gcs_dag.py for tasks to queue
[2022-08-18 07:22:52,784] {logging_mixin.py:109} INFO - [2022-08-18 07:22:52,784] {dagbag.py:500} INFO - Filling up the DagBag from /opt/airflow/dags/data_ingestion_gcs_dag.py
[2022-08-18 07:22:53,331] {processor.py:654} INFO - DAG(s) dict_keys(['data_ingestion_gcs_dag']) retrieved from /opt/airflow/dags/data_ingestion_gcs_dag.py
[2022-08-18 07:22:53,338] {logging_mixin.py:109} INFO - [2022-08-18 07:22:53,338] {dag.py:2396} INFO - Sync 1 DAGs
[2022-08-18 07:22:53,349] {logging_mixin.py:109} INFO - [2022-08-18 07:22:53,349] {dag.py:2935} INFO - Setting next_dagrun for data_ingestion_gcs_dag to 2022-08-18T00:00:00+00:00
[2022-08-18 07:22:53,359] {processor.py:171} INFO - Processing /opt/airflow/dags/data_ingestion_gcs_dag.py took 0.579 seconds
[2022-08-18 07:23:23,404] {processor.py:163} INFO - Started process (PID=141) to work on /opt/airflow/dags/data_ingestion_gcs_dag.py
[2022-08-18 07:23:23,405] {processor.py:642} INFO - Processing file /opt/airflow/dags/data_ingestion_gcs_dag.py for tasks to queue
[2022-08-18 07:23:23,406] {logging_mixin.py:109} INFO - [2022-08-18 07:23:23,406] {dagbag.py:500} INFO - Filling up the DagBag from /opt/airflow/dags/data_ingestion_gcs_dag.py
[2022-08-18 07:23:23,896] {processor.py:654} INFO - DAG(s) dict_keys(['data_ingestion_gcs_dag']) retrieved from /opt/airflow/dags/data_ingestion_gcs_dag.py
[2022-08-18 07:23:23,903] {logging_mixin.py:109} INFO - [2022-08-18 07:23:23,903] {dag.py:2396} INFO - Sync 1 DAGs
[2022-08-18 07:23:23,916] {logging_mixin.py:109} INFO - [2022-08-18 07:23:23,916] {dag.py:2935} INFO - Setting next_dagrun for data_ingestion_gcs_dag to 2022-08-18T00:00:00+00:00
[2022-08-18 07:23:23,928] {processor.py:171} INFO - Processing /opt/airflow/dags/data_ingestion_gcs_dag.py took 0.525 seconds
[2022-08-18 07:23:53,984] {processor.py:163} INFO - Started process (PID=181) to work on /opt/airflow/dags/data_ingestion_gcs_dag.py
[2022-08-18 07:23:53,985] {processor.py:642} INFO - Processing file /opt/airflow/dags/data_ingestion_gcs_dag.py for tasks to queue
[2022-08-18 07:23:53,985] {logging_mixin.py:109} INFO - [2022-08-18 07:23:53,985] {dagbag.py:500} INFO - Filling up the DagBag from /opt/airflow/dags/data_ingestion_gcs_dag.py
[2022-08-18 07:23:54,485] {processor.py:654} INFO - DAG(s) dict_keys(['data_ingestion_gcs_dag']) retrieved from /opt/airflow/dags/data_ingestion_gcs_dag.py
[2022-08-18 07:23:54,491] {logging_mixin.py:109} INFO - [2022-08-18 07:23:54,490] {dag.py:2396} INFO - Sync 1 DAGs
[2022-08-18 07:23:54,501] {logging_mixin.py:109} INFO - [2022-08-18 07:23:54,501] {dag.py:2935} INFO - Setting next_dagrun for data_ingestion_gcs_dag to 2022-08-18T00:00:00+00:00
[2022-08-18 07:23:54,511] {processor.py:171} INFO - Processing /opt/airflow/dags/data_ingestion_gcs_dag.py took 0.529 seconds
[2022-08-18 07:24:24,550] {processor.py:163} INFO - Started process (PID=221) to work on /opt/airflow/dags/data_ingestion_gcs_dag.py
[2022-08-18 07:24:24,551] {processor.py:642} INFO - Processing file /opt/airflow/dags/data_ingestion_gcs_dag.py for tasks to queue
[2022-08-18 07:24:24,552] {logging_mixin.py:109} INFO - [2022-08-18 07:24:24,551] {dagbag.py:500} INFO - Filling up the DagBag from /opt/airflow/dags/data_ingestion_gcs_dag.py
[2022-08-18 07:24:25,109] {processor.py:654} INFO - DAG(s) dict_keys(['data_ingestion_gcs_dag']) retrieved from /opt/airflow/dags/data_ingestion_gcs_dag.py
[2022-08-18 07:24:25,116] {logging_mixin.py:109} INFO - [2022-08-18 07:24:25,116] {dag.py:2396} INFO - Sync 1 DAGs
[2022-08-18 07:24:25,132] {logging_mixin.py:109} INFO - [2022-08-18 07:24:25,132] {dag.py:2935} INFO - Setting next_dagrun for data_ingestion_gcs_dag to 2022-08-18T00:00:00+00:00
[2022-08-18 07:24:25,143] {processor.py:171} INFO - Processing /opt/airflow/dags/data_ingestion_gcs_dag.py took 0.596 seconds
[2022-08-18 07:24:55,213] {processor.py:163} INFO - Started process (PID=252) to work on /opt/airflow/dags/data_ingestion_gcs_dag.py
[2022-08-18 07:24:55,214] {processor.py:642} INFO - Processing file /opt/airflow/dags/data_ingestion_gcs_dag.py for tasks to queue
[2022-08-18 07:24:55,215] {logging_mixin.py:109} INFO - [2022-08-18 07:24:55,215] {dagbag.py:500} INFO - Filling up the DagBag from /opt/airflow/dags/data_ingestion_gcs_dag.py
[2022-08-18 07:24:55,720] {processor.py:654} INFO - DAG(s) dict_keys(['data_ingestion_gcs_dag']) retrieved from /opt/airflow/dags/data_ingestion_gcs_dag.py
[2022-08-18 07:24:55,727] {logging_mixin.py:109} INFO - [2022-08-18 07:24:55,727] {dag.py:2396} INFO - Sync 1 DAGs
[2022-08-18 07:24:55,740] {logging_mixin.py:109} INFO - [2022-08-18 07:24:55,740] {dag.py:2935} INFO - Setting next_dagrun for data_ingestion_gcs_dag to 2022-08-18T00:00:00+00:00
[2022-08-18 07:24:55,750] {processor.py:171} INFO - Processing /opt/airflow/dags/data_ingestion_gcs_dag.py took 0.539 seconds
[2022-08-18 07:25:25,799] {processor.py:163} INFO - Started process (PID=292) to work on /opt/airflow/dags/data_ingestion_gcs_dag.py
[2022-08-18 07:25:25,800] {processor.py:642} INFO - Processing file /opt/airflow/dags/data_ingestion_gcs_dag.py for tasks to queue
[2022-08-18 07:25:25,800] {logging_mixin.py:109} INFO - [2022-08-18 07:25:25,800] {dagbag.py:500} INFO - Filling up the DagBag from /opt/airflow/dags/data_ingestion_gcs_dag.py
[2022-08-18 07:25:26,285] {processor.py:654} INFO - DAG(s) dict_keys(['data_ingestion_gcs_dag']) retrieved from /opt/airflow/dags/data_ingestion_gcs_dag.py
[2022-08-18 07:25:26,290] {logging_mixin.py:109} INFO - [2022-08-18 07:25:26,290] {dag.py:2396} INFO - Sync 1 DAGs
[2022-08-18 07:25:26,302] {logging_mixin.py:109} INFO - [2022-08-18 07:25:26,302] {dag.py:2935} INFO - Setting next_dagrun for data_ingestion_gcs_dag to 2022-08-18T00:00:00+00:00
[2022-08-18 07:25:26,310] {processor.py:171} INFO - Processing /opt/airflow/dags/data_ingestion_gcs_dag.py took 0.512 seconds
[2022-08-18 07:25:56,361] {processor.py:163} INFO - Started process (PID=332) to work on /opt/airflow/dags/data_ingestion_gcs_dag.py
[2022-08-18 07:25:56,362] {processor.py:642} INFO - Processing file /opt/airflow/dags/data_ingestion_gcs_dag.py for tasks to queue
[2022-08-18 07:25:56,363] {logging_mixin.py:109} INFO - [2022-08-18 07:25:56,363] {dagbag.py:500} INFO - Filling up the DagBag from /opt/airflow/dags/data_ingestion_gcs_dag.py
[2022-08-18 07:25:56,870] {processor.py:654} INFO - DAG(s) dict_keys(['data_ingestion_gcs_dag']) retrieved from /opt/airflow/dags/data_ingestion_gcs_dag.py
[2022-08-18 07:25:56,876] {logging_mixin.py:109} INFO - [2022-08-18 07:25:56,876] {dag.py:2396} INFO - Sync 1 DAGs
[2022-08-18 07:25:56,888] {logging_mixin.py:109} INFO - [2022-08-18 07:25:56,888] {dag.py:2935} INFO - Setting next_dagrun for data_ingestion_gcs_dag to 2022-08-18T00:00:00+00:00
[2022-08-18 07:25:56,898] {processor.py:171} INFO - Processing /opt/airflow/dags/data_ingestion_gcs_dag.py took 0.538 seconds
[2022-08-18 07:26:26,940] {processor.py:163} INFO - Started process (PID=363) to work on /opt/airflow/dags/data_ingestion_gcs_dag.py
[2022-08-18 07:26:26,941] {processor.py:642} INFO - Processing file /opt/airflow/dags/data_ingestion_gcs_dag.py for tasks to queue
[2022-08-18 07:26:26,941] {logging_mixin.py:109} INFO - [2022-08-18 07:26:26,941] {dagbag.py:500} INFO - Filling up the DagBag from /opt/airflow/dags/data_ingestion_gcs_dag.py
[2022-08-18 07:26:27,439] {processor.py:654} INFO - DAG(s) dict_keys(['data_ingestion_gcs_dag']) retrieved from /opt/airflow/dags/data_ingestion_gcs_dag.py
[2022-08-18 07:26:27,445] {logging_mixin.py:109} INFO - [2022-08-18 07:26:27,445] {dag.py:2396} INFO - Sync 1 DAGs
[2022-08-18 07:26:27,456] {logging_mixin.py:109} INFO - [2022-08-18 07:26:27,456] {dag.py:2935} INFO - Setting next_dagrun for data_ingestion_gcs_dag to 2022-08-18T00:00:00+00:00
[2022-08-18 07:26:27,464] {processor.py:171} INFO - Processing /opt/airflow/dags/data_ingestion_gcs_dag.py took 0.526 seconds
[2022-08-18 07:26:57,516] {processor.py:163} INFO - Started process (PID=403) to work on /opt/airflow/dags/data_ingestion_gcs_dag.py
[2022-08-18 07:26:57,517] {processor.py:642} INFO - Processing file /opt/airflow/dags/data_ingestion_gcs_dag.py for tasks to queue
[2022-08-18 07:26:57,517] {logging_mixin.py:109} INFO - [2022-08-18 07:26:57,517] {dagbag.py:500} INFO - Filling up the DagBag from /opt/airflow/dags/data_ingestion_gcs_dag.py
[2022-08-18 07:26:57,991] {processor.py:654} INFO - DAG(s) dict_keys(['data_ingestion_gcs_dag']) retrieved from /opt/airflow/dags/data_ingestion_gcs_dag.py
[2022-08-18 07:26:57,999] {logging_mixin.py:109} INFO - [2022-08-18 07:26:57,998] {dag.py:2396} INFO - Sync 1 DAGs
[2022-08-18 07:26:58,010] {logging_mixin.py:109} INFO - [2022-08-18 07:26:58,009] {dag.py:2935} INFO - Setting next_dagrun for data_ingestion_gcs_dag to 2022-08-18T00:00:00+00:00
[2022-08-18 07:26:58,021] {processor.py:171} INFO - Processing /opt/airflow/dags/data_ingestion_gcs_dag.py took 0.506 seconds
[2022-08-18 07:27:28,089] {processor.py:163} INFO - Started process (PID=434) to work on /opt/airflow/dags/data_ingestion_gcs_dag.py
[2022-08-18 07:27:28,090] {processor.py:642} INFO - Processing file /opt/airflow/dags/data_ingestion_gcs_dag.py for tasks to queue
[2022-08-18 07:27:28,090] {logging_mixin.py:109} INFO - [2022-08-18 07:27:28,090] {dagbag.py:500} INFO - Filling up the DagBag from /opt/airflow/dags/data_ingestion_gcs_dag.py
[2022-08-18 07:27:28,692] {processor.py:654} INFO - DAG(s) dict_keys(['data_ingestion_gcs_dag']) retrieved from /opt/airflow/dags/data_ingestion_gcs_dag.py
[2022-08-18 07:27:28,703] {logging_mixin.py:109} INFO - [2022-08-18 07:27:28,702] {dag.py:2396} INFO - Sync 1 DAGs
[2022-08-18 07:27:28,719] {logging_mixin.py:109} INFO - [2022-08-18 07:27:28,718] {dag.py:2935} INFO - Setting next_dagrun for data_ingestion_gcs_dag to 2022-08-18T00:00:00+00:00
[2022-08-18 07:27:28,731] {processor.py:171} INFO - Processing /opt/airflow/dags/data_ingestion_gcs_dag.py took 0.645 seconds
[2022-08-18 07:27:58,807] {processor.py:163} INFO - Started process (PID=474) to work on /opt/airflow/dags/data_ingestion_gcs_dag.py
[2022-08-18 07:27:58,808] {processor.py:642} INFO - Processing file /opt/airflow/dags/data_ingestion_gcs_dag.py for tasks to queue
[2022-08-18 07:27:58,808] {logging_mixin.py:109} INFO - [2022-08-18 07:27:58,808] {dagbag.py:500} INFO - Filling up the DagBag from /opt/airflow/dags/data_ingestion_gcs_dag.py
[2022-08-18 07:27:59,286] {processor.py:654} INFO - DAG(s) dict_keys(['data_ingestion_gcs_dag']) retrieved from /opt/airflow/dags/data_ingestion_gcs_dag.py
[2022-08-18 07:27:59,293] {logging_mixin.py:109} INFO - [2022-08-18 07:27:59,293] {dag.py:2396} INFO - Sync 1 DAGs
[2022-08-18 07:27:59,303] {logging_mixin.py:109} INFO - [2022-08-18 07:27:59,303] {dag.py:2935} INFO - Setting next_dagrun for data_ingestion_gcs_dag to 2022-08-18T00:00:00+00:00
[2022-08-18 07:27:59,311] {processor.py:171} INFO - Processing /opt/airflow/dags/data_ingestion_gcs_dag.py took 0.506 seconds
[2022-08-18 07:28:29,357] {processor.py:163} INFO - Started process (PID=514) to work on /opt/airflow/dags/data_ingestion_gcs_dag.py
[2022-08-18 07:28:29,358] {processor.py:642} INFO - Processing file /opt/airflow/dags/data_ingestion_gcs_dag.py for tasks to queue
[2022-08-18 07:28:29,359] {logging_mixin.py:109} INFO - [2022-08-18 07:28:29,359] {dagbag.py:500} INFO - Filling up the DagBag from /opt/airflow/dags/data_ingestion_gcs_dag.py
[2022-08-18 07:28:29,841] {processor.py:654} INFO - DAG(s) dict_keys(['data_ingestion_gcs_dag']) retrieved from /opt/airflow/dags/data_ingestion_gcs_dag.py
[2022-08-18 07:28:29,849] {logging_mixin.py:109} INFO - [2022-08-18 07:28:29,848] {dag.py:2396} INFO - Sync 1 DAGs
[2022-08-18 07:28:29,861] {logging_mixin.py:109} INFO - [2022-08-18 07:28:29,860] {dag.py:2935} INFO - Setting next_dagrun for data_ingestion_gcs_dag to 2022-08-18T00:00:00+00:00
[2022-08-18 07:28:29,869] {processor.py:171} INFO - Processing /opt/airflow/dags/data_ingestion_gcs_dag.py took 0.514 seconds
[2022-08-18 07:28:59,926] {processor.py:163} INFO - Started process (PID=545) to work on /opt/airflow/dags/data_ingestion_gcs_dag.py
[2022-08-18 07:28:59,926] {processor.py:642} INFO - Processing file /opt/airflow/dags/data_ingestion_gcs_dag.py for tasks to queue
[2022-08-18 07:28:59,927] {logging_mixin.py:109} INFO - [2022-08-18 07:28:59,926] {dagbag.py:500} INFO - Filling up the DagBag from /opt/airflow/dags/data_ingestion_gcs_dag.py
[2022-08-18 07:29:00,489] {processor.py:654} INFO - DAG(s) dict_keys(['data_ingestion_gcs_dag']) retrieved from /opt/airflow/dags/data_ingestion_gcs_dag.py
[2022-08-18 07:29:00,496] {logging_mixin.py:109} INFO - [2022-08-18 07:29:00,495] {dag.py:2396} INFO - Sync 1 DAGs
[2022-08-18 07:29:00,505] {logging_mixin.py:109} INFO - [2022-08-18 07:29:00,505] {dag.py:2935} INFO - Setting next_dagrun for data_ingestion_gcs_dag to 2022-08-18T00:00:00+00:00
[2022-08-18 07:29:00,513] {processor.py:171} INFO - Processing /opt/airflow/dags/data_ingestion_gcs_dag.py took 0.590 seconds
[2022-08-18 07:29:30,561] {processor.py:163} INFO - Started process (PID=585) to work on /opt/airflow/dags/data_ingestion_gcs_dag.py
[2022-08-18 07:29:30,562] {processor.py:642} INFO - Processing file /opt/airflow/dags/data_ingestion_gcs_dag.py for tasks to queue
[2022-08-18 07:29:30,562] {logging_mixin.py:109} INFO - [2022-08-18 07:29:30,562] {dagbag.py:500} INFO - Filling up the DagBag from /opt/airflow/dags/data_ingestion_gcs_dag.py
[2022-08-18 07:29:31,066] {processor.py:654} INFO - DAG(s) dict_keys(['data_ingestion_gcs_dag']) retrieved from /opt/airflow/dags/data_ingestion_gcs_dag.py
[2022-08-18 07:29:31,073] {logging_mixin.py:109} INFO - [2022-08-18 07:29:31,073] {dag.py:2396} INFO - Sync 1 DAGs
[2022-08-18 07:29:31,086] {logging_mixin.py:109} INFO - [2022-08-18 07:29:31,085] {dag.py:2935} INFO - Setting next_dagrun for data_ingestion_gcs_dag to 2022-08-18T00:00:00+00:00
[2022-08-18 07:29:31,096] {processor.py:171} INFO - Processing /opt/airflow/dags/data_ingestion_gcs_dag.py took 0.536 seconds
[2022-08-18 07:30:01,153] {processor.py:163} INFO - Started process (PID=625) to work on /opt/airflow/dags/data_ingestion_gcs_dag.py
[2022-08-18 07:30:01,153] {processor.py:642} INFO - Processing file /opt/airflow/dags/data_ingestion_gcs_dag.py for tasks to queue
[2022-08-18 07:30:01,154] {logging_mixin.py:109} INFO - [2022-08-18 07:30:01,154] {dagbag.py:500} INFO - Filling up the DagBag from /opt/airflow/dags/data_ingestion_gcs_dag.py
[2022-08-18 07:30:01,668] {processor.py:654} INFO - DAG(s) dict_keys(['data_ingestion_gcs_dag']) retrieved from /opt/airflow/dags/data_ingestion_gcs_dag.py
[2022-08-18 07:30:01,674] {logging_mixin.py:109} INFO - [2022-08-18 07:30:01,674] {dag.py:2396} INFO - Sync 1 DAGs
[2022-08-18 07:30:01,685] {logging_mixin.py:109} INFO - [2022-08-18 07:30:01,685] {dag.py:2935} INFO - Setting next_dagrun for data_ingestion_gcs_dag to 2022-08-18T00:00:00+00:00
[2022-08-18 07:30:01,693] {processor.py:171} INFO - Processing /opt/airflow/dags/data_ingestion_gcs_dag.py took 0.543 seconds
[2022-08-18 07:30:31,709] {processor.py:163} INFO - Started process (PID=656) to work on /opt/airflow/dags/data_ingestion_gcs_dag.py
[2022-08-18 07:30:31,710] {processor.py:642} INFO - Processing file /opt/airflow/dags/data_ingestion_gcs_dag.py for tasks to queue
[2022-08-18 07:30:31,710] {logging_mixin.py:109} INFO - [2022-08-18 07:30:31,710] {dagbag.py:500} INFO - Filling up the DagBag from /opt/airflow/dags/data_ingestion_gcs_dag.py
[2022-08-18 07:30:32,184] {processor.py:654} INFO - DAG(s) dict_keys(['data_ingestion_gcs_dag']) retrieved from /opt/airflow/dags/data_ingestion_gcs_dag.py
[2022-08-18 07:30:32,190] {logging_mixin.py:109} INFO - [2022-08-18 07:30:32,190] {dag.py:2396} INFO - Sync 1 DAGs
[2022-08-18 07:30:32,200] {logging_mixin.py:109} INFO - [2022-08-18 07:30:32,200] {dag.py:2935} INFO - Setting next_dagrun for data_ingestion_gcs_dag to 2022-08-18T00:00:00+00:00
[2022-08-18 07:30:32,208] {processor.py:171} INFO - Processing /opt/airflow/dags/data_ingestion_gcs_dag.py took 0.501 seconds
[2022-08-18 07:31:02,256] {processor.py:163} INFO - Started process (PID=697) to work on /opt/airflow/dags/data_ingestion_gcs_dag.py
[2022-08-18 07:31:02,257] {processor.py:642} INFO - Processing file /opt/airflow/dags/data_ingestion_gcs_dag.py for tasks to queue
[2022-08-18 07:31:02,257] {logging_mixin.py:109} INFO - [2022-08-18 07:31:02,257] {dagbag.py:500} INFO - Filling up the DagBag from /opt/airflow/dags/data_ingestion_gcs_dag.py
[2022-08-18 07:31:02,750] {processor.py:654} INFO - DAG(s) dict_keys(['data_ingestion_gcs_dag']) retrieved from /opt/airflow/dags/data_ingestion_gcs_dag.py
[2022-08-18 07:31:02,757] {logging_mixin.py:109} INFO - [2022-08-18 07:31:02,757] {dag.py:2396} INFO - Sync 1 DAGs
[2022-08-18 07:31:02,768] {logging_mixin.py:109} INFO - [2022-08-18 07:31:02,768] {dag.py:2935} INFO - Setting next_dagrun for data_ingestion_gcs_dag to 2022-08-18T00:00:00+00:00
[2022-08-18 07:31:02,777] {processor.py:171} INFO - Processing /opt/airflow/dags/data_ingestion_gcs_dag.py took 0.523 seconds
[2022-08-18 07:31:32,830] {processor.py:163} INFO - Started process (PID=737) to work on /opt/airflow/dags/data_ingestion_gcs_dag.py
[2022-08-18 07:31:32,832] {processor.py:642} INFO - Processing file /opt/airflow/dags/data_ingestion_gcs_dag.py for tasks to queue
[2022-08-18 07:31:32,832] {logging_mixin.py:109} INFO - [2022-08-18 07:31:32,832] {dagbag.py:500} INFO - Filling up the DagBag from /opt/airflow/dags/data_ingestion_gcs_dag.py
[2022-08-18 07:31:33,326] {processor.py:654} INFO - DAG(s) dict_keys(['data_ingestion_gcs_dag']) retrieved from /opt/airflow/dags/data_ingestion_gcs_dag.py
[2022-08-18 07:31:33,333] {logging_mixin.py:109} INFO - [2022-08-18 07:31:33,333] {dag.py:2396} INFO - Sync 1 DAGs
[2022-08-18 07:31:33,344] {logging_mixin.py:109} INFO - [2022-08-18 07:31:33,344] {dag.py:2935} INFO - Setting next_dagrun for data_ingestion_gcs_dag to 2022-08-18T00:00:00+00:00
[2022-08-18 07:31:33,353] {processor.py:171} INFO - Processing /opt/airflow/dags/data_ingestion_gcs_dag.py took 0.525 seconds
[2022-08-18 07:32:03,401] {processor.py:163} INFO - Started process (PID=768) to work on /opt/airflow/dags/data_ingestion_gcs_dag.py
[2022-08-18 07:32:03,402] {processor.py:642} INFO - Processing file /opt/airflow/dags/data_ingestion_gcs_dag.py for tasks to queue
[2022-08-18 07:32:03,402] {logging_mixin.py:109} INFO - [2022-08-18 07:32:03,402] {dagbag.py:500} INFO - Filling up the DagBag from /opt/airflow/dags/data_ingestion_gcs_dag.py
[2022-08-18 07:32:03,950] {processor.py:654} INFO - DAG(s) dict_keys(['data_ingestion_gcs_dag']) retrieved from /opt/airflow/dags/data_ingestion_gcs_dag.py
[2022-08-18 07:32:03,956] {logging_mixin.py:109} INFO - [2022-08-18 07:32:03,956] {dag.py:2396} INFO - Sync 1 DAGs
[2022-08-18 07:32:03,968] {logging_mixin.py:109} INFO - [2022-08-18 07:32:03,967] {dag.py:2935} INFO - Setting next_dagrun for data_ingestion_gcs_dag to 2022-08-18T00:00:00+00:00
[2022-08-18 07:32:03,978] {processor.py:171} INFO - Processing /opt/airflow/dags/data_ingestion_gcs_dag.py took 0.579 seconds
[2022-08-18 07:32:34,050] {processor.py:163} INFO - Started process (PID=808) to work on /opt/airflow/dags/data_ingestion_gcs_dag.py
[2022-08-18 07:32:34,051] {processor.py:642} INFO - Processing file /opt/airflow/dags/data_ingestion_gcs_dag.py for tasks to queue
[2022-08-18 07:32:34,051] {logging_mixin.py:109} INFO - [2022-08-18 07:32:34,051] {dagbag.py:500} INFO - Filling up the DagBag from /opt/airflow/dags/data_ingestion_gcs_dag.py
[2022-08-18 07:32:34,553] {processor.py:654} INFO - DAG(s) dict_keys(['data_ingestion_gcs_dag']) retrieved from /opt/airflow/dags/data_ingestion_gcs_dag.py
[2022-08-18 07:32:34,561] {logging_mixin.py:109} INFO - [2022-08-18 07:32:34,560] {dag.py:2396} INFO - Sync 1 DAGs
[2022-08-18 07:32:34,574] {logging_mixin.py:109} INFO - [2022-08-18 07:32:34,574] {dag.py:2935} INFO - Setting next_dagrun for data_ingestion_gcs_dag to 2022-08-18T00:00:00+00:00
[2022-08-18 07:32:34,584] {processor.py:171} INFO - Processing /opt/airflow/dags/data_ingestion_gcs_dag.py took 0.536 seconds
[2022-08-18 07:33:04,630] {processor.py:163} INFO - Started process (PID=848) to work on /opt/airflow/dags/data_ingestion_gcs_dag.py
[2022-08-18 07:33:04,630] {processor.py:642} INFO - Processing file /opt/airflow/dags/data_ingestion_gcs_dag.py for tasks to queue
[2022-08-18 07:33:04,631] {logging_mixin.py:109} INFO - [2022-08-18 07:33:04,630] {dagbag.py:500} INFO - Filling up the DagBag from /opt/airflow/dags/data_ingestion_gcs_dag.py
[2022-08-18 07:33:05,141] {processor.py:654} INFO - DAG(s) dict_keys(['data_ingestion_gcs_dag']) retrieved from /opt/airflow/dags/data_ingestion_gcs_dag.py
[2022-08-18 07:33:05,146] {logging_mixin.py:109} INFO - [2022-08-18 07:33:05,146] {dag.py:2396} INFO - Sync 1 DAGs
[2022-08-18 07:33:05,156] {logging_mixin.py:109} INFO - [2022-08-18 07:33:05,156] {dag.py:2935} INFO - Setting next_dagrun for data_ingestion_gcs_dag to 2022-08-18T00:00:00+00:00
[2022-08-18 07:33:05,164] {processor.py:171} INFO - Processing /opt/airflow/dags/data_ingestion_gcs_dag.py took 0.536 seconds
[2022-08-18 07:33:35,223] {processor.py:163} INFO - Started process (PID=879) to work on /opt/airflow/dags/data_ingestion_gcs_dag.py
[2022-08-18 07:33:35,224] {processor.py:642} INFO - Processing file /opt/airflow/dags/data_ingestion_gcs_dag.py for tasks to queue
[2022-08-18 07:33:35,224] {logging_mixin.py:109} INFO - [2022-08-18 07:33:35,224] {dagbag.py:500} INFO - Filling up the DagBag from /opt/airflow/dags/data_ingestion_gcs_dag.py
[2022-08-18 07:33:35,708] {processor.py:654} INFO - DAG(s) dict_keys(['data_ingestion_gcs_dag']) retrieved from /opt/airflow/dags/data_ingestion_gcs_dag.py
[2022-08-18 07:33:35,714] {logging_mixin.py:109} INFO - [2022-08-18 07:33:35,714] {dag.py:2396} INFO - Sync 1 DAGs
[2022-08-18 07:33:35,726] {logging_mixin.py:109} INFO - [2022-08-18 07:33:35,726] {dag.py:2935} INFO - Setting next_dagrun for data_ingestion_gcs_dag to 2022-08-18T00:00:00+00:00
[2022-08-18 07:33:35,735] {processor.py:171} INFO - Processing /opt/airflow/dags/data_ingestion_gcs_dag.py took 0.513 seconds
[2022-08-18 07:34:05,767] {processor.py:163} INFO - Started process (PID=919) to work on /opt/airflow/dags/data_ingestion_gcs_dag.py
[2022-08-18 07:34:05,768] {processor.py:642} INFO - Processing file /opt/airflow/dags/data_ingestion_gcs_dag.py for tasks to queue
[2022-08-18 07:34:05,768] {logging_mixin.py:109} INFO - [2022-08-18 07:34:05,768] {dagbag.py:500} INFO - Filling up the DagBag from /opt/airflow/dags/data_ingestion_gcs_dag.py
[2022-08-18 07:34:06,261] {processor.py:654} INFO - DAG(s) dict_keys(['data_ingestion_gcs_dag']) retrieved from /opt/airflow/dags/data_ingestion_gcs_dag.py
[2022-08-18 07:34:06,266] {logging_mixin.py:109} INFO - [2022-08-18 07:34:06,266] {dag.py:2396} INFO - Sync 1 DAGs
[2022-08-18 07:34:06,276] {logging_mixin.py:109} INFO - [2022-08-18 07:34:06,276] {dag.py:2935} INFO - Setting next_dagrun for data_ingestion_gcs_dag to 2022-08-18T00:00:00+00:00
[2022-08-18 07:34:06,284] {processor.py:171} INFO - Processing /opt/airflow/dags/data_ingestion_gcs_dag.py took 0.519 seconds
[2022-08-18 07:34:36,333] {processor.py:163} INFO - Started process (PID=951) to work on /opt/airflow/dags/data_ingestion_gcs_dag.py
[2022-08-18 07:34:36,333] {processor.py:642} INFO - Processing file /opt/airflow/dags/data_ingestion_gcs_dag.py for tasks to queue
[2022-08-18 07:34:36,334] {logging_mixin.py:109} INFO - [2022-08-18 07:34:36,334] {dagbag.py:500} INFO - Filling up the DagBag from /opt/airflow/dags/data_ingestion_gcs_dag.py
[2022-08-18 07:34:36,923] {processor.py:654} INFO - DAG(s) dict_keys(['data_ingestion_gcs_dag']) retrieved from /opt/airflow/dags/data_ingestion_gcs_dag.py
[2022-08-18 07:34:36,930] {logging_mixin.py:109} INFO - [2022-08-18 07:34:36,929] {dag.py:2396} INFO - Sync 1 DAGs
[2022-08-18 07:34:36,943] {logging_mixin.py:109} INFO - [2022-08-18 07:34:36,943] {dag.py:2935} INFO - Setting next_dagrun for data_ingestion_gcs_dag to 2022-08-18T00:00:00+00:00
[2022-08-18 07:34:36,955] {processor.py:171} INFO - Processing /opt/airflow/dags/data_ingestion_gcs_dag.py took 0.625 seconds
[2022-08-18 07:35:07,001] {processor.py:163} INFO - Started process (PID=991) to work on /opt/airflow/dags/data_ingestion_gcs_dag.py
[2022-08-18 07:35:07,002] {processor.py:642} INFO - Processing file /opt/airflow/dags/data_ingestion_gcs_dag.py for tasks to queue
[2022-08-18 07:35:07,003] {logging_mixin.py:109} INFO - [2022-08-18 07:35:07,003] {dagbag.py:500} INFO - Filling up the DagBag from /opt/airflow/dags/data_ingestion_gcs_dag.py
[2022-08-18 07:35:07,478] {processor.py:654} INFO - DAG(s) dict_keys(['data_ingestion_gcs_dag']) retrieved from /opt/airflow/dags/data_ingestion_gcs_dag.py
[2022-08-18 07:35:07,484] {logging_mixin.py:109} INFO - [2022-08-18 07:35:07,484] {dag.py:2396} INFO - Sync 1 DAGs
[2022-08-18 07:35:07,494] {logging_mixin.py:109} INFO - [2022-08-18 07:35:07,493] {dag.py:2935} INFO - Setting next_dagrun for data_ingestion_gcs_dag to 2022-08-18T00:00:00+00:00
[2022-08-18 07:35:07,501] {processor.py:171} INFO - Processing /opt/airflow/dags/data_ingestion_gcs_dag.py took 0.502 seconds
[2022-08-18 07:35:37,553] {processor.py:163} INFO - Started process (PID=1031) to work on /opt/airflow/dags/data_ingestion_gcs_dag.py
[2022-08-18 07:35:37,555] {processor.py:642} INFO - Processing file /opt/airflow/dags/data_ingestion_gcs_dag.py for tasks to queue
[2022-08-18 07:35:37,555] {logging_mixin.py:109} INFO - [2022-08-18 07:35:37,555] {dagbag.py:500} INFO - Filling up the DagBag from /opt/airflow/dags/data_ingestion_gcs_dag.py
[2022-08-18 07:35:38,074] {processor.py:654} INFO - DAG(s) dict_keys(['data_ingestion_gcs_dag']) retrieved from /opt/airflow/dags/data_ingestion_gcs_dag.py
[2022-08-18 07:35:38,080] {logging_mixin.py:109} INFO - [2022-08-18 07:35:38,080] {dag.py:2396} INFO - Sync 1 DAGs
[2022-08-18 07:35:38,092] {logging_mixin.py:109} INFO - [2022-08-18 07:35:38,092] {dag.py:2935} INFO - Setting next_dagrun for data_ingestion_gcs_dag to 2022-08-18T00:00:00+00:00
[2022-08-18 07:35:38,102] {processor.py:171} INFO - Processing /opt/airflow/dags/data_ingestion_gcs_dag.py took 0.550 seconds
[2022-08-18 07:36:08,142] {processor.py:163} INFO - Started process (PID=1062) to work on /opt/airflow/dags/data_ingestion_gcs_dag.py
[2022-08-18 07:36:08,143] {processor.py:642} INFO - Processing file /opt/airflow/dags/data_ingestion_gcs_dag.py for tasks to queue
[2022-08-18 07:36:08,143] {logging_mixin.py:109} INFO - [2022-08-18 07:36:08,143] {dagbag.py:500} INFO - Filling up the DagBag from /opt/airflow/dags/data_ingestion_gcs_dag.py
[2022-08-18 07:36:08,724] {processor.py:654} INFO - DAG(s) dict_keys(['data_ingestion_gcs_dag']) retrieved from /opt/airflow/dags/data_ingestion_gcs_dag.py
[2022-08-18 07:36:08,730] {logging_mixin.py:109} INFO - [2022-08-18 07:36:08,730] {dag.py:2396} INFO - Sync 1 DAGs
[2022-08-18 07:36:08,742] {logging_mixin.py:109} INFO - [2022-08-18 07:36:08,742] {dag.py:2935} INFO - Setting next_dagrun for data_ingestion_gcs_dag to 2022-08-18T00:00:00+00:00
[2022-08-18 07:36:08,753] {processor.py:171} INFO - Processing /opt/airflow/dags/data_ingestion_gcs_dag.py took 0.612 seconds
[2022-08-18 07:36:38,823] {processor.py:163} INFO - Started process (PID=1102) to work on /opt/airflow/dags/data_ingestion_gcs_dag.py
[2022-08-18 07:36:38,824] {processor.py:642} INFO - Processing file /opt/airflow/dags/data_ingestion_gcs_dag.py for tasks to queue
[2022-08-18 07:36:38,824] {logging_mixin.py:109} INFO - [2022-08-18 07:36:38,824] {dagbag.py:500} INFO - Filling up the DagBag from /opt/airflow/dags/data_ingestion_gcs_dag.py
[2022-08-18 07:36:39,319] {processor.py:654} INFO - DAG(s) dict_keys(['data_ingestion_gcs_dag']) retrieved from /opt/airflow/dags/data_ingestion_gcs_dag.py
[2022-08-18 07:36:39,325] {logging_mixin.py:109} INFO - [2022-08-18 07:36:39,325] {dag.py:2396} INFO - Sync 1 DAGs
[2022-08-18 07:36:39,336] {logging_mixin.py:109} INFO - [2022-08-18 07:36:39,336] {dag.py:2935} INFO - Setting next_dagrun for data_ingestion_gcs_dag to 2022-08-18T00:00:00+00:00
[2022-08-18 07:36:39,344] {processor.py:171} INFO - Processing /opt/airflow/dags/data_ingestion_gcs_dag.py took 0.523 seconds
[2022-08-18 07:37:09,400] {processor.py:163} INFO - Started process (PID=1143) to work on /opt/airflow/dags/data_ingestion_gcs_dag.py
[2022-08-18 07:37:09,401] {processor.py:642} INFO - Processing file /opt/airflow/dags/data_ingestion_gcs_dag.py for tasks to queue
[2022-08-18 07:37:09,401] {logging_mixin.py:109} INFO - [2022-08-18 07:37:09,401] {dagbag.py:500} INFO - Filling up the DagBag from /opt/airflow/dags/data_ingestion_gcs_dag.py
[2022-08-18 07:37:09,882] {processor.py:654} INFO - DAG(s) dict_keys(['data_ingestion_gcs_dag']) retrieved from /opt/airflow/dags/data_ingestion_gcs_dag.py
[2022-08-18 07:37:09,889] {logging_mixin.py:109} INFO - [2022-08-18 07:37:09,889] {dag.py:2396} INFO - Sync 1 DAGs
[2022-08-18 07:37:09,901] {logging_mixin.py:109} INFO - [2022-08-18 07:37:09,900] {dag.py:2935} INFO - Setting next_dagrun for data_ingestion_gcs_dag to 2022-08-18T00:00:00+00:00
[2022-08-18 07:37:09,910] {processor.py:171} INFO - Processing /opt/airflow/dags/data_ingestion_gcs_dag.py took 0.512 seconds
[2022-08-18 07:37:39,961] {processor.py:163} INFO - Started process (PID=1174) to work on /opt/airflow/dags/data_ingestion_gcs_dag.py
[2022-08-18 07:37:39,962] {processor.py:642} INFO - Processing file /opt/airflow/dags/data_ingestion_gcs_dag.py for tasks to queue
[2022-08-18 07:37:39,962] {logging_mixin.py:109} INFO - [2022-08-18 07:37:39,962] {dagbag.py:500} INFO - Filling up the DagBag from /opt/airflow/dags/data_ingestion_gcs_dag.py
[2022-08-18 07:37:40,439] {processor.py:654} INFO - DAG(s) dict_keys(['data_ingestion_gcs_dag']) retrieved from /opt/airflow/dags/data_ingestion_gcs_dag.py
[2022-08-18 07:37:40,445] {logging_mixin.py:109} INFO - [2022-08-18 07:37:40,445] {dag.py:2396} INFO - Sync 1 DAGs
[2022-08-18 07:37:40,455] {logging_mixin.py:109} INFO - [2022-08-18 07:37:40,455] {dag.py:2935} INFO - Setting next_dagrun for data_ingestion_gcs_dag to 2022-08-18T00:00:00+00:00
[2022-08-18 07:37:40,464] {processor.py:171} INFO - Processing /opt/airflow/dags/data_ingestion_gcs_dag.py took 0.504 seconds
[2022-08-18 07:38:10,531] {processor.py:163} INFO - Started process (PID=1214) to work on /opt/airflow/dags/data_ingestion_gcs_dag.py
[2022-08-18 07:38:10,531] {processor.py:642} INFO - Processing file /opt/airflow/dags/data_ingestion_gcs_dag.py for tasks to queue
[2022-08-18 07:38:10,532] {logging_mixin.py:109} INFO - [2022-08-18 07:38:10,531] {dagbag.py:500} INFO - Filling up the DagBag from /opt/airflow/dags/data_ingestion_gcs_dag.py
[2022-08-18 07:38:11,012] {processor.py:654} INFO - DAG(s) dict_keys(['data_ingestion_gcs_dag']) retrieved from /opt/airflow/dags/data_ingestion_gcs_dag.py
[2022-08-18 07:38:11,018] {logging_mixin.py:109} INFO - [2022-08-18 07:38:11,018] {dag.py:2396} INFO - Sync 1 DAGs
[2022-08-18 07:38:11,029] {logging_mixin.py:109} INFO - [2022-08-18 07:38:11,029] {dag.py:2935} INFO - Setting next_dagrun for data_ingestion_gcs_dag to 2022-08-18T00:00:00+00:00
[2022-08-18 07:38:11,038] {processor.py:171} INFO - Processing /opt/airflow/dags/data_ingestion_gcs_dag.py took 0.509 seconds
[2022-08-18 07:38:41,088] {processor.py:163} INFO - Started process (PID=1255) to work on /opt/airflow/dags/data_ingestion_gcs_dag.py
[2022-08-18 07:38:41,089] {processor.py:642} INFO - Processing file /opt/airflow/dags/data_ingestion_gcs_dag.py for tasks to queue
[2022-08-18 07:38:41,089] {logging_mixin.py:109} INFO - [2022-08-18 07:38:41,089] {dagbag.py:500} INFO - Filling up the DagBag from /opt/airflow/dags/data_ingestion_gcs_dag.py
[2022-08-18 07:38:41,580] {processor.py:654} INFO - DAG(s) dict_keys(['data_ingestion_gcs_dag']) retrieved from /opt/airflow/dags/data_ingestion_gcs_dag.py
[2022-08-18 07:38:41,586] {logging_mixin.py:109} INFO - [2022-08-18 07:38:41,585] {dag.py:2396} INFO - Sync 1 DAGs
[2022-08-18 07:38:41,595] {logging_mixin.py:109} INFO - [2022-08-18 07:38:41,595] {dag.py:2935} INFO - Setting next_dagrun for data_ingestion_gcs_dag to 2022-08-18T00:00:00+00:00
[2022-08-18 07:38:41,603] {processor.py:171} INFO - Processing /opt/airflow/dags/data_ingestion_gcs_dag.py took 0.517 seconds
[2022-08-18 07:39:11,670] {processor.py:163} INFO - Started process (PID=1286) to work on /opt/airflow/dags/data_ingestion_gcs_dag.py
[2022-08-18 07:39:11,671] {processor.py:642} INFO - Processing file /opt/airflow/dags/data_ingestion_gcs_dag.py for tasks to queue
[2022-08-18 07:39:11,671] {logging_mixin.py:109} INFO - [2022-08-18 07:39:11,671] {dagbag.py:500} INFO - Filling up the DagBag from /opt/airflow/dags/data_ingestion_gcs_dag.py
[2022-08-18 07:39:12,163] {processor.py:654} INFO - DAG(s) dict_keys(['data_ingestion_gcs_dag']) retrieved from /opt/airflow/dags/data_ingestion_gcs_dag.py
[2022-08-18 07:39:12,171] {logging_mixin.py:109} INFO - [2022-08-18 07:39:12,170] {dag.py:2396} INFO - Sync 1 DAGs
[2022-08-18 07:39:12,182] {logging_mixin.py:109} INFO - [2022-08-18 07:39:12,182] {dag.py:2935} INFO - Setting next_dagrun for data_ingestion_gcs_dag to 2022-08-18T00:00:00+00:00
[2022-08-18 07:39:12,191] {processor.py:171} INFO - Processing /opt/airflow/dags/data_ingestion_gcs_dag.py took 0.522 seconds
[2022-08-18 07:39:42,244] {processor.py:163} INFO - Started process (PID=1326) to work on /opt/airflow/dags/data_ingestion_gcs_dag.py
[2022-08-18 07:39:42,245] {processor.py:642} INFO - Processing file /opt/airflow/dags/data_ingestion_gcs_dag.py for tasks to queue
[2022-08-18 07:39:42,245] {logging_mixin.py:109} INFO - [2022-08-18 07:39:42,245] {dagbag.py:500} INFO - Filling up the DagBag from /opt/airflow/dags/data_ingestion_gcs_dag.py
[2022-08-18 07:39:42,724] {processor.py:654} INFO - DAG(s) dict_keys(['data_ingestion_gcs_dag']) retrieved from /opt/airflow/dags/data_ingestion_gcs_dag.py
[2022-08-18 07:39:42,730] {logging_mixin.py:109} INFO - [2022-08-18 07:39:42,730] {dag.py:2396} INFO - Sync 1 DAGs
[2022-08-18 07:39:42,741] {logging_mixin.py:109} INFO - [2022-08-18 07:39:42,741] {dag.py:2935} INFO - Setting next_dagrun for data_ingestion_gcs_dag to 2022-08-18T00:00:00+00:00
[2022-08-18 07:39:42,751] {processor.py:171} INFO - Processing /opt/airflow/dags/data_ingestion_gcs_dag.py took 0.508 seconds
[2022-08-18 07:40:12,810] {processor.py:163} INFO - Started process (PID=1366) to work on /opt/airflow/dags/data_ingestion_gcs_dag.py
[2022-08-18 07:40:12,811] {processor.py:642} INFO - Processing file /opt/airflow/dags/data_ingestion_gcs_dag.py for tasks to queue
[2022-08-18 07:40:12,811] {logging_mixin.py:109} INFO - [2022-08-18 07:40:12,811] {dagbag.py:500} INFO - Filling up the DagBag from /opt/airflow/dags/data_ingestion_gcs_dag.py
[2022-08-18 07:40:13,349] {processor.py:654} INFO - DAG(s) dict_keys(['data_ingestion_gcs_dag']) retrieved from /opt/airflow/dags/data_ingestion_gcs_dag.py
[2022-08-18 07:40:13,356] {logging_mixin.py:109} INFO - [2022-08-18 07:40:13,355] {dag.py:2396} INFO - Sync 1 DAGs
[2022-08-18 07:40:13,368] {logging_mixin.py:109} INFO - [2022-08-18 07:40:13,368] {dag.py:2935} INFO - Setting next_dagrun for data_ingestion_gcs_dag to 2022-08-18T00:00:00+00:00
[2022-08-18 07:40:13,378] {processor.py:171} INFO - Processing /opt/airflow/dags/data_ingestion_gcs_dag.py took 0.570 seconds
[2022-08-18 07:40:43,442] {processor.py:163} INFO - Started process (PID=1397) to work on /opt/airflow/dags/data_ingestion_gcs_dag.py
[2022-08-18 07:40:43,443] {processor.py:642} INFO - Processing file /opt/airflow/dags/data_ingestion_gcs_dag.py for tasks to queue
[2022-08-18 07:40:43,443] {logging_mixin.py:109} INFO - [2022-08-18 07:40:43,443] {dagbag.py:500} INFO - Filling up the DagBag from /opt/airflow/dags/data_ingestion_gcs_dag.py
[2022-08-18 07:40:43,947] {processor.py:654} INFO - DAG(s) dict_keys(['data_ingestion_gcs_dag']) retrieved from /opt/airflow/dags/data_ingestion_gcs_dag.py
[2022-08-18 07:40:43,953] {logging_mixin.py:109} INFO - [2022-08-18 07:40:43,953] {dag.py:2396} INFO - Sync 1 DAGs
[2022-08-18 07:40:43,964] {logging_mixin.py:109} INFO - [2022-08-18 07:40:43,964] {dag.py:2935} INFO - Setting next_dagrun for data_ingestion_gcs_dag to 2022-08-18T00:00:00+00:00
[2022-08-18 07:40:43,974] {processor.py:171} INFO - Processing /opt/airflow/dags/data_ingestion_gcs_dag.py took 0.533 seconds
[2022-08-18 07:41:14,021] {processor.py:163} INFO - Started process (PID=1437) to work on /opt/airflow/dags/data_ingestion_gcs_dag.py
[2022-08-18 07:41:14,022] {processor.py:642} INFO - Processing file /opt/airflow/dags/data_ingestion_gcs_dag.py for tasks to queue
[2022-08-18 07:41:14,023] {logging_mixin.py:109} INFO - [2022-08-18 07:41:14,022] {dagbag.py:500} INFO - Filling up the DagBag from /opt/airflow/dags/data_ingestion_gcs_dag.py
[2022-08-18 07:41:14,535] {processor.py:654} INFO - DAG(s) dict_keys(['data_ingestion_gcs_dag']) retrieved from /opt/airflow/dags/data_ingestion_gcs_dag.py
[2022-08-18 07:41:14,540] {logging_mixin.py:109} INFO - [2022-08-18 07:41:14,540] {dag.py:2396} INFO - Sync 1 DAGs
[2022-08-18 07:41:14,551] {logging_mixin.py:109} INFO - [2022-08-18 07:41:14,551] {dag.py:2935} INFO - Setting next_dagrun for data_ingestion_gcs_dag to 2022-08-18T00:00:00+00:00
[2022-08-18 07:41:14,559] {processor.py:171} INFO - Processing /opt/airflow/dags/data_ingestion_gcs_dag.py took 0.540 seconds
[2022-08-18 07:41:44,613] {processor.py:163} INFO - Started process (PID=1468) to work on /opt/airflow/dags/data_ingestion_gcs_dag.py
[2022-08-18 07:41:44,614] {processor.py:642} INFO - Processing file /opt/airflow/dags/data_ingestion_gcs_dag.py for tasks to queue
[2022-08-18 07:41:44,615] {logging_mixin.py:109} INFO - [2022-08-18 07:41:44,614] {dagbag.py:500} INFO - Filling up the DagBag from /opt/airflow/dags/data_ingestion_gcs_dag.py
[2022-08-18 07:41:45,126] {processor.py:654} INFO - DAG(s) dict_keys(['data_ingestion_gcs_dag']) retrieved from /opt/airflow/dags/data_ingestion_gcs_dag.py
[2022-08-18 07:41:45,133] {logging_mixin.py:109} INFO - [2022-08-18 07:41:45,132] {dag.py:2396} INFO - Sync 1 DAGs
[2022-08-18 07:41:45,144] {logging_mixin.py:109} INFO - [2022-08-18 07:41:45,144] {dag.py:2935} INFO - Setting next_dagrun for data_ingestion_gcs_dag to 2022-08-18T00:00:00+00:00
[2022-08-18 07:41:45,155] {processor.py:171} INFO - Processing /opt/airflow/dags/data_ingestion_gcs_dag.py took 0.543 seconds
[2022-08-18 07:42:15,171] {processor.py:163} INFO - Started process (PID=1508) to work on /opt/airflow/dags/data_ingestion_gcs_dag.py
[2022-08-18 07:42:15,172] {processor.py:642} INFO - Processing file /opt/airflow/dags/data_ingestion_gcs_dag.py for tasks to queue
[2022-08-18 07:42:15,172] {logging_mixin.py:109} INFO - [2022-08-18 07:42:15,172] {dagbag.py:500} INFO - Filling up the DagBag from /opt/airflow/dags/data_ingestion_gcs_dag.py
[2022-08-18 07:42:15,660] {processor.py:654} INFO - DAG(s) dict_keys(['data_ingestion_gcs_dag']) retrieved from /opt/airflow/dags/data_ingestion_gcs_dag.py
[2022-08-18 07:42:15,665] {logging_mixin.py:109} INFO - [2022-08-18 07:42:15,665] {dag.py:2396} INFO - Sync 1 DAGs
[2022-08-18 07:42:15,676] {logging_mixin.py:109} INFO - [2022-08-18 07:42:15,676] {dag.py:2935} INFO - Setting next_dagrun for data_ingestion_gcs_dag to 2022-08-18T00:00:00+00:00
[2022-08-18 07:42:15,684] {processor.py:171} INFO - Processing /opt/airflow/dags/data_ingestion_gcs_dag.py took 0.515 seconds
[2022-08-18 07:42:45,736] {processor.py:163} INFO - Started process (PID=1549) to work on /opt/airflow/dags/data_ingestion_gcs_dag.py
[2022-08-18 07:42:45,737] {processor.py:642} INFO - Processing file /opt/airflow/dags/data_ingestion_gcs_dag.py for tasks to queue
[2022-08-18 07:42:45,738] {logging_mixin.py:109} INFO - [2022-08-18 07:42:45,737] {dagbag.py:500} INFO - Filling up the DagBag from /opt/airflow/dags/data_ingestion_gcs_dag.py
[2022-08-18 07:42:46,227] {processor.py:654} INFO - DAG(s) dict_keys(['data_ingestion_gcs_dag']) retrieved from /opt/airflow/dags/data_ingestion_gcs_dag.py
[2022-08-18 07:42:46,236] {logging_mixin.py:109} INFO - [2022-08-18 07:42:46,235] {dag.py:2396} INFO - Sync 1 DAGs
[2022-08-18 07:42:46,248] {logging_mixin.py:109} INFO - [2022-08-18 07:42:46,248] {dag.py:2935} INFO - Setting next_dagrun for data_ingestion_gcs_dag to 2022-08-18T00:00:00+00:00
[2022-08-18 07:42:46,259] {processor.py:171} INFO - Processing /opt/airflow/dags/data_ingestion_gcs_dag.py took 0.525 seconds
[2022-08-18 07:43:16,336] {processor.py:163} INFO - Started process (PID=1581) to work on /opt/airflow/dags/data_ingestion_gcs_dag.py
[2022-08-18 07:43:16,338] {processor.py:642} INFO - Processing file /opt/airflow/dags/data_ingestion_gcs_dag.py for tasks to queue
[2022-08-18 07:43:16,338] {logging_mixin.py:109} INFO - [2022-08-18 07:43:16,338] {dagbag.py:500} INFO - Filling up the DagBag from /opt/airflow/dags/data_ingestion_gcs_dag.py
[2022-08-18 07:43:16,852] {processor.py:654} INFO - DAG(s) dict_keys(['data_ingestion_gcs_dag']) retrieved from /opt/airflow/dags/data_ingestion_gcs_dag.py
[2022-08-18 07:43:16,860] {logging_mixin.py:109} INFO - [2022-08-18 07:43:16,859] {dag.py:2396} INFO - Sync 1 DAGs
[2022-08-18 07:43:16,871] {logging_mixin.py:109} INFO - [2022-08-18 07:43:16,871] {dag.py:2935} INFO - Setting next_dagrun for data_ingestion_gcs_dag to 2022-08-18T00:00:00+00:00
[2022-08-18 07:43:16,881] {processor.py:171} INFO - Processing /opt/airflow/dags/data_ingestion_gcs_dag.py took 0.546 seconds
[2022-08-18 07:43:46,936] {processor.py:163} INFO - Started process (PID=1621) to work on /opt/airflow/dags/data_ingestion_gcs_dag.py
[2022-08-18 07:43:46,937] {processor.py:642} INFO - Processing file /opt/airflow/dags/data_ingestion_gcs_dag.py for tasks to queue
[2022-08-18 07:43:46,937] {logging_mixin.py:109} INFO - [2022-08-18 07:43:46,937] {dagbag.py:500} INFO - Filling up the DagBag from /opt/airflow/dags/data_ingestion_gcs_dag.py
[2022-08-18 07:43:47,418] {processor.py:654} INFO - DAG(s) dict_keys(['data_ingestion_gcs_dag']) retrieved from /opt/airflow/dags/data_ingestion_gcs_dag.py
[2022-08-18 07:43:47,424] {logging_mixin.py:109} INFO - [2022-08-18 07:43:47,424] {dag.py:2396} INFO - Sync 1 DAGs
[2022-08-18 07:43:47,434] {logging_mixin.py:109} INFO - [2022-08-18 07:43:47,434] {dag.py:2935} INFO - Setting next_dagrun for data_ingestion_gcs_dag to 2022-08-18T00:00:00+00:00
[2022-08-18 07:43:47,442] {processor.py:171} INFO - Processing /opt/airflow/dags/data_ingestion_gcs_dag.py took 0.507 seconds
[2022-08-18 07:44:17,476] {processor.py:163} INFO - Started process (PID=1661) to work on /opt/airflow/dags/data_ingestion_gcs_dag.py
[2022-08-18 07:44:17,476] {processor.py:642} INFO - Processing file /opt/airflow/dags/data_ingestion_gcs_dag.py for tasks to queue
[2022-08-18 07:44:17,477] {logging_mixin.py:109} INFO - [2022-08-18 07:44:17,476] {dagbag.py:500} INFO - Filling up the DagBag from /opt/airflow/dags/data_ingestion_gcs_dag.py
[2022-08-18 07:44:17,943] {processor.py:654} INFO - DAG(s) dict_keys(['data_ingestion_gcs_dag']) retrieved from /opt/airflow/dags/data_ingestion_gcs_dag.py
[2022-08-18 07:44:17,948] {logging_mixin.py:109} INFO - [2022-08-18 07:44:17,948] {dag.py:2396} INFO - Sync 1 DAGs
[2022-08-18 07:44:17,958] {logging_mixin.py:109} INFO - [2022-08-18 07:44:17,958] {dag.py:2935} INFO - Setting next_dagrun for data_ingestion_gcs_dag to 2022-08-18T00:00:00+00:00
[2022-08-18 07:44:17,966] {processor.py:171} INFO - Processing /opt/airflow/dags/data_ingestion_gcs_dag.py took 0.492 seconds
[2022-08-18 07:44:48,015] {processor.py:163} INFO - Started process (PID=1692) to work on /opt/airflow/dags/data_ingestion_gcs_dag.py
[2022-08-18 07:44:48,016] {processor.py:642} INFO - Processing file /opt/airflow/dags/data_ingestion_gcs_dag.py for tasks to queue
[2022-08-18 07:44:48,017] {logging_mixin.py:109} INFO - [2022-08-18 07:44:48,017] {dagbag.py:500} INFO - Filling up the DagBag from /opt/airflow/dags/data_ingestion_gcs_dag.py
[2022-08-18 07:44:48,519] {processor.py:654} INFO - DAG(s) dict_keys(['data_ingestion_gcs_dag']) retrieved from /opt/airflow/dags/data_ingestion_gcs_dag.py
[2022-08-18 07:44:48,525] {logging_mixin.py:109} INFO - [2022-08-18 07:44:48,525] {dag.py:2396} INFO - Sync 1 DAGs
[2022-08-18 07:44:48,536] {logging_mixin.py:109} INFO - [2022-08-18 07:44:48,536] {dag.py:2935} INFO - Setting next_dagrun for data_ingestion_gcs_dag to 2022-08-18T00:00:00+00:00
[2022-08-18 07:44:48,546] {processor.py:171} INFO - Processing /opt/airflow/dags/data_ingestion_gcs_dag.py took 0.532 seconds
[2022-08-18 07:45:18,623] {processor.py:163} INFO - Started process (PID=1732) to work on /opt/airflow/dags/data_ingestion_gcs_dag.py
[2022-08-18 07:45:18,624] {processor.py:642} INFO - Processing file /opt/airflow/dags/data_ingestion_gcs_dag.py for tasks to queue
[2022-08-18 07:45:18,624] {logging_mixin.py:109} INFO - [2022-08-18 07:45:18,624] {dagbag.py:500} INFO - Filling up the DagBag from /opt/airflow/dags/data_ingestion_gcs_dag.py
[2022-08-18 07:45:19,135] {processor.py:654} INFO - DAG(s) dict_keys(['data_ingestion_gcs_dag']) retrieved from /opt/airflow/dags/data_ingestion_gcs_dag.py
[2022-08-18 07:45:19,141] {logging_mixin.py:109} INFO - [2022-08-18 07:45:19,140] {dag.py:2396} INFO - Sync 1 DAGs
[2022-08-18 07:45:19,150] {logging_mixin.py:109} INFO - [2022-08-18 07:45:19,150] {dag.py:2935} INFO - Setting next_dagrun for data_ingestion_gcs_dag to 2022-08-18T00:00:00+00:00
[2022-08-18 07:45:19,158] {processor.py:171} INFO - Processing /opt/airflow/dags/data_ingestion_gcs_dag.py took 0.537 seconds
[2022-08-18 07:45:49,214] {processor.py:163} INFO - Started process (PID=1773) to work on /opt/airflow/dags/data_ingestion_gcs_dag.py
[2022-08-18 07:45:49,214] {processor.py:642} INFO - Processing file /opt/airflow/dags/data_ingestion_gcs_dag.py for tasks to queue
[2022-08-18 07:45:49,215] {logging_mixin.py:109} INFO - [2022-08-18 07:45:49,215] {dagbag.py:500} INFO - Filling up the DagBag from /opt/airflow/dags/data_ingestion_gcs_dag.py
[2022-08-18 07:45:49,703] {processor.py:654} INFO - DAG(s) dict_keys(['data_ingestion_gcs_dag']) retrieved from /opt/airflow/dags/data_ingestion_gcs_dag.py
[2022-08-18 07:45:49,709] {logging_mixin.py:109} INFO - [2022-08-18 07:45:49,709] {dag.py:2396} INFO - Sync 1 DAGs
[2022-08-18 07:45:49,719] {logging_mixin.py:109} INFO - [2022-08-18 07:45:49,719] {dag.py:2935} INFO - Setting next_dagrun for data_ingestion_gcs_dag to 2022-08-18T00:00:00+00:00
[2022-08-18 07:45:49,727] {processor.py:171} INFO - Processing /opt/airflow/dags/data_ingestion_gcs_dag.py took 0.515 seconds
[2022-08-18 07:46:19,762] {processor.py:163} INFO - Started process (PID=1804) to work on /opt/airflow/dags/data_ingestion_gcs_dag.py
[2022-08-18 07:46:19,763] {processor.py:642} INFO - Processing file /opt/airflow/dags/data_ingestion_gcs_dag.py for tasks to queue
[2022-08-18 07:46:19,763] {logging_mixin.py:109} INFO - [2022-08-18 07:46:19,763] {dagbag.py:500} INFO - Filling up the DagBag from /opt/airflow/dags/data_ingestion_gcs_dag.py
[2022-08-18 07:46:20,231] {processor.py:654} INFO - DAG(s) dict_keys(['data_ingestion_gcs_dag']) retrieved from /opt/airflow/dags/data_ingestion_gcs_dag.py
[2022-08-18 07:46:20,237] {logging_mixin.py:109} INFO - [2022-08-18 07:46:20,237] {dag.py:2396} INFO - Sync 1 DAGs
[2022-08-18 07:46:20,246] {logging_mixin.py:109} INFO - [2022-08-18 07:46:20,246] {dag.py:2935} INFO - Setting next_dagrun for data_ingestion_gcs_dag to 2022-08-18T00:00:00+00:00
[2022-08-18 07:46:20,254] {processor.py:171} INFO - Processing /opt/airflow/dags/data_ingestion_gcs_dag.py took 0.494 seconds
[2022-08-18 07:46:50,302] {processor.py:163} INFO - Started process (PID=1844) to work on /opt/airflow/dags/data_ingestion_gcs_dag.py
[2022-08-18 07:46:50,303] {processor.py:642} INFO - Processing file /opt/airflow/dags/data_ingestion_gcs_dag.py for tasks to queue
[2022-08-18 07:46:50,303] {logging_mixin.py:109} INFO - [2022-08-18 07:46:50,303] {dagbag.py:500} INFO - Filling up the DagBag from /opt/airflow/dags/data_ingestion_gcs_dag.py
[2022-08-18 07:46:50,752] {processor.py:654} INFO - DAG(s) dict_keys(['data_ingestion_gcs_dag']) retrieved from /opt/airflow/dags/data_ingestion_gcs_dag.py
[2022-08-18 07:46:50,758] {logging_mixin.py:109} INFO - [2022-08-18 07:46:50,758] {dag.py:2396} INFO - Sync 1 DAGs
[2022-08-18 07:46:50,767] {logging_mixin.py:109} INFO - [2022-08-18 07:46:50,767] {dag.py:2935} INFO - Setting next_dagrun for data_ingestion_gcs_dag to 2022-08-18T00:00:00+00:00
[2022-08-18 07:46:50,774] {processor.py:171} INFO - Processing /opt/airflow/dags/data_ingestion_gcs_dag.py took 0.474 seconds
[2022-08-18 07:47:20,824] {processor.py:163} INFO - Started process (PID=1875) to work on /opt/airflow/dags/data_ingestion_gcs_dag.py
[2022-08-18 07:47:20,825] {processor.py:642} INFO - Processing file /opt/airflow/dags/data_ingestion_gcs_dag.py for tasks to queue
[2022-08-18 07:47:20,826] {logging_mixin.py:109} INFO - [2022-08-18 07:47:20,825] {dagbag.py:500} INFO - Filling up the DagBag from /opt/airflow/dags/data_ingestion_gcs_dag.py
[2022-08-18 07:47:21,330] {processor.py:654} INFO - DAG(s) dict_keys(['data_ingestion_gcs_dag']) retrieved from /opt/airflow/dags/data_ingestion_gcs_dag.py
[2022-08-18 07:47:21,336] {logging_mixin.py:109} INFO - [2022-08-18 07:47:21,336] {dag.py:2396} INFO - Sync 1 DAGs
[2022-08-18 07:47:21,347] {logging_mixin.py:109} INFO - [2022-08-18 07:47:21,347] {dag.py:2935} INFO - Setting next_dagrun for data_ingestion_gcs_dag to 2022-08-18T00:00:00+00:00
[2022-08-18 07:47:21,356] {processor.py:171} INFO - Processing /opt/airflow/dags/data_ingestion_gcs_dag.py took 0.534 seconds
[2022-08-18 07:47:51,434] {processor.py:163} INFO - Started process (PID=1915) to work on /opt/airflow/dags/data_ingestion_gcs_dag.py
[2022-08-18 07:47:51,435] {processor.py:642} INFO - Processing file /opt/airflow/dags/data_ingestion_gcs_dag.py for tasks to queue
[2022-08-18 07:47:51,435] {logging_mixin.py:109} INFO - [2022-08-18 07:47:51,435] {dagbag.py:500} INFO - Filling up the DagBag from /opt/airflow/dags/data_ingestion_gcs_dag.py
[2022-08-18 07:47:51,921] {processor.py:654} INFO - DAG(s) dict_keys(['data_ingestion_gcs_dag']) retrieved from /opt/airflow/dags/data_ingestion_gcs_dag.py
[2022-08-18 07:47:51,926] {logging_mixin.py:109} INFO - [2022-08-18 07:47:51,926] {dag.py:2396} INFO - Sync 1 DAGs
[2022-08-18 07:47:51,936] {logging_mixin.py:109} INFO - [2022-08-18 07:47:51,936] {dag.py:2935} INFO - Setting next_dagrun for data_ingestion_gcs_dag to 2022-08-18T00:00:00+00:00
[2022-08-18 07:47:51,944] {processor.py:171} INFO - Processing /opt/airflow/dags/data_ingestion_gcs_dag.py took 0.511 seconds
[2022-08-18 07:48:04,901] {processor.py:163} INFO - Started process (PID=1937) to work on /opt/airflow/dags/data_ingestion_gcs_dag.py
[2022-08-18 07:48:04,901] {processor.py:642} INFO - Processing file /opt/airflow/dags/data_ingestion_gcs_dag.py for tasks to queue
[2022-08-18 07:48:04,902] {logging_mixin.py:109} INFO - [2022-08-18 07:48:04,902] {dagbag.py:500} INFO - Filling up the DagBag from /opt/airflow/dags/data_ingestion_gcs_dag.py
[2022-08-18 07:48:05,380] {processor.py:654} INFO - DAG(s) dict_keys(['data_ingestion_gcs_dag']) retrieved from /opt/airflow/dags/data_ingestion_gcs_dag.py
[2022-08-18 07:48:05,505] {logging_mixin.py:109} INFO - [2022-08-18 07:48:05,504] {dag.py:2396} INFO - Sync 1 DAGs
[2022-08-18 07:48:05,515] {logging_mixin.py:109} INFO - [2022-08-18 07:48:05,515] {dag.py:2935} INFO - Setting next_dagrun for data_ingestion_gcs_dag to 2022-08-18T00:00:00+00:00
[2022-08-18 07:48:05,526] {processor.py:171} INFO - Processing /opt/airflow/dags/data_ingestion_gcs_dag.py took 0.627 seconds
[2022-08-18 07:48:35,583] {processor.py:163} INFO - Started process (PID=1977) to work on /opt/airflow/dags/data_ingestion_gcs_dag.py
[2022-08-18 07:48:35,584] {processor.py:642} INFO - Processing file /opt/airflow/dags/data_ingestion_gcs_dag.py for tasks to queue
[2022-08-18 07:48:35,585] {logging_mixin.py:109} INFO - [2022-08-18 07:48:35,585] {dagbag.py:500} INFO - Filling up the DagBag from /opt/airflow/dags/data_ingestion_gcs_dag.py
[2022-08-18 07:48:36,117] {processor.py:654} INFO - DAG(s) dict_keys(['data_ingestion_gcs_dag']) retrieved from /opt/airflow/dags/data_ingestion_gcs_dag.py
[2022-08-18 07:48:36,123] {logging_mixin.py:109} INFO - [2022-08-18 07:48:36,123] {dag.py:2396} INFO - Sync 1 DAGs
[2022-08-18 07:48:36,135] {logging_mixin.py:109} INFO - [2022-08-18 07:48:36,135] {dag.py:2935} INFO - Setting next_dagrun for data_ingestion_gcs_dag to 2022-08-18T00:00:00+00:00
[2022-08-18 07:48:36,145] {processor.py:171} INFO - Processing /opt/airflow/dags/data_ingestion_gcs_dag.py took 0.563 seconds
[2022-08-18 07:49:06,189] {processor.py:163} INFO - Started process (PID=2017) to work on /opt/airflow/dags/data_ingestion_gcs_dag.py
[2022-08-18 07:49:06,190] {processor.py:642} INFO - Processing file /opt/airflow/dags/data_ingestion_gcs_dag.py for tasks to queue
[2022-08-18 07:49:06,190] {logging_mixin.py:109} INFO - [2022-08-18 07:49:06,190] {dagbag.py:500} INFO - Filling up the DagBag from /opt/airflow/dags/data_ingestion_gcs_dag.py
[2022-08-18 07:49:06,723] {processor.py:654} INFO - DAG(s) dict_keys(['data_ingestion_gcs_dag']) retrieved from /opt/airflow/dags/data_ingestion_gcs_dag.py
[2022-08-18 07:49:06,731] {logging_mixin.py:109} INFO - [2022-08-18 07:49:06,730] {dag.py:2396} INFO - Sync 1 DAGs
[2022-08-18 07:49:06,743] {logging_mixin.py:109} INFO - [2022-08-18 07:49:06,743] {dag.py:2935} INFO - Setting next_dagrun for data_ingestion_gcs_dag to 2022-08-18T00:00:00+00:00
[2022-08-18 07:49:06,754] {processor.py:171} INFO - Processing /opt/airflow/dags/data_ingestion_gcs_dag.py took 0.567 seconds
[2022-08-18 07:49:25,220] {processor.py:163} INFO - Started process (PID=2039) to work on /opt/airflow/dags/data_ingestion_gcs_dag.py
[2022-08-18 07:49:25,221] {processor.py:642} INFO - Processing file /opt/airflow/dags/data_ingestion_gcs_dag.py for tasks to queue
[2022-08-18 07:49:25,222] {logging_mixin.py:109} INFO - [2022-08-18 07:49:25,222] {dagbag.py:500} INFO - Filling up the DagBag from /opt/airflow/dags/data_ingestion_gcs_dag.py
[2022-08-18 07:49:25,721] {processor.py:654} INFO - DAG(s) dict_keys(['data_ingestion_gcs_dag']) retrieved from /opt/airflow/dags/data_ingestion_gcs_dag.py
[2022-08-18 07:49:25,727] {logging_mixin.py:109} INFO - [2022-08-18 07:49:25,726] {dag.py:2396} INFO - Sync 1 DAGs
[2022-08-18 07:49:25,737] {logging_mixin.py:109} INFO - [2022-08-18 07:49:25,737] {dag.py:2935} INFO - Setting next_dagrun for data_ingestion_gcs_dag to 2022-08-18T00:00:00+00:00
[2022-08-18 07:49:25,746] {processor.py:171} INFO - Processing /opt/airflow/dags/data_ingestion_gcs_dag.py took 0.527 seconds
[2022-08-18 07:49:55,799] {processor.py:163} INFO - Started process (PID=2079) to work on /opt/airflow/dags/data_ingestion_gcs_dag.py
[2022-08-18 07:49:55,800] {processor.py:642} INFO - Processing file /opt/airflow/dags/data_ingestion_gcs_dag.py for tasks to queue
[2022-08-18 07:49:55,801] {logging_mixin.py:109} INFO - [2022-08-18 07:49:55,801] {dagbag.py:500} INFO - Filling up the DagBag from /opt/airflow/dags/data_ingestion_gcs_dag.py
[2022-08-18 07:49:56,267] {processor.py:654} INFO - DAG(s) dict_keys(['data_ingestion_gcs_dag']) retrieved from /opt/airflow/dags/data_ingestion_gcs_dag.py
[2022-08-18 07:49:56,273] {logging_mixin.py:109} INFO - [2022-08-18 07:49:56,272] {dag.py:2396} INFO - Sync 1 DAGs
[2022-08-18 07:49:56,283] {logging_mixin.py:109} INFO - [2022-08-18 07:49:56,283] {dag.py:2935} INFO - Setting next_dagrun for data_ingestion_gcs_dag to 2022-08-18T00:00:00+00:00
[2022-08-18 07:49:56,292] {processor.py:171} INFO - Processing /opt/airflow/dags/data_ingestion_gcs_dag.py took 0.495 seconds
[2022-08-18 07:50:26,364] {processor.py:163} INFO - Started process (PID=2119) to work on /opt/airflow/dags/data_ingestion_gcs_dag.py
[2022-08-18 07:50:26,365] {processor.py:642} INFO - Processing file /opt/airflow/dags/data_ingestion_gcs_dag.py for tasks to queue
[2022-08-18 07:50:26,365] {logging_mixin.py:109} INFO - [2022-08-18 07:50:26,365] {dagbag.py:500} INFO - Filling up the DagBag from /opt/airflow/dags/data_ingestion_gcs_dag.py
[2022-08-18 07:50:26,923] {processor.py:654} INFO - DAG(s) dict_keys(['data_ingestion_gcs_dag']) retrieved from /opt/airflow/dags/data_ingestion_gcs_dag.py
[2022-08-18 07:50:26,929] {logging_mixin.py:109} INFO - [2022-08-18 07:50:26,929] {dag.py:2396} INFO - Sync 1 DAGs
[2022-08-18 07:50:26,940] {logging_mixin.py:109} INFO - [2022-08-18 07:50:26,940] {dag.py:2935} INFO - Setting next_dagrun for data_ingestion_gcs_dag to 2022-08-18T00:00:00+00:00
[2022-08-18 07:50:26,949] {processor.py:171} INFO - Processing /opt/airflow/dags/data_ingestion_gcs_dag.py took 0.587 seconds
[2022-08-18 07:50:57,024] {processor.py:163} INFO - Started process (PID=2151) to work on /opt/airflow/dags/data_ingestion_gcs_dag.py
[2022-08-18 07:50:57,025] {processor.py:642} INFO - Processing file /opt/airflow/dags/data_ingestion_gcs_dag.py for tasks to queue
[2022-08-18 07:50:57,025] {logging_mixin.py:109} INFO - [2022-08-18 07:50:57,025] {dagbag.py:500} INFO - Filling up the DagBag from /opt/airflow/dags/data_ingestion_gcs_dag.py
[2022-08-18 07:50:57,598] {processor.py:654} INFO - DAG(s) dict_keys(['data_ingestion_gcs_dag']) retrieved from /opt/airflow/dags/data_ingestion_gcs_dag.py
[2022-08-18 07:50:57,605] {logging_mixin.py:109} INFO - [2022-08-18 07:50:57,605] {dag.py:2396} INFO - Sync 1 DAGs
[2022-08-18 07:50:57,626] {processor.py:171} INFO - Processing /opt/airflow/dags/data_ingestion_gcs_dag.py took 0.605 seconds
[2022-08-18 07:51:27,673] {processor.py:163} INFO - Started process (PID=2191) to work on /opt/airflow/dags/data_ingestion_gcs_dag.py
[2022-08-18 07:51:27,674] {processor.py:642} INFO - Processing file /opt/airflow/dags/data_ingestion_gcs_dag.py for tasks to queue
[2022-08-18 07:51:27,675] {logging_mixin.py:109} INFO - [2022-08-18 07:51:27,675] {dagbag.py:500} INFO - Filling up the DagBag from /opt/airflow/dags/data_ingestion_gcs_dag.py
[2022-08-18 07:51:28,169] {processor.py:654} INFO - DAG(s) dict_keys(['data_ingestion_gcs_dag']) retrieved from /opt/airflow/dags/data_ingestion_gcs_dag.py
[2022-08-18 07:51:28,175] {logging_mixin.py:109} INFO - [2022-08-18 07:51:28,175] {dag.py:2396} INFO - Sync 1 DAGs
[2022-08-18 07:51:28,190] {processor.py:171} INFO - Processing /opt/airflow/dags/data_ingestion_gcs_dag.py took 0.518 seconds
[2022-08-18 07:51:58,242] {processor.py:163} INFO - Started process (PID=2222) to work on /opt/airflow/dags/data_ingestion_gcs_dag.py
[2022-08-18 07:51:58,243] {processor.py:642} INFO - Processing file /opt/airflow/dags/data_ingestion_gcs_dag.py for tasks to queue
[2022-08-18 07:51:58,244] {logging_mixin.py:109} INFO - [2022-08-18 07:51:58,243] {dagbag.py:500} INFO - Filling up the DagBag from /opt/airflow/dags/data_ingestion_gcs_dag.py
[2022-08-18 07:51:58,941] {processor.py:654} INFO - DAG(s) dict_keys(['data_ingestion_gcs_dag']) retrieved from /opt/airflow/dags/data_ingestion_gcs_dag.py
[2022-08-18 07:51:58,949] {logging_mixin.py:109} INFO - [2022-08-18 07:51:58,949] {dag.py:2396} INFO - Sync 1 DAGs
[2022-08-18 07:51:58,971] {processor.py:171} INFO - Processing /opt/airflow/dags/data_ingestion_gcs_dag.py took 0.732 seconds
[2022-08-18 07:52:29,021] {processor.py:163} INFO - Started process (PID=2263) to work on /opt/airflow/dags/data_ingestion_gcs_dag.py
[2022-08-18 07:52:29,022] {processor.py:642} INFO - Processing file /opt/airflow/dags/data_ingestion_gcs_dag.py for tasks to queue
[2022-08-18 07:52:29,022] {logging_mixin.py:109} INFO - [2022-08-18 07:52:29,022] {dagbag.py:500} INFO - Filling up the DagBag from /opt/airflow/dags/data_ingestion_gcs_dag.py
[2022-08-18 07:52:29,504] {processor.py:654} INFO - DAG(s) dict_keys(['data_ingestion_gcs_dag']) retrieved from /opt/airflow/dags/data_ingestion_gcs_dag.py
[2022-08-18 07:52:29,510] {logging_mixin.py:109} INFO - [2022-08-18 07:52:29,509] {dag.py:2396} INFO - Sync 1 DAGs
[2022-08-18 07:52:29,519] {logging_mixin.py:109} INFO - [2022-08-18 07:52:29,519] {dag.py:2935} INFO - Setting next_dagrun for data_ingestion_gcs_dag to 2022-08-18T00:00:00+00:00
[2022-08-18 07:52:29,529] {processor.py:171} INFO - Processing /opt/airflow/dags/data_ingestion_gcs_dag.py took 0.511 seconds
[2022-08-18 07:52:53,574] {processor.py:163} INFO - Started process (PID=2294) to work on /opt/airflow/dags/data_ingestion_gcs_dag.py
[2022-08-18 07:52:53,575] {processor.py:642} INFO - Processing file /opt/airflow/dags/data_ingestion_gcs_dag.py for tasks to queue
[2022-08-18 07:52:53,575] {logging_mixin.py:109} INFO - [2022-08-18 07:52:53,575] {dagbag.py:500} INFO - Filling up the DagBag from /opt/airflow/dags/data_ingestion_gcs_dag.py
[2022-08-18 07:52:54,049] {processor.py:654} INFO - DAG(s) dict_keys(['data_ingestion_gcs_dag']) retrieved from /opt/airflow/dags/data_ingestion_gcs_dag.py
[2022-08-18 07:52:54,170] {logging_mixin.py:109} INFO - [2022-08-18 07:52:54,170] {dag.py:2396} INFO - Sync 1 DAGs
[2022-08-18 07:52:54,179] {logging_mixin.py:109} INFO - [2022-08-18 07:52:54,179] {dag.py:2935} INFO - Setting next_dagrun for data_ingestion_gcs_dag to 2022-08-18T00:00:00+00:00
[2022-08-18 07:52:54,190] {processor.py:171} INFO - Processing /opt/airflow/dags/data_ingestion_gcs_dag.py took 0.618 seconds
[2022-08-18 07:53:24,238] {processor.py:163} INFO - Started process (PID=2334) to work on /opt/airflow/dags/data_ingestion_gcs_dag.py
[2022-08-18 07:53:24,239] {processor.py:642} INFO - Processing file /opt/airflow/dags/data_ingestion_gcs_dag.py for tasks to queue
[2022-08-18 07:53:24,239] {logging_mixin.py:109} INFO - [2022-08-18 07:53:24,239] {dagbag.py:500} INFO - Filling up the DagBag from /opt/airflow/dags/data_ingestion_gcs_dag.py
[2022-08-18 07:53:24,704] {processor.py:654} INFO - DAG(s) dict_keys(['data_ingestion_gcs_dag']) retrieved from /opt/airflow/dags/data_ingestion_gcs_dag.py
[2022-08-18 07:53:24,709] {logging_mixin.py:109} INFO - [2022-08-18 07:53:24,709] {dag.py:2396} INFO - Sync 1 DAGs
[2022-08-18 07:53:24,719] {logging_mixin.py:109} INFO - [2022-08-18 07:53:24,719] {dag.py:2935} INFO - Setting next_dagrun for data_ingestion_gcs_dag to 2022-08-18T00:00:00+00:00
[2022-08-18 07:53:24,727] {processor.py:171} INFO - Processing /opt/airflow/dags/data_ingestion_gcs_dag.py took 0.491 seconds
[2022-08-18 07:53:54,778] {processor.py:163} INFO - Started process (PID=2365) to work on /opt/airflow/dags/data_ingestion_gcs_dag.py
[2022-08-18 07:53:54,779] {processor.py:642} INFO - Processing file /opt/airflow/dags/data_ingestion_gcs_dag.py for tasks to queue
[2022-08-18 07:53:54,779] {logging_mixin.py:109} INFO - [2022-08-18 07:53:54,779] {dagbag.py:500} INFO - Filling up the DagBag from /opt/airflow/dags/data_ingestion_gcs_dag.py
[2022-08-18 07:53:55,229] {processor.py:654} INFO - DAG(s) dict_keys(['data_ingestion_gcs_dag']) retrieved from /opt/airflow/dags/data_ingestion_gcs_dag.py
[2022-08-18 07:53:55,235] {logging_mixin.py:109} INFO - [2022-08-18 07:53:55,235] {dag.py:2396} INFO - Sync 1 DAGs
[2022-08-18 07:53:55,247] {logging_mixin.py:109} INFO - [2022-08-18 07:53:55,247] {dag.py:2935} INFO - Setting next_dagrun for data_ingestion_gcs_dag to 2022-08-18T00:00:00+00:00
[2022-08-18 07:53:55,256] {processor.py:171} INFO - Processing /opt/airflow/dags/data_ingestion_gcs_dag.py took 0.480 seconds
[2022-08-18 07:54:25,308] {processor.py:163} INFO - Started process (PID=2405) to work on /opt/airflow/dags/data_ingestion_gcs_dag.py
[2022-08-18 07:54:25,309] {processor.py:642} INFO - Processing file /opt/airflow/dags/data_ingestion_gcs_dag.py for tasks to queue
[2022-08-18 07:54:25,309] {logging_mixin.py:109} INFO - [2022-08-18 07:54:25,309] {dagbag.py:500} INFO - Filling up the DagBag from /opt/airflow/dags/data_ingestion_gcs_dag.py
[2022-08-18 07:54:25,893] {processor.py:654} INFO - DAG(s) dict_keys(['data_ingestion_gcs_dag']) retrieved from /opt/airflow/dags/data_ingestion_gcs_dag.py
[2022-08-18 07:54:25,901] {logging_mixin.py:109} INFO - [2022-08-18 07:54:25,901] {dag.py:2396} INFO - Sync 1 DAGs
[2022-08-18 07:54:25,917] {logging_mixin.py:109} INFO - [2022-08-18 07:54:25,917] {dag.py:2935} INFO - Setting next_dagrun for data_ingestion_gcs_dag to 2022-08-18T00:00:00+00:00
[2022-08-18 07:54:25,928] {processor.py:171} INFO - Processing /opt/airflow/dags/data_ingestion_gcs_dag.py took 0.623 seconds
