[2022-08-18 14:40:35,608] {processor.py:163} INFO - Started process (PID=29771) to work on /opt/airflow/dags/fhv_data_ingest_dag.py
[2022-08-18 14:40:35,608] {processor.py:642} INFO - Processing file /opt/airflow/dags/fhv_data_ingest_dag.py for tasks to queue
[2022-08-18 14:40:35,609] {logging_mixin.py:109} INFO - [2022-08-18 14:40:35,609] {dagbag.py:500} INFO - Filling up the DagBag from /opt/airflow/dags/fhv_data_ingest_dag.py
[2022-08-18 14:40:36,144] {processor.py:654} INFO - DAG(s) dict_keys(['green_taxi_data_ingest']) retrieved from /opt/airflow/dags/fhv_data_ingest_dag.py
[2022-08-18 14:40:36,383] {logging_mixin.py:109} INFO - [2022-08-18 14:40:36,382] {dag.py:2396} INFO - Sync 1 DAGs
[2022-08-18 14:40:36,408] {logging_mixin.py:109} INFO - [2022-08-18 14:40:36,408] {dag.py:2935} INFO - Setting next_dagrun for green_taxi_data_ingest to 2022-01-01T01:00:00+00:00
[2022-08-18 14:40:36,939] {logging_mixin.py:109} WARNING - /home/airflow/.local/lib/python3.7/site-packages/airflow/models/dagbag.py:602 DeprecationWarning: DAG.full_filepath is deprecated in favour of fileloc
[2022-08-18 14:40:36,961] {logging_mixin.py:109} INFO - [2022-08-18 14:40:36,939] {dagbag.py:602} ERROR - Failed to write serialized DAG: /opt/airflow/dags/fhv_data_ingest_dag.py
Traceback (most recent call last):
  File "/home/airflow/.local/lib/python3.7/site-packages/airflow/models/dagbag.py", line 594, in _serialize_dag_capturing_errors
    session=session,
  File "/home/airflow/.local/lib/python3.7/site-packages/airflow/utils/session.py", line 67, in wrapper
    return func(*args, **kwargs)
  File "/home/airflow/.local/lib/python3.7/site-packages/airflow/models/serialized_dag.py", line 124, in write_dag
    (timezone.utcnow() - timedelta(seconds=min_update_interval)) < cls.last_updated,
  File "/home/airflow/.local/lib/python3.7/site-packages/sqlalchemy/orm/query.py", line 3429, in first
    ret = list(self[0:1])
  File "/home/airflow/.local/lib/python3.7/site-packages/sqlalchemy/orm/query.py", line 3203, in __getitem__
    return list(res)
  File "/home/airflow/.local/lib/python3.7/site-packages/sqlalchemy/orm/query.py", line 3535, in __iter__
    return self._execute_and_instances(context)
  File "/home/airflow/.local/lib/python3.7/site-packages/sqlalchemy/orm/query.py", line 3557, in _execute_and_instances
    querycontext, self._connection_from_session, close_with_result=True
  File "/home/airflow/.local/lib/python3.7/site-packages/sqlalchemy/orm/query.py", line 3572, in _get_bind_args
    mapper=self._bind_mapper(), clause=querycontext.statement, **kw
  File "/home/airflow/.local/lib/python3.7/site-packages/sqlalchemy/orm/query.py", line 3550, in _connection_from_session
    conn = self.session.connection(**kw)
  File "/home/airflow/.local/lib/python3.7/site-packages/sqlalchemy/orm/session.py", line 1145, in connection
    execution_options=execution_options,
  File "/home/airflow/.local/lib/python3.7/site-packages/sqlalchemy/orm/session.py", line 1151, in _connection_for_bind
    engine, execution_options
  File "/home/airflow/.local/lib/python3.7/site-packages/sqlalchemy/orm/session.py", line 409, in _connection_for_bind
    self._assert_active()
  File "/home/airflow/.local/lib/python3.7/site-packages/sqlalchemy/orm/session.py", line 296, in _assert_active
    code="7s2a",
sqlalchemy.exc.InvalidRequestError: This Session's transaction has been rolled back due to a previous exception during flush. To begin a new transaction with this Session, first issue Session.rollback(). Original exception was: (psycopg2.errors.UniqueViolation) duplicate key value violates unique constraint "serialized_dag_pkey"
DETAIL:  Key (dag_id)=(green_taxi_data_ingest) already exists.

[SQL: INSERT INTO serialized_dag (dag_id, fileloc, fileloc_hash, data, last_updated, dag_hash) VALUES (%(dag_id)s, %(fileloc)s, %(fileloc_hash)s, %(data)s, %(last_updated)s, %(dag_hash)s)]
[parameters: {'dag_id': 'green_taxi_data_ingest', 'fileloc': '/opt/airflow/dags/fhv_data_ingest_dag.py', 'fileloc_hash': 8769725446024048, 'data': '{"__version": 1, "dag": {"start_date": 1546300800.0, "fileloc": "/opt/airflow/dags/fhv_data_ingest_dag.py", "timezone": "UTC", "timetable": {"__type" ... (3350 characters truncated) ... { execution_date.strftime(\'%Y-%m\') }}/green_tripdata_{{ execution_date.strftime(\'%Y-%m\') }}.parquet"]}}}], "dag_dependencies": [], "params": {}}}', 'last_updated': datetime.datetime(2022, 8, 18, 14, 40, 36, 149822, tzinfo=Timezone('UTC')), 'dag_hash': '3fa4ecc2810fa16b5b46d1f4f2d25741'}]
(Background on this error at: http://sqlalche.me/e/13/gkpj) (Background on this error at: http://sqlalche.me/e/13/7s2a)
[2022-08-18 14:40:36,961] {logging_mixin.py:109} INFO - [2022-08-18 14:40:36,961] {dag.py:2396} INFO - Sync 1 DAGs
[2022-08-18 14:40:36,963] {processor.py:174} ERROR - Got an exception! Propagating...
Traceback (most recent call last):
  File "/home/airflow/.local/lib/python3.7/site-packages/airflow/dag_processing/processor.py", line 168, in _run_file_processor
    callback_requests=callback_requests,
  File "/home/airflow/.local/lib/python3.7/site-packages/airflow/utils/session.py", line 70, in wrapper
    return func(*args, session=session, **kwargs)
  File "/home/airflow/.local/lib/python3.7/site-packages/airflow/dag_processing/processor.py", line 663, in process_file
    dagbag.sync_to_db()
  File "/home/airflow/.local/lib/python3.7/site-packages/airflow/utils/session.py", line 70, in wrapper
    return func(*args, session=session, **kwargs)
  File "/home/airflow/.local/lib/python3.7/site-packages/airflow/models/dagbag.py", line 608, in sync_to_db
    for attempt in run_with_db_retries(logger=self.log):
  File "/home/airflow/.local/lib/python3.7/site-packages/tenacity/__init__.py", line 382, in __iter__
    do = self.iter(retry_state=retry_state)
  File "/home/airflow/.local/lib/python3.7/site-packages/tenacity/__init__.py", line 349, in iter
    return fut.result()
  File "/usr/local/lib/python3.7/concurrent/futures/_base.py", line 428, in result
    return self.__get_result()
  File "/usr/local/lib/python3.7/concurrent/futures/_base.py", line 384, in __get_result
    raise self._exception
  File "/home/airflow/.local/lib/python3.7/site-packages/airflow/models/dagbag.py", line 622, in sync_to_db
    DAG.bulk_write_to_db(self.dags.values(), session=session)
  File "/home/airflow/.local/lib/python3.7/site-packages/airflow/utils/session.py", line 67, in wrapper
    return func(*args, **kwargs)
  File "/home/airflow/.local/lib/python3.7/site-packages/airflow/models/dag.py", line 2404, in bulk_write_to_db
    orm_dags: List[DagModel] = with_row_locks(query, of=DagModel, session=session).all()
  File "/home/airflow/.local/lib/python3.7/site-packages/sqlalchemy/orm/query.py", line 3373, in all
    return list(self)
  File "/home/airflow/.local/lib/python3.7/site-packages/sqlalchemy/orm/query.py", line 3535, in __iter__
    return self._execute_and_instances(context)
  File "/home/airflow/.local/lib/python3.7/site-packages/sqlalchemy/orm/query.py", line 3557, in _execute_and_instances
    querycontext, self._connection_from_session, close_with_result=True
  File "/home/airflow/.local/lib/python3.7/site-packages/sqlalchemy/orm/query.py", line 3572, in _get_bind_args
    mapper=self._bind_mapper(), clause=querycontext.statement, **kw
  File "/home/airflow/.local/lib/python3.7/site-packages/sqlalchemy/orm/query.py", line 3550, in _connection_from_session
    conn = self.session.connection(**kw)
  File "/home/airflow/.local/lib/python3.7/site-packages/sqlalchemy/orm/session.py", line 1145, in connection
    execution_options=execution_options,
  File "/home/airflow/.local/lib/python3.7/site-packages/sqlalchemy/orm/session.py", line 1151, in _connection_for_bind
    engine, execution_options
  File "/home/airflow/.local/lib/python3.7/site-packages/sqlalchemy/orm/session.py", line 409, in _connection_for_bind
    self._assert_active()
  File "/home/airflow/.local/lib/python3.7/site-packages/sqlalchemy/orm/session.py", line 296, in _assert_active
    code="7s2a",
sqlalchemy.exc.InvalidRequestError: This Session's transaction has been rolled back due to a previous exception during flush. To begin a new transaction with this Session, first issue Session.rollback(). Original exception was: (psycopg2.errors.UniqueViolation) duplicate key value violates unique constraint "serialized_dag_pkey"
DETAIL:  Key (dag_id)=(green_taxi_data_ingest) already exists.

[SQL: INSERT INTO serialized_dag (dag_id, fileloc, fileloc_hash, data, last_updated, dag_hash) VALUES (%(dag_id)s, %(fileloc)s, %(fileloc_hash)s, %(data)s, %(last_updated)s, %(dag_hash)s)]
[parameters: {'dag_id': 'green_taxi_data_ingest', 'fileloc': '/opt/airflow/dags/fhv_data_ingest_dag.py', 'fileloc_hash': 8769725446024048, 'data': '{"__version": 1, "dag": {"start_date": 1546300800.0, "fileloc": "/opt/airflow/dags/fhv_data_ingest_dag.py", "timezone": "UTC", "timetable": {"__type" ... (3350 characters truncated) ... { execution_date.strftime(\'%Y-%m\') }}/green_tripdata_{{ execution_date.strftime(\'%Y-%m\') }}.parquet"]}}}], "dag_dependencies": [], "params": {}}}', 'last_updated': datetime.datetime(2022, 8, 18, 14, 40, 36, 149822, tzinfo=Timezone('UTC')), 'dag_hash': '3fa4ecc2810fa16b5b46d1f4f2d25741'}]
(Background on this error at: http://sqlalche.me/e/13/gkpj) (Background on this error at: http://sqlalche.me/e/13/7s2a)
[2022-08-18 14:41:07,530] {processor.py:163} INFO - Started process (PID=29863) to work on /opt/airflow/dags/fhv_data_ingest_dag.py
[2022-08-18 14:41:07,531] {processor.py:642} INFO - Processing file /opt/airflow/dags/fhv_data_ingest_dag.py for tasks to queue
[2022-08-18 14:41:07,531] {logging_mixin.py:109} INFO - [2022-08-18 14:41:07,531] {dagbag.py:500} INFO - Filling up the DagBag from /opt/airflow/dags/fhv_data_ingest_dag.py
[2022-08-18 14:41:08,138] {processor.py:654} INFO - DAG(s) dict_keys(['green_taxi_data_ingest']) retrieved from /opt/airflow/dags/fhv_data_ingest_dag.py
[2022-08-18 14:41:08,358] {logging_mixin.py:109} INFO - [2022-08-18 14:41:08,358] {dag.py:2396} INFO - Sync 1 DAGs
[2022-08-18 14:41:08,370] {logging_mixin.py:109} INFO - [2022-08-18 14:41:08,370] {dag.py:2935} INFO - Setting next_dagrun for green_taxi_data_ingest to 2022-01-01T01:00:00+00:00
[2022-08-18 14:41:08,383] {processor.py:171} INFO - Processing /opt/airflow/dags/fhv_data_ingest_dag.py took 0.854 seconds
[2022-08-18 14:41:39,089] {processor.py:163} INFO - Started process (PID=29942) to work on /opt/airflow/dags/fhv_data_ingest_dag.py
[2022-08-18 14:41:39,091] {processor.py:642} INFO - Processing file /opt/airflow/dags/fhv_data_ingest_dag.py for tasks to queue
[2022-08-18 14:41:39,091] {logging_mixin.py:109} INFO - [2022-08-18 14:41:39,091] {dagbag.py:500} INFO - Filling up the DagBag from /opt/airflow/dags/fhv_data_ingest_dag.py
[2022-08-18 14:41:39,610] {processor.py:654} INFO - DAG(s) dict_keys(['green_taxi_data_ingest']) retrieved from /opt/airflow/dags/fhv_data_ingest_dag.py
[2022-08-18 14:41:39,617] {logging_mixin.py:109} INFO - [2022-08-18 14:41:39,617] {dag.py:2396} INFO - Sync 1 DAGs
[2022-08-18 14:41:39,628] {logging_mixin.py:109} INFO - [2022-08-18 14:41:39,628] {dag.py:2935} INFO - Setting next_dagrun for green_taxi_data_ingest to 2022-01-01T01:00:00+00:00
[2022-08-18 14:41:39,638] {processor.py:171} INFO - Processing /opt/airflow/dags/fhv_data_ingest_dag.py took 0.551 seconds
[2022-08-18 14:41:41,667] {processor.py:163} INFO - Started process (PID=29969) to work on /opt/airflow/dags/fhv_data_ingest_dag.py
[2022-08-18 14:41:41,668] {processor.py:642} INFO - Processing file /opt/airflow/dags/fhv_data_ingest_dag.py for tasks to queue
[2022-08-18 14:41:41,668] {logging_mixin.py:109} INFO - [2022-08-18 14:41:41,668] {dagbag.py:500} INFO - Filling up the DagBag from /opt/airflow/dags/fhv_data_ingest_dag.py
[2022-08-18 14:41:42,138] {processor.py:654} INFO - DAG(s) dict_keys(['fhv_taxi_data_ingest']) retrieved from /opt/airflow/dags/fhv_data_ingest_dag.py
[2022-08-18 14:41:42,943] {logging_mixin.py:109} INFO - [2022-08-18 14:41:42,943] {manager.py:496} INFO - Created Permission View: can edit on DAG:fhv_taxi_data_ingest
[2022-08-18 14:41:42,951] {logging_mixin.py:109} INFO - [2022-08-18 14:41:42,950] {manager.py:496} INFO - Created Permission View: can read on DAG:fhv_taxi_data_ingest
[2022-08-18 14:41:42,951] {logging_mixin.py:109} INFO - [2022-08-18 14:41:42,951] {dag.py:2396} INFO - Sync 1 DAGs
[2022-08-18 14:41:42,955] {logging_mixin.py:109} INFO - [2022-08-18 14:41:42,955] {dag.py:2415} INFO - Creating ORM DAG for fhv_taxi_data_ingest
[2022-08-18 14:41:42,960] {logging_mixin.py:109} INFO - [2022-08-18 14:41:42,960] {dag.py:2935} INFO - Setting next_dagrun for fhv_taxi_data_ingest to 2019-01-01 01:00:00+00:00
[2022-08-18 14:41:42,970] {processor.py:171} INFO - Processing /opt/airflow/dags/fhv_data_ingest_dag.py took 1.304 seconds
[2022-08-18 14:42:13,298] {processor.py:163} INFO - Started process (PID=30036) to work on /opt/airflow/dags/fhv_data_ingest_dag.py
[2022-08-18 14:42:13,299] {processor.py:642} INFO - Processing file /opt/airflow/dags/fhv_data_ingest_dag.py for tasks to queue
[2022-08-18 14:42:13,300] {logging_mixin.py:109} INFO - [2022-08-18 14:42:13,300] {dagbag.py:500} INFO - Filling up the DagBag from /opt/airflow/dags/fhv_data_ingest_dag.py
[2022-08-18 14:42:13,797] {processor.py:654} INFO - DAG(s) dict_keys(['fhv_taxi_data_ingest']) retrieved from /opt/airflow/dags/fhv_data_ingest_dag.py
[2022-08-18 14:42:13,804] {logging_mixin.py:109} INFO - [2022-08-18 14:42:13,804] {dag.py:2396} INFO - Sync 1 DAGs
[2022-08-18 14:42:13,815] {logging_mixin.py:109} INFO - [2022-08-18 14:42:13,815] {dag.py:2935} INFO - Setting next_dagrun for fhv_taxi_data_ingest to 2022-01-01T01:00:00+00:00
[2022-08-18 14:42:13,826] {processor.py:171} INFO - Processing /opt/airflow/dags/fhv_data_ingest_dag.py took 0.531 seconds
[2022-08-18 14:42:44,389] {processor.py:163} INFO - Started process (PID=30094) to work on /opt/airflow/dags/fhv_data_ingest_dag.py
[2022-08-18 14:42:44,390] {processor.py:642} INFO - Processing file /opt/airflow/dags/fhv_data_ingest_dag.py for tasks to queue
[2022-08-18 14:42:44,390] {logging_mixin.py:109} INFO - [2022-08-18 14:42:44,390] {dagbag.py:500} INFO - Filling up the DagBag from /opt/airflow/dags/fhv_data_ingest_dag.py
[2022-08-18 14:42:44,847] {processor.py:654} INFO - DAG(s) dict_keys(['fhv_taxi_data_ingest']) retrieved from /opt/airflow/dags/fhv_data_ingest_dag.py
[2022-08-18 14:42:44,853] {logging_mixin.py:109} INFO - [2022-08-18 14:42:44,853] {dag.py:2396} INFO - Sync 1 DAGs
[2022-08-18 14:42:44,874] {processor.py:171} INFO - Processing /opt/airflow/dags/fhv_data_ingest_dag.py took 0.487 seconds
[2022-08-18 14:43:14,954] {processor.py:163} INFO - Started process (PID=30161) to work on /opt/airflow/dags/fhv_data_ingest_dag.py
[2022-08-18 14:43:14,955] {processor.py:642} INFO - Processing file /opt/airflow/dags/fhv_data_ingest_dag.py for tasks to queue
[2022-08-18 14:43:14,955] {logging_mixin.py:109} INFO - [2022-08-18 14:43:14,955] {dagbag.py:500} INFO - Filling up the DagBag from /opt/airflow/dags/fhv_data_ingest_dag.py
[2022-08-18 14:43:15,406] {processor.py:654} INFO - DAG(s) dict_keys(['fhv_taxi_data_ingest']) retrieved from /opt/airflow/dags/fhv_data_ingest_dag.py
[2022-08-18 14:43:15,412] {logging_mixin.py:109} INFO - [2022-08-18 14:43:15,411] {dag.py:2396} INFO - Sync 1 DAGs
[2022-08-18 14:43:15,428] {processor.py:171} INFO - Processing /opt/airflow/dags/fhv_data_ingest_dag.py took 0.476 seconds
[2022-08-18 14:43:45,523] {processor.py:163} INFO - Started process (PID=30219) to work on /opt/airflow/dags/fhv_data_ingest_dag.py
[2022-08-18 14:43:45,524] {processor.py:642} INFO - Processing file /opt/airflow/dags/fhv_data_ingest_dag.py for tasks to queue
[2022-08-18 14:43:45,524] {logging_mixin.py:109} INFO - [2022-08-18 14:43:45,524] {dagbag.py:500} INFO - Filling up the DagBag from /opt/airflow/dags/fhv_data_ingest_dag.py
[2022-08-18 14:43:45,979] {processor.py:654} INFO - DAG(s) dict_keys(['fhv_taxi_data_ingest']) retrieved from /opt/airflow/dags/fhv_data_ingest_dag.py
[2022-08-18 14:43:45,986] {logging_mixin.py:109} INFO - [2022-08-18 14:43:45,985] {dag.py:2396} INFO - Sync 1 DAGs
[2022-08-18 14:43:45,995] {logging_mixin.py:109} INFO - [2022-08-18 14:43:45,995] {dag.py:2935} INFO - Setting next_dagrun for fhv_taxi_data_ingest to 2022-01-01T01:00:00+00:00
[2022-08-18 14:43:46,004] {processor.py:171} INFO - Processing /opt/airflow/dags/fhv_data_ingest_dag.py took 0.483 seconds
[2022-08-18 14:44:16,083] {processor.py:163} INFO - Started process (PID=30286) to work on /opt/airflow/dags/fhv_data_ingest_dag.py
[2022-08-18 14:44:16,084] {processor.py:642} INFO - Processing file /opt/airflow/dags/fhv_data_ingest_dag.py for tasks to queue
[2022-08-18 14:44:16,084] {logging_mixin.py:109} INFO - [2022-08-18 14:44:16,084] {dagbag.py:500} INFO - Filling up the DagBag from /opt/airflow/dags/fhv_data_ingest_dag.py
[2022-08-18 14:44:16,537] {processor.py:654} INFO - DAG(s) dict_keys(['fhv_taxi_data_ingest']) retrieved from /opt/airflow/dags/fhv_data_ingest_dag.py
[2022-08-18 14:44:16,543] {logging_mixin.py:109} INFO - [2022-08-18 14:44:16,542] {dag.py:2396} INFO - Sync 1 DAGs
[2022-08-18 14:44:16,552] {logging_mixin.py:109} INFO - [2022-08-18 14:44:16,552] {dag.py:2935} INFO - Setting next_dagrun for fhv_taxi_data_ingest to 2022-01-01T01:00:00+00:00
[2022-08-18 14:44:16,560] {processor.py:171} INFO - Processing /opt/airflow/dags/fhv_data_ingest_dag.py took 0.479 seconds
[2022-08-18 14:44:46,654] {processor.py:163} INFO - Started process (PID=30354) to work on /opt/airflow/dags/fhv_data_ingest_dag.py
[2022-08-18 14:44:46,655] {processor.py:642} INFO - Processing file /opt/airflow/dags/fhv_data_ingest_dag.py for tasks to queue
[2022-08-18 14:44:46,656] {logging_mixin.py:109} INFO - [2022-08-18 14:44:46,655] {dagbag.py:500} INFO - Filling up the DagBag from /opt/airflow/dags/fhv_data_ingest_dag.py
[2022-08-18 14:44:47,123] {processor.py:654} INFO - DAG(s) dict_keys(['fhv_taxi_data_ingest']) retrieved from /opt/airflow/dags/fhv_data_ingest_dag.py
[2022-08-18 14:44:47,129] {logging_mixin.py:109} INFO - [2022-08-18 14:44:47,128] {dag.py:2396} INFO - Sync 1 DAGs
[2022-08-18 14:44:47,138] {logging_mixin.py:109} INFO - [2022-08-18 14:44:47,138] {dag.py:2935} INFO - Setting next_dagrun for fhv_taxi_data_ingest to 2022-01-01T01:00:00+00:00
[2022-08-18 14:44:47,147] {processor.py:171} INFO - Processing /opt/airflow/dags/fhv_data_ingest_dag.py took 0.495 seconds
[2022-08-18 14:45:17,251] {processor.py:163} INFO - Started process (PID=30412) to work on /opt/airflow/dags/fhv_data_ingest_dag.py
[2022-08-18 14:45:17,252] {processor.py:642} INFO - Processing file /opt/airflow/dags/fhv_data_ingest_dag.py for tasks to queue
[2022-08-18 14:45:17,253] {logging_mixin.py:109} INFO - [2022-08-18 14:45:17,253] {dagbag.py:500} INFO - Filling up the DagBag from /opt/airflow/dags/fhv_data_ingest_dag.py
[2022-08-18 14:45:17,798] {processor.py:654} INFO - DAG(s) dict_keys(['fhv_taxi_data_ingest']) retrieved from /opt/airflow/dags/fhv_data_ingest_dag.py
[2022-08-18 14:45:17,804] {logging_mixin.py:109} INFO - [2022-08-18 14:45:17,803] {dag.py:2396} INFO - Sync 1 DAGs
[2022-08-18 14:45:17,814] {logging_mixin.py:109} INFO - [2022-08-18 14:45:17,814] {dag.py:2935} INFO - Setting next_dagrun for fhv_taxi_data_ingest to 2022-01-01T01:00:00+00:00
[2022-08-18 14:45:17,823] {processor.py:171} INFO - Processing /opt/airflow/dags/fhv_data_ingest_dag.py took 0.574 seconds
[2022-08-18 14:45:47,891] {processor.py:163} INFO - Started process (PID=30478) to work on /opt/airflow/dags/fhv_data_ingest_dag.py
[2022-08-18 14:45:47,893] {processor.py:642} INFO - Processing file /opt/airflow/dags/fhv_data_ingest_dag.py for tasks to queue
[2022-08-18 14:45:47,893] {logging_mixin.py:109} INFO - [2022-08-18 14:45:47,893] {dagbag.py:500} INFO - Filling up the DagBag from /opt/airflow/dags/fhv_data_ingest_dag.py
[2022-08-18 14:45:48,385] {processor.py:654} INFO - DAG(s) dict_keys(['fhv_taxi_data_ingest']) retrieved from /opt/airflow/dags/fhv_data_ingest_dag.py
[2022-08-18 14:45:48,392] {logging_mixin.py:109} INFO - [2022-08-18 14:45:48,392] {dag.py:2396} INFO - Sync 1 DAGs
[2022-08-18 14:45:48,404] {logging_mixin.py:109} INFO - [2022-08-18 14:45:48,404] {dag.py:2935} INFO - Setting next_dagrun for fhv_taxi_data_ingest to 2022-01-01T01:00:00+00:00
[2022-08-18 14:45:48,414] {processor.py:171} INFO - Processing /opt/airflow/dags/fhv_data_ingest_dag.py took 0.525 seconds
[2022-08-18 14:46:18,432] {processor.py:163} INFO - Started process (PID=30535) to work on /opt/airflow/dags/fhv_data_ingest_dag.py
[2022-08-18 14:46:18,433] {processor.py:642} INFO - Processing file /opt/airflow/dags/fhv_data_ingest_dag.py for tasks to queue
[2022-08-18 14:46:18,433] {logging_mixin.py:109} INFO - [2022-08-18 14:46:18,433] {dagbag.py:500} INFO - Filling up the DagBag from /opt/airflow/dags/fhv_data_ingest_dag.py
[2022-08-18 14:46:18,922] {processor.py:654} INFO - DAG(s) dict_keys(['fhv_taxi_data_ingest']) retrieved from /opt/airflow/dags/fhv_data_ingest_dag.py
[2022-08-18 14:46:18,929] {logging_mixin.py:109} INFO - [2022-08-18 14:46:18,929] {dag.py:2396} INFO - Sync 1 DAGs
[2022-08-18 14:46:18,942] {logging_mixin.py:109} INFO - [2022-08-18 14:46:18,942] {dag.py:2935} INFO - Setting next_dagrun for fhv_taxi_data_ingest to 2022-01-01T01:00:00+00:00
[2022-08-18 14:46:18,952] {processor.py:171} INFO - Processing /opt/airflow/dags/fhv_data_ingest_dag.py took 0.522 seconds
[2022-08-18 14:46:48,993] {processor.py:163} INFO - Started process (PID=30601) to work on /opt/airflow/dags/fhv_data_ingest_dag.py
[2022-08-18 14:46:48,994] {processor.py:642} INFO - Processing file /opt/airflow/dags/fhv_data_ingest_dag.py for tasks to queue
[2022-08-18 14:46:48,994] {logging_mixin.py:109} INFO - [2022-08-18 14:46:48,994] {dagbag.py:500} INFO - Filling up the DagBag from /opt/airflow/dags/fhv_data_ingest_dag.py
[2022-08-18 14:46:49,589] {processor.py:654} INFO - DAG(s) dict_keys(['fhv_taxi_data_ingest']) retrieved from /opt/airflow/dags/fhv_data_ingest_dag.py
[2022-08-18 14:46:49,598] {logging_mixin.py:109} INFO - [2022-08-18 14:46:49,597] {dag.py:2396} INFO - Sync 1 DAGs
[2022-08-18 14:46:49,611] {logging_mixin.py:109} INFO - [2022-08-18 14:46:49,611] {dag.py:2935} INFO - Setting next_dagrun for fhv_taxi_data_ingest to 2022-01-01T01:00:00+00:00
[2022-08-18 14:46:49,827] {processor.py:171} INFO - Processing /opt/airflow/dags/fhv_data_ingest_dag.py took 0.836 seconds
[2022-08-18 14:47:20,097] {processor.py:163} INFO - Started process (PID=30668) to work on /opt/airflow/dags/fhv_data_ingest_dag.py
[2022-08-18 14:47:20,097] {processor.py:642} INFO - Processing file /opt/airflow/dags/fhv_data_ingest_dag.py for tasks to queue
[2022-08-18 14:47:20,098] {logging_mixin.py:109} INFO - [2022-08-18 14:47:20,098] {dagbag.py:500} INFO - Filling up the DagBag from /opt/airflow/dags/fhv_data_ingest_dag.py
[2022-08-18 14:47:20,547] {processor.py:654} INFO - DAG(s) dict_keys(['fhv_taxi_data_ingest']) retrieved from /opt/airflow/dags/fhv_data_ingest_dag.py
[2022-08-18 14:47:20,553] {logging_mixin.py:109} INFO - [2022-08-18 14:47:20,552] {dag.py:2396} INFO - Sync 1 DAGs
[2022-08-18 14:47:20,563] {logging_mixin.py:109} INFO - [2022-08-18 14:47:20,562] {dag.py:2935} INFO - Setting next_dagrun for fhv_taxi_data_ingest to 2022-01-01T01:00:00+00:00
[2022-08-18 14:47:20,571] {processor.py:171} INFO - Processing /opt/airflow/dags/fhv_data_ingest_dag.py took 0.477 seconds
[2022-08-18 14:47:50,641] {processor.py:163} INFO - Started process (PID=30725) to work on /opt/airflow/dags/fhv_data_ingest_dag.py
[2022-08-18 14:47:50,642] {processor.py:642} INFO - Processing file /opt/airflow/dags/fhv_data_ingest_dag.py for tasks to queue
[2022-08-18 14:47:50,642] {logging_mixin.py:109} INFO - [2022-08-18 14:47:50,642] {dagbag.py:500} INFO - Filling up the DagBag from /opt/airflow/dags/fhv_data_ingest_dag.py
[2022-08-18 14:47:51,088] {processor.py:654} INFO - DAG(s) dict_keys(['fhv_taxi_data_ingest']) retrieved from /opt/airflow/dags/fhv_data_ingest_dag.py
[2022-08-18 14:47:51,093] {logging_mixin.py:109} INFO - [2022-08-18 14:47:51,093] {dag.py:2396} INFO - Sync 1 DAGs
[2022-08-18 14:47:51,102] {logging_mixin.py:109} INFO - [2022-08-18 14:47:51,102] {dag.py:2935} INFO - Setting next_dagrun for fhv_taxi_data_ingest to 2022-01-01T01:00:00+00:00
[2022-08-18 14:47:51,110] {processor.py:171} INFO - Processing /opt/airflow/dags/fhv_data_ingest_dag.py took 0.470 seconds
[2022-08-18 14:48:21,239] {processor.py:163} INFO - Started process (PID=30791) to work on /opt/airflow/dags/fhv_data_ingest_dag.py
[2022-08-18 14:48:21,239] {processor.py:642} INFO - Processing file /opt/airflow/dags/fhv_data_ingest_dag.py for tasks to queue
[2022-08-18 14:48:21,240] {logging_mixin.py:109} INFO - [2022-08-18 14:48:21,240] {dagbag.py:500} INFO - Filling up the DagBag from /opt/airflow/dags/fhv_data_ingest_dag.py
[2022-08-18 14:48:21,671] {processor.py:654} INFO - DAG(s) dict_keys(['fhv_taxi_data_ingest']) retrieved from /opt/airflow/dags/fhv_data_ingest_dag.py
[2022-08-18 14:48:21,677] {logging_mixin.py:109} INFO - [2022-08-18 14:48:21,676] {dag.py:2396} INFO - Sync 1 DAGs
[2022-08-18 14:48:21,686] {logging_mixin.py:109} INFO - [2022-08-18 14:48:21,686] {dag.py:2935} INFO - Setting next_dagrun for fhv_taxi_data_ingest to 2022-01-01T01:00:00+00:00
[2022-08-18 14:48:21,694] {processor.py:171} INFO - Processing /opt/airflow/dags/fhv_data_ingest_dag.py took 0.457 seconds
[2022-08-18 14:48:52,283] {processor.py:163} INFO - Started process (PID=30857) to work on /opt/airflow/dags/fhv_data_ingest_dag.py
[2022-08-18 14:48:52,284] {processor.py:642} INFO - Processing file /opt/airflow/dags/fhv_data_ingest_dag.py for tasks to queue
[2022-08-18 14:48:52,284] {logging_mixin.py:109} INFO - [2022-08-18 14:48:52,284] {dagbag.py:500} INFO - Filling up the DagBag from /opt/airflow/dags/fhv_data_ingest_dag.py
[2022-08-18 14:48:52,763] {processor.py:654} INFO - DAG(s) dict_keys(['fhv_taxi_data_ingest']) retrieved from /opt/airflow/dags/fhv_data_ingest_dag.py
[2022-08-18 14:48:52,769] {logging_mixin.py:109} INFO - [2022-08-18 14:48:52,768] {dag.py:2396} INFO - Sync 1 DAGs
[2022-08-18 14:48:52,778] {logging_mixin.py:109} INFO - [2022-08-18 14:48:52,778] {dag.py:2935} INFO - Setting next_dagrun for fhv_taxi_data_ingest to 2022-01-01T01:00:00+00:00
[2022-08-18 14:48:52,785] {processor.py:171} INFO - Processing /opt/airflow/dags/fhv_data_ingest_dag.py took 0.505 seconds
[2022-08-18 14:49:22,866] {processor.py:163} INFO - Started process (PID=30914) to work on /opt/airflow/dags/fhv_data_ingest_dag.py
[2022-08-18 14:49:22,866] {processor.py:642} INFO - Processing file /opt/airflow/dags/fhv_data_ingest_dag.py for tasks to queue
[2022-08-18 14:49:22,867] {logging_mixin.py:109} INFO - [2022-08-18 14:49:22,867] {dagbag.py:500} INFO - Filling up the DagBag from /opt/airflow/dags/fhv_data_ingest_dag.py
[2022-08-18 14:49:23,380] {processor.py:654} INFO - DAG(s) dict_keys(['fhv_taxi_data_ingest']) retrieved from /opt/airflow/dags/fhv_data_ingest_dag.py
[2022-08-18 14:49:23,386] {logging_mixin.py:109} INFO - [2022-08-18 14:49:23,386] {dag.py:2396} INFO - Sync 1 DAGs
[2022-08-18 14:49:23,397] {logging_mixin.py:109} INFO - [2022-08-18 14:49:23,396] {dag.py:2935} INFO - Setting next_dagrun for fhv_taxi_data_ingest to 2022-01-01T01:00:00+00:00
[2022-08-18 14:49:23,406] {processor.py:171} INFO - Processing /opt/airflow/dags/fhv_data_ingest_dag.py took 0.543 seconds
[2022-08-18 14:49:53,616] {processor.py:163} INFO - Started process (PID=30980) to work on /opt/airflow/dags/fhv_data_ingest_dag.py
[2022-08-18 14:49:53,617] {processor.py:642} INFO - Processing file /opt/airflow/dags/fhv_data_ingest_dag.py for tasks to queue
[2022-08-18 14:49:53,618] {logging_mixin.py:109} INFO - [2022-08-18 14:49:53,618] {dagbag.py:500} INFO - Filling up the DagBag from /opt/airflow/dags/fhv_data_ingest_dag.py
[2022-08-18 14:49:54,088] {processor.py:654} INFO - DAG(s) dict_keys(['fhv_taxi_data_ingest']) retrieved from /opt/airflow/dags/fhv_data_ingest_dag.py
[2022-08-18 14:49:54,094] {logging_mixin.py:109} INFO - [2022-08-18 14:49:54,093] {dag.py:2396} INFO - Sync 1 DAGs
[2022-08-18 14:49:54,103] {logging_mixin.py:109} INFO - [2022-08-18 14:49:54,103] {dag.py:2935} INFO - Setting next_dagrun for fhv_taxi_data_ingest to 2022-01-01T01:00:00+00:00
[2022-08-18 14:49:54,112] {processor.py:171} INFO - Processing /opt/airflow/dags/fhv_data_ingest_dag.py took 0.498 seconds
[2022-08-18 14:50:24,168] {processor.py:163} INFO - Started process (PID=31037) to work on /opt/airflow/dags/fhv_data_ingest_dag.py
[2022-08-18 14:50:24,169] {processor.py:642} INFO - Processing file /opt/airflow/dags/fhv_data_ingest_dag.py for tasks to queue
[2022-08-18 14:50:24,170] {logging_mixin.py:109} INFO - [2022-08-18 14:50:24,170] {dagbag.py:500} INFO - Filling up the DagBag from /opt/airflow/dags/fhv_data_ingest_dag.py
[2022-08-18 14:50:24,677] {processor.py:654} INFO - DAG(s) dict_keys(['fhv_taxi_data_ingest']) retrieved from /opt/airflow/dags/fhv_data_ingest_dag.py
[2022-08-18 14:50:24,685] {logging_mixin.py:109} INFO - [2022-08-18 14:50:24,684] {dag.py:2396} INFO - Sync 1 DAGs
[2022-08-18 14:50:24,696] {logging_mixin.py:109} INFO - [2022-08-18 14:50:24,696] {dag.py:2935} INFO - Setting next_dagrun for fhv_taxi_data_ingest to 2022-01-01T01:00:00+00:00
[2022-08-18 14:50:24,706] {processor.py:171} INFO - Processing /opt/airflow/dags/fhv_data_ingest_dag.py took 0.539 seconds
[2022-08-18 14:50:55,187] {processor.py:163} INFO - Started process (PID=31102) to work on /opt/airflow/dags/fhv_data_ingest_dag.py
[2022-08-18 14:50:55,188] {processor.py:642} INFO - Processing file /opt/airflow/dags/fhv_data_ingest_dag.py for tasks to queue
[2022-08-18 14:50:55,188] {logging_mixin.py:109} INFO - [2022-08-18 14:50:55,188] {dagbag.py:500} INFO - Filling up the DagBag from /opt/airflow/dags/fhv_data_ingest_dag.py
[2022-08-18 14:50:55,635] {processor.py:654} INFO - DAG(s) dict_keys(['fhv_taxi_data_ingest']) retrieved from /opt/airflow/dags/fhv_data_ingest_dag.py
[2022-08-18 14:50:55,641] {logging_mixin.py:109} INFO - [2022-08-18 14:50:55,641] {dag.py:2396} INFO - Sync 1 DAGs
[2022-08-18 14:50:55,651] {logging_mixin.py:109} INFO - [2022-08-18 14:50:55,651] {dag.py:2935} INFO - Setting next_dagrun for fhv_taxi_data_ingest to 2022-01-01T01:00:00+00:00
[2022-08-18 14:50:55,660] {processor.py:171} INFO - Processing /opt/airflow/dags/fhv_data_ingest_dag.py took 0.475 seconds
[2022-08-18 14:51:25,790] {processor.py:163} INFO - Started process (PID=31168) to work on /opt/airflow/dags/fhv_data_ingest_dag.py
[2022-08-18 14:51:25,791] {processor.py:642} INFO - Processing file /opt/airflow/dags/fhv_data_ingest_dag.py for tasks to queue
[2022-08-18 14:51:25,792] {logging_mixin.py:109} INFO - [2022-08-18 14:51:25,791] {dagbag.py:500} INFO - Filling up the DagBag from /opt/airflow/dags/fhv_data_ingest_dag.py
[2022-08-18 14:51:26,250] {processor.py:654} INFO - DAG(s) dict_keys(['fhv_taxi_data_ingest']) retrieved from /opt/airflow/dags/fhv_data_ingest_dag.py
[2022-08-18 14:51:26,256] {logging_mixin.py:109} INFO - [2022-08-18 14:51:26,256] {dag.py:2396} INFO - Sync 1 DAGs
[2022-08-18 14:51:26,265] {logging_mixin.py:109} INFO - [2022-08-18 14:51:26,265] {dag.py:2935} INFO - Setting next_dagrun for fhv_taxi_data_ingest to 2022-01-01T01:00:00+00:00
[2022-08-18 14:51:26,273] {processor.py:171} INFO - Processing /opt/airflow/dags/fhv_data_ingest_dag.py took 0.485 seconds
[2022-08-18 14:51:56,755] {processor.py:163} INFO - Started process (PID=31225) to work on /opt/airflow/dags/fhv_data_ingest_dag.py
[2022-08-18 14:51:56,757] {processor.py:642} INFO - Processing file /opt/airflow/dags/fhv_data_ingest_dag.py for tasks to queue
[2022-08-18 14:51:56,757] {logging_mixin.py:109} INFO - [2022-08-18 14:51:56,757] {dagbag.py:500} INFO - Filling up the DagBag from /opt/airflow/dags/fhv_data_ingest_dag.py
[2022-08-18 14:51:57,198] {processor.py:654} INFO - DAG(s) dict_keys(['fhv_taxi_data_ingest']) retrieved from /opt/airflow/dags/fhv_data_ingest_dag.py
[2022-08-18 14:51:57,203] {logging_mixin.py:109} INFO - [2022-08-18 14:51:57,203] {dag.py:2396} INFO - Sync 1 DAGs
[2022-08-18 14:51:57,212] {logging_mixin.py:109} INFO - [2022-08-18 14:51:57,212] {dag.py:2935} INFO - Setting next_dagrun for fhv_taxi_data_ingest to 2022-01-01T01:00:00+00:00
[2022-08-18 14:51:57,221] {processor.py:171} INFO - Processing /opt/airflow/dags/fhv_data_ingest_dag.py took 0.468 seconds
[2022-08-18 14:52:27,446] {processor.py:163} INFO - Started process (PID=31291) to work on /opt/airflow/dags/fhv_data_ingest_dag.py
[2022-08-18 14:52:27,447] {processor.py:642} INFO - Processing file /opt/airflow/dags/fhv_data_ingest_dag.py for tasks to queue
[2022-08-18 14:52:27,448] {logging_mixin.py:109} INFO - [2022-08-18 14:52:27,448] {dagbag.py:500} INFO - Filling up the DagBag from /opt/airflow/dags/fhv_data_ingest_dag.py
[2022-08-18 14:52:27,879] {processor.py:654} INFO - DAG(s) dict_keys(['fhv_taxi_data_ingest']) retrieved from /opt/airflow/dags/fhv_data_ingest_dag.py
[2022-08-18 14:52:27,886] {logging_mixin.py:109} INFO - [2022-08-18 14:52:27,885] {dag.py:2396} INFO - Sync 1 DAGs
[2022-08-18 14:52:27,896] {logging_mixin.py:109} INFO - [2022-08-18 14:52:27,896] {dag.py:2935} INFO - Setting next_dagrun for fhv_taxi_data_ingest to 2022-01-01T01:00:00+00:00
[2022-08-18 14:52:27,906] {processor.py:171} INFO - Processing /opt/airflow/dags/fhv_data_ingest_dag.py took 0.462 seconds
[2022-08-18 14:52:58,319] {processor.py:163} INFO - Started process (PID=31357) to work on /opt/airflow/dags/fhv_data_ingest_dag.py
[2022-08-18 14:52:58,319] {processor.py:642} INFO - Processing file /opt/airflow/dags/fhv_data_ingest_dag.py for tasks to queue
[2022-08-18 14:52:58,320] {logging_mixin.py:109} INFO - [2022-08-18 14:52:58,320] {dagbag.py:500} INFO - Filling up the DagBag from /opt/airflow/dags/fhv_data_ingest_dag.py
[2022-08-18 14:52:58,911] {processor.py:654} INFO - DAG(s) dict_keys(['fhv_taxi_data_ingest']) retrieved from /opt/airflow/dags/fhv_data_ingest_dag.py
[2022-08-18 14:52:58,919] {logging_mixin.py:109} INFO - [2022-08-18 14:52:58,918] {dag.py:2396} INFO - Sync 1 DAGs
[2022-08-18 14:52:58,931] {logging_mixin.py:109} INFO - [2022-08-18 14:52:58,930] {dag.py:2935} INFO - Setting next_dagrun for fhv_taxi_data_ingest to 2022-01-01T01:00:00+00:00
[2022-08-18 14:52:58,943] {processor.py:171} INFO - Processing /opt/airflow/dags/fhv_data_ingest_dag.py took 0.627 seconds
[2022-08-18 14:53:29,043] {processor.py:163} INFO - Started process (PID=31414) to work on /opt/airflow/dags/fhv_data_ingest_dag.py
[2022-08-18 14:53:29,044] {processor.py:642} INFO - Processing file /opt/airflow/dags/fhv_data_ingest_dag.py for tasks to queue
[2022-08-18 14:53:29,044] {logging_mixin.py:109} INFO - [2022-08-18 14:53:29,044] {dagbag.py:500} INFO - Filling up the DagBag from /opt/airflow/dags/fhv_data_ingest_dag.py
[2022-08-18 14:53:29,503] {processor.py:654} INFO - DAG(s) dict_keys(['fhv_taxi_data_ingest']) retrieved from /opt/airflow/dags/fhv_data_ingest_dag.py
[2022-08-18 14:53:29,510] {logging_mixin.py:109} INFO - [2022-08-18 14:53:29,510] {dag.py:2396} INFO - Sync 1 DAGs
[2022-08-18 14:53:29,521] {logging_mixin.py:109} INFO - [2022-08-18 14:53:29,520] {dag.py:2935} INFO - Setting next_dagrun for fhv_taxi_data_ingest to 2022-01-01T01:00:00+00:00
[2022-08-18 14:53:29,530] {processor.py:171} INFO - Processing /opt/airflow/dags/fhv_data_ingest_dag.py took 0.489 seconds
[2022-08-18 14:54:00,045] {processor.py:163} INFO - Started process (PID=31480) to work on /opt/airflow/dags/fhv_data_ingest_dag.py
[2022-08-18 14:54:00,046] {processor.py:642} INFO - Processing file /opt/airflow/dags/fhv_data_ingest_dag.py for tasks to queue
[2022-08-18 14:54:00,046] {logging_mixin.py:109} INFO - [2022-08-18 14:54:00,046] {dagbag.py:500} INFO - Filling up the DagBag from /opt/airflow/dags/fhv_data_ingest_dag.py
[2022-08-18 14:54:00,556] {processor.py:654} INFO - DAG(s) dict_keys(['fhv_taxi_data_ingest']) retrieved from /opt/airflow/dags/fhv_data_ingest_dag.py
[2022-08-18 14:54:00,562] {logging_mixin.py:109} INFO - [2022-08-18 14:54:00,561] {dag.py:2396} INFO - Sync 1 DAGs
[2022-08-18 14:54:00,572] {logging_mixin.py:109} INFO - [2022-08-18 14:54:00,572] {dag.py:2935} INFO - Setting next_dagrun for fhv_taxi_data_ingest to 2022-01-01T01:00:00+00:00
[2022-08-18 14:54:00,582] {processor.py:171} INFO - Processing /opt/airflow/dags/fhv_data_ingest_dag.py took 0.538 seconds
[2022-08-18 14:54:30,673] {processor.py:163} INFO - Started process (PID=31537) to work on /opt/airflow/dags/fhv_data_ingest_dag.py
[2022-08-18 14:54:30,674] {processor.py:642} INFO - Processing file /opt/airflow/dags/fhv_data_ingest_dag.py for tasks to queue
[2022-08-18 14:54:30,675] {logging_mixin.py:109} INFO - [2022-08-18 14:54:30,675] {dagbag.py:500} INFO - Filling up the DagBag from /opt/airflow/dags/fhv_data_ingest_dag.py
[2022-08-18 14:54:31,144] {processor.py:654} INFO - DAG(s) dict_keys(['fhv_taxi_data_ingest']) retrieved from /opt/airflow/dags/fhv_data_ingest_dag.py
[2022-08-18 14:54:31,150] {logging_mixin.py:109} INFO - [2022-08-18 14:54:31,150] {dag.py:2396} INFO - Sync 1 DAGs
[2022-08-18 14:54:31,161] {logging_mixin.py:109} INFO - [2022-08-18 14:54:31,161] {dag.py:2935} INFO - Setting next_dagrun for fhv_taxi_data_ingest to 2022-01-01T01:00:00+00:00
[2022-08-18 14:54:31,170] {processor.py:171} INFO - Processing /opt/airflow/dags/fhv_data_ingest_dag.py took 0.499 seconds
[2022-08-18 14:55:01,752] {processor.py:163} INFO - Started process (PID=31603) to work on /opt/airflow/dags/fhv_data_ingest_dag.py
[2022-08-18 14:55:01,753] {processor.py:642} INFO - Processing file /opt/airflow/dags/fhv_data_ingest_dag.py for tasks to queue
[2022-08-18 14:55:01,753] {logging_mixin.py:109} INFO - [2022-08-18 14:55:01,753] {dagbag.py:500} INFO - Filling up the DagBag from /opt/airflow/dags/fhv_data_ingest_dag.py
[2022-08-18 14:55:02,199] {processor.py:654} INFO - DAG(s) dict_keys(['fhv_taxi_data_ingest']) retrieved from /opt/airflow/dags/fhv_data_ingest_dag.py
[2022-08-18 14:55:02,204] {logging_mixin.py:109} INFO - [2022-08-18 14:55:02,204] {dag.py:2396} INFO - Sync 1 DAGs
[2022-08-18 14:55:02,215] {logging_mixin.py:109} INFO - [2022-08-18 14:55:02,215] {dag.py:2935} INFO - Setting next_dagrun for fhv_taxi_data_ingest to 2022-01-01T01:00:00+00:00
[2022-08-18 14:55:02,222] {processor.py:171} INFO - Processing /opt/airflow/dags/fhv_data_ingest_dag.py took 0.472 seconds
[2022-08-18 14:55:32,302] {processor.py:163} INFO - Started process (PID=31669) to work on /opt/airflow/dags/fhv_data_ingest_dag.py
[2022-08-18 14:55:32,303] {processor.py:642} INFO - Processing file /opt/airflow/dags/fhv_data_ingest_dag.py for tasks to queue
[2022-08-18 14:55:32,303] {logging_mixin.py:109} INFO - [2022-08-18 14:55:32,303] {dagbag.py:500} INFO - Filling up the DagBag from /opt/airflow/dags/fhv_data_ingest_dag.py
[2022-08-18 14:55:32,743] {processor.py:654} INFO - DAG(s) dict_keys(['fhv_taxi_data_ingest']) retrieved from /opt/airflow/dags/fhv_data_ingest_dag.py
[2022-08-18 14:55:32,750] {logging_mixin.py:109} INFO - [2022-08-18 14:55:32,750] {dag.py:2396} INFO - Sync 1 DAGs
[2022-08-18 14:55:32,759] {logging_mixin.py:109} INFO - [2022-08-18 14:55:32,759] {dag.py:2935} INFO - Setting next_dagrun for fhv_taxi_data_ingest to 2022-01-01T01:00:00+00:00
[2022-08-18 14:55:32,766] {processor.py:171} INFO - Processing /opt/airflow/dags/fhv_data_ingest_dag.py took 0.467 seconds
[2022-08-18 14:56:02,972] {processor.py:163} INFO - Started process (PID=31726) to work on /opt/airflow/dags/fhv_data_ingest_dag.py
[2022-08-18 14:56:02,973] {processor.py:642} INFO - Processing file /opt/airflow/dags/fhv_data_ingest_dag.py for tasks to queue
[2022-08-18 14:56:02,974] {logging_mixin.py:109} INFO - [2022-08-18 14:56:02,974] {dagbag.py:500} INFO - Filling up the DagBag from /opt/airflow/dags/fhv_data_ingest_dag.py
[2022-08-18 14:56:03,424] {processor.py:654} INFO - DAG(s) dict_keys(['fhv_taxi_data_ingest']) retrieved from /opt/airflow/dags/fhv_data_ingest_dag.py
[2022-08-18 14:56:03,431] {logging_mixin.py:109} INFO - [2022-08-18 14:56:03,431] {dag.py:2396} INFO - Sync 1 DAGs
[2022-08-18 14:56:03,440] {logging_mixin.py:109} INFO - [2022-08-18 14:56:03,440] {dag.py:2935} INFO - Setting next_dagrun for fhv_taxi_data_ingest to 2022-01-01T01:00:00+00:00
[2022-08-18 14:56:03,449] {processor.py:171} INFO - Processing /opt/airflow/dags/fhv_data_ingest_dag.py took 0.478 seconds
[2022-08-18 14:56:33,515] {processor.py:163} INFO - Started process (PID=31792) to work on /opt/airflow/dags/fhv_data_ingest_dag.py
[2022-08-18 14:56:33,516] {processor.py:642} INFO - Processing file /opt/airflow/dags/fhv_data_ingest_dag.py for tasks to queue
[2022-08-18 14:56:33,516] {logging_mixin.py:109} INFO - [2022-08-18 14:56:33,516] {dagbag.py:500} INFO - Filling up the DagBag from /opt/airflow/dags/fhv_data_ingest_dag.py
[2022-08-18 14:56:33,987] {processor.py:654} INFO - DAG(s) dict_keys(['fhv_taxi_data_ingest']) retrieved from /opt/airflow/dags/fhv_data_ingest_dag.py
[2022-08-18 14:56:33,996] {logging_mixin.py:109} INFO - [2022-08-18 14:56:33,996] {dag.py:2396} INFO - Sync 1 DAGs
[2022-08-18 14:56:34,008] {logging_mixin.py:109} INFO - [2022-08-18 14:56:34,008] {dag.py:2935} INFO - Setting next_dagrun for fhv_taxi_data_ingest to 2022-01-01T01:00:00+00:00
[2022-08-18 14:56:34,022] {processor.py:171} INFO - Processing /opt/airflow/dags/fhv_data_ingest_dag.py took 0.509 seconds
[2022-08-18 14:57:04,117] {processor.py:163} INFO - Started process (PID=31858) to work on /opt/airflow/dags/fhv_data_ingest_dag.py
[2022-08-18 14:57:04,118] {processor.py:642} INFO - Processing file /opt/airflow/dags/fhv_data_ingest_dag.py for tasks to queue
[2022-08-18 14:57:04,118] {logging_mixin.py:109} INFO - [2022-08-18 14:57:04,118] {dagbag.py:500} INFO - Filling up the DagBag from /opt/airflow/dags/fhv_data_ingest_dag.py
[2022-08-18 14:57:04,603] {processor.py:654} INFO - DAG(s) dict_keys(['fhv_taxi_data_ingest']) retrieved from /opt/airflow/dags/fhv_data_ingest_dag.py
[2022-08-18 14:57:04,610] {logging_mixin.py:109} INFO - [2022-08-18 14:57:04,609] {dag.py:2396} INFO - Sync 1 DAGs
[2022-08-18 14:57:04,620] {logging_mixin.py:109} INFO - [2022-08-18 14:57:04,620] {dag.py:2935} INFO - Setting next_dagrun for fhv_taxi_data_ingest to 2022-01-01T01:00:00+00:00
[2022-08-18 14:57:04,630] {processor.py:171} INFO - Processing /opt/airflow/dags/fhv_data_ingest_dag.py took 0.515 seconds
[2022-08-18 14:57:35,138] {processor.py:163} INFO - Started process (PID=31915) to work on /opt/airflow/dags/fhv_data_ingest_dag.py
[2022-08-18 14:57:35,139] {processor.py:642} INFO - Processing file /opt/airflow/dags/fhv_data_ingest_dag.py for tasks to queue
[2022-08-18 14:57:35,139] {logging_mixin.py:109} INFO - [2022-08-18 14:57:35,139] {dagbag.py:500} INFO - Filling up the DagBag from /opt/airflow/dags/fhv_data_ingest_dag.py
[2022-08-18 14:57:35,595] {processor.py:654} INFO - DAG(s) dict_keys(['fhv_taxi_data_ingest']) retrieved from /opt/airflow/dags/fhv_data_ingest_dag.py
[2022-08-18 14:57:35,601] {logging_mixin.py:109} INFO - [2022-08-18 14:57:35,601] {dag.py:2396} INFO - Sync 1 DAGs
[2022-08-18 14:57:35,611] {logging_mixin.py:109} INFO - [2022-08-18 14:57:35,611] {dag.py:2935} INFO - Setting next_dagrun for fhv_taxi_data_ingest to 2022-01-01T01:00:00+00:00
[2022-08-18 14:57:35,619] {processor.py:171} INFO - Processing /opt/airflow/dags/fhv_data_ingest_dag.py took 0.483 seconds
[2022-08-18 14:58:05,678] {processor.py:163} INFO - Started process (PID=31981) to work on /opt/airflow/dags/fhv_data_ingest_dag.py
[2022-08-18 14:58:05,679] {processor.py:642} INFO - Processing file /opt/airflow/dags/fhv_data_ingest_dag.py for tasks to queue
[2022-08-18 14:58:05,679] {logging_mixin.py:109} INFO - [2022-08-18 14:58:05,679] {dagbag.py:500} INFO - Filling up the DagBag from /opt/airflow/dags/fhv_data_ingest_dag.py
[2022-08-18 14:58:06,155] {processor.py:654} INFO - DAG(s) dict_keys(['fhv_taxi_data_ingest']) retrieved from /opt/airflow/dags/fhv_data_ingest_dag.py
[2022-08-18 14:58:06,161] {logging_mixin.py:109} INFO - [2022-08-18 14:58:06,161] {dag.py:2396} INFO - Sync 1 DAGs
[2022-08-18 14:58:06,171] {logging_mixin.py:109} INFO - [2022-08-18 14:58:06,171] {dag.py:2935} INFO - Setting next_dagrun for fhv_taxi_data_ingest to 2022-01-01T01:00:00+00:00
[2022-08-18 14:58:06,182] {processor.py:171} INFO - Processing /opt/airflow/dags/fhv_data_ingest_dag.py took 0.506 seconds
[2022-08-18 14:58:36,220] {processor.py:163} INFO - Started process (PID=32038) to work on /opt/airflow/dags/fhv_data_ingest_dag.py
[2022-08-18 14:58:36,220] {processor.py:642} INFO - Processing file /opt/airflow/dags/fhv_data_ingest_dag.py for tasks to queue
[2022-08-18 14:58:36,221] {logging_mixin.py:109} INFO - [2022-08-18 14:58:36,221] {dagbag.py:500} INFO - Filling up the DagBag from /opt/airflow/dags/fhv_data_ingest_dag.py
[2022-08-18 14:58:36,670] {processor.py:654} INFO - DAG(s) dict_keys(['fhv_taxi_data_ingest']) retrieved from /opt/airflow/dags/fhv_data_ingest_dag.py
[2022-08-18 14:58:36,676] {logging_mixin.py:109} INFO - [2022-08-18 14:58:36,675] {dag.py:2396} INFO - Sync 1 DAGs
[2022-08-18 14:58:36,685] {logging_mixin.py:109} INFO - [2022-08-18 14:58:36,685] {dag.py:2935} INFO - Setting next_dagrun for fhv_taxi_data_ingest to 2022-01-01T01:00:00+00:00
[2022-08-18 14:58:36,691] {processor.py:171} INFO - Processing /opt/airflow/dags/fhv_data_ingest_dag.py took 0.473 seconds
[2022-08-18 14:59:06,768] {processor.py:163} INFO - Started process (PID=32105) to work on /opt/airflow/dags/fhv_data_ingest_dag.py
[2022-08-18 14:59:06,769] {processor.py:642} INFO - Processing file /opt/airflow/dags/fhv_data_ingest_dag.py for tasks to queue
[2022-08-18 14:59:06,769] {logging_mixin.py:109} INFO - [2022-08-18 14:59:06,769] {dagbag.py:500} INFO - Filling up the DagBag from /opt/airflow/dags/fhv_data_ingest_dag.py
[2022-08-18 14:59:07,209] {processor.py:654} INFO - DAG(s) dict_keys(['fhv_taxi_data_ingest']) retrieved from /opt/airflow/dags/fhv_data_ingest_dag.py
[2022-08-18 14:59:07,215] {logging_mixin.py:109} INFO - [2022-08-18 14:59:07,215] {dag.py:2396} INFO - Sync 1 DAGs
[2022-08-18 14:59:07,225] {logging_mixin.py:109} INFO - [2022-08-18 14:59:07,225] {dag.py:2935} INFO - Setting next_dagrun for fhv_taxi_data_ingest to 2022-01-01T01:00:00+00:00
[2022-08-18 14:59:07,238] {processor.py:171} INFO - Processing /opt/airflow/dags/fhv_data_ingest_dag.py took 0.472 seconds
[2022-08-18 14:59:37,817] {processor.py:163} INFO - Started process (PID=32171) to work on /opt/airflow/dags/fhv_data_ingest_dag.py
[2022-08-18 14:59:37,817] {processor.py:642} INFO - Processing file /opt/airflow/dags/fhv_data_ingest_dag.py for tasks to queue
[2022-08-18 14:59:37,818] {logging_mixin.py:109} INFO - [2022-08-18 14:59:37,818] {dagbag.py:500} INFO - Filling up the DagBag from /opt/airflow/dags/fhv_data_ingest_dag.py
[2022-08-18 14:59:38,254] {processor.py:654} INFO - DAG(s) dict_keys(['fhv_taxi_data_ingest']) retrieved from /opt/airflow/dags/fhv_data_ingest_dag.py
[2022-08-18 14:59:38,260] {logging_mixin.py:109} INFO - [2022-08-18 14:59:38,260] {dag.py:2396} INFO - Sync 1 DAGs
[2022-08-18 14:59:38,269] {logging_mixin.py:109} INFO - [2022-08-18 14:59:38,269] {dag.py:2935} INFO - Setting next_dagrun for fhv_taxi_data_ingest to 2022-01-01T01:00:00+00:00
[2022-08-18 14:59:38,276] {processor.py:171} INFO - Processing /opt/airflow/dags/fhv_data_ingest_dag.py took 0.461 seconds
[2022-08-18 15:00:08,369] {processor.py:163} INFO - Started process (PID=32228) to work on /opt/airflow/dags/fhv_data_ingest_dag.py
[2022-08-18 15:00:08,371] {processor.py:642} INFO - Processing file /opt/airflow/dags/fhv_data_ingest_dag.py for tasks to queue
[2022-08-18 15:00:08,371] {logging_mixin.py:109} INFO - [2022-08-18 15:00:08,371] {dagbag.py:500} INFO - Filling up the DagBag from /opt/airflow/dags/fhv_data_ingest_dag.py
[2022-08-18 15:00:08,815] {processor.py:654} INFO - DAG(s) dict_keys(['fhv_taxi_data_ingest']) retrieved from /opt/airflow/dags/fhv_data_ingest_dag.py
[2022-08-18 15:00:08,822] {logging_mixin.py:109} INFO - [2022-08-18 15:00:08,821] {dag.py:2396} INFO - Sync 1 DAGs
[2022-08-18 15:00:08,833] {logging_mixin.py:109} INFO - [2022-08-18 15:00:08,833] {dag.py:2935} INFO - Setting next_dagrun for fhv_taxi_data_ingest to 2022-01-01T01:00:00+00:00
[2022-08-18 15:00:08,844] {processor.py:171} INFO - Processing /opt/airflow/dags/fhv_data_ingest_dag.py took 0.476 seconds
[2022-08-18 15:00:38,946] {processor.py:163} INFO - Started process (PID=32294) to work on /opt/airflow/dags/fhv_data_ingest_dag.py
[2022-08-18 15:00:38,947] {processor.py:642} INFO - Processing file /opt/airflow/dags/fhv_data_ingest_dag.py for tasks to queue
[2022-08-18 15:00:38,947] {logging_mixin.py:109} INFO - [2022-08-18 15:00:38,947] {dagbag.py:500} INFO - Filling up the DagBag from /opt/airflow/dags/fhv_data_ingest_dag.py
[2022-08-18 15:00:39,418] {processor.py:654} INFO - DAG(s) dict_keys(['fhv_taxi_data_ingest']) retrieved from /opt/airflow/dags/fhv_data_ingest_dag.py
[2022-08-18 15:00:39,426] {logging_mixin.py:109} INFO - [2022-08-18 15:00:39,426] {dag.py:2396} INFO - Sync 1 DAGs
[2022-08-18 15:00:39,439] {logging_mixin.py:109} INFO - [2022-08-18 15:00:39,439] {dag.py:2935} INFO - Setting next_dagrun for fhv_taxi_data_ingest to 2022-01-01T01:00:00+00:00
[2022-08-18 15:00:39,449] {processor.py:171} INFO - Processing /opt/airflow/dags/fhv_data_ingest_dag.py took 0.506 seconds
[2022-08-18 15:01:09,518] {processor.py:163} INFO - Started process (PID=32360) to work on /opt/airflow/dags/fhv_data_ingest_dag.py
[2022-08-18 15:01:09,519] {processor.py:642} INFO - Processing file /opt/airflow/dags/fhv_data_ingest_dag.py for tasks to queue
[2022-08-18 15:01:09,519] {logging_mixin.py:109} INFO - [2022-08-18 15:01:09,519] {dagbag.py:500} INFO - Filling up the DagBag from /opt/airflow/dags/fhv_data_ingest_dag.py
[2022-08-18 15:01:10,064] {processor.py:654} INFO - DAG(s) dict_keys(['fhv_taxi_data_ingest']) retrieved from /opt/airflow/dags/fhv_data_ingest_dag.py
[2022-08-18 15:01:10,073] {logging_mixin.py:109} INFO - [2022-08-18 15:01:10,072] {dag.py:2396} INFO - Sync 1 DAGs
[2022-08-18 15:01:10,085] {logging_mixin.py:109} INFO - [2022-08-18 15:01:10,085] {dag.py:2935} INFO - Setting next_dagrun for fhv_taxi_data_ingest to 2022-01-01T01:00:00+00:00
[2022-08-18 15:01:10,094] {processor.py:171} INFO - Processing /opt/airflow/dags/fhv_data_ingest_dag.py took 0.578 seconds
[2022-08-18 15:01:40,547] {processor.py:163} INFO - Started process (PID=32417) to work on /opt/airflow/dags/fhv_data_ingest_dag.py
[2022-08-18 15:01:40,547] {processor.py:642} INFO - Processing file /opt/airflow/dags/fhv_data_ingest_dag.py for tasks to queue
[2022-08-18 15:01:40,548] {logging_mixin.py:109} INFO - [2022-08-18 15:01:40,548] {dagbag.py:500} INFO - Filling up the DagBag from /opt/airflow/dags/fhv_data_ingest_dag.py
[2022-08-18 15:01:41,055] {processor.py:654} INFO - DAG(s) dict_keys(['fhv_taxi_data_ingest']) retrieved from /opt/airflow/dags/fhv_data_ingest_dag.py
[2022-08-18 15:01:41,062] {logging_mixin.py:109} INFO - [2022-08-18 15:01:41,062] {dag.py:2396} INFO - Sync 1 DAGs
[2022-08-18 15:01:41,074] {logging_mixin.py:109} INFO - [2022-08-18 15:01:41,074] {dag.py:2935} INFO - Setting next_dagrun for fhv_taxi_data_ingest to 2022-01-01T01:00:00+00:00
[2022-08-18 15:01:41,082] {processor.py:171} INFO - Processing /opt/airflow/dags/fhv_data_ingest_dag.py took 0.537 seconds
[2022-08-18 15:02:11,236] {processor.py:163} INFO - Started process (PID=32483) to work on /opt/airflow/dags/fhv_data_ingest_dag.py
[2022-08-18 15:02:11,237] {processor.py:642} INFO - Processing file /opt/airflow/dags/fhv_data_ingest_dag.py for tasks to queue
[2022-08-18 15:02:11,238] {logging_mixin.py:109} INFO - [2022-08-18 15:02:11,238] {dagbag.py:500} INFO - Filling up the DagBag from /opt/airflow/dags/fhv_data_ingest_dag.py
[2022-08-18 15:02:11,693] {processor.py:654} INFO - DAG(s) dict_keys(['fhv_taxi_data_ingest']) retrieved from /opt/airflow/dags/fhv_data_ingest_dag.py
[2022-08-18 15:02:11,700] {logging_mixin.py:109} INFO - [2022-08-18 15:02:11,700] {dag.py:2396} INFO - Sync 1 DAGs
[2022-08-18 15:02:11,711] {logging_mixin.py:109} INFO - [2022-08-18 15:02:11,711] {dag.py:2935} INFO - Setting next_dagrun for fhv_taxi_data_ingest to 2022-01-01T01:00:00+00:00
[2022-08-18 15:02:11,721] {processor.py:171} INFO - Processing /opt/airflow/dags/fhv_data_ingest_dag.py took 0.486 seconds
[2022-08-18 15:02:42,236] {processor.py:163} INFO - Started process (PID=32540) to work on /opt/airflow/dags/fhv_data_ingest_dag.py
[2022-08-18 15:02:42,238] {processor.py:642} INFO - Processing file /opt/airflow/dags/fhv_data_ingest_dag.py for tasks to queue
[2022-08-18 15:02:42,238] {logging_mixin.py:109} INFO - [2022-08-18 15:02:42,238] {dagbag.py:500} INFO - Filling up the DagBag from /opt/airflow/dags/fhv_data_ingest_dag.py
[2022-08-18 15:02:42,689] {processor.py:654} INFO - DAG(s) dict_keys(['fhv_taxi_data_ingest']) retrieved from /opt/airflow/dags/fhv_data_ingest_dag.py
[2022-08-18 15:02:42,695] {logging_mixin.py:109} INFO - [2022-08-18 15:02:42,695] {dag.py:2396} INFO - Sync 1 DAGs
[2022-08-18 15:02:42,704] {logging_mixin.py:109} INFO - [2022-08-18 15:02:42,704] {dag.py:2935} INFO - Setting next_dagrun for fhv_taxi_data_ingest to 2022-01-01T01:00:00+00:00
[2022-08-18 15:02:42,712] {processor.py:171} INFO - Processing /opt/airflow/dags/fhv_data_ingest_dag.py took 0.478 seconds
[2022-08-18 15:03:12,830] {processor.py:163} INFO - Started process (PID=32606) to work on /opt/airflow/dags/fhv_data_ingest_dag.py
[2022-08-18 15:03:12,831] {processor.py:642} INFO - Processing file /opt/airflow/dags/fhv_data_ingest_dag.py for tasks to queue
[2022-08-18 15:03:12,831] {logging_mixin.py:109} INFO - [2022-08-18 15:03:12,831] {dagbag.py:500} INFO - Filling up the DagBag from /opt/airflow/dags/fhv_data_ingest_dag.py
[2022-08-18 15:03:13,256] {processor.py:654} INFO - DAG(s) dict_keys(['fhv_taxi_data_ingest']) retrieved from /opt/airflow/dags/fhv_data_ingest_dag.py
[2022-08-18 15:03:13,262] {logging_mixin.py:109} INFO - [2022-08-18 15:03:13,261] {dag.py:2396} INFO - Sync 1 DAGs
[2022-08-18 15:03:13,271] {logging_mixin.py:109} INFO - [2022-08-18 15:03:13,271] {dag.py:2935} INFO - Setting next_dagrun for fhv_taxi_data_ingest to 2022-01-01T01:00:00+00:00
[2022-08-18 15:03:13,279] {processor.py:171} INFO - Processing /opt/airflow/dags/fhv_data_ingest_dag.py took 0.451 seconds
[2022-08-18 15:03:43,403] {processor.py:163} INFO - Started process (PID=32673) to work on /opt/airflow/dags/fhv_data_ingest_dag.py
[2022-08-18 15:03:43,404] {processor.py:642} INFO - Processing file /opt/airflow/dags/fhv_data_ingest_dag.py for tasks to queue
[2022-08-18 15:03:43,405] {logging_mixin.py:109} INFO - [2022-08-18 15:03:43,405] {dagbag.py:500} INFO - Filling up the DagBag from /opt/airflow/dags/fhv_data_ingest_dag.py
[2022-08-18 15:03:43,852] {processor.py:654} INFO - DAG(s) dict_keys(['fhv_taxi_data_ingest']) retrieved from /opt/airflow/dags/fhv_data_ingest_dag.py
[2022-08-18 15:03:43,860] {logging_mixin.py:109} INFO - [2022-08-18 15:03:43,860] {dag.py:2396} INFO - Sync 1 DAGs
[2022-08-18 15:03:43,871] {logging_mixin.py:109} INFO - [2022-08-18 15:03:43,871] {dag.py:2935} INFO - Setting next_dagrun for fhv_taxi_data_ingest to 2022-01-01T01:00:00+00:00
[2022-08-18 15:03:43,879] {processor.py:171} INFO - Processing /opt/airflow/dags/fhv_data_ingest_dag.py took 0.478 seconds
[2022-08-18 15:04:13,942] {processor.py:163} INFO - Started process (PID=32730) to work on /opt/airflow/dags/fhv_data_ingest_dag.py
[2022-08-18 15:04:13,943] {processor.py:642} INFO - Processing file /opt/airflow/dags/fhv_data_ingest_dag.py for tasks to queue
[2022-08-18 15:04:13,943] {logging_mixin.py:109} INFO - [2022-08-18 15:04:13,943] {dagbag.py:500} INFO - Filling up the DagBag from /opt/airflow/dags/fhv_data_ingest_dag.py
[2022-08-18 15:04:14,370] {processor.py:654} INFO - DAG(s) dict_keys(['fhv_taxi_data_ingest']) retrieved from /opt/airflow/dags/fhv_data_ingest_dag.py
[2022-08-18 15:04:14,376] {logging_mixin.py:109} INFO - [2022-08-18 15:04:14,375] {dag.py:2396} INFO - Sync 1 DAGs
[2022-08-18 15:04:14,385] {logging_mixin.py:109} INFO - [2022-08-18 15:04:14,385] {dag.py:2935} INFO - Setting next_dagrun for fhv_taxi_data_ingest to 2022-01-01T01:00:00+00:00
[2022-08-18 15:04:14,394] {processor.py:171} INFO - Processing /opt/airflow/dags/fhv_data_ingest_dag.py took 0.454 seconds
[2022-08-18 15:04:44,460] {processor.py:163} INFO - Started process (PID=328) to work on /opt/airflow/dags/fhv_data_ingest_dag.py
[2022-08-18 15:04:44,461] {processor.py:642} INFO - Processing file /opt/airflow/dags/fhv_data_ingest_dag.py for tasks to queue
[2022-08-18 15:04:44,461] {logging_mixin.py:109} INFO - [2022-08-18 15:04:44,461] {dagbag.py:500} INFO - Filling up the DagBag from /opt/airflow/dags/fhv_data_ingest_dag.py
[2022-08-18 15:04:44,888] {processor.py:654} INFO - DAG(s) dict_keys(['fhv_taxi_data_ingest']) retrieved from /opt/airflow/dags/fhv_data_ingest_dag.py
[2022-08-18 15:04:44,894] {logging_mixin.py:109} INFO - [2022-08-18 15:04:44,894] {dag.py:2396} INFO - Sync 1 DAGs
[2022-08-18 15:04:44,903] {logging_mixin.py:109} INFO - [2022-08-18 15:04:44,903] {dag.py:2935} INFO - Setting next_dagrun for fhv_taxi_data_ingest to 2022-01-01T01:00:00+00:00
[2022-08-18 15:04:44,911] {processor.py:171} INFO - Processing /opt/airflow/dags/fhv_data_ingest_dag.py took 0.453 seconds
[2022-08-18 15:05:15,001] {processor.py:163} INFO - Started process (PID=394) to work on /opt/airflow/dags/fhv_data_ingest_dag.py
[2022-08-18 15:05:15,003] {processor.py:642} INFO - Processing file /opt/airflow/dags/fhv_data_ingest_dag.py for tasks to queue
[2022-08-18 15:05:15,003] {logging_mixin.py:109} INFO - [2022-08-18 15:05:15,003] {dagbag.py:500} INFO - Filling up the DagBag from /opt/airflow/dags/fhv_data_ingest_dag.py
[2022-08-18 15:05:15,525] {processor.py:654} INFO - DAG(s) dict_keys(['fhv_taxi_data_ingest']) retrieved from /opt/airflow/dags/fhv_data_ingest_dag.py
[2022-08-18 15:05:15,533] {logging_mixin.py:109} INFO - [2022-08-18 15:05:15,533] {dag.py:2396} INFO - Sync 1 DAGs
[2022-08-18 15:05:15,546] {logging_mixin.py:109} INFO - [2022-08-18 15:05:15,546] {dag.py:2935} INFO - Setting next_dagrun for fhv_taxi_data_ingest to 2022-01-01T01:00:00+00:00
[2022-08-18 15:05:15,557] {processor.py:171} INFO - Processing /opt/airflow/dags/fhv_data_ingest_dag.py took 0.557 seconds
[2022-08-18 15:05:46,092] {processor.py:163} INFO - Started process (PID=451) to work on /opt/airflow/dags/fhv_data_ingest_dag.py
[2022-08-18 15:05:46,093] {processor.py:642} INFO - Processing file /opt/airflow/dags/fhv_data_ingest_dag.py for tasks to queue
[2022-08-18 15:05:46,093] {logging_mixin.py:109} INFO - [2022-08-18 15:05:46,093] {dagbag.py:500} INFO - Filling up the DagBag from /opt/airflow/dags/fhv_data_ingest_dag.py
[2022-08-18 15:05:46,578] {processor.py:654} INFO - DAG(s) dict_keys(['fhv_taxi_data_ingest']) retrieved from /opt/airflow/dags/fhv_data_ingest_dag.py
[2022-08-18 15:05:46,591] {logging_mixin.py:109} INFO - [2022-08-18 15:05:46,590] {dag.py:2396} INFO - Sync 1 DAGs
[2022-08-18 15:05:46,601] {logging_mixin.py:109} INFO - [2022-08-18 15:05:46,601] {dag.py:2935} INFO - Setting next_dagrun for fhv_taxi_data_ingest to 2022-01-01T01:00:00+00:00
[2022-08-18 15:05:46,611] {processor.py:171} INFO - Processing /opt/airflow/dags/fhv_data_ingest_dag.py took 0.520 seconds
[2022-08-18 15:06:16,737] {processor.py:163} INFO - Started process (PID=517) to work on /opt/airflow/dags/fhv_data_ingest_dag.py
[2022-08-18 15:06:16,738] {processor.py:642} INFO - Processing file /opt/airflow/dags/fhv_data_ingest_dag.py for tasks to queue
[2022-08-18 15:06:16,738] {logging_mixin.py:109} INFO - [2022-08-18 15:06:16,738] {dagbag.py:500} INFO - Filling up the DagBag from /opt/airflow/dags/fhv_data_ingest_dag.py
[2022-08-18 15:06:17,174] {processor.py:654} INFO - DAG(s) dict_keys(['fhv_taxi_data_ingest']) retrieved from /opt/airflow/dags/fhv_data_ingest_dag.py
[2022-08-18 15:06:17,180] {logging_mixin.py:109} INFO - [2022-08-18 15:06:17,179] {dag.py:2396} INFO - Sync 1 DAGs
[2022-08-18 15:06:17,189] {logging_mixin.py:109} INFO - [2022-08-18 15:06:17,189] {dag.py:2935} INFO - Setting next_dagrun for fhv_taxi_data_ingest to 2022-01-01T01:00:00+00:00
[2022-08-18 15:06:17,197] {processor.py:171} INFO - Processing /opt/airflow/dags/fhv_data_ingest_dag.py took 0.462 seconds
[2022-08-18 15:06:47,380] {processor.py:163} INFO - Started process (PID=574) to work on /opt/airflow/dags/fhv_data_ingest_dag.py
[2022-08-18 15:06:47,381] {processor.py:642} INFO - Processing file /opt/airflow/dags/fhv_data_ingest_dag.py for tasks to queue
[2022-08-18 15:06:47,381] {logging_mixin.py:109} INFO - [2022-08-18 15:06:47,381] {dagbag.py:500} INFO - Filling up the DagBag from /opt/airflow/dags/fhv_data_ingest_dag.py
[2022-08-18 15:06:47,815] {processor.py:654} INFO - DAG(s) dict_keys(['fhv_taxi_data_ingest']) retrieved from /opt/airflow/dags/fhv_data_ingest_dag.py
[2022-08-18 15:06:47,820] {logging_mixin.py:109} INFO - [2022-08-18 15:06:47,820] {dag.py:2396} INFO - Sync 1 DAGs
[2022-08-18 15:06:47,830] {logging_mixin.py:109} INFO - [2022-08-18 15:06:47,830] {dag.py:2935} INFO - Setting next_dagrun for fhv_taxi_data_ingest to 2022-01-01T01:00:00+00:00
[2022-08-18 15:06:47,838] {processor.py:171} INFO - Processing /opt/airflow/dags/fhv_data_ingest_dag.py took 0.459 seconds
[2022-08-18 15:07:17,988] {processor.py:163} INFO - Started process (PID=640) to work on /opt/airflow/dags/fhv_data_ingest_dag.py
[2022-08-18 15:07:17,989] {processor.py:642} INFO - Processing file /opt/airflow/dags/fhv_data_ingest_dag.py for tasks to queue
[2022-08-18 15:07:17,989] {logging_mixin.py:109} INFO - [2022-08-18 15:07:17,989] {dagbag.py:500} INFO - Filling up the DagBag from /opt/airflow/dags/fhv_data_ingest_dag.py
[2022-08-18 15:07:18,434] {processor.py:654} INFO - DAG(s) dict_keys(['fhv_taxi_data_ingest']) retrieved from /opt/airflow/dags/fhv_data_ingest_dag.py
[2022-08-18 15:07:18,439] {logging_mixin.py:109} INFO - [2022-08-18 15:07:18,439] {dag.py:2396} INFO - Sync 1 DAGs
[2022-08-18 15:07:18,448] {logging_mixin.py:109} INFO - [2022-08-18 15:07:18,448] {dag.py:2935} INFO - Setting next_dagrun for fhv_taxi_data_ingest to 2022-01-01T01:00:00+00:00
[2022-08-18 15:07:18,457] {processor.py:171} INFO - Processing /opt/airflow/dags/fhv_data_ingest_dag.py took 0.471 seconds
[2022-08-18 15:07:48,620] {processor.py:163} INFO - Started process (PID=706) to work on /opt/airflow/dags/fhv_data_ingest_dag.py
[2022-08-18 15:07:48,621] {processor.py:642} INFO - Processing file /opt/airflow/dags/fhv_data_ingest_dag.py for tasks to queue
[2022-08-18 15:07:48,621] {logging_mixin.py:109} INFO - [2022-08-18 15:07:48,621] {dagbag.py:500} INFO - Filling up the DagBag from /opt/airflow/dags/fhv_data_ingest_dag.py
[2022-08-18 15:07:49,050] {processor.py:654} INFO - DAG(s) dict_keys(['fhv_taxi_data_ingest']) retrieved from /opt/airflow/dags/fhv_data_ingest_dag.py
[2022-08-18 15:07:49,056] {logging_mixin.py:109} INFO - [2022-08-18 15:07:49,055] {dag.py:2396} INFO - Sync 1 DAGs
[2022-08-18 15:07:49,064] {logging_mixin.py:109} INFO - [2022-08-18 15:07:49,064] {dag.py:2935} INFO - Setting next_dagrun for fhv_taxi_data_ingest to 2022-01-01T01:00:00+00:00
[2022-08-18 15:07:49,073] {processor.py:171} INFO - Processing /opt/airflow/dags/fhv_data_ingest_dag.py took 0.454 seconds
[2022-08-18 15:08:19,207] {processor.py:163} INFO - Started process (PID=763) to work on /opt/airflow/dags/fhv_data_ingest_dag.py
[2022-08-18 15:08:19,208] {processor.py:642} INFO - Processing file /opt/airflow/dags/fhv_data_ingest_dag.py for tasks to queue
[2022-08-18 15:08:19,208] {logging_mixin.py:109} INFO - [2022-08-18 15:08:19,208] {dagbag.py:500} INFO - Filling up the DagBag from /opt/airflow/dags/fhv_data_ingest_dag.py
[2022-08-18 15:08:19,672] {processor.py:654} INFO - DAG(s) dict_keys(['fhv_taxi_data_ingest']) retrieved from /opt/airflow/dags/fhv_data_ingest_dag.py
[2022-08-18 15:08:19,680] {logging_mixin.py:109} INFO - [2022-08-18 15:08:19,680] {dag.py:2396} INFO - Sync 1 DAGs
[2022-08-18 15:08:19,693] {logging_mixin.py:109} INFO - [2022-08-18 15:08:19,692] {dag.py:2935} INFO - Setting next_dagrun for fhv_taxi_data_ingest to 2022-01-01T01:00:00+00:00
[2022-08-18 15:08:19,705] {processor.py:171} INFO - Processing /opt/airflow/dags/fhv_data_ingest_dag.py took 0.499 seconds
[2022-08-18 15:08:49,858] {processor.py:163} INFO - Started process (PID=830) to work on /opt/airflow/dags/fhv_data_ingest_dag.py
[2022-08-18 15:08:49,859] {processor.py:642} INFO - Processing file /opt/airflow/dags/fhv_data_ingest_dag.py for tasks to queue
[2022-08-18 15:08:49,859] {logging_mixin.py:109} INFO - [2022-08-18 15:08:49,859] {dagbag.py:500} INFO - Filling up the DagBag from /opt/airflow/dags/fhv_data_ingest_dag.py
[2022-08-18 15:08:50,330] {processor.py:654} INFO - DAG(s) dict_keys(['fhv_taxi_data_ingest']) retrieved from /opt/airflow/dags/fhv_data_ingest_dag.py
[2022-08-18 15:08:50,336] {logging_mixin.py:109} INFO - [2022-08-18 15:08:50,335] {dag.py:2396} INFO - Sync 1 DAGs
[2022-08-18 15:08:50,346] {logging_mixin.py:109} INFO - [2022-08-18 15:08:50,346] {dag.py:2935} INFO - Setting next_dagrun for fhv_taxi_data_ingest to 2022-01-01T01:00:00+00:00
[2022-08-18 15:08:50,355] {processor.py:171} INFO - Processing /opt/airflow/dags/fhv_data_ingest_dag.py took 0.499 seconds
[2022-08-18 15:09:20,482] {processor.py:163} INFO - Started process (PID=896) to work on /opt/airflow/dags/fhv_data_ingest_dag.py
[2022-08-18 15:09:20,482] {processor.py:642} INFO - Processing file /opt/airflow/dags/fhv_data_ingest_dag.py for tasks to queue
[2022-08-18 15:09:20,483] {logging_mixin.py:109} INFO - [2022-08-18 15:09:20,483] {dagbag.py:500} INFO - Filling up the DagBag from /opt/airflow/dags/fhv_data_ingest_dag.py
[2022-08-18 15:09:21,109] {processor.py:654} INFO - DAG(s) dict_keys(['fhv_taxi_data_ingest']) retrieved from /opt/airflow/dags/fhv_data_ingest_dag.py
[2022-08-18 15:09:21,118] {logging_mixin.py:109} INFO - [2022-08-18 15:09:21,118] {dag.py:2396} INFO - Sync 1 DAGs
[2022-08-18 15:09:21,133] {logging_mixin.py:109} INFO - [2022-08-18 15:09:21,133] {dag.py:2935} INFO - Setting next_dagrun for fhv_taxi_data_ingest to 2022-01-01T01:00:00+00:00
[2022-08-18 15:09:21,149] {processor.py:171} INFO - Processing /opt/airflow/dags/fhv_data_ingest_dag.py took 0.669 seconds
[2022-08-18 15:09:52,144] {processor.py:163} INFO - Started process (PID=953) to work on /opt/airflow/dags/fhv_data_ingest_dag.py
[2022-08-18 15:09:52,145] {processor.py:642} INFO - Processing file /opt/airflow/dags/fhv_data_ingest_dag.py for tasks to queue
[2022-08-18 15:09:52,145] {logging_mixin.py:109} INFO - [2022-08-18 15:09:52,145] {dagbag.py:500} INFO - Filling up the DagBag from /opt/airflow/dags/fhv_data_ingest_dag.py
[2022-08-18 15:09:52,631] {processor.py:654} INFO - DAG(s) dict_keys(['fhv_taxi_data_ingest']) retrieved from /opt/airflow/dags/fhv_data_ingest_dag.py
[2022-08-18 15:09:52,638] {logging_mixin.py:109} INFO - [2022-08-18 15:09:52,637] {dag.py:2396} INFO - Sync 1 DAGs
[2022-08-18 15:09:52,647] {logging_mixin.py:109} INFO - [2022-08-18 15:09:52,647] {dag.py:2935} INFO - Setting next_dagrun for fhv_taxi_data_ingest to 2022-01-01T01:00:00+00:00
[2022-08-18 15:09:52,657] {processor.py:171} INFO - Processing /opt/airflow/dags/fhv_data_ingest_dag.py took 0.514 seconds
[2022-08-18 15:10:22,748] {processor.py:163} INFO - Started process (PID=1019) to work on /opt/airflow/dags/fhv_data_ingest_dag.py
[2022-08-18 15:10:22,749] {processor.py:642} INFO - Processing file /opt/airflow/dags/fhv_data_ingest_dag.py for tasks to queue
[2022-08-18 15:10:22,749] {logging_mixin.py:109} INFO - [2022-08-18 15:10:22,749] {dagbag.py:500} INFO - Filling up the DagBag from /opt/airflow/dags/fhv_data_ingest_dag.py
[2022-08-18 15:10:23,173] {processor.py:654} INFO - DAG(s) dict_keys(['fhv_taxi_data_ingest']) retrieved from /opt/airflow/dags/fhv_data_ingest_dag.py
[2022-08-18 15:10:23,179] {logging_mixin.py:109} INFO - [2022-08-18 15:10:23,178] {dag.py:2396} INFO - Sync 1 DAGs
[2022-08-18 15:10:23,189] {logging_mixin.py:109} INFO - [2022-08-18 15:10:23,189] {dag.py:2935} INFO - Setting next_dagrun for fhv_taxi_data_ingest to 2022-01-01T01:00:00+00:00
[2022-08-18 15:10:23,197] {processor.py:171} INFO - Processing /opt/airflow/dags/fhv_data_ingest_dag.py took 0.451 seconds
[2022-08-18 15:10:53,395] {processor.py:163} INFO - Started process (PID=1089) to work on /opt/airflow/dags/fhv_data_ingest_dag.py
[2022-08-18 15:10:53,395] {processor.py:642} INFO - Processing file /opt/airflow/dags/fhv_data_ingest_dag.py for tasks to queue
[2022-08-18 15:10:53,396] {logging_mixin.py:109} INFO - [2022-08-18 15:10:53,396] {dagbag.py:500} INFO - Filling up the DagBag from /opt/airflow/dags/fhv_data_ingest_dag.py
[2022-08-18 15:10:53,820] {processor.py:654} INFO - DAG(s) dict_keys(['fhv_taxi_data_ingest']) retrieved from /opt/airflow/dags/fhv_data_ingest_dag.py
[2022-08-18 15:10:53,825] {logging_mixin.py:109} INFO - [2022-08-18 15:10:53,825] {dag.py:2396} INFO - Sync 1 DAGs
[2022-08-18 15:10:53,835] {logging_mixin.py:109} INFO - [2022-08-18 15:10:53,835] {dag.py:2935} INFO - Setting next_dagrun for fhv_taxi_data_ingest to 2022-01-01T01:00:00+00:00
[2022-08-18 15:10:53,843] {processor.py:171} INFO - Processing /opt/airflow/dags/fhv_data_ingest_dag.py took 0.450 seconds
[2022-08-18 15:11:24,501] {processor.py:163} INFO - Started process (PID=1168) to work on /opt/airflow/dags/fhv_data_ingest_dag.py
[2022-08-18 15:11:24,502] {processor.py:642} INFO - Processing file /opt/airflow/dags/fhv_data_ingest_dag.py for tasks to queue
[2022-08-18 15:11:24,503] {logging_mixin.py:109} INFO - [2022-08-18 15:11:24,503] {dagbag.py:500} INFO - Filling up the DagBag from /opt/airflow/dags/fhv_data_ingest_dag.py
[2022-08-18 15:11:24,936] {processor.py:654} INFO - DAG(s) dict_keys(['fhv_taxi_data_ingest']) retrieved from /opt/airflow/dags/fhv_data_ingest_dag.py
[2022-08-18 15:11:24,943] {logging_mixin.py:109} INFO - [2022-08-18 15:11:24,943] {dag.py:2396} INFO - Sync 1 DAGs
[2022-08-18 15:11:24,952] {logging_mixin.py:109} INFO - [2022-08-18 15:11:24,952] {dag.py:2935} INFO - Setting next_dagrun for fhv_taxi_data_ingest to 2022-01-01T01:00:00+00:00
[2022-08-18 15:11:24,959] {processor.py:171} INFO - Processing /opt/airflow/dags/fhv_data_ingest_dag.py took 0.461 seconds
[2022-08-18 15:11:55,575] {processor.py:163} INFO - Started process (PID=1247) to work on /opt/airflow/dags/fhv_data_ingest_dag.py
[2022-08-18 15:11:55,576] {processor.py:642} INFO - Processing file /opt/airflow/dags/fhv_data_ingest_dag.py for tasks to queue
[2022-08-18 15:11:55,576] {logging_mixin.py:109} INFO - [2022-08-18 15:11:55,576] {dagbag.py:500} INFO - Filling up the DagBag from /opt/airflow/dags/fhv_data_ingest_dag.py
[2022-08-18 15:11:56,034] {processor.py:654} INFO - DAG(s) dict_keys(['fhv_taxi_data_ingest']) retrieved from /opt/airflow/dags/fhv_data_ingest_dag.py
[2022-08-18 15:11:56,042] {logging_mixin.py:109} INFO - [2022-08-18 15:11:56,041] {dag.py:2396} INFO - Sync 1 DAGs
[2022-08-18 15:11:56,051] {logging_mixin.py:109} INFO - [2022-08-18 15:11:56,051] {dag.py:2935} INFO - Setting next_dagrun for fhv_taxi_data_ingest to 2022-01-01T01:00:00+00:00
[2022-08-18 15:11:56,057] {processor.py:171} INFO - Processing /opt/airflow/dags/fhv_data_ingest_dag.py took 0.484 seconds
[2022-08-18 15:12:26,202] {processor.py:163} INFO - Started process (PID=1317) to work on /opt/airflow/dags/fhv_data_ingest_dag.py
[2022-08-18 15:12:26,203] {processor.py:642} INFO - Processing file /opt/airflow/dags/fhv_data_ingest_dag.py for tasks to queue
[2022-08-18 15:12:26,204] {logging_mixin.py:109} INFO - [2022-08-18 15:12:26,204] {dagbag.py:500} INFO - Filling up the DagBag from /opt/airflow/dags/fhv_data_ingest_dag.py
[2022-08-18 15:12:26,633] {processor.py:654} INFO - DAG(s) dict_keys(['fhv_taxi_data_ingest']) retrieved from /opt/airflow/dags/fhv_data_ingest_dag.py
[2022-08-18 15:12:26,640] {logging_mixin.py:109} INFO - [2022-08-18 15:12:26,639] {dag.py:2396} INFO - Sync 1 DAGs
[2022-08-18 15:12:26,649] {logging_mixin.py:109} INFO - [2022-08-18 15:12:26,649] {dag.py:2935} INFO - Setting next_dagrun for fhv_taxi_data_ingest to 2022-01-01T01:00:00+00:00
[2022-08-18 15:12:26,657] {processor.py:171} INFO - Processing /opt/airflow/dags/fhv_data_ingest_dag.py took 0.457 seconds
[2022-08-18 15:12:56,730] {processor.py:163} INFO - Started process (PID=1396) to work on /opt/airflow/dags/fhv_data_ingest_dag.py
[2022-08-18 15:12:56,730] {processor.py:642} INFO - Processing file /opt/airflow/dags/fhv_data_ingest_dag.py for tasks to queue
[2022-08-18 15:12:56,730] {logging_mixin.py:109} INFO - [2022-08-18 15:12:56,730] {dagbag.py:500} INFO - Filling up the DagBag from /opt/airflow/dags/fhv_data_ingest_dag.py
[2022-08-18 15:12:57,168] {processor.py:654} INFO - DAG(s) dict_keys(['fhv_taxi_data_ingest']) retrieved from /opt/airflow/dags/fhv_data_ingest_dag.py
[2022-08-18 15:12:57,173] {logging_mixin.py:109} INFO - [2022-08-18 15:12:57,173] {dag.py:2396} INFO - Sync 1 DAGs
[2022-08-18 15:12:57,183] {logging_mixin.py:109} INFO - [2022-08-18 15:12:57,183] {dag.py:2935} INFO - Setting next_dagrun for fhv_taxi_data_ingest to 2022-01-01T01:00:00+00:00
[2022-08-18 15:12:57,190] {processor.py:171} INFO - Processing /opt/airflow/dags/fhv_data_ingest_dag.py took 0.462 seconds
[2022-08-18 15:13:27,299] {processor.py:163} INFO - Started process (PID=1475) to work on /opt/airflow/dags/fhv_data_ingest_dag.py
[2022-08-18 15:13:27,300] {processor.py:642} INFO - Processing file /opt/airflow/dags/fhv_data_ingest_dag.py for tasks to queue
[2022-08-18 15:13:27,300] {logging_mixin.py:109} INFO - [2022-08-18 15:13:27,300] {dagbag.py:500} INFO - Filling up the DagBag from /opt/airflow/dags/fhv_data_ingest_dag.py
[2022-08-18 15:13:27,799] {processor.py:654} INFO - DAG(s) dict_keys(['fhv_taxi_data_ingest']) retrieved from /opt/airflow/dags/fhv_data_ingest_dag.py
[2022-08-18 15:13:27,806] {logging_mixin.py:109} INFO - [2022-08-18 15:13:27,805] {dag.py:2396} INFO - Sync 1 DAGs
[2022-08-18 15:13:27,818] {logging_mixin.py:109} INFO - [2022-08-18 15:13:27,818] {dag.py:2935} INFO - Setting next_dagrun for fhv_taxi_data_ingest to 2022-01-01T01:00:00+00:00
[2022-08-18 15:13:27,828] {processor.py:171} INFO - Processing /opt/airflow/dags/fhv_data_ingest_dag.py took 0.532 seconds
[2022-08-18 15:13:57,922] {processor.py:163} INFO - Started process (PID=1551) to work on /opt/airflow/dags/fhv_data_ingest_dag.py
[2022-08-18 15:13:57,923] {processor.py:642} INFO - Processing file /opt/airflow/dags/fhv_data_ingest_dag.py for tasks to queue
[2022-08-18 15:13:57,923] {logging_mixin.py:109} INFO - [2022-08-18 15:13:57,923] {dagbag.py:500} INFO - Filling up the DagBag from /opt/airflow/dags/fhv_data_ingest_dag.py
[2022-08-18 15:13:58,358] {processor.py:654} INFO - DAG(s) dict_keys(['fhv_taxi_data_ingest']) retrieved from /opt/airflow/dags/fhv_data_ingest_dag.py
[2022-08-18 15:13:58,364] {logging_mixin.py:109} INFO - [2022-08-18 15:13:58,363] {dag.py:2396} INFO - Sync 1 DAGs
[2022-08-18 15:13:58,373] {logging_mixin.py:109} INFO - [2022-08-18 15:13:58,373] {dag.py:2935} INFO - Setting next_dagrun for fhv_taxi_data_ingest to 2022-01-01T01:00:00+00:00
[2022-08-18 15:13:58,381] {processor.py:171} INFO - Processing /opt/airflow/dags/fhv_data_ingest_dag.py took 0.461 seconds
[2022-08-18 15:14:28,494] {processor.py:163} INFO - Started process (PID=1630) to work on /opt/airflow/dags/fhv_data_ingest_dag.py
[2022-08-18 15:14:28,495] {processor.py:642} INFO - Processing file /opt/airflow/dags/fhv_data_ingest_dag.py for tasks to queue
[2022-08-18 15:14:28,495] {logging_mixin.py:109} INFO - [2022-08-18 15:14:28,495] {dagbag.py:500} INFO - Filling up the DagBag from /opt/airflow/dags/fhv_data_ingest_dag.py
[2022-08-18 15:14:28,975] {processor.py:654} INFO - DAG(s) dict_keys(['fhv_taxi_data_ingest']) retrieved from /opt/airflow/dags/fhv_data_ingest_dag.py
[2022-08-18 15:14:28,983] {logging_mixin.py:109} INFO - [2022-08-18 15:14:28,983] {dag.py:2396} INFO - Sync 1 DAGs
[2022-08-18 15:14:28,995] {logging_mixin.py:109} INFO - [2022-08-18 15:14:28,995] {dag.py:2935} INFO - Setting next_dagrun for fhv_taxi_data_ingest to 2022-01-01T01:00:00+00:00
[2022-08-18 15:14:29,007] {processor.py:171} INFO - Processing /opt/airflow/dags/fhv_data_ingest_dag.py took 0.515 seconds
[2022-08-18 15:14:59,155] {processor.py:163} INFO - Started process (PID=1700) to work on /opt/airflow/dags/fhv_data_ingest_dag.py
[2022-08-18 15:14:59,156] {processor.py:642} INFO - Processing file /opt/airflow/dags/fhv_data_ingest_dag.py for tasks to queue
[2022-08-18 15:14:59,156] {logging_mixin.py:109} INFO - [2022-08-18 15:14:59,156] {dagbag.py:500} INFO - Filling up the DagBag from /opt/airflow/dags/fhv_data_ingest_dag.py
[2022-08-18 15:14:59,632] {processor.py:654} INFO - DAG(s) dict_keys(['fhv_taxi_data_ingest']) retrieved from /opt/airflow/dags/fhv_data_ingest_dag.py
[2022-08-18 15:14:59,638] {logging_mixin.py:109} INFO - [2022-08-18 15:14:59,638] {dag.py:2396} INFO - Sync 1 DAGs
[2022-08-18 15:14:59,650] {logging_mixin.py:109} INFO - [2022-08-18 15:14:59,650] {dag.py:2935} INFO - Setting next_dagrun for fhv_taxi_data_ingest to 2022-01-01T01:00:00+00:00
[2022-08-18 15:14:59,660] {processor.py:171} INFO - Processing /opt/airflow/dags/fhv_data_ingest_dag.py took 0.507 seconds
[2022-08-18 15:15:29,777] {processor.py:163} INFO - Started process (PID=1779) to work on /opt/airflow/dags/fhv_data_ingest_dag.py
[2022-08-18 15:15:29,778] {processor.py:642} INFO - Processing file /opt/airflow/dags/fhv_data_ingest_dag.py for tasks to queue
[2022-08-18 15:15:29,778] {logging_mixin.py:109} INFO - [2022-08-18 15:15:29,778] {dagbag.py:500} INFO - Filling up the DagBag from /opt/airflow/dags/fhv_data_ingest_dag.py
[2022-08-18 15:15:30,266] {processor.py:654} INFO - DAG(s) dict_keys(['fhv_taxi_data_ingest']) retrieved from /opt/airflow/dags/fhv_data_ingest_dag.py
[2022-08-18 15:15:30,272] {logging_mixin.py:109} INFO - [2022-08-18 15:15:30,271] {dag.py:2396} INFO - Sync 1 DAGs
[2022-08-18 15:15:30,283] {logging_mixin.py:109} INFO - [2022-08-18 15:15:30,283] {dag.py:2935} INFO - Setting next_dagrun for fhv_taxi_data_ingest to 2022-01-01T01:00:00+00:00
[2022-08-18 15:15:30,292] {processor.py:171} INFO - Processing /opt/airflow/dags/fhv_data_ingest_dag.py took 0.517 seconds
[2022-08-18 15:16:00,683] {processor.py:163} INFO - Started process (PID=1871) to work on /opt/airflow/dags/fhv_data_ingest_dag.py
[2022-08-18 15:16:00,683] {processor.py:642} INFO - Processing file /opt/airflow/dags/fhv_data_ingest_dag.py for tasks to queue
[2022-08-18 15:16:00,684] {logging_mixin.py:109} INFO - [2022-08-18 15:16:00,684] {dagbag.py:500} INFO - Filling up the DagBag from /opt/airflow/dags/fhv_data_ingest_dag.py
[2022-08-18 15:16:01,179] {processor.py:654} INFO - DAG(s) dict_keys(['fhv_taxi_data_ingest']) retrieved from /opt/airflow/dags/fhv_data_ingest_dag.py
[2022-08-18 15:16:01,186] {logging_mixin.py:109} INFO - [2022-08-18 15:16:01,186] {dag.py:2396} INFO - Sync 1 DAGs
[2022-08-18 15:16:01,199] {logging_mixin.py:109} INFO - [2022-08-18 15:16:01,199] {dag.py:2935} INFO - Setting next_dagrun for fhv_taxi_data_ingest to 2022-01-01T01:00:00+00:00
[2022-08-18 15:16:01,208] {processor.py:171} INFO - Processing /opt/airflow/dags/fhv_data_ingest_dag.py took 0.528 seconds
[2022-08-18 15:16:31,732] {processor.py:163} INFO - Started process (PID=1942) to work on /opt/airflow/dags/fhv_data_ingest_dag.py
[2022-08-18 15:16:31,734] {processor.py:642} INFO - Processing file /opt/airflow/dags/fhv_data_ingest_dag.py for tasks to queue
[2022-08-18 15:16:31,734] {logging_mixin.py:109} INFO - [2022-08-18 15:16:31,734] {dagbag.py:500} INFO - Filling up the DagBag from /opt/airflow/dags/fhv_data_ingest_dag.py
[2022-08-18 15:16:32,387] {processor.py:654} INFO - DAG(s) dict_keys(['fhv_taxi_data_ingest']) retrieved from /opt/airflow/dags/fhv_data_ingest_dag.py
[2022-08-18 15:16:32,395] {logging_mixin.py:109} INFO - [2022-08-18 15:16:32,395] {dag.py:2396} INFO - Sync 1 DAGs
[2022-08-18 15:16:32,412] {logging_mixin.py:109} INFO - [2022-08-18 15:16:32,412] {dag.py:2935} INFO - Setting next_dagrun for fhv_taxi_data_ingest to 2022-01-01T01:00:00+00:00
[2022-08-18 15:16:32,423] {processor.py:171} INFO - Processing /opt/airflow/dags/fhv_data_ingest_dag.py took 0.693 seconds
