[2022-08-18 14:40:35,610] {processor.py:163} INFO - Started process (PID=29772) to work on /opt/airflow/dags/zones_data_ingest.py
[2022-08-18 14:40:35,611] {processor.py:642} INFO - Processing file /opt/airflow/dags/zones_data_ingest.py for tasks to queue
[2022-08-18 14:40:35,611] {logging_mixin.py:109} INFO - [2022-08-18 14:40:35,611] {dagbag.py:500} INFO - Filling up the DagBag from /opt/airflow/dags/zones_data_ingest.py
[2022-08-18 14:40:36,150] {processor.py:654} INFO - DAG(s) dict_keys(['green_taxi_data_ingest']) retrieved from /opt/airflow/dags/zones_data_ingest.py
[2022-08-18 14:40:36,380] {logging_mixin.py:109} INFO - [2022-08-18 14:40:36,380] {dag.py:2396} INFO - Sync 1 DAGs
[2022-08-18 14:40:36,392] {logging_mixin.py:109} INFO - [2022-08-18 14:40:36,392] {dag.py:2935} INFO - Setting next_dagrun for green_taxi_data_ingest to 2022-01-01T01:00:00+00:00
[2022-08-18 14:40:36,404] {processor.py:171} INFO - Processing /opt/airflow/dags/zones_data_ingest.py took 0.796 seconds
[2022-08-18 14:41:06,525] {processor.py:163} INFO - Started process (PID=29850) to work on /opt/airflow/dags/zones_data_ingest.py
[2022-08-18 14:41:06,526] {processor.py:642} INFO - Processing file /opt/airflow/dags/zones_data_ingest.py for tasks to queue
[2022-08-18 14:41:06,526] {logging_mixin.py:109} INFO - [2022-08-18 14:41:06,526] {dagbag.py:500} INFO - Filling up the DagBag from /opt/airflow/dags/zones_data_ingest.py
[2022-08-18 14:41:06,945] {processor.py:654} INFO - DAG(s) dict_keys(['green_taxi_data_ingest']) retrieved from /opt/airflow/dags/zones_data_ingest.py
[2022-08-18 14:41:06,951] {logging_mixin.py:109} INFO - [2022-08-18 14:41:06,950] {dag.py:2396} INFO - Sync 1 DAGs
[2022-08-18 14:41:06,960] {logging_mixin.py:109} INFO - [2022-08-18 14:41:06,959] {dag.py:2935} INFO - Setting next_dagrun for green_taxi_data_ingest to 2022-01-01T01:00:00+00:00
[2022-08-18 14:41:06,967] {processor.py:171} INFO - Processing /opt/airflow/dags/zones_data_ingest.py took 0.444 seconds
[2022-08-18 14:41:37,455] {processor.py:163} INFO - Started process (PID=29916) to work on /opt/airflow/dags/zones_data_ingest.py
[2022-08-18 14:41:37,456] {processor.py:642} INFO - Processing file /opt/airflow/dags/zones_data_ingest.py for tasks to queue
[2022-08-18 14:41:37,456] {logging_mixin.py:109} INFO - [2022-08-18 14:41:37,456] {dagbag.py:500} INFO - Filling up the DagBag from /opt/airflow/dags/zones_data_ingest.py
[2022-08-18 14:41:38,046] {processor.py:654} INFO - DAG(s) dict_keys(['green_taxi_data_ingest']) retrieved from /opt/airflow/dags/zones_data_ingest.py
[2022-08-18 14:41:38,050] {logging_mixin.py:109} INFO - [2022-08-18 14:41:38,050] {dag.py:2396} INFO - Sync 1 DAGs
[2022-08-18 14:41:38,061] {logging_mixin.py:109} INFO - [2022-08-18 14:41:38,061] {dag.py:2935} INFO - Setting next_dagrun for green_taxi_data_ingest to 2022-01-01T01:00:00+00:00
[2022-08-18 14:41:38,070] {processor.py:171} INFO - Processing /opt/airflow/dags/zones_data_ingest.py took 0.618 seconds
[2022-08-18 14:41:40,655] {processor.py:163} INFO - Started process (PID=29968) to work on /opt/airflow/dags/zones_data_ingest.py
[2022-08-18 14:41:40,656] {processor.py:642} INFO - Processing file /opt/airflow/dags/zones_data_ingest.py for tasks to queue
[2022-08-18 14:41:40,656] {logging_mixin.py:109} INFO - [2022-08-18 14:41:40,656] {dagbag.py:500} INFO - Filling up the DagBag from /opt/airflow/dags/zones_data_ingest.py
[2022-08-18 14:41:40,656] {logging_mixin.py:109} INFO - [2022-08-18 14:41:40,656] {dagbag.py:308} INFO - File /opt/airflow/dags/zones_data_ingest.py assumed to contain no DAGs. Skipping.
[2022-08-18 14:41:40,668] {processor.py:656} WARNING - No viable dags retrieved from /opt/airflow/dags/zones_data_ingest.py
[2022-08-18 14:41:40,670] {processor.py:171} INFO - Processing /opt/airflow/dags/zones_data_ingest.py took 0.017 seconds
[2022-08-18 14:42:11,279] {processor.py:163} INFO - Started process (PID=30026) to work on /opt/airflow/dags/zones_data_ingest.py
[2022-08-18 14:42:11,280] {processor.py:642} INFO - Processing file /opt/airflow/dags/zones_data_ingest.py for tasks to queue
[2022-08-18 14:42:11,280] {logging_mixin.py:109} INFO - [2022-08-18 14:42:11,280] {dagbag.py:500} INFO - Filling up the DagBag from /opt/airflow/dags/zones_data_ingest.py
[2022-08-18 14:42:11,280] {logging_mixin.py:109} INFO - [2022-08-18 14:42:11,280] {dagbag.py:308} INFO - File /opt/airflow/dags/zones_data_ingest.py assumed to contain no DAGs. Skipping.
[2022-08-18 14:42:11,290] {processor.py:656} WARNING - No viable dags retrieved from /opt/airflow/dags/zones_data_ingest.py
[2022-08-18 14:42:11,292] {processor.py:171} INFO - Processing /opt/airflow/dags/zones_data_ingest.py took 0.015 seconds
[2022-08-18 14:42:41,370] {processor.py:163} INFO - Started process (PID=30093) to work on /opt/airflow/dags/zones_data_ingest.py
[2022-08-18 14:42:41,370] {processor.py:642} INFO - Processing file /opt/airflow/dags/zones_data_ingest.py for tasks to queue
[2022-08-18 14:42:41,371] {logging_mixin.py:109} INFO - [2022-08-18 14:42:41,370] {dagbag.py:500} INFO - Filling up the DagBag from /opt/airflow/dags/zones_data_ingest.py
[2022-08-18 14:42:41,371] {logging_mixin.py:109} INFO - [2022-08-18 14:42:41,371] {dagbag.py:308} INFO - File /opt/airflow/dags/zones_data_ingest.py assumed to contain no DAGs. Skipping.
[2022-08-18 14:42:41,382] {processor.py:656} WARNING - No viable dags retrieved from /opt/airflow/dags/zones_data_ingest.py
[2022-08-18 14:42:41,383] {processor.py:171} INFO - Processing /opt/airflow/dags/zones_data_ingest.py took 0.016 seconds
[2022-08-18 14:43:11,926] {processor.py:163} INFO - Started process (PID=30147) to work on /opt/airflow/dags/zones_data_ingest.py
[2022-08-18 14:43:11,927] {processor.py:642} INFO - Processing file /opt/airflow/dags/zones_data_ingest.py for tasks to queue
[2022-08-18 14:43:11,927] {logging_mixin.py:109} INFO - [2022-08-18 14:43:11,927] {dagbag.py:500} INFO - Filling up the DagBag from /opt/airflow/dags/zones_data_ingest.py
[2022-08-18 14:43:11,927] {logging_mixin.py:109} INFO - [2022-08-18 14:43:11,927] {dagbag.py:308} INFO - File /opt/airflow/dags/zones_data_ingest.py assumed to contain no DAGs. Skipping.
[2022-08-18 14:43:11,938] {processor.py:656} WARNING - No viable dags retrieved from /opt/airflow/dags/zones_data_ingest.py
[2022-08-18 14:43:11,940] {processor.py:171} INFO - Processing /opt/airflow/dags/zones_data_ingest.py took 0.016 seconds
[2022-08-18 14:43:42,482] {processor.py:163} INFO - Started process (PID=30205) to work on /opt/airflow/dags/zones_data_ingest.py
[2022-08-18 14:43:42,483] {processor.py:642} INFO - Processing file /opt/airflow/dags/zones_data_ingest.py for tasks to queue
[2022-08-18 14:43:42,483] {logging_mixin.py:109} INFO - [2022-08-18 14:43:42,483] {dagbag.py:500} INFO - Filling up the DagBag from /opt/airflow/dags/zones_data_ingest.py
[2022-08-18 14:43:42,484] {logging_mixin.py:109} INFO - [2022-08-18 14:43:42,484] {dagbag.py:308} INFO - File /opt/airflow/dags/zones_data_ingest.py assumed to contain no DAGs. Skipping.
[2022-08-18 14:43:42,496] {processor.py:656} WARNING - No viable dags retrieved from /opt/airflow/dags/zones_data_ingest.py
[2022-08-18 14:43:42,499] {processor.py:171} INFO - Processing /opt/airflow/dags/zones_data_ingest.py took 0.020 seconds
[2022-08-18 14:44:12,530] {processor.py:163} INFO - Started process (PID=30272) to work on /opt/airflow/dags/zones_data_ingest.py
[2022-08-18 14:44:12,531] {processor.py:642} INFO - Processing file /opt/airflow/dags/zones_data_ingest.py for tasks to queue
[2022-08-18 14:44:12,532] {logging_mixin.py:109} INFO - [2022-08-18 14:44:12,532] {dagbag.py:500} INFO - Filling up the DagBag from /opt/airflow/dags/zones_data_ingest.py
[2022-08-18 14:44:12,532] {logging_mixin.py:109} INFO - [2022-08-18 14:44:12,532] {dagbag.py:308} INFO - File /opt/airflow/dags/zones_data_ingest.py assumed to contain no DAGs. Skipping.
[2022-08-18 14:44:12,545] {processor.py:656} WARNING - No viable dags retrieved from /opt/airflow/dags/zones_data_ingest.py
[2022-08-18 14:44:12,547] {processor.py:171} INFO - Processing /opt/airflow/dags/zones_data_ingest.py took 0.018 seconds
[2022-08-18 14:44:42,634] {processor.py:163} INFO - Started process (PID=30318) to work on /opt/airflow/dags/zones_data_ingest.py
[2022-08-18 14:44:42,635] {processor.py:642} INFO - Processing file /opt/airflow/dags/zones_data_ingest.py for tasks to queue
[2022-08-18 14:44:42,635] {logging_mixin.py:109} INFO - [2022-08-18 14:44:42,635] {dagbag.py:500} INFO - Filling up the DagBag from /opt/airflow/dags/zones_data_ingest.py
[2022-08-18 14:44:42,635] {logging_mixin.py:109} INFO - [2022-08-18 14:44:42,635] {dagbag.py:308} INFO - File /opt/airflow/dags/zones_data_ingest.py assumed to contain no DAGs. Skipping.
[2022-08-18 14:44:42,646] {processor.py:656} WARNING - No viable dags retrieved from /opt/airflow/dags/zones_data_ingest.py
[2022-08-18 14:44:42,649] {processor.py:171} INFO - Processing /opt/airflow/dags/zones_data_ingest.py took 0.016 seconds
[2022-08-18 14:45:13,215] {processor.py:163} INFO - Started process (PID=30385) to work on /opt/airflow/dags/zones_data_ingest.py
[2022-08-18 14:45:13,217] {processor.py:642} INFO - Processing file /opt/airflow/dags/zones_data_ingest.py for tasks to queue
[2022-08-18 14:45:13,217] {logging_mixin.py:109} INFO - [2022-08-18 14:45:13,217] {dagbag.py:500} INFO - Filling up the DagBag from /opt/airflow/dags/zones_data_ingest.py
[2022-08-18 14:45:13,218] {logging_mixin.py:109} INFO - [2022-08-18 14:45:13,218] {dagbag.py:308} INFO - File /opt/airflow/dags/zones_data_ingest.py assumed to contain no DAGs. Skipping.
[2022-08-18 14:45:13,231] {processor.py:656} WARNING - No viable dags retrieved from /opt/airflow/dags/zones_data_ingest.py
[2022-08-18 14:45:13,234] {processor.py:171} INFO - Processing /opt/airflow/dags/zones_data_ingest.py took 0.021 seconds
[2022-08-18 15:10:37,793] {processor.py:163} INFO - Started process (PID=1041) to work on /opt/airflow/dags/zones_data_ingest.py
[2022-08-18 15:10:37,794] {processor.py:642} INFO - Processing file /opt/airflow/dags/zones_data_ingest.py for tasks to queue
[2022-08-18 15:10:37,795] {logging_mixin.py:109} INFO - [2022-08-18 15:10:37,794] {dagbag.py:500} INFO - Filling up the DagBag from /opt/airflow/dags/zones_data_ingest.py
[2022-08-18 15:10:38,286] {processor.py:654} INFO - DAG(s) dict_keys(['zones_taxi_data_ingest']) retrieved from /opt/airflow/dags/zones_data_ingest.py
[2022-08-18 15:10:39,063] {logging_mixin.py:109} INFO - [2022-08-18 15:10:39,063] {manager.py:496} INFO - Created Permission View: can edit on DAG:zones_taxi_data_ingest
[2022-08-18 15:10:39,071] {logging_mixin.py:109} INFO - [2022-08-18 15:10:39,071] {manager.py:496} INFO - Created Permission View: can read on DAG:zones_taxi_data_ingest
[2022-08-18 15:10:39,071] {logging_mixin.py:109} INFO - [2022-08-18 15:10:39,071] {dag.py:2396} INFO - Sync 1 DAGs
[2022-08-18 15:10:39,075] {logging_mixin.py:109} INFO - [2022-08-18 15:10:39,075] {dag.py:2415} INFO - Creating ORM DAG for zones_taxi_data_ingest
[2022-08-18 15:10:39,081] {logging_mixin.py:109} INFO - [2022-08-18 15:10:39,081] {dag.py:2935} INFO - Setting next_dagrun for zones_taxi_data_ingest to 2022-08-18T00:00:00+00:00
[2022-08-18 15:10:39,091] {processor.py:171} INFO - Processing /opt/airflow/dags/zones_data_ingest.py took 1.300 seconds
[2022-08-18 15:11:09,428] {processor.py:163} INFO - Started process (PID=1120) to work on /opt/airflow/dags/zones_data_ingest.py
[2022-08-18 15:11:09,429] {processor.py:642} INFO - Processing file /opt/airflow/dags/zones_data_ingest.py for tasks to queue
[2022-08-18 15:11:09,429] {logging_mixin.py:109} INFO - [2022-08-18 15:11:09,429] {dagbag.py:500} INFO - Filling up the DagBag from /opt/airflow/dags/zones_data_ingest.py
[2022-08-18 15:11:09,978] {processor.py:654} INFO - DAG(s) dict_keys(['zones_taxi_data_ingest']) retrieved from /opt/airflow/dags/zones_data_ingest.py
[2022-08-18 15:11:09,984] {logging_mixin.py:109} INFO - [2022-08-18 15:11:09,983] {dag.py:2396} INFO - Sync 1 DAGs
[2022-08-18 15:11:09,993] {logging_mixin.py:109} INFO - [2022-08-18 15:11:09,993] {dag.py:2935} INFO - Setting next_dagrun for zones_taxi_data_ingest to 2022-08-18T00:00:00+00:00
[2022-08-18 15:11:10,002] {processor.py:171} INFO - Processing /opt/airflow/dags/zones_data_ingest.py took 0.575 seconds
[2022-08-18 15:11:40,531] {processor.py:163} INFO - Started process (PID=1190) to work on /opt/airflow/dags/zones_data_ingest.py
[2022-08-18 15:11:40,532] {processor.py:642} INFO - Processing file /opt/airflow/dags/zones_data_ingest.py for tasks to queue
[2022-08-18 15:11:40,533] {logging_mixin.py:109} INFO - [2022-08-18 15:11:40,533] {dagbag.py:500} INFO - Filling up the DagBag from /opt/airflow/dags/zones_data_ingest.py
[2022-08-18 15:11:41,040] {processor.py:654} INFO - DAG(s) dict_keys(['zones_taxi_data_ingest']) retrieved from /opt/airflow/dags/zones_data_ingest.py
[2022-08-18 15:11:41,045] {logging_mixin.py:109} INFO - [2022-08-18 15:11:41,045] {dag.py:2396} INFO - Sync 1 DAGs
[2022-08-18 15:11:41,056] {logging_mixin.py:109} INFO - [2022-08-18 15:11:41,056] {dag.py:2935} INFO - Setting next_dagrun for zones_taxi_data_ingest to 2022-08-18T00:00:00+00:00
[2022-08-18 15:11:41,066] {processor.py:171} INFO - Processing /opt/airflow/dags/zones_data_ingest.py took 0.536 seconds
[2022-08-18 15:12:11,093] {processor.py:163} INFO - Started process (PID=1269) to work on /opt/airflow/dags/zones_data_ingest.py
[2022-08-18 15:12:11,093] {processor.py:642} INFO - Processing file /opt/airflow/dags/zones_data_ingest.py for tasks to queue
[2022-08-18 15:12:11,094] {logging_mixin.py:109} INFO - [2022-08-18 15:12:11,094] {dagbag.py:500} INFO - Filling up the DagBag from /opt/airflow/dags/zones_data_ingest.py
[2022-08-18 15:12:11,580] {processor.py:654} INFO - DAG(s) dict_keys(['zones_taxi_data_ingest']) retrieved from /opt/airflow/dags/zones_data_ingest.py
[2022-08-18 15:12:11,587] {logging_mixin.py:109} INFO - [2022-08-18 15:12:11,587] {dag.py:2396} INFO - Sync 1 DAGs
[2022-08-18 15:12:11,598] {logging_mixin.py:109} INFO - [2022-08-18 15:12:11,597] {dag.py:2935} INFO - Setting next_dagrun for zones_taxi_data_ingest to 2022-08-18T00:00:00+00:00
[2022-08-18 15:12:11,607] {processor.py:171} INFO - Processing /opt/airflow/dags/zones_data_ingest.py took 0.516 seconds
[2022-08-18 15:12:41,692] {processor.py:163} INFO - Started process (PID=1348) to work on /opt/airflow/dags/zones_data_ingest.py
[2022-08-18 15:12:41,693] {processor.py:642} INFO - Processing file /opt/airflow/dags/zones_data_ingest.py for tasks to queue
[2022-08-18 15:12:41,693] {logging_mixin.py:109} INFO - [2022-08-18 15:12:41,693] {dagbag.py:500} INFO - Filling up the DagBag from /opt/airflow/dags/zones_data_ingest.py
[2022-08-18 15:12:42,159] {processor.py:654} INFO - DAG(s) dict_keys(['zones_taxi_data_ingest']) retrieved from /opt/airflow/dags/zones_data_ingest.py
[2022-08-18 15:12:42,165] {logging_mixin.py:109} INFO - [2022-08-18 15:12:42,165] {dag.py:2396} INFO - Sync 1 DAGs
[2022-08-18 15:12:42,174] {logging_mixin.py:109} INFO - [2022-08-18 15:12:42,174] {dag.py:2935} INFO - Setting next_dagrun for zones_taxi_data_ingest to 2022-08-18T00:00:00+00:00
[2022-08-18 15:12:42,182] {processor.py:171} INFO - Processing /opt/airflow/dags/zones_data_ingest.py took 0.493 seconds
[2022-08-18 15:13:12,224] {processor.py:163} INFO - Started process (PID=1418) to work on /opt/airflow/dags/zones_data_ingest.py
[2022-08-18 15:13:12,224] {processor.py:642} INFO - Processing file /opt/airflow/dags/zones_data_ingest.py for tasks to queue
[2022-08-18 15:13:12,225] {logging_mixin.py:109} INFO - [2022-08-18 15:13:12,224] {dagbag.py:500} INFO - Filling up the DagBag from /opt/airflow/dags/zones_data_ingest.py
[2022-08-18 15:13:12,673] {processor.py:654} INFO - DAG(s) dict_keys(['zones_taxi_data_ingest']) retrieved from /opt/airflow/dags/zones_data_ingest.py
[2022-08-18 15:13:12,680] {logging_mixin.py:109} INFO - [2022-08-18 15:13:12,680] {dag.py:2396} INFO - Sync 1 DAGs
[2022-08-18 15:13:12,690] {logging_mixin.py:109} INFO - [2022-08-18 15:13:12,690] {dag.py:2935} INFO - Setting next_dagrun for zones_taxi_data_ingest to 2022-08-18T00:00:00+00:00
[2022-08-18 15:13:12,700] {processor.py:171} INFO - Processing /opt/airflow/dags/zones_data_ingest.py took 0.478 seconds
[2022-08-18 15:13:42,863] {processor.py:163} INFO - Started process (PID=1502) to work on /opt/airflow/dags/zones_data_ingest.py
[2022-08-18 15:13:42,864] {processor.py:642} INFO - Processing file /opt/airflow/dags/zones_data_ingest.py for tasks to queue
[2022-08-18 15:13:42,865] {logging_mixin.py:109} INFO - [2022-08-18 15:13:42,865] {dagbag.py:500} INFO - Filling up the DagBag from /opt/airflow/dags/zones_data_ingest.py
[2022-08-18 15:13:43,312] {processor.py:654} INFO - DAG(s) dict_keys(['zones_taxi_data_ingest']) retrieved from /opt/airflow/dags/zones_data_ingest.py
[2022-08-18 15:13:43,318] {logging_mixin.py:109} INFO - [2022-08-18 15:13:43,318] {dag.py:2396} INFO - Sync 1 DAGs
[2022-08-18 15:13:43,328] {logging_mixin.py:109} INFO - [2022-08-18 15:13:43,328] {dag.py:2935} INFO - Setting next_dagrun for zones_taxi_data_ingest to 2022-08-18T00:00:00+00:00
[2022-08-18 15:13:43,336] {processor.py:171} INFO - Processing /opt/airflow/dags/zones_data_ingest.py took 0.475 seconds
[2022-08-18 15:14:13,422] {processor.py:163} INFO - Started process (PID=1582) to work on /opt/airflow/dags/zones_data_ingest.py
[2022-08-18 15:14:13,423] {processor.py:642} INFO - Processing file /opt/airflow/dags/zones_data_ingest.py for tasks to queue
[2022-08-18 15:14:13,424] {logging_mixin.py:109} INFO - [2022-08-18 15:14:13,423] {dagbag.py:500} INFO - Filling up the DagBag from /opt/airflow/dags/zones_data_ingest.py
[2022-08-18 15:14:13,998] {processor.py:654} INFO - DAG(s) dict_keys(['zones_taxi_data_ingest']) retrieved from /opt/airflow/dags/zones_data_ingest.py
[2022-08-18 15:14:14,009] {logging_mixin.py:109} INFO - [2022-08-18 15:14:14,009] {dag.py:2396} INFO - Sync 1 DAGs
[2022-08-18 15:14:14,021] {logging_mixin.py:109} INFO - [2022-08-18 15:14:14,021] {dag.py:2935} INFO - Setting next_dagrun for zones_taxi_data_ingest to 2022-08-18T00:00:00+00:00
[2022-08-18 15:14:14,032] {processor.py:171} INFO - Processing /opt/airflow/dags/zones_data_ingest.py took 0.611 seconds
[2022-08-18 15:14:44,548] {processor.py:163} INFO - Started process (PID=1652) to work on /opt/airflow/dags/zones_data_ingest.py
[2022-08-18 15:14:44,549] {processor.py:642} INFO - Processing file /opt/airflow/dags/zones_data_ingest.py for tasks to queue
[2022-08-18 15:14:44,549] {logging_mixin.py:109} INFO - [2022-08-18 15:14:44,549] {dagbag.py:500} INFO - Filling up the DagBag from /opt/airflow/dags/zones_data_ingest.py
[2022-08-18 15:14:44,990] {processor.py:654} INFO - DAG(s) dict_keys(['zones_taxi_data_ingest']) retrieved from /opt/airflow/dags/zones_data_ingest.py
[2022-08-18 15:14:44,996] {logging_mixin.py:109} INFO - [2022-08-18 15:14:44,996] {dag.py:2396} INFO - Sync 1 DAGs
[2022-08-18 15:14:45,006] {logging_mixin.py:109} INFO - [2022-08-18 15:14:45,006] {dag.py:2935} INFO - Setting next_dagrun for zones_taxi_data_ingest to 2022-08-18T00:00:00+00:00
[2022-08-18 15:14:45,014] {processor.py:171} INFO - Processing /opt/airflow/dags/zones_data_ingest.py took 0.468 seconds
[2022-08-18 15:15:15,190] {processor.py:163} INFO - Started process (PID=1731) to work on /opt/airflow/dags/zones_data_ingest.py
[2022-08-18 15:15:15,191] {processor.py:642} INFO - Processing file /opt/airflow/dags/zones_data_ingest.py for tasks to queue
[2022-08-18 15:15:15,191] {logging_mixin.py:109} INFO - [2022-08-18 15:15:15,191] {dagbag.py:500} INFO - Filling up the DagBag from /opt/airflow/dags/zones_data_ingest.py
[2022-08-18 15:15:15,648] {processor.py:654} INFO - DAG(s) dict_keys(['zones_taxi_data_ingest']) retrieved from /opt/airflow/dags/zones_data_ingest.py
[2022-08-18 15:15:15,655] {logging_mixin.py:109} INFO - [2022-08-18 15:15:15,654] {dag.py:2396} INFO - Sync 1 DAGs
[2022-08-18 15:15:15,665] {logging_mixin.py:109} INFO - [2022-08-18 15:15:15,665] {dag.py:2935} INFO - Setting next_dagrun for zones_taxi_data_ingest to 2022-08-18T00:00:00+00:00
[2022-08-18 15:15:15,674] {processor.py:171} INFO - Processing /opt/airflow/dags/zones_data_ingest.py took 0.486 seconds
[2022-08-18 15:15:45,822] {processor.py:163} INFO - Started process (PID=1801) to work on /opt/airflow/dags/zones_data_ingest.py
[2022-08-18 15:15:45,823] {processor.py:642} INFO - Processing file /opt/airflow/dags/zones_data_ingest.py for tasks to queue
[2022-08-18 15:15:45,823] {logging_mixin.py:109} INFO - [2022-08-18 15:15:45,823] {dagbag.py:500} INFO - Filling up the DagBag from /opt/airflow/dags/zones_data_ingest.py
[2022-08-18 15:15:46,276] {processor.py:654} INFO - DAG(s) dict_keys(['zones_taxi_data_ingest']) retrieved from /opt/airflow/dags/zones_data_ingest.py
[2022-08-18 15:15:46,282] {logging_mixin.py:109} INFO - [2022-08-18 15:15:46,282] {dag.py:2396} INFO - Sync 1 DAGs
[2022-08-18 15:15:46,291] {logging_mixin.py:109} INFO - [2022-08-18 15:15:46,291] {dag.py:2935} INFO - Setting next_dagrun for zones_taxi_data_ingest to 2022-08-18T00:00:00+00:00
[2022-08-18 15:15:46,299] {processor.py:171} INFO - Processing /opt/airflow/dags/zones_data_ingest.py took 0.479 seconds
[2022-08-18 15:15:55,848] {processor.py:163} INFO - Started process (PID=1823) to work on /opt/airflow/dags/zones_data_ingest.py
[2022-08-18 15:15:55,849] {processor.py:642} INFO - Processing file /opt/airflow/dags/zones_data_ingest.py for tasks to queue
[2022-08-18 15:15:55,849] {logging_mixin.py:109} INFO - [2022-08-18 15:15:55,849] {dagbag.py:500} INFO - Filling up the DagBag from /opt/airflow/dags/zones_data_ingest.py
[2022-08-18 15:15:56,413] {processor.py:654} INFO - DAG(s) dict_keys(['zones_taxi_data_ingest']) retrieved from /opt/airflow/dags/zones_data_ingest.py
[2022-08-18 15:15:56,632] {logging_mixin.py:109} INFO - [2022-08-18 15:15:56,632] {dag.py:2396} INFO - Sync 1 DAGs
[2022-08-18 15:15:56,644] {logging_mixin.py:109} INFO - [2022-08-18 15:15:56,644] {dag.py:2935} INFO - Setting next_dagrun for zones_taxi_data_ingest to 2022-08-18T00:00:00+00:00
[2022-08-18 15:15:56,658] {processor.py:171} INFO - Processing /opt/airflow/dags/zones_data_ingest.py took 0.812 seconds
[2022-08-18 15:16:27,027] {processor.py:163} INFO - Started process (PID=1903) to work on /opt/airflow/dags/zones_data_ingest.py
[2022-08-18 15:16:27,028] {processor.py:642} INFO - Processing file /opt/airflow/dags/zones_data_ingest.py for tasks to queue
[2022-08-18 15:16:27,028] {logging_mixin.py:109} INFO - [2022-08-18 15:16:27,028] {dagbag.py:500} INFO - Filling up the DagBag from /opt/airflow/dags/zones_data_ingest.py
[2022-08-18 15:16:27,672] {processor.py:654} INFO - DAG(s) dict_keys(['zones_taxi_data_ingest']) retrieved from /opt/airflow/dags/zones_data_ingest.py
[2022-08-18 15:16:27,683] {logging_mixin.py:109} INFO - [2022-08-18 15:16:27,682] {dag.py:2396} INFO - Sync 1 DAGs
[2022-08-18 15:16:27,697] {logging_mixin.py:109} INFO - [2022-08-18 15:16:27,697] {dag.py:2935} INFO - Setting next_dagrun for zones_taxi_data_ingest to 2022-08-18T00:00:00+00:00
[2022-08-18 15:16:27,707] {processor.py:171} INFO - Processing /opt/airflow/dags/zones_data_ingest.py took 0.682 seconds
[2022-08-18 15:16:58,299] {processor.py:163} INFO - Started process (PID=1982) to work on /opt/airflow/dags/zones_data_ingest.py
[2022-08-18 15:16:58,300] {processor.py:642} INFO - Processing file /opt/airflow/dags/zones_data_ingest.py for tasks to queue
[2022-08-18 15:16:58,300] {logging_mixin.py:109} INFO - [2022-08-18 15:16:58,300] {dagbag.py:500} INFO - Filling up the DagBag from /opt/airflow/dags/zones_data_ingest.py
[2022-08-18 15:16:58,852] {processor.py:654} INFO - DAG(s) dict_keys(['zones_taxi_data_ingest']) retrieved from /opt/airflow/dags/zones_data_ingest.py
[2022-08-18 15:16:58,860] {logging_mixin.py:109} INFO - [2022-08-18 15:16:58,859] {dag.py:2396} INFO - Sync 1 DAGs
[2022-08-18 15:16:58,871] {logging_mixin.py:109} INFO - [2022-08-18 15:16:58,871] {dag.py:2935} INFO - Setting next_dagrun for zones_taxi_data_ingest to 2022-08-18T00:00:00+00:00
[2022-08-18 15:16:58,881] {processor.py:171} INFO - Processing /opt/airflow/dags/zones_data_ingest.py took 0.584 seconds
[2022-08-18 15:17:28,962] {processor.py:163} INFO - Started process (PID=2052) to work on /opt/airflow/dags/zones_data_ingest.py
[2022-08-18 15:17:28,964] {processor.py:642} INFO - Processing file /opt/airflow/dags/zones_data_ingest.py for tasks to queue
[2022-08-18 15:17:28,965] {logging_mixin.py:109} INFO - [2022-08-18 15:17:28,964] {dagbag.py:500} INFO - Filling up the DagBag from /opt/airflow/dags/zones_data_ingest.py
[2022-08-18 15:17:29,473] {processor.py:654} INFO - DAG(s) dict_keys(['zones_taxi_data_ingest']) retrieved from /opt/airflow/dags/zones_data_ingest.py
[2022-08-18 15:17:29,480] {logging_mixin.py:109} INFO - [2022-08-18 15:17:29,480] {dag.py:2396} INFO - Sync 1 DAGs
[2022-08-18 15:17:29,491] {logging_mixin.py:109} INFO - [2022-08-18 15:17:29,491] {dag.py:2935} INFO - Setting next_dagrun for zones_taxi_data_ingest to 2022-08-18T00:00:00+00:00
[2022-08-18 15:17:29,502] {processor.py:171} INFO - Processing /opt/airflow/dags/zones_data_ingest.py took 0.542 seconds
[2022-08-18 15:18:00,108] {processor.py:163} INFO - Started process (PID=2131) to work on /opt/airflow/dags/zones_data_ingest.py
[2022-08-18 15:18:00,109] {processor.py:642} INFO - Processing file /opt/airflow/dags/zones_data_ingest.py for tasks to queue
[2022-08-18 15:18:00,110] {logging_mixin.py:109} INFO - [2022-08-18 15:18:00,110] {dagbag.py:500} INFO - Filling up the DagBag from /opt/airflow/dags/zones_data_ingest.py
[2022-08-18 15:18:00,692] {processor.py:654} INFO - DAG(s) dict_keys(['zones_taxi_data_ingest']) retrieved from /opt/airflow/dags/zones_data_ingest.py
[2022-08-18 15:18:00,702] {logging_mixin.py:109} INFO - [2022-08-18 15:18:00,701] {dag.py:2396} INFO - Sync 1 DAGs
[2022-08-18 15:18:00,715] {logging_mixin.py:109} INFO - [2022-08-18 15:18:00,715] {dag.py:2935} INFO - Setting next_dagrun for zones_taxi_data_ingest to 2022-08-18T00:00:00+00:00
[2022-08-18 15:18:00,725] {processor.py:171} INFO - Processing /opt/airflow/dags/zones_data_ingest.py took 0.619 seconds
