[2022-08-18 07:21:57,565] {taskinstance.py:1032} INFO - Dependencies all met for <TaskInstance: data_ingestion_gcs_dag.local_to_gcs_task scheduled__2022-08-17T00:00:00+00:00 [queued]>
[2022-08-18 07:21:57,575] {taskinstance.py:1032} INFO - Dependencies all met for <TaskInstance: data_ingestion_gcs_dag.local_to_gcs_task scheduled__2022-08-17T00:00:00+00:00 [queued]>
[2022-08-18 07:21:57,575] {taskinstance.py:1238} INFO - 
--------------------------------------------------------------------------------
[2022-08-18 07:21:57,575] {taskinstance.py:1239} INFO - Starting attempt 1 of 2
[2022-08-18 07:21:57,575] {taskinstance.py:1240} INFO - 
--------------------------------------------------------------------------------
[2022-08-18 07:21:57,587] {taskinstance.py:1259} INFO - Executing <Task(PythonOperator): local_to_gcs_task> on 2022-08-17 00:00:00+00:00
[2022-08-18 07:21:57,591] {standard_task_runner.py:52} INFO - Started process 76 to run task
[2022-08-18 07:21:57,594] {standard_task_runner.py:76} INFO - Running: ['***', 'tasks', 'run', 'data_ingestion_gcs_dag', 'local_to_gcs_task', 'scheduled__2022-08-17T00:00:00+00:00', '--job-id', '69', '--raw', '--subdir', 'DAGS_FOLDER/data_ingestion_gcs_dag.py', '--cfg-path', '/tmp/tmp0fbm75o9', '--error-file', '/tmp/tmp07ow5ql_']
[2022-08-18 07:21:57,595] {standard_task_runner.py:77} INFO - Job 69: Subtask local_to_gcs_task
[2022-08-18 07:21:57,649] {logging_mixin.py:109} INFO - Running <TaskInstance: data_ingestion_gcs_dag.local_to_gcs_task scheduled__2022-08-17T00:00:00+00:00 [running]> on host 18f0cb155a4e
[2022-08-18 07:21:57,708] {taskinstance.py:1426} INFO - Exporting the following env vars:
AIRFLOW_CTX_DAG_OWNER=***
AIRFLOW_CTX_DAG_ID=data_ingestion_gcs_dag
AIRFLOW_CTX_TASK_ID=local_to_gcs_task
AIRFLOW_CTX_EXECUTION_DATE=2022-08-17T00:00:00+00:00
AIRFLOW_CTX_DAG_RUN_ID=scheduled__2022-08-17T00:00:00+00:00
[2022-08-18 07:22:16,084] {python.py:175} INFO - Done. Returned value was: None
[2022-08-18 07:22:16,093] {taskinstance.py:1277} INFO - Marking task as SUCCESS. dag_id=data_ingestion_gcs_dag, task_id=local_to_gcs_task, execution_date=20220817T000000, start_date=20220818T072157, end_date=20220818T072216
[2022-08-18 07:22:16,139] {local_task_job.py:154} INFO - Task exited with return code 0
[2022-08-18 07:22:16,164] {local_task_job.py:264} INFO - 1 downstream tasks scheduled from follow-on schedule check
