[2022-08-31 14:44:57,855] {taskinstance.py:1032} INFO - Dependencies all met for <TaskInstance: gcs_2_bq_dag.gcs_2_bq_external_task manual__2022-08-31T14:44:54.237302+00:00 [queued]>
[2022-08-31 14:44:57,863] {taskinstance.py:1032} INFO - Dependencies all met for <TaskInstance: gcs_2_bq_dag.gcs_2_bq_external_task manual__2022-08-31T14:44:54.237302+00:00 [queued]>
[2022-08-31 14:44:57,864] {taskinstance.py:1238} INFO - 
--------------------------------------------------------------------------------
[2022-08-31 14:44:57,864] {taskinstance.py:1239} INFO - Starting attempt 1 of 1
[2022-08-31 14:44:57,864] {taskinstance.py:1240} INFO - 
--------------------------------------------------------------------------------
[2022-08-31 14:44:57,877] {taskinstance.py:1259} INFO - Executing <Task(BigQueryCreateExternalTableOperator): gcs_2_bq_external_task> on 2022-08-31 14:44:54.237302+00:00
[2022-08-31 14:44:57,882] {standard_task_runner.py:52} INFO - Started process 5388 to run task
[2022-08-31 14:44:57,885] {standard_task_runner.py:76} INFO - Running: ['***', 'tasks', 'run', 'gcs_2_bq_dag', 'gcs_2_bq_external_task', 'manual__2022-08-31T14:44:54.237302+00:00', '--job-id', '200', '--raw', '--subdir', 'DAGS_FOLDER/gcs_2_bq_dag.py', '--cfg-path', '/tmp/tmpg97x0eg4', '--error-file', '/tmp/tmpr6jaoqq6']
[2022-08-31 14:44:57,886] {standard_task_runner.py:77} INFO - Job 200: Subtask gcs_2_bq_external_task
[2022-08-31 14:44:57,927] {logging_mixin.py:109} INFO - Running <TaskInstance: gcs_2_bq_dag.gcs_2_bq_external_task manual__2022-08-31T14:44:54.237302+00:00 [running]> on host 0aad59a5352b
[2022-08-31 14:44:57,980] {taskinstance.py:1426} INFO - Exporting the following env vars:
AIRFLOW_CTX_DAG_OWNER=***
AIRFLOW_CTX_DAG_ID=gcs_2_bq_dag
AIRFLOW_CTX_TASK_ID=gcs_2_bq_external_task
AIRFLOW_CTX_EXECUTION_DATE=2022-08-31T14:44:54.237302+00:00
AIRFLOW_CTX_DAG_RUN_ID=manual__2022-08-31T14:44:54.237302+00:00
[2022-08-31 14:44:57,982] {crypto.py:82} WARNING - empty cryptography key - values will not be stored encrypted.
[2022-08-31 14:44:58,533] {taskinstance.py:1277} INFO - Marking task as SUCCESS. dag_id=gcs_2_bq_dag, task_id=gcs_2_bq_external_task, execution_date=20220831T144454, start_date=20220831T144457, end_date=20220831T144458
[2022-08-31 14:44:58,579] {local_task_job.py:154} INFO - Task exited with return code 0
[2022-08-31 14:44:58,613] {local_task_job.py:264} INFO - 1 downstream tasks scheduled from follow-on schedule check
