[2022-09-01 14:38:13,978] {taskinstance.py:1032} INFO - Dependencies all met for <TaskInstance: gcs_2_bq_dag.gcs_2_bq_external_task manual__2022-09-01T14:38:10.697414+00:00 [queued]>
[2022-09-01 14:38:13,987] {taskinstance.py:1032} INFO - Dependencies all met for <TaskInstance: gcs_2_bq_dag.gcs_2_bq_external_task manual__2022-09-01T14:38:10.697414+00:00 [queued]>
[2022-09-01 14:38:13,987] {taskinstance.py:1238} INFO - 
--------------------------------------------------------------------------------
[2022-09-01 14:38:13,987] {taskinstance.py:1239} INFO - Starting attempt 1 of 1
[2022-09-01 14:38:13,988] {taskinstance.py:1240} INFO - 
--------------------------------------------------------------------------------
[2022-09-01 14:38:13,998] {taskinstance.py:1259} INFO - Executing <Task(BigQueryCreateExternalTableOperator): gcs_2_bq_external_task> on 2022-09-01 14:38:10.697414+00:00
[2022-09-01 14:38:14,002] {standard_task_runner.py:52} INFO - Started process 326 to run task
[2022-09-01 14:38:14,004] {standard_task_runner.py:76} INFO - Running: ['***', 'tasks', 'run', 'gcs_2_bq_dag', 'gcs_2_bq_external_task', 'manual__2022-09-01T14:38:10.697414+00:00', '--job-id', '338', '--raw', '--subdir', 'DAGS_FOLDER/gcs_2_bq_dag.py', '--cfg-path', '/tmp/tmprxtk0p80', '--error-file', '/tmp/tmpt6_agodd']
[2022-09-01 14:38:14,004] {standard_task_runner.py:77} INFO - Job 338: Subtask gcs_2_bq_external_task
[2022-09-01 14:38:14,045] {logging_mixin.py:109} INFO - Running <TaskInstance: gcs_2_bq_dag.gcs_2_bq_external_task manual__2022-09-01T14:38:10.697414+00:00 [running]> on host 6aef44a1cff5
[2022-09-01 14:38:14,088] {taskinstance.py:1426} INFO - Exporting the following env vars:
AIRFLOW_CTX_DAG_OWNER=***
AIRFLOW_CTX_DAG_ID=gcs_2_bq_dag
AIRFLOW_CTX_TASK_ID=gcs_2_bq_external_task
AIRFLOW_CTX_EXECUTION_DATE=2022-09-01T14:38:10.697414+00:00
AIRFLOW_CTX_DAG_RUN_ID=manual__2022-09-01T14:38:10.697414+00:00
[2022-09-01 14:38:14,089] {crypto.py:82} WARNING - empty cryptography key - values will not be stored encrypted.
[2022-09-01 14:38:14,096] {warnings.py:110} WARNING - /home/***/.local/lib/python3.7/site-packages/***/providers/google/cloud/hooks/bigquery.py:637: DeprecationWarning: This method is deprecated. Please use `BigQueryHook.create_empty_table` method with passing the `table_resource` object. This gives more flexibility than this method.
  DeprecationWarning,

[2022-09-01 14:38:14,096] {bigquery.py:700} INFO - Creating external table: polynomial-land.trips_data_all.yellow_external_table
[2022-09-01 14:38:14,570] {bigquery.py:704} INFO - External table created successfully: polynomial-land.trips_data_all.yellow_external_table
[2022-09-01 14:38:14,578] {taskinstance.py:1277} INFO - Marking task as SUCCESS. dag_id=gcs_2_bq_dag, task_id=gcs_2_bq_external_task, execution_date=20220901T143810, start_date=20220901T143813, end_date=20220901T143814
[2022-09-01 14:38:14,617] {local_task_job.py:154} INFO - Task exited with return code 0
[2022-09-01 14:38:14,646] {local_task_job.py:264} INFO - 1 downstream tasks scheduled from follow-on schedule check
