[2022-09-01 14:45:45,629] {taskinstance.py:1032} INFO - Dependencies all met for <TaskInstance: gcs_2_bq_dag.gcs_2_bq_empty_task manual__2022-09-01T14:38:10.697414+00:00 [queued]>
[2022-09-01 14:45:45,635] {taskinstance.py:1032} INFO - Dependencies all met for <TaskInstance: gcs_2_bq_dag.gcs_2_bq_empty_task manual__2022-09-01T14:38:10.697414+00:00 [queued]>
[2022-09-01 14:45:45,635] {taskinstance.py:1238} INFO - 
--------------------------------------------------------------------------------
[2022-09-01 14:45:45,635] {taskinstance.py:1239} INFO - Starting attempt 1 of 1
[2022-09-01 14:45:45,635] {taskinstance.py:1240} INFO - 
--------------------------------------------------------------------------------
[2022-09-01 14:45:45,644] {taskinstance.py:1259} INFO - Executing <Task(BigQueryCreateEmptyTableOperator): gcs_2_bq_empty_task> on 2022-09-01 14:38:10.697414+00:00
[2022-09-01 14:45:45,648] {standard_task_runner.py:52} INFO - Started process 688 to run task
[2022-09-01 14:45:45,650] {standard_task_runner.py:76} INFO - Running: ['***', 'tasks', 'run', 'gcs_2_bq_dag', 'gcs_2_bq_empty_task', 'manual__2022-09-01T14:38:10.697414+00:00', '--job-id', '344', '--raw', '--subdir', 'DAGS_FOLDER/gcs_2_bq_dag.py', '--cfg-path', '/tmp/tmppm51clrf', '--error-file', '/tmp/tmpvxqvceyp']
[2022-09-01 14:45:45,650] {standard_task_runner.py:77} INFO - Job 344: Subtask gcs_2_bq_empty_task
[2022-09-01 14:45:45,686] {logging_mixin.py:109} INFO - Running <TaskInstance: gcs_2_bq_dag.gcs_2_bq_empty_task manual__2022-09-01T14:38:10.697414+00:00 [running]> on host 6aef44a1cff5
[2022-09-01 14:45:45,726] {taskinstance.py:1426} INFO - Exporting the following env vars:
AIRFLOW_CTX_DAG_OWNER=***
AIRFLOW_CTX_DAG_ID=gcs_2_bq_dag
AIRFLOW_CTX_TASK_ID=gcs_2_bq_empty_task
AIRFLOW_CTX_EXECUTION_DATE=2022-09-01T14:38:10.697414+00:00
AIRFLOW_CTX_DAG_RUN_ID=manual__2022-09-01T14:38:10.697414+00:00
[2022-09-01 14:45:45,726] {crypto.py:82} WARNING - empty cryptography key - values will not be stored encrypted.
[2022-09-01 14:45:45,727] {bigquery.py:956} INFO - Creating table
[2022-09-01 14:45:46,074] {bigquery.py:972} INFO - Table polynomial-land.trips_data_all.yellow_empty_table created successfully
[2022-09-01 14:45:46,083] {taskinstance.py:1277} INFO - Marking task as SUCCESS. dag_id=gcs_2_bq_dag, task_id=gcs_2_bq_empty_task, execution_date=20220901T143810, start_date=20220901T144545, end_date=20220901T144546
[2022-09-01 14:45:46,103] {local_task_job.py:154} INFO - Task exited with return code 0
[2022-09-01 14:45:46,132] {local_task_job.py:264} INFO - 1 downstream tasks scheduled from follow-on schedule check
