[2022-08-09 15:20:51,714] {taskinstance.py:1032} INFO - Dependencies all met for <TaskInstance: data_ingestion_gcs_dag.bigquery_external_table_task manual__2022-08-09T15:20:28.298337+00:00 [queued]>
[2022-08-09 15:20:51,722] {taskinstance.py:1032} INFO - Dependencies all met for <TaskInstance: data_ingestion_gcs_dag.bigquery_external_table_task manual__2022-08-09T15:20:28.298337+00:00 [queued]>
[2022-08-09 15:20:51,722] {taskinstance.py:1238} INFO - 
--------------------------------------------------------------------------------
[2022-08-09 15:20:51,722] {taskinstance.py:1239} INFO - Starting attempt 1 of 2
[2022-08-09 15:20:51,722] {taskinstance.py:1240} INFO - 
--------------------------------------------------------------------------------
[2022-08-09 15:20:51,733] {taskinstance.py:1259} INFO - Executing <Task(BigQueryCreateExternalTableOperator): bigquery_external_table_task> on 2022-08-09 15:20:28.298337+00:00
[2022-08-09 15:20:51,738] {standard_task_runner.py:52} INFO - Started process 124 to run task
[2022-08-09 15:20:51,740] {standard_task_runner.py:76} INFO - Running: ['***', 'tasks', 'run', 'data_ingestion_gcs_dag', 'bigquery_external_table_task', 'manual__2022-08-09T15:20:28.298337+00:00', '--job-id', '31', '--raw', '--subdir', 'DAGS_FOLDER/data_ingestion_gcs_dag.py', '--cfg-path', '/tmp/tmpgj60xcf5', '--error-file', '/tmp/tmpd2ucbo89']
[2022-08-09 15:20:51,740] {standard_task_runner.py:77} INFO - Job 31: Subtask bigquery_external_table_task
[2022-08-09 15:20:51,778] {logging_mixin.py:109} INFO - Running <TaskInstance: data_ingestion_gcs_dag.bigquery_external_table_task manual__2022-08-09T15:20:28.298337+00:00 [running]> on host 6e13971c428f
[2022-08-09 15:20:51,816] {taskinstance.py:1426} INFO - Exporting the following env vars:
AIRFLOW_CTX_DAG_OWNER=***
AIRFLOW_CTX_DAG_ID=data_ingestion_gcs_dag
AIRFLOW_CTX_TASK_ID=bigquery_external_table_task
AIRFLOW_CTX_EXECUTION_DATE=2022-08-09T15:20:28.298337+00:00
AIRFLOW_CTX_DAG_RUN_ID=manual__2022-08-09T15:20:28.298337+00:00
[2022-08-09 15:20:51,817] {crypto.py:82} WARNING - empty cryptography key - values will not be stored encrypted.
[2022-08-09 15:20:52,416] {taskinstance.py:1277} INFO - Marking task as SUCCESS. dag_id=data_ingestion_gcs_dag, task_id=bigquery_external_table_task, execution_date=20220809T152028, start_date=20220809T152051, end_date=20220809T152052
[2022-08-09 15:20:52,434] {local_task_job.py:154} INFO - Task exited with return code 0
[2022-08-09 15:20:52,455] {local_task_job.py:264} INFO - 0 downstream tasks scheduled from follow-on schedule check
