[2022-09-02 13:52:13,033] {taskinstance.py:1032} INFO - Dependencies all met for <TaskInstance: gcs_2_bq_dag.gcs_2_bq_populate_table manual__2022-09-02T13:44:24.787187+00:00 [queued]>
[2022-09-02 13:52:13,042] {taskinstance.py:1032} INFO - Dependencies all met for <TaskInstance: gcs_2_bq_dag.gcs_2_bq_populate_table manual__2022-09-02T13:44:24.787187+00:00 [queued]>
[2022-09-02 13:52:13,043] {taskinstance.py:1238} INFO - 
--------------------------------------------------------------------------------
[2022-09-02 13:52:13,043] {taskinstance.py:1239} INFO - Starting attempt 3 of 3
[2022-09-02 13:52:13,043] {taskinstance.py:1240} INFO - 
--------------------------------------------------------------------------------
[2022-09-02 13:52:13,055] {taskinstance.py:1259} INFO - Executing <Task(BigQueryInsertJobOperator): gcs_2_bq_populate_table> on 2022-09-02 13:44:24.787187+00:00
[2022-09-02 13:52:13,059] {standard_task_runner.py:52} INFO - Started process 17843 to run task
[2022-09-02 13:52:13,061] {standard_task_runner.py:76} INFO - Running: ['***', 'tasks', 'run', 'gcs_2_bq_dag', 'gcs_2_bq_populate_table', 'manual__2022-09-02T13:44:24.787187+00:00', '--job-id', '407', '--raw', '--subdir', 'DAGS_FOLDER/gcs_2_bq_dag.py', '--cfg-path', '/tmp/tmprm2pz5t5', '--error-file', '/tmp/tmph2byjx6i']
[2022-09-02 13:52:13,062] {standard_task_runner.py:77} INFO - Job 407: Subtask gcs_2_bq_populate_table
[2022-09-02 13:52:13,111] {logging_mixin.py:109} INFO - Running <TaskInstance: gcs_2_bq_dag.gcs_2_bq_populate_table manual__2022-09-02T13:44:24.787187+00:00 [running]> on host 6aef44a1cff5
[2022-09-02 13:52:13,168] {taskinstance.py:1426} INFO - Exporting the following env vars:
AIRFLOW_CTX_DAG_OWNER=***
AIRFLOW_CTX_DAG_ID=gcs_2_bq_dag
AIRFLOW_CTX_TASK_ID=gcs_2_bq_populate_table
AIRFLOW_CTX_EXECUTION_DATE=2022-09-02T13:44:24.787187+00:00
AIRFLOW_CTX_DAG_RUN_ID=manual__2022-09-02T13:44:24.787187+00:00
[2022-09-02 13:52:13,169] {crypto.py:82} WARNING - empty cryptography key - values will not be stored encrypted.
[2022-09-02 13:52:13,170] {warnings.py:110} WARNING - /home/***/.local/lib/python3.7/site-packages/***/utils/context.py:152: AirflowContextDeprecationWarning: Accessing 'execution_date' from the template is deprecated and will be removed in a future version. Please use 'data_interval_start' or 'logical_date' instead.
  warnings.warn(_create_deprecation_warning(key, self._deprecation_replacements[key]))

[2022-09-02 13:52:13,175] {bigquery.py:1637} INFO - Inserting job ***_gcs_2_bq_dag_gcs_2_bq_populate_table_2022_09_02T13_44_24_787187_00_00_0c99706bc2ffc5c80281d67dc04f3560
[2022-09-02 13:52:53,725] {taskinstance.py:1277} INFO - Marking task as SUCCESS. dag_id=gcs_2_bq_dag, task_id=gcs_2_bq_populate_table, execution_date=20220902T134424, start_date=20220902T135213, end_date=20220902T135253
[2022-09-02 13:52:53,743] {local_task_job.py:154} INFO - Task exited with return code 0
[2022-09-02 13:52:53,767] {local_task_job.py:264} INFO - 0 downstream tasks scheduled from follow-on schedule check
