[2022-08-31 14:34:25,084] {taskinstance.py:1032} INFO - Dependencies all met for <TaskInstance: green_taxi_data_ingest.local_to_gcs_task manual__2022-08-31T14:34:16+00:00 [queued]>
[2022-08-31 14:34:25,092] {taskinstance.py:1032} INFO - Dependencies all met for <TaskInstance: green_taxi_data_ingest.local_to_gcs_task manual__2022-08-31T14:34:16+00:00 [queued]>
[2022-08-31 14:34:25,093] {taskinstance.py:1238} INFO - 
--------------------------------------------------------------------------------
[2022-08-31 14:34:25,093] {taskinstance.py:1239} INFO - Starting attempt 1 of 1
[2022-08-31 14:34:25,093] {taskinstance.py:1240} INFO - 
--------------------------------------------------------------------------------
[2022-08-31 14:34:25,105] {taskinstance.py:1259} INFO - Executing <Task(PythonOperator): local_to_gcs_task> on 2022-08-31 14:34:16+00:00
[2022-08-31 14:34:25,110] {standard_task_runner.py:52} INFO - Started process 4827 to run task
[2022-08-31 14:34:25,112] {standard_task_runner.py:76} INFO - Running: ['***', 'tasks', 'run', 'green_taxi_data_ingest', 'local_to_gcs_task', 'manual__2022-08-31T14:34:16+00:00', '--job-id', '175', '--raw', '--subdir', 'DAGS_FOLDER/green_taxi_data_ingest_dag.py', '--cfg-path', '/tmp/tmp8udg14ea', '--error-file', '/tmp/tmpmgstjzfa']
[2022-08-31 14:34:25,112] {standard_task_runner.py:77} INFO - Job 175: Subtask local_to_gcs_task
[2022-08-31 14:34:25,158] {logging_mixin.py:109} INFO - Running <TaskInstance: green_taxi_data_ingest.local_to_gcs_task manual__2022-08-31T14:34:16+00:00 [running]> on host 0aad59a5352b
[2022-08-31 14:34:25,200] {taskinstance.py:1426} INFO - Exporting the following env vars:
AIRFLOW_CTX_DAG_OWNER=***
AIRFLOW_CTX_DAG_ID=green_taxi_data_ingest
AIRFLOW_CTX_TASK_ID=local_to_gcs_task
AIRFLOW_CTX_EXECUTION_DATE=2022-08-31T14:34:16+00:00
AIRFLOW_CTX_DAG_RUN_ID=manual__2022-08-31T14:34:16+00:00
[2022-08-31 14:34:26,701] {python.py:175} INFO - Done. Returned value was: None
[2022-08-31 14:34:26,713] {taskinstance.py:1277} INFO - Marking task as SUCCESS. dag_id=green_taxi_data_ingest, task_id=local_to_gcs_task, execution_date=20220831T143416, start_date=20220831T143425, end_date=20220831T143426
[2022-08-31 14:34:26,770] {local_task_job.py:154} INFO - Task exited with return code 0
[2022-08-31 14:34:26,800] {local_task_job.py:264} INFO - 1 downstream tasks scheduled from follow-on schedule check
