[2022-09-01 09:26:31,752] {taskinstance.py:1032} INFO - Dependencies all met for <TaskInstance: gcs_2_bq_dag.gcs_2_bq_external_task manual__2022-09-01T08:26:40.953552+00:00 [queued]>
[2022-09-01 09:26:31,758] {taskinstance.py:1032} INFO - Dependencies all met for <TaskInstance: gcs_2_bq_dag.gcs_2_bq_external_task manual__2022-09-01T08:26:40.953552+00:00 [queued]>
[2022-09-01 09:26:31,758] {taskinstance.py:1238} INFO - 
--------------------------------------------------------------------------------
[2022-09-01 09:26:31,758] {taskinstance.py:1239} INFO - Starting attempt 14 of 14
[2022-09-01 09:26:31,758] {taskinstance.py:1240} INFO - 
--------------------------------------------------------------------------------
[2022-09-01 09:26:31,768] {taskinstance.py:1259} INFO - Executing <Task(BigQueryCreateExternalTableOperator): gcs_2_bq_external_task> on 2022-09-01 08:26:40.953552+00:00
[2022-09-01 09:26:31,772] {standard_task_runner.py:52} INFO - Started process 3703 to run task
[2022-09-01 09:26:31,773] {standard_task_runner.py:76} INFO - Running: ['***', 'tasks', 'run', 'gcs_2_bq_dag', 'gcs_2_bq_external_task', 'manual__2022-09-01T08:26:40.953552+00:00', '--job-id', '285', '--raw', '--subdir', 'DAGS_FOLDER/gcs_2_bq_dag.py', '--cfg-path', '/tmp/tmp1jnaqr_p', '--error-file', '/tmp/tmpno6apw_4']
[2022-09-01 09:26:31,774] {standard_task_runner.py:77} INFO - Job 285: Subtask gcs_2_bq_external_task
[2022-09-01 09:26:31,808] {logging_mixin.py:109} INFO - Running <TaskInstance: gcs_2_bq_dag.gcs_2_bq_external_task manual__2022-09-01T08:26:40.953552+00:00 [running]> on host 1c13e5bf3b2c
[2022-09-01 09:26:31,876] {taskinstance.py:1426} INFO - Exporting the following env vars:
AIRFLOW_CTX_DAG_OWNER=***
AIRFLOW_CTX_DAG_ID=gcs_2_bq_dag
AIRFLOW_CTX_TASK_ID=gcs_2_bq_external_task
AIRFLOW_CTX_EXECUTION_DATE=2022-09-01T08:26:40.953552+00:00
AIRFLOW_CTX_DAG_RUN_ID=manual__2022-09-01T08:26:40.953552+00:00
[2022-09-01 09:26:31,877] {crypto.py:82} WARNING - empty cryptography key - values will not be stored encrypted.
[2022-09-01 09:26:32,280] {taskinstance.py:1277} INFO - Marking task as SUCCESS. dag_id=gcs_2_bq_dag, task_id=gcs_2_bq_external_task, execution_date=20220901T082640, start_date=20220901T092631, end_date=20220901T092632
[2022-09-01 09:26:32,306] {local_task_job.py:154} INFO - Task exited with return code 0
[2022-09-01 09:26:32,334] {local_task_job.py:264} INFO - 0 downstream tasks scheduled from follow-on schedule check
