[2022-09-01 08:50:53,791] {taskinstance.py:1032} INFO - Dependencies all met for <TaskInstance: gcs_2_bq_dag.gcs_2_bq_external_task manual__2022-09-01T08:26:40.953552+00:00 [queued]>
[2022-09-01 08:50:53,798] {taskinstance.py:1032} INFO - Dependencies all met for <TaskInstance: gcs_2_bq_dag.gcs_2_bq_external_task manual__2022-09-01T08:26:40.953552+00:00 [queued]>
[2022-09-01 08:50:53,798] {taskinstance.py:1238} INFO - 
--------------------------------------------------------------------------------
[2022-09-01 08:50:53,798] {taskinstance.py:1239} INFO - Starting attempt 5 of 5
[2022-09-01 08:50:53,798] {taskinstance.py:1240} INFO - 
--------------------------------------------------------------------------------
[2022-09-01 08:50:53,807] {taskinstance.py:1259} INFO - Executing <Task(BigQueryCreateExternalTableOperator): gcs_2_bq_external_task> on 2022-09-01 08:26:40.953552+00:00
[2022-09-01 08:50:53,811] {standard_task_runner.py:52} INFO - Started process 1974 to run task
[2022-09-01 08:50:53,813] {standard_task_runner.py:76} INFO - Running: ['***', 'tasks', 'run', 'gcs_2_bq_dag', 'gcs_2_bq_external_task', 'manual__2022-09-01T08:26:40.953552+00:00', '--job-id', '246', '--raw', '--subdir', 'DAGS_FOLDER/gcs_2_bq_dag.py', '--cfg-path', '/tmp/tmpqyccpp8p', '--error-file', '/tmp/tmpeh4a97sv']
[2022-09-01 08:50:53,813] {standard_task_runner.py:77} INFO - Job 246: Subtask gcs_2_bq_external_task
[2022-09-01 08:50:53,848] {logging_mixin.py:109} INFO - Running <TaskInstance: gcs_2_bq_dag.gcs_2_bq_external_task manual__2022-09-01T08:26:40.953552+00:00 [running]> on host 1c13e5bf3b2c
[2022-09-01 08:50:53,903] {taskinstance.py:1426} INFO - Exporting the following env vars:
AIRFLOW_CTX_DAG_OWNER=***
AIRFLOW_CTX_DAG_ID=gcs_2_bq_dag
AIRFLOW_CTX_TASK_ID=gcs_2_bq_external_task
AIRFLOW_CTX_EXECUTION_DATE=2022-09-01T08:26:40.953552+00:00
AIRFLOW_CTX_DAG_RUN_ID=manual__2022-09-01T08:26:40.953552+00:00
[2022-09-01 08:50:53,904] {crypto.py:82} WARNING - empty cryptography key - values will not be stored encrypted.
[2022-09-01 08:50:54,369] {taskinstance.py:1277} INFO - Marking task as SUCCESS. dag_id=gcs_2_bq_dag, task_id=gcs_2_bq_external_task, execution_date=20220901T082640, start_date=20220901T085053, end_date=20220901T085054
[2022-09-01 08:50:54,387] {local_task_job.py:154} INFO - Task exited with return code 0
[2022-09-01 08:50:54,414] {local_task_job.py:264} INFO - 1 downstream tasks scheduled from follow-on schedule check
