[2022-09-02 09:10:55,955] {taskinstance.py:1032} INFO - Dependencies all met for <TaskInstance: gcs_2_bq_dag.gcs_2_bq_empty_table_task manual__2022-09-02T08:56:04.506060+00:00 [queued]>
[2022-09-02 09:10:55,964] {taskinstance.py:1032} INFO - Dependencies all met for <TaskInstance: gcs_2_bq_dag.gcs_2_bq_empty_table_task manual__2022-09-02T08:56:04.506060+00:00 [queued]>
[2022-09-02 09:10:55,965] {taskinstance.py:1238} INFO - 
--------------------------------------------------------------------------------
[2022-09-02 09:10:55,965] {taskinstance.py:1239} INFO - Starting attempt 5 of 5
[2022-09-02 09:10:55,965] {taskinstance.py:1240} INFO - 
--------------------------------------------------------------------------------
[2022-09-02 09:10:55,976] {taskinstance.py:1259} INFO - Executing <Task(BigQueryCreateEmptyTableOperator): gcs_2_bq_empty_table_task> on 2022-09-02 08:56:04.506060+00:00
[2022-09-02 09:10:55,981] {standard_task_runner.py:52} INFO - Started process 4982 to run task
[2022-09-02 09:10:55,984] {standard_task_runner.py:76} INFO - Running: ['***', 'tasks', 'run', 'gcs_2_bq_dag', 'gcs_2_bq_empty_table_task', 'manual__2022-09-02T08:56:04.506060+00:00', '--job-id', '369', '--raw', '--subdir', 'DAGS_FOLDER/gcs_2_bq_dag.py', '--cfg-path', '/tmp/tmpiaxz1s8d', '--error-file', '/tmp/tmp560vyne6']
[2022-09-02 09:10:55,984] {standard_task_runner.py:77} INFO - Job 369: Subtask gcs_2_bq_empty_table_task
[2022-09-02 09:10:56,032] {logging_mixin.py:109} INFO - Running <TaskInstance: gcs_2_bq_dag.gcs_2_bq_empty_table_task manual__2022-09-02T08:56:04.506060+00:00 [running]> on host 6aef44a1cff5
[2022-09-02 09:10:56,074] {taskinstance.py:1426} INFO - Exporting the following env vars:
AIRFLOW_CTX_DAG_OWNER=***
AIRFLOW_CTX_DAG_ID=gcs_2_bq_dag
AIRFLOW_CTX_TASK_ID=gcs_2_bq_empty_table_task
AIRFLOW_CTX_EXECUTION_DATE=2022-09-02T08:56:04.506060+00:00
AIRFLOW_CTX_DAG_RUN_ID=manual__2022-09-02T08:56:04.506060+00:00
[2022-09-02 09:10:56,075] {crypto.py:82} WARNING - empty cryptography key - values will not be stored encrypted.
[2022-09-02 09:10:56,075] {bigquery.py:956} INFO - Creating table
[2022-09-02 09:10:56,517] {bigquery.py:972} INFO - Table polynomial-land.trips_data_all.yellow_external_table created successfully
[2022-09-02 09:10:56,527] {taskinstance.py:1277} INFO - Marking task as SUCCESS. dag_id=gcs_2_bq_dag, task_id=gcs_2_bq_empty_table_task, execution_date=20220902T085604, start_date=20220902T091055, end_date=20220902T091056
[2022-09-02 09:10:56,557] {local_task_job.py:154} INFO - Task exited with return code 0
[2022-09-02 09:10:56,585] {local_task_job.py:264} INFO - 1 downstream tasks scheduled from follow-on schedule check
