[2022-09-02 09:12:41,909] {taskinstance.py:1032} INFO - Dependencies all met for <TaskInstance: gcs_2_bq_dag.gcs_2_bq_empty_table_task manual__2022-09-02T08:56:04.506060+00:00 [queued]>
[2022-09-02 09:12:41,915] {taskinstance.py:1032} INFO - Dependencies all met for <TaskInstance: gcs_2_bq_dag.gcs_2_bq_empty_table_task manual__2022-09-02T08:56:04.506060+00:00 [queued]>
[2022-09-02 09:12:41,915] {taskinstance.py:1238} INFO - 
--------------------------------------------------------------------------------
[2022-09-02 09:12:41,915] {taskinstance.py:1239} INFO - Starting attempt 6 of 6
[2022-09-02 09:12:41,915] {taskinstance.py:1240} INFO - 
--------------------------------------------------------------------------------
[2022-09-02 09:12:41,924] {taskinstance.py:1259} INFO - Executing <Task(BigQueryCreateEmptyTableOperator): gcs_2_bq_empty_table_task> on 2022-09-02 08:56:04.506060+00:00
[2022-09-02 09:12:41,929] {standard_task_runner.py:52} INFO - Started process 5064 to run task
[2022-09-02 09:12:41,931] {standard_task_runner.py:76} INFO - Running: ['***', 'tasks', 'run', 'gcs_2_bq_dag', 'gcs_2_bq_empty_table_task', 'manual__2022-09-02T08:56:04.506060+00:00', '--job-id', '372', '--raw', '--subdir', 'DAGS_FOLDER/gcs_2_bq_dag.py', '--cfg-path', '/tmp/tmp50zv8oy0', '--error-file', '/tmp/tmpmxdkl14c']
[2022-09-02 09:12:41,931] {standard_task_runner.py:77} INFO - Job 372: Subtask gcs_2_bq_empty_table_task
[2022-09-02 09:12:41,968] {logging_mixin.py:109} INFO - Running <TaskInstance: gcs_2_bq_dag.gcs_2_bq_empty_table_task manual__2022-09-02T08:56:04.506060+00:00 [running]> on host 6aef44a1cff5
[2022-09-02 09:12:42,012] {taskinstance.py:1426} INFO - Exporting the following env vars:
AIRFLOW_CTX_DAG_OWNER=***
AIRFLOW_CTX_DAG_ID=gcs_2_bq_dag
AIRFLOW_CTX_TASK_ID=gcs_2_bq_empty_table_task
AIRFLOW_CTX_EXECUTION_DATE=2022-09-02T08:56:04.506060+00:00
AIRFLOW_CTX_DAG_RUN_ID=manual__2022-09-02T08:56:04.506060+00:00
[2022-09-02 09:12:42,013] {crypto.py:82} WARNING - empty cryptography key - values will not be stored encrypted.
[2022-09-02 09:12:42,013] {bigquery.py:956} INFO - Creating table
[2022-09-02 09:12:42,341] {bigquery.py:972} INFO - Table polynomial-land.trips_data_all.yellow_external_table created successfully
[2022-09-02 09:12:42,349] {taskinstance.py:1277} INFO - Marking task as SUCCESS. dag_id=gcs_2_bq_dag, task_id=gcs_2_bq_empty_table_task, execution_date=20220902T085604, start_date=20220902T091241, end_date=20220902T091242
[2022-09-02 09:12:42,384] {local_task_job.py:154} INFO - Task exited with return code 0
[2022-09-02 09:12:42,407] {local_task_job.py:264} INFO - 1 downstream tasks scheduled from follow-on schedule check
