[2022-09-02 08:57:00,231] {taskinstance.py:1032} INFO - Dependencies all met for <TaskInstance: gcs_2_bq_dag.gcs_to_gcs_yellow_task manual__2022-09-02T08:56:04.506060+00:00 [queued]>
[2022-09-02 08:57:00,239] {taskinstance.py:1032} INFO - Dependencies all met for <TaskInstance: gcs_2_bq_dag.gcs_to_gcs_yellow_task manual__2022-09-02T08:56:04.506060+00:00 [queued]>
[2022-09-02 08:57:00,239] {taskinstance.py:1238} INFO - 
--------------------------------------------------------------------------------
[2022-09-02 08:57:00,239] {taskinstance.py:1239} INFO - Starting attempt 2 of 2
[2022-09-02 08:57:00,239] {taskinstance.py:1240} INFO - 
--------------------------------------------------------------------------------
[2022-09-02 08:57:00,249] {taskinstance.py:1259} INFO - Executing <Task(GCSToGCSOperator): gcs_to_gcs_yellow_task> on 2022-09-02 08:56:04.506060+00:00
[2022-09-02 08:57:00,255] {standard_task_runner.py:52} INFO - Started process 4317 to run task
[2022-09-02 08:57:00,257] {standard_task_runner.py:76} INFO - Running: ['***', 'tasks', 'run', 'gcs_2_bq_dag', 'gcs_to_gcs_yellow_task', 'manual__2022-09-02T08:56:04.506060+00:00', '--job-id', '359', '--raw', '--subdir', 'DAGS_FOLDER/gcs_2_bq_dag.py', '--cfg-path', '/tmp/tmpxbe512gq', '--error-file', '/tmp/tmpfogexnip']
[2022-09-02 08:57:00,257] {standard_task_runner.py:77} INFO - Job 359: Subtask gcs_to_gcs_yellow_task
[2022-09-02 08:57:00,301] {logging_mixin.py:109} INFO - Running <TaskInstance: gcs_2_bq_dag.gcs_to_gcs_yellow_task manual__2022-09-02T08:56:04.506060+00:00 [running]> on host 6aef44a1cff5
[2022-09-02 08:57:00,339] {taskinstance.py:1426} INFO - Exporting the following env vars:
AIRFLOW_CTX_DAG_OWNER=***
AIRFLOW_CTX_DAG_ID=gcs_2_bq_dag
AIRFLOW_CTX_TASK_ID=gcs_to_gcs_yellow_task
AIRFLOW_CTX_EXECUTION_DATE=2022-09-02T08:56:04.506060+00:00
AIRFLOW_CTX_DAG_RUN_ID=manual__2022-09-02T08:56:04.506060+00:00
[2022-09-02 08:57:00,340] {crypto.py:82} WARNING - empty cryptography key - values will not be stored encrypted.
[2022-09-02 08:57:00,340] {gcs_to_gcs.py:346} INFO - Delimiter ignored because wildcard is in prefix
[2022-09-02 08:57:00,587] {taskinstance.py:1277} INFO - Marking task as SUCCESS. dag_id=gcs_2_bq_dag, task_id=gcs_to_gcs_yellow_task, execution_date=20220902T085604, start_date=20220902T085700, end_date=20220902T085700
[2022-09-02 08:57:00,629] {local_task_job.py:154} INFO - Task exited with return code 0
[2022-09-02 08:57:00,649] {dagrun.py:628} WARNING - Failed to get task '<TaskInstance: gcs_2_bq_dag.test manual__2022-09-02T08:56:04.506060+00:00 [removed]>' for dag 'gcs_2_bq_dag'. Marking it as removed.
[2022-09-02 08:57:00,658] {local_task_job.py:264} INFO - 1 downstream tasks scheduled from follow-on schedule check
